<html>
<head>
<title>TestNG:  Command line test</title>
<link href="../testng.css" rel="stylesheet" type="text/css" />
<link href="../my-testng.css" rel="stylesheet" type="text/css" />

<style type="text/css">
.log { display: none;} 
.stack-trace { display: none;} 
</style>
<script type="text/javascript">
<!--
function flip(e) {
  current = e.style.display;
  if (current == 'block') {
    e.style.display = 'none';
    return 0;
  }
  else {
    e.style.display = 'block';
    return 1;
  }
}

function toggleBox(szDivId, elem, msg1, msg2)
{
  var res = -1;  if (document.getElementById) {
    res = flip(document.getElementById(szDivId));
  }
  else if (document.all) {
    // this is the way old msie versions work
    res = flip(document.all[szDivId]);
  }
  if(elem) {
    if(res == 0) elem.innerHTML = msg1; else elem.innerHTML = msg2;
  }

}

function toggleAllBoxes() {
  if (document.getElementsByTagName) {
    d = document.getElementsByTagName('div');
    for (i = 0; i < d.length; i++) {
      if (d[i].className == 'log') {
        flip(d[i]);
      }
    }
  }
}

// -->
</script>

</head>
<body>
<h2 align='center'>Command line test</h2><table border='1' align="center">
<tr>
<td>Tests passed/Failed/Skipped:</td><td>71/0/0</td>
</tr><tr>
<td>Started on:</td><td>Mon Dec 23 22:46:11 EST 2013</td>
</tr>
<tr><td>Total time:</td><td>0 seconds (95 ms)</td>
</tr><tr>
<td>Included groups:</td><td></td>
</tr><tr>
<td>Excluded groups:</td><td></td>
</tr>
</table><p/>
<small><i>(Hover the method name to see the test class name)</i></small><p/>
<table width='100%' border='1' class='invocation-passed'>
<tr><td colspan='4' align='center'><b>PASSED TESTS</b></td></tr>
<tr><td><b>Test method</b></td>
<td width="30%"><b>Exception</b></td>
<td width="10%"><b>Time (seconds)</b></td>
<td><b>Instance</b></td>
</tr>
<tr>
<td title='org.j3d.geom.BoxGeneratorTest.testCoordinateArray()'><b>testCoordinateArray</b><br>Test class: org.j3d.geom.BoxGeneratorTest</td>
<td></td>
<td>0</td>
<td>org.j3d.geom.BoxGeneratorTest@55d69fa3</td></tr>
<tr>
<td title='org.j3d.geom.ConeGeneratorTest.testCoordinateArray()'><b>testCoordinateArray</b><br>Test class: org.j3d.geom.ConeGeneratorTest</td>
<td></td>
<td>0</td>
<td>org.j3d.geom.ConeGeneratorTest@7d8ab25b</td></tr>
<tr>
<td title='org.j3d.geom.CylinderGeneratorTest.testCoordinateArray()'><b>testCoordinateArray</b><br>Test class: org.j3d.geom.CylinderGeneratorTest</td>
<td></td>
<td>0</td>
<td>org.j3d.geom.CylinderGeneratorTest@748ff9a7</td></tr>
<tr>
<td title='org.j3d.geom.SphereGeneratorTest.testCoordinateArray()'><b>testCoordinateArray</b><br>Test class: org.j3d.geom.SphereGeneratorTest</td>
<td></td>
<td>0</td>
<td>org.j3d.geom.SphereGeneratorTest@184f7eba</td></tr>
<tr>
<td title='org.j3d.geom.SpringGeneratorTest.testCoordinateArray()'><b>testCoordinateArray</b><br>Test class: org.j3d.geom.SpringGeneratorTest</td>
<td></td>
<td>0</td>
<td>org.j3d.geom.SpringGeneratorTest@b08f1ce</td></tr>
<tr>
<td title='org.j3d.geom.TorusGeneratorTest.testCoordinateArray()'><b>testCoordinateArray</b><br>Test class: org.j3d.geom.TorusGeneratorTest</td>
<td></td>
<td>0</td>
<td>org.j3d.geom.TorusGeneratorTest@56f6fc62</td></tr>
<tr>
<td title='org.j3d.geom.BoxGeneratorTest.testCreate()'><b>testCreate</b><br>Test class: org.j3d.geom.BoxGeneratorTest</td>
<td></td>
<td>0</td>
<td>org.j3d.geom.BoxGeneratorTest@55d69fa3</td></tr>
<tr>
<td title='org.j3d.geom.ConeGeneratorTest.testCreate()'><b>testCreate</b><br>Test class: org.j3d.geom.ConeGeneratorTest</td>
<td></td>
<td>0</td>
<td>org.j3d.geom.ConeGeneratorTest@7d8ab25b</td></tr>
<tr>
<td title='org.j3d.geom.CylinderGeneratorTest.testCreate()'><b>testCreate</b><br>Test class: org.j3d.geom.CylinderGeneratorTest</td>
<td></td>
<td>0</td>
<td>org.j3d.geom.CylinderGeneratorTest@748ff9a7</td></tr>
<tr>
<td title='org.j3d.geom.SphereGeneratorTest.testCreate()'><b>testCreate</b><br>Test class: org.j3d.geom.SphereGeneratorTest</td>
<td></td>
<td>0</td>
<td>org.j3d.geom.SphereGeneratorTest@184f7eba</td></tr>
<tr>
<td title='org.j3d.geom.SpringGeneratorTest.testCreate()'><b>testCreate</b><br>Test class: org.j3d.geom.SpringGeneratorTest</td>
<td></td>
<td>0</td>
<td>org.j3d.geom.SpringGeneratorTest@b08f1ce</td></tr>
<tr>
<td title='org.j3d.geom.TorusGeneratorTest.testCreate()'><b>testCreate</b><br>Test class: org.j3d.geom.TorusGeneratorTest</td>
<td></td>
<td>0</td>
<td>org.j3d.geom.TorusGeneratorTest@56f6fc62</td></tr>
<tr>
<td title='org.j3d.geom.ConeGeneratorTest.testInvalidFacetsConstructor()'><b>testInvalidFacetsConstructor</b><br>Test class: org.j3d.geom.ConeGeneratorTest<br>Parameters: -5</td>
<td><div><pre>java.lang.IllegalArgumentException: Number of facets is &lt; 3
	at org.j3d.geom.ConeGenerator.&lt;init&gt;(ConeGenerator.java:167)
	at org.j3d.geom.ConeGenerator.&lt;init&gt;(ConeGenerator.java:129)
	at org.j3d.geom.ConeGeneratorTest.testInvalidFacetsConstructor(ConeGeneratorTest.java:224)
... Removed 28 stack frames</pre></div><a href='#' onClick='toggleBox("stack-trace1924078838", this, "Click to show all stack frames", "Click to hide stack frames")'>Click to show all stack frames</a>
<div class='stack-trace' id='stack-trace1924078838'><pre>java.lang.IllegalArgumentException: Number of facets is &lt; 3
	at org.j3d.geom.ConeGenerator.&lt;init&gt;(ConeGenerator.java:167)
	at org.j3d.geom.ConeGenerator.&lt;init&gt;(ConeGenerator.java:129)
	at org.j3d.geom.ConeGeneratorTest.testInvalidFacetsConstructor(ConeGeneratorTest.java:224)
	at sun.reflect.NativeMethodAccessorImpl.invoke0(Native Method)
	at sun.reflect.NativeMethodAccessorImpl.invoke(NativeMethodAccessorImpl.java:57)
	at sun.reflect.DelegatingMethodAccessorImpl.invoke(DelegatingMethodAccessorImpl.java:43)
	at java.lang.reflect.Method.invoke(Method.java:601)
	at org.testng.internal.MethodInvocationHelper.invokeMethod(MethodInvocationHelper.java:84)
	at org.testng.internal.Invoker.invokeMethod(Invoker.java:714)
	at org.testng.internal.Invoker.invokeTestMethod(Invoker.java:901)
	at org.testng.internal.Invoker.invokeTestMethods(Invoker.java:1231)
	at org.testng.internal.TestMethodWorker.invokeTestMethods(TestMethodWorker.java:127)
	at org.testng.internal.TestMethodWorker.run(TestMethodWorker.java:111)
	at org.testng.TestRunner.privateRun(TestRunner.java:767)
	at org.testng.TestRunner.run(TestRunner.java:617)
	at org.testng.SuiteRunner.runTest(SuiteRunner.java:334)
	at org.testng.SuiteRunner.runSequentially(SuiteRunner.java:329)
	at org.testng.SuiteRunner.privateRun(SuiteRunner.java:291)
	at org.testng.SuiteRunner.run(SuiteRunner.java:240)
	at org.testng.SuiteRunnerWorker.runSuite(SuiteRunnerWorker.java:52)
	at org.testng.SuiteRunnerWorker.run(SuiteRunnerWorker.java:86)
	at org.testng.TestNG.runSuitesSequentially(TestNG.java:1224)
	at org.testng.TestNG.runSuitesLocally(TestNG.java:1149)
	at org.testng.TestNG.run(TestNG.java:1057)
	at org.apache.maven.surefire.testng.TestNGExecutor.run(TestNGExecutor.java:69)
	at org.apache.maven.surefire.testng.TestNGDirectoryTestSuite.executeMulti(TestNGDirectoryTestSuite.java:181)
	at org.apache.maven.surefire.testng.TestNGDirectoryTestSuite.execute(TestNGDirectoryTestSuite.java:99)
	at org.apache.maven.surefire.testng.TestNGProvider.invoke(TestNGProvider.java:113)
	at org.apache.maven.surefire.booter.ForkedBooter.invokeProviderInSameClassLoader(ForkedBooter.java:200)
	at org.apache.maven.surefire.booter.ForkedBooter.runSuitesInProcess(ForkedBooter.java:153)
	at org.apache.maven.surefire.booter.ForkedBooter.main(ForkedBooter.java:103)
</pre></div></td>
<td>0</td>
<td>org.j3d.geom.ConeGeneratorTest@7d8ab25b</td></tr>
<tr>
<td title='org.j3d.geom.ConeGeneratorTest.testInvalidFacetsConstructor()'><b>testInvalidFacetsConstructor</b><br>Test class: org.j3d.geom.ConeGeneratorTest<br>Parameters: 0</td>
<td><div><pre>java.lang.IllegalArgumentException: Number of facets is &lt; 3
	at org.j3d.geom.ConeGenerator.&lt;init&gt;(ConeGenerator.java:167)
	at org.j3d.geom.ConeGenerator.&lt;init&gt;(ConeGenerator.java:129)
	at org.j3d.geom.ConeGeneratorTest.testInvalidFacetsConstructor(ConeGeneratorTest.java:224)
... Removed 28 stack frames</pre></div><a href='#' onClick='toggleBox("stack-trace1184273740", this, "Click to show all stack frames", "Click to hide stack frames")'>Click to show all stack frames</a>
<div class='stack-trace' id='stack-trace1184273740'><pre>java.lang.IllegalArgumentException: Number of facets is &lt; 3
	at org.j3d.geom.ConeGenerator.&lt;init&gt;(ConeGenerator.java:167)
	at org.j3d.geom.ConeGenerator.&lt;init&gt;(ConeGenerator.java:129)
	at org.j3d.geom.ConeGeneratorTest.testInvalidFacetsConstructor(ConeGeneratorTest.java:224)
	at sun.reflect.NativeMethodAccessorImpl.invoke0(Native Method)
	at sun.reflect.NativeMethodAccessorImpl.invoke(NativeMethodAccessorImpl.java:57)
	at sun.reflect.DelegatingMethodAccessorImpl.invoke(DelegatingMethodAccessorImpl.java:43)
	at java.lang.reflect.Method.invoke(Method.java:601)
	at org.testng.internal.MethodInvocationHelper.invokeMethod(MethodInvocationHelper.java:84)
	at org.testng.internal.Invoker.invokeMethod(Invoker.java:714)
	at org.testng.internal.Invoker.invokeTestMethod(Invoker.java:901)
	at org.testng.internal.Invoker.invokeTestMethods(Invoker.java:1231)
	at org.testng.internal.TestMethodWorker.invokeTestMethods(TestMethodWorker.java:127)
	at org.testng.internal.TestMethodWorker.run(TestMethodWorker.java:111)
	at org.testng.TestRunner.privateRun(TestRunner.java:767)
	at org.testng.TestRunner.run(TestRunner.java:617)
	at org.testng.SuiteRunner.runTest(SuiteRunner.java:334)
	at org.testng.SuiteRunner.runSequentially(SuiteRunner.java:329)
	at org.testng.SuiteRunner.privateRun(SuiteRunner.java:291)
	at org.testng.SuiteRunner.run(SuiteRunner.java:240)
	at org.testng.SuiteRunnerWorker.runSuite(SuiteRunnerWorker.java:52)
	at org.testng.SuiteRunnerWorker.run(SuiteRunnerWorker.java:86)
	at org.testng.TestNG.runSuitesSequentially(TestNG.java:1224)
	at org.testng.TestNG.runSuitesLocally(TestNG.java:1149)
	at org.testng.TestNG.run(TestNG.java:1057)
	at org.apache.maven.surefire.testng.TestNGExecutor.run(TestNGExecutor.java:69)
	at org.apache.maven.surefire.testng.TestNGDirectoryTestSuite.executeMulti(TestNGDirectoryTestSuite.java:181)
	at org.apache.maven.surefire.testng.TestNGDirectoryTestSuite.execute(TestNGDirectoryTestSuite.java:99)
	at org.apache.maven.surefire.testng.TestNGProvider.invoke(TestNGProvider.java:113)
	at org.apache.maven.surefire.booter.ForkedBooter.invokeProviderInSameClassLoader(ForkedBooter.java:200)
	at org.apache.maven.surefire.booter.ForkedBooter.runSuitesInProcess(ForkedBooter.java:153)
	at org.apache.maven.surefire.booter.ForkedBooter.main(ForkedBooter.java:103)
</pre></div></td>
<td>0</td>
<td>org.j3d.geom.ConeGeneratorTest@7d8ab25b</td></tr>
<tr>
<td title='org.j3d.geom.ConeGeneratorTest.testInvalidFacetsConstructor()'><b>testInvalidFacetsConstructor</b><br>Test class: org.j3d.geom.ConeGeneratorTest<br>Parameters: 2</td>
<td><div><pre>java.lang.IllegalArgumentException: Number of facets is &lt; 3
	at org.j3d.geom.ConeGenerator.&lt;init&gt;(ConeGenerator.java:167)
	at org.j3d.geom.ConeGenerator.&lt;init&gt;(ConeGenerator.java:129)
	at org.j3d.geom.ConeGeneratorTest.testInvalidFacetsConstructor(ConeGeneratorTest.java:224)
... Removed 28 stack frames</pre></div><a href='#' onClick='toggleBox("stack-trace1210307784", this, "Click to show all stack frames", "Click to hide stack frames")'>Click to show all stack frames</a>
<div class='stack-trace' id='stack-trace1210307784'><pre>java.lang.IllegalArgumentException: Number of facets is &lt; 3
	at org.j3d.geom.ConeGenerator.&lt;init&gt;(ConeGenerator.java:167)
	at org.j3d.geom.ConeGenerator.&lt;init&gt;(ConeGenerator.java:129)
	at org.j3d.geom.ConeGeneratorTest.testInvalidFacetsConstructor(ConeGeneratorTest.java:224)
	at sun.reflect.NativeMethodAccessorImpl.invoke0(Native Method)
	at sun.reflect.NativeMethodAccessorImpl.invoke(NativeMethodAccessorImpl.java:57)
	at sun.reflect.DelegatingMethodAccessorImpl.invoke(DelegatingMethodAccessorImpl.java:43)
	at java.lang.reflect.Method.invoke(Method.java:601)
	at org.testng.internal.MethodInvocationHelper.invokeMethod(MethodInvocationHelper.java:84)
	at org.testng.internal.Invoker.invokeMethod(Invoker.java:714)
	at org.testng.internal.Invoker.invokeTestMethod(Invoker.java:901)
	at org.testng.internal.Invoker.invokeTestMethods(Invoker.java:1231)
	at org.testng.internal.TestMethodWorker.invokeTestMethods(TestMethodWorker.java:127)
	at org.testng.internal.TestMethodWorker.run(TestMethodWorker.java:111)
	at org.testng.TestRunner.privateRun(TestRunner.java:767)
	at org.testng.TestRunner.run(TestRunner.java:617)
	at org.testng.SuiteRunner.runTest(SuiteRunner.java:334)
	at org.testng.SuiteRunner.runSequentially(SuiteRunner.java:329)
	at org.testng.SuiteRunner.privateRun(SuiteRunner.java:291)
	at org.testng.SuiteRunner.run(SuiteRunner.java:240)
	at org.testng.SuiteRunnerWorker.runSuite(SuiteRunnerWorker.java:52)
	at org.testng.SuiteRunnerWorker.run(SuiteRunnerWorker.java:86)
	at org.testng.TestNG.runSuitesSequentially(TestNG.java:1224)
	at org.testng.TestNG.runSuitesLocally(TestNG.java:1149)
	at org.testng.TestNG.run(TestNG.java:1057)
	at org.apache.maven.surefire.testng.TestNGExecutor.run(TestNGExecutor.java:69)
	at org.apache.maven.surefire.testng.TestNGDirectoryTestSuite.executeMulti(TestNGDirectoryTestSuite.java:181)
	at org.apache.maven.surefire.testng.TestNGDirectoryTestSuite.execute(TestNGDirectoryTestSuite.java:99)
	at org.apache.maven.surefire.testng.TestNGProvider.invoke(TestNGProvider.java:113)
	at org.apache.maven.surefire.booter.ForkedBooter.invokeProviderInSameClassLoader(ForkedBooter.java:200)
	at org.apache.maven.surefire.booter.ForkedBooter.runSuitesInProcess(ForkedBooter.java:153)
	at org.apache.maven.surefire.booter.ForkedBooter.main(ForkedBooter.java:103)
</pre></div></td>
<td>0</td>
<td>org.j3d.geom.ConeGeneratorTest@7d8ab25b</td></tr>
<tr>
<td title='org.j3d.geom.CylinderGeneratorTest.testInvalidFacetsConstructor()'><b>testInvalidFacetsConstructor</b><br>Test class: org.j3d.geom.CylinderGeneratorTest<br>Parameters: -5</td>
<td><div><pre>java.lang.IllegalArgumentException: Number of facets is &lt; 3
	at org.j3d.geom.CylinderGenerator.&lt;init&gt;(CylinderGenerator.java:246)
	at org.j3d.geom.CylinderGenerator.&lt;init&gt;(CylinderGenerator.java:171)
	at org.j3d.geom.CylinderGeneratorTest.testInvalidFacetsConstructor(CylinderGeneratorTest.java:241)
... Removed 28 stack frames</pre></div><a href='#' onClick='toggleBox("stack-trace169603659", this, "Click to show all stack frames", "Click to hide stack frames")'>Click to show all stack frames</a>
<div class='stack-trace' id='stack-trace169603659'><pre>java.lang.IllegalArgumentException: Number of facets is &lt; 3
	at org.j3d.geom.CylinderGenerator.&lt;init&gt;(CylinderGenerator.java:246)
	at org.j3d.geom.CylinderGenerator.&lt;init&gt;(CylinderGenerator.java:171)
	at org.j3d.geom.CylinderGeneratorTest.testInvalidFacetsConstructor(CylinderGeneratorTest.java:241)
	at sun.reflect.NativeMethodAccessorImpl.invoke0(Native Method)
	at sun.reflect.NativeMethodAccessorImpl.invoke(NativeMethodAccessorImpl.java:57)
	at sun.reflect.DelegatingMethodAccessorImpl.invoke(DelegatingMethodAccessorImpl.java:43)
	at java.lang.reflect.Method.invoke(Method.java:601)
	at org.testng.internal.MethodInvocationHelper.invokeMethod(MethodInvocationHelper.java:84)
	at org.testng.internal.Invoker.invokeMethod(Invoker.java:714)
	at org.testng.internal.Invoker.invokeTestMethod(Invoker.java:901)
	at org.testng.internal.Invoker.invokeTestMethods(Invoker.java:1231)
	at org.testng.internal.TestMethodWorker.invokeTestMethods(TestMethodWorker.java:127)
	at org.testng.internal.TestMethodWorker.run(TestMethodWorker.java:111)
	at org.testng.TestRunner.privateRun(TestRunner.java:767)
	at org.testng.TestRunner.run(TestRunner.java:617)
	at org.testng.SuiteRunner.runTest(SuiteRunner.java:334)
	at org.testng.SuiteRunner.runSequentially(SuiteRunner.java:329)
	at org.testng.SuiteRunner.privateRun(SuiteRunner.java:291)
	at org.testng.SuiteRunner.run(SuiteRunner.java:240)
	at org.testng.SuiteRunnerWorker.runSuite(SuiteRunnerWorker.java:52)
	at org.testng.SuiteRunnerWorker.run(SuiteRunnerWorker.java:86)
	at org.testng.TestNG.runSuitesSequentially(TestNG.java:1224)
	at org.testng.TestNG.runSuitesLocally(TestNG.java:1149)
	at org.testng.TestNG.run(TestNG.java:1057)
	at org.apache.maven.surefire.testng.TestNGExecutor.run(TestNGExecutor.java:69)
	at org.apache.maven.surefire.testng.TestNGDirectoryTestSuite.executeMulti(TestNGDirectoryTestSuite.java:181)
	at org.apache.maven.surefire.testng.TestNGDirectoryTestSuite.execute(TestNGDirectoryTestSuite.java:99)
	at org.apache.maven.surefire.testng.TestNGProvider.invoke(TestNGProvider.java:113)
	at org.apache.maven.surefire.booter.ForkedBooter.invokeProviderInSameClassLoader(ForkedBooter.java:200)
	at org.apache.maven.surefire.booter.ForkedBooter.runSuitesInProcess(ForkedBooter.java:153)
	at org.apache.maven.surefire.booter.ForkedBooter.main(ForkedBooter.java:103)
</pre></div></td>
<td>0</td>
<td>org.j3d.geom.CylinderGeneratorTest@748ff9a7</td></tr>
<tr>
<td title='org.j3d.geom.CylinderGeneratorTest.testInvalidFacetsConstructor()'><b>testInvalidFacetsConstructor</b><br>Test class: org.j3d.geom.CylinderGeneratorTest<br>Parameters: 0</td>
<td><div><pre>java.lang.IllegalArgumentException: Number of facets is &lt; 3
	at org.j3d.geom.CylinderGenerator.&lt;init&gt;(CylinderGenerator.java:246)
	at org.j3d.geom.CylinderGenerator.&lt;init&gt;(CylinderGenerator.java:171)
	at org.j3d.geom.CylinderGeneratorTest.testInvalidFacetsConstructor(CylinderGeneratorTest.java:241)
... Removed 28 stack frames</pre></div><a href='#' onClick='toggleBox("stack-trace817897244", this, "Click to show all stack frames", "Click to hide stack frames")'>Click to show all stack frames</a>
<div class='stack-trace' id='stack-trace817897244'><pre>java.lang.IllegalArgumentException: Number of facets is &lt; 3
	at org.j3d.geom.CylinderGenerator.&lt;init&gt;(CylinderGenerator.java:246)
	at org.j3d.geom.CylinderGenerator.&lt;init&gt;(CylinderGenerator.java:171)
	at org.j3d.geom.CylinderGeneratorTest.testInvalidFacetsConstructor(CylinderGeneratorTest.java:241)
	at sun.reflect.NativeMethodAccessorImpl.invoke0(Native Method)
	at sun.reflect.NativeMethodAccessorImpl.invoke(NativeMethodAccessorImpl.java:57)
	at sun.reflect.DelegatingMethodAccessorImpl.invoke(DelegatingMethodAccessorImpl.java:43)
	at java.lang.reflect.Method.invoke(Method.java:601)
	at org.testng.internal.MethodInvocationHelper.invokeMethod(MethodInvocationHelper.java:84)
	at org.testng.internal.Invoker.invokeMethod(Invoker.java:714)
	at org.testng.internal.Invoker.invokeTestMethod(Invoker.java:901)
	at org.testng.internal.Invoker.invokeTestMethods(Invoker.java:1231)
	at org.testng.internal.TestMethodWorker.invokeTestMethods(TestMethodWorker.java:127)
	at org.testng.internal.TestMethodWorker.run(TestMethodWorker.java:111)
	at org.testng.TestRunner.privateRun(TestRunner.java:767)
	at org.testng.TestRunner.run(TestRunner.java:617)
	at org.testng.SuiteRunner.runTest(SuiteRunner.java:334)
	at org.testng.SuiteRunner.runSequentially(SuiteRunner.java:329)
	at org.testng.SuiteRunner.privateRun(SuiteRunner.java:291)
	at org.testng.SuiteRunner.run(SuiteRunner.java:240)
	at org.testng.SuiteRunnerWorker.runSuite(SuiteRunnerWorker.java:52)
	at org.testng.SuiteRunnerWorker.run(SuiteRunnerWorker.java:86)
	at org.testng.TestNG.runSuitesSequentially(TestNG.java:1224)
	at org.testng.TestNG.runSuitesLocally(TestNG.java:1149)
	at org.testng.TestNG.run(TestNG.java:1057)
	at org.apache.maven.surefire.testng.TestNGExecutor.run(TestNGExecutor.java:69)
	at org.apache.maven.surefire.testng.TestNGDirectoryTestSuite.executeMulti(TestNGDirectoryTestSuite.java:181)
	at org.apache.maven.surefire.testng.TestNGDirectoryTestSuite.execute(TestNGDirectoryTestSuite.java:99)
	at org.apache.maven.surefire.testng.TestNGProvider.invoke(TestNGProvider.java:113)
	at org.apache.maven.surefire.booter.ForkedBooter.invokeProviderInSameClassLoader(ForkedBooter.java:200)
	at org.apache.maven.surefire.booter.ForkedBooter.runSuitesInProcess(ForkedBooter.java:153)
	at org.apache.maven.surefire.booter.ForkedBooter.main(ForkedBooter.java:103)
</pre></div></td>
<td>0</td>
<td>org.j3d.geom.CylinderGeneratorTest@748ff9a7</td></tr>
<tr>
<td title='org.j3d.geom.CylinderGeneratorTest.testInvalidFacetsConstructor()'><b>testInvalidFacetsConstructor</b><br>Test class: org.j3d.geom.CylinderGeneratorTest<br>Parameters: 2</td>
<td><div><pre>java.lang.IllegalArgumentException: Number of facets is &lt; 3
	at org.j3d.geom.CylinderGenerator.&lt;init&gt;(CylinderGenerator.java:246)
	at org.j3d.geom.CylinderGenerator.&lt;init&gt;(CylinderGenerator.java:171)
	at org.j3d.geom.CylinderGeneratorTest.testInvalidFacetsConstructor(CylinderGeneratorTest.java:241)
... Removed 28 stack frames</pre></div><a href='#' onClick='toggleBox("stack-trace356155461", this, "Click to show all stack frames", "Click to hide stack frames")'>Click to show all stack frames</a>
<div class='stack-trace' id='stack-trace356155461'><pre>java.lang.IllegalArgumentException: Number of facets is &lt; 3
	at org.j3d.geom.CylinderGenerator.&lt;init&gt;(CylinderGenerator.java:246)
	at org.j3d.geom.CylinderGenerator.&lt;init&gt;(CylinderGenerator.java:171)
	at org.j3d.geom.CylinderGeneratorTest.testInvalidFacetsConstructor(CylinderGeneratorTest.java:241)
	at sun.reflect.NativeMethodAccessorImpl.invoke0(Native Method)
	at sun.reflect.NativeMethodAccessorImpl.invoke(NativeMethodAccessorImpl.java:57)
	at sun.reflect.DelegatingMethodAccessorImpl.invoke(DelegatingMethodAccessorImpl.java:43)
	at java.lang.reflect.Method.invoke(Method.java:601)
	at org.testng.internal.MethodInvocationHelper.invokeMethod(MethodInvocationHelper.java:84)
	at org.testng.internal.Invoker.invokeMethod(Invoker.java:714)
	at org.testng.internal.Invoker.invokeTestMethod(Invoker.java:901)
	at org.testng.internal.Invoker.invokeTestMethods(Invoker.java:1231)
	at org.testng.internal.TestMethodWorker.invokeTestMethods(TestMethodWorker.java:127)
	at org.testng.internal.TestMethodWorker.run(TestMethodWorker.java:111)
	at org.testng.TestRunner.privateRun(TestRunner.java:767)
	at org.testng.TestRunner.run(TestRunner.java:617)
	at org.testng.SuiteRunner.runTest(SuiteRunner.java:334)
	at org.testng.SuiteRunner.runSequentially(SuiteRunner.java:329)
	at org.testng.SuiteRunner.privateRun(SuiteRunner.java:291)
	at org.testng.SuiteRunner.run(SuiteRunner.java:240)
	at org.testng.SuiteRunnerWorker.runSuite(SuiteRunnerWorker.java:52)
	at org.testng.SuiteRunnerWorker.run(SuiteRunnerWorker.java:86)
	at org.testng.TestNG.runSuitesSequentially(TestNG.java:1224)
	at org.testng.TestNG.runSuitesLocally(TestNG.java:1149)
	at org.testng.TestNG.run(TestNG.java:1057)
	at org.apache.maven.surefire.testng.TestNGExecutor.run(TestNGExecutor.java:69)
	at org.apache.maven.surefire.testng.TestNGDirectoryTestSuite.executeMulti(TestNGDirectoryTestSuite.java:181)
	at org.apache.maven.surefire.testng.TestNGDirectoryTestSuite.execute(TestNGDirectoryTestSuite.java:99)
	at org.apache.maven.surefire.testng.TestNGProvider.invoke(TestNGProvider.java:113)
	at org.apache.maven.surefire.booter.ForkedBooter.invokeProviderInSameClassLoader(ForkedBooter.java:200)
	at org.apache.maven.surefire.booter.ForkedBooter.runSuitesInProcess(ForkedBooter.java:153)
	at org.apache.maven.surefire.booter.ForkedBooter.main(ForkedBooter.java:103)
</pre></div></td>
<td>0</td>
<td>org.j3d.geom.CylinderGeneratorTest@748ff9a7</td></tr>
<tr>
<td title='org.j3d.geom.SphereGeneratorTest.testInvalidFacetsConstructor()'><b>testInvalidFacetsConstructor</b><br>Test class: org.j3d.geom.SphereGeneratorTest<br>Parameters: -5</td>
<td><div><pre>java.lang.IllegalArgumentException: Number of facets is &lt; 4
	at org.j3d.geom.SphereGenerator.&lt;init&gt;(SphereGenerator.java:154)
	at org.j3d.geom.SphereGenerator.&lt;init&gt;(SphereGenerator.java:137)
	at org.j3d.geom.SphereGeneratorTest.testInvalidFacetsConstructor(SphereGeneratorTest.java:221)
... Removed 28 stack frames</pre></div><a href='#' onClick='toggleBox("stack-trace424072668", this, "Click to show all stack frames", "Click to hide stack frames")'>Click to show all stack frames</a>
<div class='stack-trace' id='stack-trace424072668'><pre>java.lang.IllegalArgumentException: Number of facets is &lt; 4
	at org.j3d.geom.SphereGenerator.&lt;init&gt;(SphereGenerator.java:154)
	at org.j3d.geom.SphereGenerator.&lt;init&gt;(SphereGenerator.java:137)
	at org.j3d.geom.SphereGeneratorTest.testInvalidFacetsConstructor(SphereGeneratorTest.java:221)
	at sun.reflect.NativeMethodAccessorImpl.invoke0(Native Method)
	at sun.reflect.NativeMethodAccessorImpl.invoke(NativeMethodAccessorImpl.java:57)
	at sun.reflect.DelegatingMethodAccessorImpl.invoke(DelegatingMethodAccessorImpl.java:43)
	at java.lang.reflect.Method.invoke(Method.java:601)
	at org.testng.internal.MethodInvocationHelper.invokeMethod(MethodInvocationHelper.java:84)
	at org.testng.internal.Invoker.invokeMethod(Invoker.java:714)
	at org.testng.internal.Invoker.invokeTestMethod(Invoker.java:901)
	at org.testng.internal.Invoker.invokeTestMethods(Invoker.java:1231)
	at org.testng.internal.TestMethodWorker.invokeTestMethods(TestMethodWorker.java:127)
	at org.testng.internal.TestMethodWorker.run(TestMethodWorker.java:111)
	at org.testng.TestRunner.privateRun(TestRunner.java:767)
	at org.testng.TestRunner.run(TestRunner.java:617)
	at org.testng.SuiteRunner.runTest(SuiteRunner.java:334)
	at org.testng.SuiteRunner.runSequentially(SuiteRunner.java:329)
	at org.testng.SuiteRunner.privateRun(SuiteRunner.java:291)
	at org.testng.SuiteRunner.run(SuiteRunner.java:240)
	at org.testng.SuiteRunnerWorker.runSuite(SuiteRunnerWorker.java:52)
	at org.testng.SuiteRunnerWorker.run(SuiteRunnerWorker.java:86)
	at org.testng.TestNG.runSuitesSequentially(TestNG.java:1224)
	at org.testng.TestNG.runSuitesLocally(TestNG.java:1149)
	at org.testng.TestNG.run(TestNG.java:1057)
	at org.apache.maven.surefire.testng.TestNGExecutor.run(TestNGExecutor.java:69)
	at org.apache.maven.surefire.testng.TestNGDirectoryTestSuite.executeMulti(TestNGDirectoryTestSuite.java:181)
	at org.apache.maven.surefire.testng.TestNGDirectoryTestSuite.execute(TestNGDirectoryTestSuite.java:99)
	at org.apache.maven.surefire.testng.TestNGProvider.invoke(TestNGProvider.java:113)
	at org.apache.maven.surefire.booter.ForkedBooter.invokeProviderInSameClassLoader(ForkedBooter.java:200)
	at org.apache.maven.surefire.booter.ForkedBooter.runSuitesInProcess(ForkedBooter.java:153)
	at org.apache.maven.surefire.booter.ForkedBooter.main(ForkedBooter.java:103)
</pre></div></td>
<td>0</td>
<td>org.j3d.geom.SphereGeneratorTest@184f7eba</td></tr>
<tr>
<td title='org.j3d.geom.SphereGeneratorTest.testInvalidFacetsConstructor()'><b>testInvalidFacetsConstructor</b><br>Test class: org.j3d.geom.SphereGeneratorTest<br>Parameters: 0</td>
<td><div><pre>java.lang.IllegalArgumentException: Number of facets is &lt; 4
	at org.j3d.geom.SphereGenerator.&lt;init&gt;(SphereGenerator.java:154)
	at org.j3d.geom.SphereGenerator.&lt;init&gt;(SphereGenerator.java:137)
	at org.j3d.geom.SphereGeneratorTest.testInvalidFacetsConstructor(SphereGeneratorTest.java:221)
... Removed 28 stack frames</pre></div><a href='#' onClick='toggleBox("stack-trace2038590330", this, "Click to show all stack frames", "Click to hide stack frames")'>Click to show all stack frames</a>
<div class='stack-trace' id='stack-trace2038590330'><pre>java.lang.IllegalArgumentException: Number of facets is &lt; 4
	at org.j3d.geom.SphereGenerator.&lt;init&gt;(SphereGenerator.java:154)
	at org.j3d.geom.SphereGenerator.&lt;init&gt;(SphereGenerator.java:137)
	at org.j3d.geom.SphereGeneratorTest.testInvalidFacetsConstructor(SphereGeneratorTest.java:221)
	at sun.reflect.NativeMethodAccessorImpl.invoke0(Native Method)
	at sun.reflect.NativeMethodAccessorImpl.invoke(NativeMethodAccessorImpl.java:57)
	at sun.reflect.DelegatingMethodAccessorImpl.invoke(DelegatingMethodAccessorImpl.java:43)
	at java.lang.reflect.Method.invoke(Method.java:601)
	at org.testng.internal.MethodInvocationHelper.invokeMethod(MethodInvocationHelper.java:84)
	at org.testng.internal.Invoker.invokeMethod(Invoker.java:714)
	at org.testng.internal.Invoker.invokeTestMethod(Invoker.java:901)
	at org.testng.internal.Invoker.invokeTestMethods(Invoker.java:1231)
	at org.testng.internal.TestMethodWorker.invokeTestMethods(TestMethodWorker.java:127)
	at org.testng.internal.TestMethodWorker.run(TestMethodWorker.java:111)
	at org.testng.TestRunner.privateRun(TestRunner.java:767)
	at org.testng.TestRunner.run(TestRunner.java:617)
	at org.testng.SuiteRunner.runTest(SuiteRunner.java:334)
	at org.testng.SuiteRunner.runSequentially(SuiteRunner.java:329)
	at org.testng.SuiteRunner.privateRun(SuiteRunner.java:291)
	at org.testng.SuiteRunner.run(SuiteRunner.java:240)
	at org.testng.SuiteRunnerWorker.runSuite(SuiteRunnerWorker.java:52)
	at org.testng.SuiteRunnerWorker.run(SuiteRunnerWorker.java:86)
	at org.testng.TestNG.runSuitesSequentially(TestNG.java:1224)
	at org.testng.TestNG.runSuitesLocally(TestNG.java:1149)
	at org.testng.TestNG.run(TestNG.java:1057)
	at org.apache.maven.surefire.testng.TestNGExecutor.run(TestNGExecutor.java:69)
	at org.apache.maven.surefire.testng.TestNGDirectoryTestSuite.executeMulti(TestNGDirectoryTestSuite.java:181)
	at org.apache.maven.surefire.testng.TestNGDirectoryTestSuite.execute(TestNGDirectoryTestSuite.java:99)
	at org.apache.maven.surefire.testng.TestNGProvider.invoke(TestNGProvider.java:113)
	at org.apache.maven.surefire.booter.ForkedBooter.invokeProviderInSameClassLoader(ForkedBooter.java:200)
	at org.apache.maven.surefire.booter.ForkedBooter.runSuitesInProcess(ForkedBooter.java:153)
	at org.apache.maven.surefire.booter.ForkedBooter.main(ForkedBooter.java:103)
</pre></div></td>
<td>0</td>
<td>org.j3d.geom.SphereGeneratorTest@184f7eba</td></tr>
<tr>
<td title='org.j3d.geom.SphereGeneratorTest.testInvalidFacetsConstructor()'><b>testInvalidFacetsConstructor</b><br>Test class: org.j3d.geom.SphereGeneratorTest<br>Parameters: 2</td>
<td><div><pre>java.lang.IllegalArgumentException: Number of facets is &lt; 4
	at org.j3d.geom.SphereGenerator.&lt;init&gt;(SphereGenerator.java:154)
	at org.j3d.geom.SphereGenerator.&lt;init&gt;(SphereGenerator.java:137)
	at org.j3d.geom.SphereGeneratorTest.testInvalidFacetsConstructor(SphereGeneratorTest.java:221)
... Removed 28 stack frames</pre></div><a href='#' onClick='toggleBox("stack-trace1633572072", this, "Click to show all stack frames", "Click to hide stack frames")'>Click to show all stack frames</a>
<div class='stack-trace' id='stack-trace1633572072'><pre>java.lang.IllegalArgumentException: Number of facets is &lt; 4
	at org.j3d.geom.SphereGenerator.&lt;init&gt;(SphereGenerator.java:154)
	at org.j3d.geom.SphereGenerator.&lt;init&gt;(SphereGenerator.java:137)
	at org.j3d.geom.SphereGeneratorTest.testInvalidFacetsConstructor(SphereGeneratorTest.java:221)
	at sun.reflect.NativeMethodAccessorImpl.invoke0(Native Method)
	at sun.reflect.NativeMethodAccessorImpl.invoke(NativeMethodAccessorImpl.java:57)
	at sun.reflect.DelegatingMethodAccessorImpl.invoke(DelegatingMethodAccessorImpl.java:43)
	at java.lang.reflect.Method.invoke(Method.java:601)
	at org.testng.internal.MethodInvocationHelper.invokeMethod(MethodInvocationHelper.java:84)
	at org.testng.internal.Invoker.invokeMethod(Invoker.java:714)
	at org.testng.internal.Invoker.invokeTestMethod(Invoker.java:901)
	at org.testng.internal.Invoker.invokeTestMethods(Invoker.java:1231)
	at org.testng.internal.TestMethodWorker.invokeTestMethods(TestMethodWorker.java:127)
	at org.testng.internal.TestMethodWorker.run(TestMethodWorker.java:111)
	at org.testng.TestRunner.privateRun(TestRunner.java:767)
	at org.testng.TestRunner.run(TestRunner.java:617)
	at org.testng.SuiteRunner.runTest(SuiteRunner.java:334)
	at org.testng.SuiteRunner.runSequentially(SuiteRunner.java:329)
	at org.testng.SuiteRunner.privateRun(SuiteRunner.java:291)
	at org.testng.SuiteRunner.run(SuiteRunner.java:240)
	at org.testng.SuiteRunnerWorker.runSuite(SuiteRunnerWorker.java:52)
	at org.testng.SuiteRunnerWorker.run(SuiteRunnerWorker.java:86)
	at org.testng.TestNG.runSuitesSequentially(TestNG.java:1224)
	at org.testng.TestNG.runSuitesLocally(TestNG.java:1149)
	at org.testng.TestNG.run(TestNG.java:1057)
	at org.apache.maven.surefire.testng.TestNGExecutor.run(TestNGExecutor.java:69)
	at org.apache.maven.surefire.testng.TestNGDirectoryTestSuite.executeMulti(TestNGDirectoryTestSuite.java:181)
	at org.apache.maven.surefire.testng.TestNGDirectoryTestSuite.execute(TestNGDirectoryTestSuite.java:99)
	at org.apache.maven.surefire.testng.TestNGProvider.invoke(TestNGProvider.java:113)
	at org.apache.maven.surefire.booter.ForkedBooter.invokeProviderInSameClassLoader(ForkedBooter.java:200)
	at org.apache.maven.surefire.booter.ForkedBooter.runSuitesInProcess(ForkedBooter.java:153)
	at org.apache.maven.surefire.booter.ForkedBooter.main(ForkedBooter.java:103)
</pre></div></td>
<td>0</td>
<td>org.j3d.geom.SphereGeneratorTest@184f7eba</td></tr>
<tr>
<td title='org.j3d.geom.SphereGeneratorTest.testInvalidFacetsConstructor()'><b>testInvalidFacetsConstructor</b><br>Test class: org.j3d.geom.SphereGeneratorTest<br>Parameters: 7</td>
<td><div><pre>java.lang.IllegalArgumentException: Number of facets not / 2
	at org.j3d.geom.SphereGenerator.&lt;init&gt;(SphereGenerator.java:157)
	at org.j3d.geom.SphereGenerator.&lt;init&gt;(SphereGenerator.java:137)
	at org.j3d.geom.SphereGeneratorTest.testInvalidFacetsConstructor(SphereGeneratorTest.java:221)
... Removed 28 stack frames</pre></div><a href='#' onClick='toggleBox("stack-trace2014870856", this, "Click to show all stack frames", "Click to hide stack frames")'>Click to show all stack frames</a>
<div class='stack-trace' id='stack-trace2014870856'><pre>java.lang.IllegalArgumentException: Number of facets not / 2
	at org.j3d.geom.SphereGenerator.&lt;init&gt;(SphereGenerator.java:157)
	at org.j3d.geom.SphereGenerator.&lt;init&gt;(SphereGenerator.java:137)
	at org.j3d.geom.SphereGeneratorTest.testInvalidFacetsConstructor(SphereGeneratorTest.java:221)
	at sun.reflect.NativeMethodAccessorImpl.invoke0(Native Method)
	at sun.reflect.NativeMethodAccessorImpl.invoke(NativeMethodAccessorImpl.java:57)
	at sun.reflect.DelegatingMethodAccessorImpl.invoke(DelegatingMethodAccessorImpl.java:43)
	at java.lang.reflect.Method.invoke(Method.java:601)
	at org.testng.internal.MethodInvocationHelper.invokeMethod(MethodInvocationHelper.java:84)
	at org.testng.internal.Invoker.invokeMethod(Invoker.java:714)
	at org.testng.internal.Invoker.invokeTestMethod(Invoker.java:901)
	at org.testng.internal.Invoker.invokeTestMethods(Invoker.java:1231)
	at org.testng.internal.TestMethodWorker.invokeTestMethods(TestMethodWorker.java:127)
	at org.testng.internal.TestMethodWorker.run(TestMethodWorker.java:111)
	at org.testng.TestRunner.privateRun(TestRunner.java:767)
	at org.testng.TestRunner.run(TestRunner.java:617)
	at org.testng.SuiteRunner.runTest(SuiteRunner.java:334)
	at org.testng.SuiteRunner.runSequentially(SuiteRunner.java:329)
	at org.testng.SuiteRunner.privateRun(SuiteRunner.java:291)
	at org.testng.SuiteRunner.run(SuiteRunner.java:240)
	at org.testng.SuiteRunnerWorker.runSuite(SuiteRunnerWorker.java:52)
	at org.testng.SuiteRunnerWorker.run(SuiteRunnerWorker.java:86)
	at org.testng.TestNG.runSuitesSequentially(TestNG.java:1224)
	at org.testng.TestNG.runSuitesLocally(TestNG.java:1149)
	at org.testng.TestNG.run(TestNG.java:1057)
	at org.apache.maven.surefire.testng.TestNGExecutor.run(TestNGExecutor.java:69)
	at org.apache.maven.surefire.testng.TestNGDirectoryTestSuite.executeMulti(TestNGDirectoryTestSuite.java:181)
	at org.apache.maven.surefire.testng.TestNGDirectoryTestSuite.execute(TestNGDirectoryTestSuite.java:99)
	at org.apache.maven.surefire.testng.TestNGProvider.invoke(TestNGProvider.java:113)
	at org.apache.maven.surefire.booter.ForkedBooter.invokeProviderInSameClassLoader(ForkedBooter.java:200)
	at org.apache.maven.surefire.booter.ForkedBooter.runSuitesInProcess(ForkedBooter.java:153)
	at org.apache.maven.surefire.booter.ForkedBooter.main(ForkedBooter.java:103)
</pre></div></td>
<td>0</td>
<td>org.j3d.geom.SphereGeneratorTest@184f7eba</td></tr>
<tr>
<td title='org.j3d.geom.ConeGeneratorTest.testInvalidFacetsSetter()'><b>testInvalidFacetsSetter</b><br>Test class: org.j3d.geom.ConeGeneratorTest<br>Parameters: -5</td>
<td><div><pre>java.lang.IllegalArgumentException: Number of facets is &lt; 3
	at org.j3d.geom.ConeGenerator.setFacetCount(ConeGenerator.java:240)
	at org.j3d.geom.ConeGeneratorTest.testInvalidFacetsSetter(ConeGeneratorTest.java:231)
... Removed 28 stack frames</pre></div><a href='#' onClick='toggleBox("stack-trace677821304", this, "Click to show all stack frames", "Click to hide stack frames")'>Click to show all stack frames</a>
<div class='stack-trace' id='stack-trace677821304'><pre>java.lang.IllegalArgumentException: Number of facets is &lt; 3
	at org.j3d.geom.ConeGenerator.setFacetCount(ConeGenerator.java:240)
	at org.j3d.geom.ConeGeneratorTest.testInvalidFacetsSetter(ConeGeneratorTest.java:231)
	at sun.reflect.NativeMethodAccessorImpl.invoke0(Native Method)
	at sun.reflect.NativeMethodAccessorImpl.invoke(NativeMethodAccessorImpl.java:57)
	at sun.reflect.DelegatingMethodAccessorImpl.invoke(DelegatingMethodAccessorImpl.java:43)
	at java.lang.reflect.Method.invoke(Method.java:601)
	at org.testng.internal.MethodInvocationHelper.invokeMethod(MethodInvocationHelper.java:84)
	at org.testng.internal.Invoker.invokeMethod(Invoker.java:714)
	at org.testng.internal.Invoker.invokeTestMethod(Invoker.java:901)
	at org.testng.internal.Invoker.invokeTestMethods(Invoker.java:1231)
	at org.testng.internal.TestMethodWorker.invokeTestMethods(TestMethodWorker.java:127)
	at org.testng.internal.TestMethodWorker.run(TestMethodWorker.java:111)
	at org.testng.TestRunner.privateRun(TestRunner.java:767)
	at org.testng.TestRunner.run(TestRunner.java:617)
	at org.testng.SuiteRunner.runTest(SuiteRunner.java:334)
	at org.testng.SuiteRunner.runSequentially(SuiteRunner.java:329)
	at org.testng.SuiteRunner.privateRun(SuiteRunner.java:291)
	at org.testng.SuiteRunner.run(SuiteRunner.java:240)
	at org.testng.SuiteRunnerWorker.runSuite(SuiteRunnerWorker.java:52)
	at org.testng.SuiteRunnerWorker.run(SuiteRunnerWorker.java:86)
	at org.testng.TestNG.runSuitesSequentially(TestNG.java:1224)
	at org.testng.TestNG.runSuitesLocally(TestNG.java:1149)
	at org.testng.TestNG.run(TestNG.java:1057)
	at org.apache.maven.surefire.testng.TestNGExecutor.run(TestNGExecutor.java:69)
	at org.apache.maven.surefire.testng.TestNGDirectoryTestSuite.executeMulti(TestNGDirectoryTestSuite.java:181)
	at org.apache.maven.surefire.testng.TestNGDirectoryTestSuite.execute(TestNGDirectoryTestSuite.java:99)
	at org.apache.maven.surefire.testng.TestNGProvider.invoke(TestNGProvider.java:113)
	at org.apache.maven.surefire.booter.ForkedBooter.invokeProviderInSameClassLoader(ForkedBooter.java:200)
	at org.apache.maven.surefire.booter.ForkedBooter.runSuitesInProcess(ForkedBooter.java:153)
	at org.apache.maven.surefire.booter.ForkedBooter.main(ForkedBooter.java:103)
</pre></div></td>
<td>0</td>
<td>org.j3d.geom.ConeGeneratorTest@7d8ab25b</td></tr>
<tr>
<td title='org.j3d.geom.ConeGeneratorTest.testInvalidFacetsSetter()'><b>testInvalidFacetsSetter</b><br>Test class: org.j3d.geom.ConeGeneratorTest<br>Parameters: 0</td>
<td><div><pre>java.lang.IllegalArgumentException: Number of facets is &lt; 3
	at org.j3d.geom.ConeGenerator.setFacetCount(ConeGenerator.java:240)
	at org.j3d.geom.ConeGeneratorTest.testInvalidFacetsSetter(ConeGeneratorTest.java:231)
... Removed 28 stack frames</pre></div><a href='#' onClick='toggleBox("stack-trace1889392640", this, "Click to show all stack frames", "Click to hide stack frames")'>Click to show all stack frames</a>
<div class='stack-trace' id='stack-trace1889392640'><pre>java.lang.IllegalArgumentException: Number of facets is &lt; 3
	at org.j3d.geom.ConeGenerator.setFacetCount(ConeGenerator.java:240)
	at org.j3d.geom.ConeGeneratorTest.testInvalidFacetsSetter(ConeGeneratorTest.java:231)
	at sun.reflect.NativeMethodAccessorImpl.invoke0(Native Method)
	at sun.reflect.NativeMethodAccessorImpl.invoke(NativeMethodAccessorImpl.java:57)
	at sun.reflect.DelegatingMethodAccessorImpl.invoke(DelegatingMethodAccessorImpl.java:43)
	at java.lang.reflect.Method.invoke(Method.java:601)
	at org.testng.internal.MethodInvocationHelper.invokeMethod(MethodInvocationHelper.java:84)
	at org.testng.internal.Invoker.invokeMethod(Invoker.java:714)
	at org.testng.internal.Invoker.invokeTestMethod(Invoker.java:901)
	at org.testng.internal.Invoker.invokeTestMethods(Invoker.java:1231)
	at org.testng.internal.TestMethodWorker.invokeTestMethods(TestMethodWorker.java:127)
	at org.testng.internal.TestMethodWorker.run(TestMethodWorker.java:111)
	at org.testng.TestRunner.privateRun(TestRunner.java:767)
	at org.testng.TestRunner.run(TestRunner.java:617)
	at org.testng.SuiteRunner.runTest(SuiteRunner.java:334)
	at org.testng.SuiteRunner.runSequentially(SuiteRunner.java:329)
	at org.testng.SuiteRunner.privateRun(SuiteRunner.java:291)
	at org.testng.SuiteRunner.run(SuiteRunner.java:240)
	at org.testng.SuiteRunnerWorker.runSuite(SuiteRunnerWorker.java:52)
	at org.testng.SuiteRunnerWorker.run(SuiteRunnerWorker.java:86)
	at org.testng.TestNG.runSuitesSequentially(TestNG.java:1224)
	at org.testng.TestNG.runSuitesLocally(TestNG.java:1149)
	at org.testng.TestNG.run(TestNG.java:1057)
	at org.apache.maven.surefire.testng.TestNGExecutor.run(TestNGExecutor.java:69)
	at org.apache.maven.surefire.testng.TestNGDirectoryTestSuite.executeMulti(TestNGDirectoryTestSuite.java:181)
	at org.apache.maven.surefire.testng.TestNGDirectoryTestSuite.execute(TestNGDirectoryTestSuite.java:99)
	at org.apache.maven.surefire.testng.TestNGProvider.invoke(TestNGProvider.java:113)
	at org.apache.maven.surefire.booter.ForkedBooter.invokeProviderInSameClassLoader(ForkedBooter.java:200)
	at org.apache.maven.surefire.booter.ForkedBooter.runSuitesInProcess(ForkedBooter.java:153)
	at org.apache.maven.surefire.booter.ForkedBooter.main(ForkedBooter.java:103)
</pre></div></td>
<td>0</td>
<td>org.j3d.geom.ConeGeneratorTest@7d8ab25b</td></tr>
<tr>
<td title='org.j3d.geom.ConeGeneratorTest.testInvalidFacetsSetter()'><b>testInvalidFacetsSetter</b><br>Test class: org.j3d.geom.ConeGeneratorTest<br>Parameters: 2</td>
<td><div><pre>java.lang.IllegalArgumentException: Number of facets is &lt; 3
	at org.j3d.geom.ConeGenerator.setFacetCount(ConeGenerator.java:240)
	at org.j3d.geom.ConeGeneratorTest.testInvalidFacetsSetter(ConeGeneratorTest.java:231)
... Removed 28 stack frames</pre></div><a href='#' onClick='toggleBox("stack-trace181412291", this, "Click to show all stack frames", "Click to hide stack frames")'>Click to show all stack frames</a>
<div class='stack-trace' id='stack-trace181412291'><pre>java.lang.IllegalArgumentException: Number of facets is &lt; 3
	at org.j3d.geom.ConeGenerator.setFacetCount(ConeGenerator.java:240)
	at org.j3d.geom.ConeGeneratorTest.testInvalidFacetsSetter(ConeGeneratorTest.java:231)
	at sun.reflect.NativeMethodAccessorImpl.invoke0(Native Method)
	at sun.reflect.NativeMethodAccessorImpl.invoke(NativeMethodAccessorImpl.java:57)
	at sun.reflect.DelegatingMethodAccessorImpl.invoke(DelegatingMethodAccessorImpl.java:43)
	at java.lang.reflect.Method.invoke(Method.java:601)
	at org.testng.internal.MethodInvocationHelper.invokeMethod(MethodInvocationHelper.java:84)
	at org.testng.internal.Invoker.invokeMethod(Invoker.java:714)
	at org.testng.internal.Invoker.invokeTestMethod(Invoker.java:901)
	at org.testng.internal.Invoker.invokeTestMethods(Invoker.java:1231)
	at org.testng.internal.TestMethodWorker.invokeTestMethods(TestMethodWorker.java:127)
	at org.testng.internal.TestMethodWorker.run(TestMethodWorker.java:111)
	at org.testng.TestRunner.privateRun(TestRunner.java:767)
	at org.testng.TestRunner.run(TestRunner.java:617)
	at org.testng.SuiteRunner.runTest(SuiteRunner.java:334)
	at org.testng.SuiteRunner.runSequentially(SuiteRunner.java:329)
	at org.testng.SuiteRunner.privateRun(SuiteRunner.java:291)
	at org.testng.SuiteRunner.run(SuiteRunner.java:240)
	at org.testng.SuiteRunnerWorker.runSuite(SuiteRunnerWorker.java:52)
	at org.testng.SuiteRunnerWorker.run(SuiteRunnerWorker.java:86)
	at org.testng.TestNG.runSuitesSequentially(TestNG.java:1224)
	at org.testng.TestNG.runSuitesLocally(TestNG.java:1149)
	at org.testng.TestNG.run(TestNG.java:1057)
	at org.apache.maven.surefire.testng.TestNGExecutor.run(TestNGExecutor.java:69)
	at org.apache.maven.surefire.testng.TestNGDirectoryTestSuite.executeMulti(TestNGDirectoryTestSuite.java:181)
	at org.apache.maven.surefire.testng.TestNGDirectoryTestSuite.execute(TestNGDirectoryTestSuite.java:99)
	at org.apache.maven.surefire.testng.TestNGProvider.invoke(TestNGProvider.java:113)
	at org.apache.maven.surefire.booter.ForkedBooter.invokeProviderInSameClassLoader(ForkedBooter.java:200)
	at org.apache.maven.surefire.booter.ForkedBooter.runSuitesInProcess(ForkedBooter.java:153)
	at org.apache.maven.surefire.booter.ForkedBooter.main(ForkedBooter.java:103)
</pre></div></td>
<td>0</td>
<td>org.j3d.geom.ConeGeneratorTest@7d8ab25b</td></tr>
<tr>
<td title='org.j3d.geom.CylinderGeneratorTest.testInvalidFacetsSetter()'><b>testInvalidFacetsSetter</b><br>Test class: org.j3d.geom.CylinderGeneratorTest<br>Parameters: -5</td>
<td><div><pre>java.lang.IllegalArgumentException: Number of facets is &lt; 3
	at org.j3d.geom.CylinderGenerator.setFacetCount(CylinderGenerator.java:327)
	at org.j3d.geom.CylinderGeneratorTest.testInvalidFacetsSetter(CylinderGeneratorTest.java:248)
... Removed 28 stack frames</pre></div><a href='#' onClick='toggleBox("stack-trace867908838", this, "Click to show all stack frames", "Click to hide stack frames")'>Click to show all stack frames</a>
<div class='stack-trace' id='stack-trace867908838'><pre>java.lang.IllegalArgumentException: Number of facets is &lt; 3
	at org.j3d.geom.CylinderGenerator.setFacetCount(CylinderGenerator.java:327)
	at org.j3d.geom.CylinderGeneratorTest.testInvalidFacetsSetter(CylinderGeneratorTest.java:248)
	at sun.reflect.NativeMethodAccessorImpl.invoke0(Native Method)
	at sun.reflect.NativeMethodAccessorImpl.invoke(NativeMethodAccessorImpl.java:57)
	at sun.reflect.DelegatingMethodAccessorImpl.invoke(DelegatingMethodAccessorImpl.java:43)
	at java.lang.reflect.Method.invoke(Method.java:601)
	at org.testng.internal.MethodInvocationHelper.invokeMethod(MethodInvocationHelper.java:84)
	at org.testng.internal.Invoker.invokeMethod(Invoker.java:714)
	at org.testng.internal.Invoker.invokeTestMethod(Invoker.java:901)
	at org.testng.internal.Invoker.invokeTestMethods(Invoker.java:1231)
	at org.testng.internal.TestMethodWorker.invokeTestMethods(TestMethodWorker.java:127)
	at org.testng.internal.TestMethodWorker.run(TestMethodWorker.java:111)
	at org.testng.TestRunner.privateRun(TestRunner.java:767)
	at org.testng.TestRunner.run(TestRunner.java:617)
	at org.testng.SuiteRunner.runTest(SuiteRunner.java:334)
	at org.testng.SuiteRunner.runSequentially(SuiteRunner.java:329)
	at org.testng.SuiteRunner.privateRun(SuiteRunner.java:291)
	at org.testng.SuiteRunner.run(SuiteRunner.java:240)
	at org.testng.SuiteRunnerWorker.runSuite(SuiteRunnerWorker.java:52)
	at org.testng.SuiteRunnerWorker.run(SuiteRunnerWorker.java:86)
	at org.testng.TestNG.runSuitesSequentially(TestNG.java:1224)
	at org.testng.TestNG.runSuitesLocally(TestNG.java:1149)
	at org.testng.TestNG.run(TestNG.java:1057)
	at org.apache.maven.surefire.testng.TestNGExecutor.run(TestNGExecutor.java:69)
	at org.apache.maven.surefire.testng.TestNGDirectoryTestSuite.executeMulti(TestNGDirectoryTestSuite.java:181)
	at org.apache.maven.surefire.testng.TestNGDirectoryTestSuite.execute(TestNGDirectoryTestSuite.java:99)
	at org.apache.maven.surefire.testng.TestNGProvider.invoke(TestNGProvider.java:113)
	at org.apache.maven.surefire.booter.ForkedBooter.invokeProviderInSameClassLoader(ForkedBooter.java:200)
	at org.apache.maven.surefire.booter.ForkedBooter.runSuitesInProcess(ForkedBooter.java:153)
	at org.apache.maven.surefire.booter.ForkedBooter.main(ForkedBooter.java:103)
</pre></div></td>
<td>0</td>
<td>org.j3d.geom.CylinderGeneratorTest@748ff9a7</td></tr>
<tr>
<td title='org.j3d.geom.CylinderGeneratorTest.testInvalidFacetsSetter()'><b>testInvalidFacetsSetter</b><br>Test class: org.j3d.geom.CylinderGeneratorTest<br>Parameters: 0</td>
<td><div><pre>java.lang.IllegalArgumentException: Number of facets is &lt; 3
	at org.j3d.geom.CylinderGenerator.setFacetCount(CylinderGenerator.java:327)
	at org.j3d.geom.CylinderGeneratorTest.testInvalidFacetsSetter(CylinderGeneratorTest.java:248)
... Removed 28 stack frames</pre></div><a href='#' onClick='toggleBox("stack-trace1234909842", this, "Click to show all stack frames", "Click to hide stack frames")'>Click to show all stack frames</a>
<div class='stack-trace' id='stack-trace1234909842'><pre>java.lang.IllegalArgumentException: Number of facets is &lt; 3
	at org.j3d.geom.CylinderGenerator.setFacetCount(CylinderGenerator.java:327)
	at org.j3d.geom.CylinderGeneratorTest.testInvalidFacetsSetter(CylinderGeneratorTest.java:248)
	at sun.reflect.NativeMethodAccessorImpl.invoke0(Native Method)
	at sun.reflect.NativeMethodAccessorImpl.invoke(NativeMethodAccessorImpl.java:57)
	at sun.reflect.DelegatingMethodAccessorImpl.invoke(DelegatingMethodAccessorImpl.java:43)
	at java.lang.reflect.Method.invoke(Method.java:601)
	at org.testng.internal.MethodInvocationHelper.invokeMethod(MethodInvocationHelper.java:84)
	at org.testng.internal.Invoker.invokeMethod(Invoker.java:714)
	at org.testng.internal.Invoker.invokeTestMethod(Invoker.java:901)
	at org.testng.internal.Invoker.invokeTestMethods(Invoker.java:1231)
	at org.testng.internal.TestMethodWorker.invokeTestMethods(TestMethodWorker.java:127)
	at org.testng.internal.TestMethodWorker.run(TestMethodWorker.java:111)
	at org.testng.TestRunner.privateRun(TestRunner.java:767)
	at org.testng.TestRunner.run(TestRunner.java:617)
	at org.testng.SuiteRunner.runTest(SuiteRunner.java:334)
	at org.testng.SuiteRunner.runSequentially(SuiteRunner.java:329)
	at org.testng.SuiteRunner.privateRun(SuiteRunner.java:291)
	at org.testng.SuiteRunner.run(SuiteRunner.java:240)
	at org.testng.SuiteRunnerWorker.runSuite(SuiteRunnerWorker.java:52)
	at org.testng.SuiteRunnerWorker.run(SuiteRunnerWorker.java:86)
	at org.testng.TestNG.runSuitesSequentially(TestNG.java:1224)
	at org.testng.TestNG.runSuitesLocally(TestNG.java:1149)
	at org.testng.TestNG.run(TestNG.java:1057)
	at org.apache.maven.surefire.testng.TestNGExecutor.run(TestNGExecutor.java:69)
	at org.apache.maven.surefire.testng.TestNGDirectoryTestSuite.executeMulti(TestNGDirectoryTestSuite.java:181)
	at org.apache.maven.surefire.testng.TestNGDirectoryTestSuite.execute(TestNGDirectoryTestSuite.java:99)
	at org.apache.maven.surefire.testng.TestNGProvider.invoke(TestNGProvider.java:113)
	at org.apache.maven.surefire.booter.ForkedBooter.invokeProviderInSameClassLoader(ForkedBooter.java:200)
	at org.apache.maven.surefire.booter.ForkedBooter.runSuitesInProcess(ForkedBooter.java:153)
	at org.apache.maven.surefire.booter.ForkedBooter.main(ForkedBooter.java:103)
</pre></div></td>
<td>0</td>
<td>org.j3d.geom.CylinderGeneratorTest@748ff9a7</td></tr>
<tr>
<td title='org.j3d.geom.CylinderGeneratorTest.testInvalidFacetsSetter()'><b>testInvalidFacetsSetter</b><br>Test class: org.j3d.geom.CylinderGeneratorTest<br>Parameters: 2</td>
<td><div><pre>java.lang.IllegalArgumentException: Number of facets is &lt; 3
	at org.j3d.geom.CylinderGenerator.setFacetCount(CylinderGenerator.java:327)
	at org.j3d.geom.CylinderGeneratorTest.testInvalidFacetsSetter(CylinderGeneratorTest.java:248)
... Removed 28 stack frames</pre></div><a href='#' onClick='toggleBox("stack-trace1847749886", this, "Click to show all stack frames", "Click to hide stack frames")'>Click to show all stack frames</a>
<div class='stack-trace' id='stack-trace1847749886'><pre>java.lang.IllegalArgumentException: Number of facets is &lt; 3
	at org.j3d.geom.CylinderGenerator.setFacetCount(CylinderGenerator.java:327)
	at org.j3d.geom.CylinderGeneratorTest.testInvalidFacetsSetter(CylinderGeneratorTest.java:248)
	at sun.reflect.NativeMethodAccessorImpl.invoke0(Native Method)
	at sun.reflect.NativeMethodAccessorImpl.invoke(NativeMethodAccessorImpl.java:57)
	at sun.reflect.DelegatingMethodAccessorImpl.invoke(DelegatingMethodAccessorImpl.java:43)
	at java.lang.reflect.Method.invoke(Method.java:601)
	at org.testng.internal.MethodInvocationHelper.invokeMethod(MethodInvocationHelper.java:84)
	at org.testng.internal.Invoker.invokeMethod(Invoker.java:714)
	at org.testng.internal.Invoker.invokeTestMethod(Invoker.java:901)
	at org.testng.internal.Invoker.invokeTestMethods(Invoker.java:1231)
	at org.testng.internal.TestMethodWorker.invokeTestMethods(TestMethodWorker.java:127)
	at org.testng.internal.TestMethodWorker.run(TestMethodWorker.java:111)
	at org.testng.TestRunner.privateRun(TestRunner.java:767)
	at org.testng.TestRunner.run(TestRunner.java:617)
	at org.testng.SuiteRunner.runTest(SuiteRunner.java:334)
	at org.testng.SuiteRunner.runSequentially(SuiteRunner.java:329)
	at org.testng.SuiteRunner.privateRun(SuiteRunner.java:291)
	at org.testng.SuiteRunner.run(SuiteRunner.java:240)
	at org.testng.SuiteRunnerWorker.runSuite(SuiteRunnerWorker.java:52)
	at org.testng.SuiteRunnerWorker.run(SuiteRunnerWorker.java:86)
	at org.testng.TestNG.runSuitesSequentially(TestNG.java:1224)
	at org.testng.TestNG.runSuitesLocally(TestNG.java:1149)
	at org.testng.TestNG.run(TestNG.java:1057)
	at org.apache.maven.surefire.testng.TestNGExecutor.run(TestNGExecutor.java:69)
	at org.apache.maven.surefire.testng.TestNGDirectoryTestSuite.executeMulti(TestNGDirectoryTestSuite.java:181)
	at org.apache.maven.surefire.testng.TestNGDirectoryTestSuite.execute(TestNGDirectoryTestSuite.java:99)
	at org.apache.maven.surefire.testng.TestNGProvider.invoke(TestNGProvider.java:113)
	at org.apache.maven.surefire.booter.ForkedBooter.invokeProviderInSameClassLoader(ForkedBooter.java:200)
	at org.apache.maven.surefire.booter.ForkedBooter.runSuitesInProcess(ForkedBooter.java:153)
	at org.apache.maven.surefire.booter.ForkedBooter.main(ForkedBooter.java:103)
</pre></div></td>
<td>0</td>
<td>org.j3d.geom.CylinderGeneratorTest@748ff9a7</td></tr>
<tr>
<td title='org.j3d.geom.SphereGeneratorTest.testInvalidFacetsSetter()'><b>testInvalidFacetsSetter</b><br>Test class: org.j3d.geom.SphereGeneratorTest<br>Parameters: -5</td>
<td><div><pre>java.lang.IllegalArgumentException: Number of facets is &lt; 4
	at org.j3d.geom.SphereGenerator.setFacetCount(SphereGenerator.java:222)
	at org.j3d.geom.SphereGeneratorTest.testInvalidFacetsSetter(SphereGeneratorTest.java:228)
... Removed 28 stack frames</pre></div><a href='#' onClick='toggleBox("stack-trace264847249", this, "Click to show all stack frames", "Click to hide stack frames")'>Click to show all stack frames</a>
<div class='stack-trace' id='stack-trace264847249'><pre>java.lang.IllegalArgumentException: Number of facets is &lt; 4
	at org.j3d.geom.SphereGenerator.setFacetCount(SphereGenerator.java:222)
	at org.j3d.geom.SphereGeneratorTest.testInvalidFacetsSetter(SphereGeneratorTest.java:228)
	at sun.reflect.NativeMethodAccessorImpl.invoke0(Native Method)
	at sun.reflect.NativeMethodAccessorImpl.invoke(NativeMethodAccessorImpl.java:57)
	at sun.reflect.DelegatingMethodAccessorImpl.invoke(DelegatingMethodAccessorImpl.java:43)
	at java.lang.reflect.Method.invoke(Method.java:601)
	at org.testng.internal.MethodInvocationHelper.invokeMethod(MethodInvocationHelper.java:84)
	at org.testng.internal.Invoker.invokeMethod(Invoker.java:714)
	at org.testng.internal.Invoker.invokeTestMethod(Invoker.java:901)
	at org.testng.internal.Invoker.invokeTestMethods(Invoker.java:1231)
	at org.testng.internal.TestMethodWorker.invokeTestMethods(TestMethodWorker.java:127)
	at org.testng.internal.TestMethodWorker.run(TestMethodWorker.java:111)
	at org.testng.TestRunner.privateRun(TestRunner.java:767)
	at org.testng.TestRunner.run(TestRunner.java:617)
	at org.testng.SuiteRunner.runTest(SuiteRunner.java:334)
	at org.testng.SuiteRunner.runSequentially(SuiteRunner.java:329)
	at org.testng.SuiteRunner.privateRun(SuiteRunner.java:291)
	at org.testng.SuiteRunner.run(SuiteRunner.java:240)
	at org.testng.SuiteRunnerWorker.runSuite(SuiteRunnerWorker.java:52)
	at org.testng.SuiteRunnerWorker.run(SuiteRunnerWorker.java:86)
	at org.testng.TestNG.runSuitesSequentially(TestNG.java:1224)
	at org.testng.TestNG.runSuitesLocally(TestNG.java:1149)
	at org.testng.TestNG.run(TestNG.java:1057)
	at org.apache.maven.surefire.testng.TestNGExecutor.run(TestNGExecutor.java:69)
	at org.apache.maven.surefire.testng.TestNGDirectoryTestSuite.executeMulti(TestNGDirectoryTestSuite.java:181)
	at org.apache.maven.surefire.testng.TestNGDirectoryTestSuite.execute(TestNGDirectoryTestSuite.java:99)
	at org.apache.maven.surefire.testng.TestNGProvider.invoke(TestNGProvider.java:113)
	at org.apache.maven.surefire.booter.ForkedBooter.invokeProviderInSameClassLoader(ForkedBooter.java:200)
	at org.apache.maven.surefire.booter.ForkedBooter.runSuitesInProcess(ForkedBooter.java:153)
	at org.apache.maven.surefire.booter.ForkedBooter.main(ForkedBooter.java:103)
</pre></div></td>
<td>0</td>
<td>org.j3d.geom.SphereGeneratorTest@184f7eba</td></tr>
<tr>
<td title='org.j3d.geom.SphereGeneratorTest.testInvalidFacetsSetter()'><b>testInvalidFacetsSetter</b><br>Test class: org.j3d.geom.SphereGeneratorTest<br>Parameters: 0</td>
<td><div><pre>java.lang.IllegalArgumentException: Number of facets is &lt; 4
	at org.j3d.geom.SphereGenerator.setFacetCount(SphereGenerator.java:222)
	at org.j3d.geom.SphereGeneratorTest.testInvalidFacetsSetter(SphereGeneratorTest.java:228)
... Removed 28 stack frames</pre></div><a href='#' onClick='toggleBox("stack-trace1701597359", this, "Click to show all stack frames", "Click to hide stack frames")'>Click to show all stack frames</a>
<div class='stack-trace' id='stack-trace1701597359'><pre>java.lang.IllegalArgumentException: Number of facets is &lt; 4
	at org.j3d.geom.SphereGenerator.setFacetCount(SphereGenerator.java:222)
	at org.j3d.geom.SphereGeneratorTest.testInvalidFacetsSetter(SphereGeneratorTest.java:228)
	at sun.reflect.NativeMethodAccessorImpl.invoke0(Native Method)
	at sun.reflect.NativeMethodAccessorImpl.invoke(NativeMethodAccessorImpl.java:57)
	at sun.reflect.DelegatingMethodAccessorImpl.invoke(DelegatingMethodAccessorImpl.java:43)
	at java.lang.reflect.Method.invoke(Method.java:601)
	at org.testng.internal.MethodInvocationHelper.invokeMethod(MethodInvocationHelper.java:84)
	at org.testng.internal.Invoker.invokeMethod(Invoker.java:714)
	at org.testng.internal.Invoker.invokeTestMethod(Invoker.java:901)
	at org.testng.internal.Invoker.invokeTestMethods(Invoker.java:1231)
	at org.testng.internal.TestMethodWorker.invokeTestMethods(TestMethodWorker.java:127)
	at org.testng.internal.TestMethodWorker.run(TestMethodWorker.java:111)
	at org.testng.TestRunner.privateRun(TestRunner.java:767)
	at org.testng.TestRunner.run(TestRunner.java:617)
	at org.testng.SuiteRunner.runTest(SuiteRunner.java:334)
	at org.testng.SuiteRunner.runSequentially(SuiteRunner.java:329)
	at org.testng.SuiteRunner.privateRun(SuiteRunner.java:291)
	at org.testng.SuiteRunner.run(SuiteRunner.java:240)
	at org.testng.SuiteRunnerWorker.runSuite(SuiteRunnerWorker.java:52)
	at org.testng.SuiteRunnerWorker.run(SuiteRunnerWorker.java:86)
	at org.testng.TestNG.runSuitesSequentially(TestNG.java:1224)
	at org.testng.TestNG.runSuitesLocally(TestNG.java:1149)
	at org.testng.TestNG.run(TestNG.java:1057)
	at org.apache.maven.surefire.testng.TestNGExecutor.run(TestNGExecutor.java:69)
	at org.apache.maven.surefire.testng.TestNGDirectoryTestSuite.executeMulti(TestNGDirectoryTestSuite.java:181)
	at org.apache.maven.surefire.testng.TestNGDirectoryTestSuite.execute(TestNGDirectoryTestSuite.java:99)
	at org.apache.maven.surefire.testng.TestNGProvider.invoke(TestNGProvider.java:113)
	at org.apache.maven.surefire.booter.ForkedBooter.invokeProviderInSameClassLoader(ForkedBooter.java:200)
	at org.apache.maven.surefire.booter.ForkedBooter.runSuitesInProcess(ForkedBooter.java:153)
	at org.apache.maven.surefire.booter.ForkedBooter.main(ForkedBooter.java:103)
</pre></div></td>
<td>0</td>
<td>org.j3d.geom.SphereGeneratorTest@184f7eba</td></tr>
<tr>
<td title='org.j3d.geom.SphereGeneratorTest.testInvalidFacetsSetter()'><b>testInvalidFacetsSetter</b><br>Test class: org.j3d.geom.SphereGeneratorTest<br>Parameters: 2</td>
<td><div><pre>java.lang.IllegalArgumentException: Number of facets is &lt; 4
	at org.j3d.geom.SphereGenerator.setFacetCount(SphereGenerator.java:222)
	at org.j3d.geom.SphereGeneratorTest.testInvalidFacetsSetter(SphereGeneratorTest.java:228)
... Removed 28 stack frames</pre></div><a href='#' onClick='toggleBox("stack-trace707085614", this, "Click to show all stack frames", "Click to hide stack frames")'>Click to show all stack frames</a>
<div class='stack-trace' id='stack-trace707085614'><pre>java.lang.IllegalArgumentException: Number of facets is &lt; 4
	at org.j3d.geom.SphereGenerator.setFacetCount(SphereGenerator.java:222)
	at org.j3d.geom.SphereGeneratorTest.testInvalidFacetsSetter(SphereGeneratorTest.java:228)
	at sun.reflect.NativeMethodAccessorImpl.invoke0(Native Method)
	at sun.reflect.NativeMethodAccessorImpl.invoke(NativeMethodAccessorImpl.java:57)
	at sun.reflect.DelegatingMethodAccessorImpl.invoke(DelegatingMethodAccessorImpl.java:43)
	at java.lang.reflect.Method.invoke(Method.java:601)
	at org.testng.internal.MethodInvocationHelper.invokeMethod(MethodInvocationHelper.java:84)
	at org.testng.internal.Invoker.invokeMethod(Invoker.java:714)
	at org.testng.internal.Invoker.invokeTestMethod(Invoker.java:901)
	at org.testng.internal.Invoker.invokeTestMethods(Invoker.java:1231)
	at org.testng.internal.TestMethodWorker.invokeTestMethods(TestMethodWorker.java:127)
	at org.testng.internal.TestMethodWorker.run(TestMethodWorker.java:111)
	at org.testng.TestRunner.privateRun(TestRunner.java:767)
	at org.testng.TestRunner.run(TestRunner.java:617)
	at org.testng.SuiteRunner.runTest(SuiteRunner.java:334)
	at org.testng.SuiteRunner.runSequentially(SuiteRunner.java:329)
	at org.testng.SuiteRunner.privateRun(SuiteRunner.java:291)
	at org.testng.SuiteRunner.run(SuiteRunner.java:240)
	at org.testng.SuiteRunnerWorker.runSuite(SuiteRunnerWorker.java:52)
	at org.testng.SuiteRunnerWorker.run(SuiteRunnerWorker.java:86)
	at org.testng.TestNG.runSuitesSequentially(TestNG.java:1224)
	at org.testng.TestNG.runSuitesLocally(TestNG.java:1149)
	at org.testng.TestNG.run(TestNG.java:1057)
	at org.apache.maven.surefire.testng.TestNGExecutor.run(TestNGExecutor.java:69)
	at org.apache.maven.surefire.testng.TestNGDirectoryTestSuite.executeMulti(TestNGDirectoryTestSuite.java:181)
	at org.apache.maven.surefire.testng.TestNGDirectoryTestSuite.execute(TestNGDirectoryTestSuite.java:99)
	at org.apache.maven.surefire.testng.TestNGProvider.invoke(TestNGProvider.java:113)
	at org.apache.maven.surefire.booter.ForkedBooter.invokeProviderInSameClassLoader(ForkedBooter.java:200)
	at org.apache.maven.surefire.booter.ForkedBooter.runSuitesInProcess(ForkedBooter.java:153)
	at org.apache.maven.surefire.booter.ForkedBooter.main(ForkedBooter.java:103)
</pre></div></td>
<td>0</td>
<td>org.j3d.geom.SphereGeneratorTest@184f7eba</td></tr>
<tr>
<td title='org.j3d.geom.SphereGeneratorTest.testInvalidFacetsSetter()'><b>testInvalidFacetsSetter</b><br>Test class: org.j3d.geom.SphereGeneratorTest<br>Parameters: 7</td>
<td><div><pre>java.lang.IllegalArgumentException: Number of facets not / 2
	at org.j3d.geom.SphereGenerator.setFacetCount(SphereGenerator.java:225)
	at org.j3d.geom.SphereGeneratorTest.testInvalidFacetsSetter(SphereGeneratorTest.java:228)
... Removed 28 stack frames</pre></div><a href='#' onClick='toggleBox("stack-trace1960895647", this, "Click to show all stack frames", "Click to hide stack frames")'>Click to show all stack frames</a>
<div class='stack-trace' id='stack-trace1960895647'><pre>java.lang.IllegalArgumentException: Number of facets not / 2
	at org.j3d.geom.SphereGenerator.setFacetCount(SphereGenerator.java:225)
	at org.j3d.geom.SphereGeneratorTest.testInvalidFacetsSetter(SphereGeneratorTest.java:228)
	at sun.reflect.NativeMethodAccessorImpl.invoke0(Native Method)
	at sun.reflect.NativeMethodAccessorImpl.invoke(NativeMethodAccessorImpl.java:57)
	at sun.reflect.DelegatingMethodAccessorImpl.invoke(DelegatingMethodAccessorImpl.java:43)
	at java.lang.reflect.Method.invoke(Method.java:601)
	at org.testng.internal.MethodInvocationHelper.invokeMethod(MethodInvocationHelper.java:84)
	at org.testng.internal.Invoker.invokeMethod(Invoker.java:714)
	at org.testng.internal.Invoker.invokeTestMethod(Invoker.java:901)
	at org.testng.internal.Invoker.invokeTestMethods(Invoker.java:1231)
	at org.testng.internal.TestMethodWorker.invokeTestMethods(TestMethodWorker.java:127)
	at org.testng.internal.TestMethodWorker.run(TestMethodWorker.java:111)
	at org.testng.TestRunner.privateRun(TestRunner.java:767)
	at org.testng.TestRunner.run(TestRunner.java:617)
	at org.testng.SuiteRunner.runTest(SuiteRunner.java:334)
	at org.testng.SuiteRunner.runSequentially(SuiteRunner.java:329)
	at org.testng.SuiteRunner.privateRun(SuiteRunner.java:291)
	at org.testng.SuiteRunner.run(SuiteRunner.java:240)
	at org.testng.SuiteRunnerWorker.runSuite(SuiteRunnerWorker.java:52)
	at org.testng.SuiteRunnerWorker.run(SuiteRunnerWorker.java:86)
	at org.testng.TestNG.runSuitesSequentially(TestNG.java:1224)
	at org.testng.TestNG.runSuitesLocally(TestNG.java:1149)
	at org.testng.TestNG.run(TestNG.java:1057)
	at org.apache.maven.surefire.testng.TestNGExecutor.run(TestNGExecutor.java:69)
	at org.apache.maven.surefire.testng.TestNGDirectoryTestSuite.executeMulti(TestNGDirectoryTestSuite.java:181)
	at org.apache.maven.surefire.testng.TestNGDirectoryTestSuite.execute(TestNGDirectoryTestSuite.java:99)
	at org.apache.maven.surefire.testng.TestNGProvider.invoke(TestNGProvider.java:113)
	at org.apache.maven.surefire.booter.ForkedBooter.invokeProviderInSameClassLoader(ForkedBooter.java:200)
	at org.apache.maven.surefire.booter.ForkedBooter.runSuitesInProcess(ForkedBooter.java:153)
	at org.apache.maven.surefire.booter.ForkedBooter.main(ForkedBooter.java:103)
</pre></div></td>
<td>0</td>
<td>org.j3d.geom.SphereGeneratorTest@184f7eba</td></tr>
<tr>
<td title='org.j3d.geom.SpringGeneratorTest.testInvalidInnerFacetsConstructor()'><b>testInvalidInnerFacetsConstructor</b><br>Test class: org.j3d.geom.SpringGeneratorTest<br>Parameters: -5</td>
<td><div><pre>java.lang.IllegalArgumentException: Number of facets is &lt; 4
	at org.j3d.geom.SpringGenerator.&lt;init&gt;(SpringGenerator.java:217)
	at org.j3d.geom.SpringGenerator.&lt;init&gt;(SpringGenerator.java:171)
	at org.j3d.geom.SpringGeneratorTest.testInvalidInnerFacetsConstructor(SpringGeneratorTest.java:217)
... Removed 28 stack frames</pre></div><a href='#' onClick='toggleBox("stack-trace992180873", this, "Click to show all stack frames", "Click to hide stack frames")'>Click to show all stack frames</a>
<div class='stack-trace' id='stack-trace992180873'><pre>java.lang.IllegalArgumentException: Number of facets is &lt; 4
	at org.j3d.geom.SpringGenerator.&lt;init&gt;(SpringGenerator.java:217)
	at org.j3d.geom.SpringGenerator.&lt;init&gt;(SpringGenerator.java:171)
	at org.j3d.geom.SpringGeneratorTest.testInvalidInnerFacetsConstructor(SpringGeneratorTest.java:217)
	at sun.reflect.NativeMethodAccessorImpl.invoke0(Native Method)
	at sun.reflect.NativeMethodAccessorImpl.invoke(NativeMethodAccessorImpl.java:57)
	at sun.reflect.DelegatingMethodAccessorImpl.invoke(DelegatingMethodAccessorImpl.java:43)
	at java.lang.reflect.Method.invoke(Method.java:601)
	at org.testng.internal.MethodInvocationHelper.invokeMethod(MethodInvocationHelper.java:84)
	at org.testng.internal.Invoker.invokeMethod(Invoker.java:714)
	at org.testng.internal.Invoker.invokeTestMethod(Invoker.java:901)
	at org.testng.internal.Invoker.invokeTestMethods(Invoker.java:1231)
	at org.testng.internal.TestMethodWorker.invokeTestMethods(TestMethodWorker.java:127)
	at org.testng.internal.TestMethodWorker.run(TestMethodWorker.java:111)
	at org.testng.TestRunner.privateRun(TestRunner.java:767)
	at org.testng.TestRunner.run(TestRunner.java:617)
	at org.testng.SuiteRunner.runTest(SuiteRunner.java:334)
	at org.testng.SuiteRunner.runSequentially(SuiteRunner.java:329)
	at org.testng.SuiteRunner.privateRun(SuiteRunner.java:291)
	at org.testng.SuiteRunner.run(SuiteRunner.java:240)
	at org.testng.SuiteRunnerWorker.runSuite(SuiteRunnerWorker.java:52)
	at org.testng.SuiteRunnerWorker.run(SuiteRunnerWorker.java:86)
	at org.testng.TestNG.runSuitesSequentially(TestNG.java:1224)
	at org.testng.TestNG.runSuitesLocally(TestNG.java:1149)
	at org.testng.TestNG.run(TestNG.java:1057)
	at org.apache.maven.surefire.testng.TestNGExecutor.run(TestNGExecutor.java:69)
	at org.apache.maven.surefire.testng.TestNGDirectoryTestSuite.executeMulti(TestNGDirectoryTestSuite.java:181)
	at org.apache.maven.surefire.testng.TestNGDirectoryTestSuite.execute(TestNGDirectoryTestSuite.java:99)
	at org.apache.maven.surefire.testng.TestNGProvider.invoke(TestNGProvider.java:113)
	at org.apache.maven.surefire.booter.ForkedBooter.invokeProviderInSameClassLoader(ForkedBooter.java:200)
	at org.apache.maven.surefire.booter.ForkedBooter.runSuitesInProcess(ForkedBooter.java:153)
	at org.apache.maven.surefire.booter.ForkedBooter.main(ForkedBooter.java:103)
</pre></div></td>
<td>0</td>
<td>org.j3d.geom.SpringGeneratorTest@b08f1ce</td></tr>
<tr>
<td title='org.j3d.geom.SpringGeneratorTest.testInvalidInnerFacetsConstructor()'><b>testInvalidInnerFacetsConstructor</b><br>Test class: org.j3d.geom.SpringGeneratorTest<br>Parameters: 0</td>
<td><div><pre>java.lang.IllegalArgumentException: Number of facets is &lt; 4
	at org.j3d.geom.SpringGenerator.&lt;init&gt;(SpringGenerator.java:217)
	at org.j3d.geom.SpringGenerator.&lt;init&gt;(SpringGenerator.java:171)
	at org.j3d.geom.SpringGeneratorTest.testInvalidInnerFacetsConstructor(SpringGeneratorTest.java:217)
... Removed 28 stack frames</pre></div><a href='#' onClick='toggleBox("stack-trace373413556", this, "Click to show all stack frames", "Click to hide stack frames")'>Click to show all stack frames</a>
<div class='stack-trace' id='stack-trace373413556'><pre>java.lang.IllegalArgumentException: Number of facets is &lt; 4
	at org.j3d.geom.SpringGenerator.&lt;init&gt;(SpringGenerator.java:217)
	at org.j3d.geom.SpringGenerator.&lt;init&gt;(SpringGenerator.java:171)
	at org.j3d.geom.SpringGeneratorTest.testInvalidInnerFacetsConstructor(SpringGeneratorTest.java:217)
	at sun.reflect.NativeMethodAccessorImpl.invoke0(Native Method)
	at sun.reflect.NativeMethodAccessorImpl.invoke(NativeMethodAccessorImpl.java:57)
	at sun.reflect.DelegatingMethodAccessorImpl.invoke(DelegatingMethodAccessorImpl.java:43)
	at java.lang.reflect.Method.invoke(Method.java:601)
	at org.testng.internal.MethodInvocationHelper.invokeMethod(MethodInvocationHelper.java:84)
	at org.testng.internal.Invoker.invokeMethod(Invoker.java:714)
	at org.testng.internal.Invoker.invokeTestMethod(Invoker.java:901)
	at org.testng.internal.Invoker.invokeTestMethods(Invoker.java:1231)
	at org.testng.internal.TestMethodWorker.invokeTestMethods(TestMethodWorker.java:127)
	at org.testng.internal.TestMethodWorker.run(TestMethodWorker.java:111)
	at org.testng.TestRunner.privateRun(TestRunner.java:767)
	at org.testng.TestRunner.run(TestRunner.java:617)
	at org.testng.SuiteRunner.runTest(SuiteRunner.java:334)
	at org.testng.SuiteRunner.runSequentially(SuiteRunner.java:329)
	at org.testng.SuiteRunner.privateRun(SuiteRunner.java:291)
	at org.testng.SuiteRunner.run(SuiteRunner.java:240)
	at org.testng.SuiteRunnerWorker.runSuite(SuiteRunnerWorker.java:52)
	at org.testng.SuiteRunnerWorker.run(SuiteRunnerWorker.java:86)
	at org.testng.TestNG.runSuitesSequentially(TestNG.java:1224)
	at org.testng.TestNG.runSuitesLocally(TestNG.java:1149)
	at org.testng.TestNG.run(TestNG.java:1057)
	at org.apache.maven.surefire.testng.TestNGExecutor.run(TestNGExecutor.java:69)
	at org.apache.maven.surefire.testng.TestNGDirectoryTestSuite.executeMulti(TestNGDirectoryTestSuite.java:181)
	at org.apache.maven.surefire.testng.TestNGDirectoryTestSuite.execute(TestNGDirectoryTestSuite.java:99)
	at org.apache.maven.surefire.testng.TestNGProvider.invoke(TestNGProvider.java:113)
	at org.apache.maven.surefire.booter.ForkedBooter.invokeProviderInSameClassLoader(ForkedBooter.java:200)
	at org.apache.maven.surefire.booter.ForkedBooter.runSuitesInProcess(ForkedBooter.java:153)
	at org.apache.maven.surefire.booter.ForkedBooter.main(ForkedBooter.java:103)
</pre></div></td>
<td>0</td>
<td>org.j3d.geom.SpringGeneratorTest@b08f1ce</td></tr>
<tr>
<td title='org.j3d.geom.SpringGeneratorTest.testInvalidInnerFacetsConstructor()'><b>testInvalidInnerFacetsConstructor</b><br>Test class: org.j3d.geom.SpringGeneratorTest<br>Parameters: 2</td>
<td><div><pre>java.lang.IllegalArgumentException: Number of facets is &lt; 4
	at org.j3d.geom.SpringGenerator.&lt;init&gt;(SpringGenerator.java:217)
	at org.j3d.geom.SpringGenerator.&lt;init&gt;(SpringGenerator.java:171)
	at org.j3d.geom.SpringGeneratorTest.testInvalidInnerFacetsConstructor(SpringGeneratorTest.java:217)
... Removed 28 stack frames</pre></div><a href='#' onClick='toggleBox("stack-trace1014419158", this, "Click to show all stack frames", "Click to hide stack frames")'>Click to show all stack frames</a>
<div class='stack-trace' id='stack-trace1014419158'><pre>java.lang.IllegalArgumentException: Number of facets is &lt; 4
	at org.j3d.geom.SpringGenerator.&lt;init&gt;(SpringGenerator.java:217)
	at org.j3d.geom.SpringGenerator.&lt;init&gt;(SpringGenerator.java:171)
	at org.j3d.geom.SpringGeneratorTest.testInvalidInnerFacetsConstructor(SpringGeneratorTest.java:217)
	at sun.reflect.NativeMethodAccessorImpl.invoke0(Native Method)
	at sun.reflect.NativeMethodAccessorImpl.invoke(NativeMethodAccessorImpl.java:57)
	at sun.reflect.DelegatingMethodAccessorImpl.invoke(DelegatingMethodAccessorImpl.java:43)
	at java.lang.reflect.Method.invoke(Method.java:601)
	at org.testng.internal.MethodInvocationHelper.invokeMethod(MethodInvocationHelper.java:84)
	at org.testng.internal.Invoker.invokeMethod(Invoker.java:714)
	at org.testng.internal.Invoker.invokeTestMethod(Invoker.java:901)
	at org.testng.internal.Invoker.invokeTestMethods(Invoker.java:1231)
	at org.testng.internal.TestMethodWorker.invokeTestMethods(TestMethodWorker.java:127)
	at org.testng.internal.TestMethodWorker.run(TestMethodWorker.java:111)
	at org.testng.TestRunner.privateRun(TestRunner.java:767)
	at org.testng.TestRunner.run(TestRunner.java:617)
	at org.testng.SuiteRunner.runTest(SuiteRunner.java:334)
	at org.testng.SuiteRunner.runSequentially(SuiteRunner.java:329)
	at org.testng.SuiteRunner.privateRun(SuiteRunner.java:291)
	at org.testng.SuiteRunner.run(SuiteRunner.java:240)
	at org.testng.SuiteRunnerWorker.runSuite(SuiteRunnerWorker.java:52)
	at org.testng.SuiteRunnerWorker.run(SuiteRunnerWorker.java:86)
	at org.testng.TestNG.runSuitesSequentially(TestNG.java:1224)
	at org.testng.TestNG.runSuitesLocally(TestNG.java:1149)
	at org.testng.TestNG.run(TestNG.java:1057)
	at org.apache.maven.surefire.testng.TestNGExecutor.run(TestNGExecutor.java:69)
	at org.apache.maven.surefire.testng.TestNGDirectoryTestSuite.executeMulti(TestNGDirectoryTestSuite.java:181)
	at org.apache.maven.surefire.testng.TestNGDirectoryTestSuite.execute(TestNGDirectoryTestSuite.java:99)
	at org.apache.maven.surefire.testng.TestNGProvider.invoke(TestNGProvider.java:113)
	at org.apache.maven.surefire.booter.ForkedBooter.invokeProviderInSameClassLoader(ForkedBooter.java:200)
	at org.apache.maven.surefire.booter.ForkedBooter.runSuitesInProcess(ForkedBooter.java:153)
	at org.apache.maven.surefire.booter.ForkedBooter.main(ForkedBooter.java:103)
</pre></div></td>
<td>0</td>
<td>org.j3d.geom.SpringGeneratorTest@b08f1ce</td></tr>
<tr>
<td title='org.j3d.geom.SpringGeneratorTest.testInvalidInnerFacetsConstructor()'><b>testInvalidInnerFacetsConstructor</b><br>Test class: org.j3d.geom.SpringGeneratorTest<br>Parameters: 10</td>
<td><div><pre>java.lang.IllegalArgumentException: Inner facets not / 4
	at org.j3d.geom.SpringGenerator.&lt;init&gt;(SpringGenerator.java:220)
	at org.j3d.geom.SpringGenerator.&lt;init&gt;(SpringGenerator.java:171)
	at org.j3d.geom.SpringGeneratorTest.testInvalidInnerFacetsConstructor(SpringGeneratorTest.java:217)
... Removed 28 stack frames</pre></div><a href='#' onClick='toggleBox("stack-trace470114973", this, "Click to show all stack frames", "Click to hide stack frames")'>Click to show all stack frames</a>
<div class='stack-trace' id='stack-trace470114973'><pre>java.lang.IllegalArgumentException: Inner facets not / 4
	at org.j3d.geom.SpringGenerator.&lt;init&gt;(SpringGenerator.java:220)
	at org.j3d.geom.SpringGenerator.&lt;init&gt;(SpringGenerator.java:171)
	at org.j3d.geom.SpringGeneratorTest.testInvalidInnerFacetsConstructor(SpringGeneratorTest.java:217)
	at sun.reflect.NativeMethodAccessorImpl.invoke0(Native Method)
	at sun.reflect.NativeMethodAccessorImpl.invoke(NativeMethodAccessorImpl.java:57)
	at sun.reflect.DelegatingMethodAccessorImpl.invoke(DelegatingMethodAccessorImpl.java:43)
	at java.lang.reflect.Method.invoke(Method.java:601)
	at org.testng.internal.MethodInvocationHelper.invokeMethod(MethodInvocationHelper.java:84)
	at org.testng.internal.Invoker.invokeMethod(Invoker.java:714)
	at org.testng.internal.Invoker.invokeTestMethod(Invoker.java:901)
	at org.testng.internal.Invoker.invokeTestMethods(Invoker.java:1231)
	at org.testng.internal.TestMethodWorker.invokeTestMethods(TestMethodWorker.java:127)
	at org.testng.internal.TestMethodWorker.run(TestMethodWorker.java:111)
	at org.testng.TestRunner.privateRun(TestRunner.java:767)
	at org.testng.TestRunner.run(TestRunner.java:617)
	at org.testng.SuiteRunner.runTest(SuiteRunner.java:334)
	at org.testng.SuiteRunner.runSequentially(SuiteRunner.java:329)
	at org.testng.SuiteRunner.privateRun(SuiteRunner.java:291)
	at org.testng.SuiteRunner.run(SuiteRunner.java:240)
	at org.testng.SuiteRunnerWorker.runSuite(SuiteRunnerWorker.java:52)
	at org.testng.SuiteRunnerWorker.run(SuiteRunnerWorker.java:86)
	at org.testng.TestNG.runSuitesSequentially(TestNG.java:1224)
	at org.testng.TestNG.runSuitesLocally(TestNG.java:1149)
	at org.testng.TestNG.run(TestNG.java:1057)
	at org.apache.maven.surefire.testng.TestNGExecutor.run(TestNGExecutor.java:69)
	at org.apache.maven.surefire.testng.TestNGDirectoryTestSuite.executeMulti(TestNGDirectoryTestSuite.java:181)
	at org.apache.maven.surefire.testng.TestNGDirectoryTestSuite.execute(TestNGDirectoryTestSuite.java:99)
	at org.apache.maven.surefire.testng.TestNGProvider.invoke(TestNGProvider.java:113)
	at org.apache.maven.surefire.booter.ForkedBooter.invokeProviderInSameClassLoader(ForkedBooter.java:200)
	at org.apache.maven.surefire.booter.ForkedBooter.runSuitesInProcess(ForkedBooter.java:153)
	at org.apache.maven.surefire.booter.ForkedBooter.main(ForkedBooter.java:103)
</pre></div></td>
<td>0</td>
<td>org.j3d.geom.SpringGeneratorTest@b08f1ce</td></tr>
<tr>
<td title='org.j3d.geom.TorusGeneratorTest.testInvalidInnerFacetsConstructor()'><b>testInvalidInnerFacetsConstructor</b><br>Test class: org.j3d.geom.TorusGeneratorTest<br>Parameters: -5</td>
<td><div><pre>java.lang.IllegalArgumentException: Number of facets is &lt; 4
	at org.j3d.geom.TorusGenerator.&lt;init&gt;(TorusGenerator.java:134)
	at org.j3d.geom.TorusGenerator.&lt;init&gt;(TorusGenerator.java:118)
	at org.j3d.geom.TorusGeneratorTest.testInvalidInnerFacetsConstructor(TorusGeneratorTest.java:185)
... Removed 28 stack frames</pre></div><a href='#' onClick='toggleBox("stack-trace1294508613", this, "Click to show all stack frames", "Click to hide stack frames")'>Click to show all stack frames</a>
<div class='stack-trace' id='stack-trace1294508613'><pre>java.lang.IllegalArgumentException: Number of facets is &lt; 4
	at org.j3d.geom.TorusGenerator.&lt;init&gt;(TorusGenerator.java:134)
	at org.j3d.geom.TorusGenerator.&lt;init&gt;(TorusGenerator.java:118)
	at org.j3d.geom.TorusGeneratorTest.testInvalidInnerFacetsConstructor(TorusGeneratorTest.java:185)
	at sun.reflect.NativeMethodAccessorImpl.invoke0(Native Method)
	at sun.reflect.NativeMethodAccessorImpl.invoke(NativeMethodAccessorImpl.java:57)
	at sun.reflect.DelegatingMethodAccessorImpl.invoke(DelegatingMethodAccessorImpl.java:43)
	at java.lang.reflect.Method.invoke(Method.java:601)
	at org.testng.internal.MethodInvocationHelper.invokeMethod(MethodInvocationHelper.java:84)
	at org.testng.internal.Invoker.invokeMethod(Invoker.java:714)
	at org.testng.internal.Invoker.invokeTestMethod(Invoker.java:901)
	at org.testng.internal.Invoker.invokeTestMethods(Invoker.java:1231)
	at org.testng.internal.TestMethodWorker.invokeTestMethods(TestMethodWorker.java:127)
	at org.testng.internal.TestMethodWorker.run(TestMethodWorker.java:111)
	at org.testng.TestRunner.privateRun(TestRunner.java:767)
	at org.testng.TestRunner.run(TestRunner.java:617)
	at org.testng.SuiteRunner.runTest(SuiteRunner.java:334)
	at org.testng.SuiteRunner.runSequentially(SuiteRunner.java:329)
	at org.testng.SuiteRunner.privateRun(SuiteRunner.java:291)
	at org.testng.SuiteRunner.run(SuiteRunner.java:240)
	at org.testng.SuiteRunnerWorker.runSuite(SuiteRunnerWorker.java:52)
	at org.testng.SuiteRunnerWorker.run(SuiteRunnerWorker.java:86)
	at org.testng.TestNG.runSuitesSequentially(TestNG.java:1224)
	at org.testng.TestNG.runSuitesLocally(TestNG.java:1149)
	at org.testng.TestNG.run(TestNG.java:1057)
	at org.apache.maven.surefire.testng.TestNGExecutor.run(TestNGExecutor.java:69)
	at org.apache.maven.surefire.testng.TestNGDirectoryTestSuite.executeMulti(TestNGDirectoryTestSuite.java:181)
	at org.apache.maven.surefire.testng.TestNGDirectoryTestSuite.execute(TestNGDirectoryTestSuite.java:99)
	at org.apache.maven.surefire.testng.TestNGProvider.invoke(TestNGProvider.java:113)
	at org.apache.maven.surefire.booter.ForkedBooter.invokeProviderInSameClassLoader(ForkedBooter.java:200)
	at org.apache.maven.surefire.booter.ForkedBooter.runSuitesInProcess(ForkedBooter.java:153)
	at org.apache.maven.surefire.booter.ForkedBooter.main(ForkedBooter.java:103)
</pre></div></td>
<td>0</td>
<td>org.j3d.geom.TorusGeneratorTest@56f6fc62</td></tr>
<tr>
<td title='org.j3d.geom.TorusGeneratorTest.testInvalidInnerFacetsConstructor()'><b>testInvalidInnerFacetsConstructor</b><br>Test class: org.j3d.geom.TorusGeneratorTest<br>Parameters: 0</td>
<td><div><pre>java.lang.IllegalArgumentException: Number of facets is &lt; 4
	at org.j3d.geom.TorusGenerator.&lt;init&gt;(TorusGenerator.java:134)
	at org.j3d.geom.TorusGenerator.&lt;init&gt;(TorusGenerator.java:118)
	at org.j3d.geom.TorusGeneratorTest.testInvalidInnerFacetsConstructor(TorusGeneratorTest.java:185)
... Removed 28 stack frames</pre></div><a href='#' onClick='toggleBox("stack-trace649430934", this, "Click to show all stack frames", "Click to hide stack frames")'>Click to show all stack frames</a>
<div class='stack-trace' id='stack-trace649430934'><pre>java.lang.IllegalArgumentException: Number of facets is &lt; 4
	at org.j3d.geom.TorusGenerator.&lt;init&gt;(TorusGenerator.java:134)
	at org.j3d.geom.TorusGenerator.&lt;init&gt;(TorusGenerator.java:118)
	at org.j3d.geom.TorusGeneratorTest.testInvalidInnerFacetsConstructor(TorusGeneratorTest.java:185)
	at sun.reflect.NativeMethodAccessorImpl.invoke0(Native Method)
	at sun.reflect.NativeMethodAccessorImpl.invoke(NativeMethodAccessorImpl.java:57)
	at sun.reflect.DelegatingMethodAccessorImpl.invoke(DelegatingMethodAccessorImpl.java:43)
	at java.lang.reflect.Method.invoke(Method.java:601)
	at org.testng.internal.MethodInvocationHelper.invokeMethod(MethodInvocationHelper.java:84)
	at org.testng.internal.Invoker.invokeMethod(Invoker.java:714)
	at org.testng.internal.Invoker.invokeTestMethod(Invoker.java:901)
	at org.testng.internal.Invoker.invokeTestMethods(Invoker.java:1231)
	at org.testng.internal.TestMethodWorker.invokeTestMethods(TestMethodWorker.java:127)
	at org.testng.internal.TestMethodWorker.run(TestMethodWorker.java:111)
	at org.testng.TestRunner.privateRun(TestRunner.java:767)
	at org.testng.TestRunner.run(TestRunner.java:617)
	at org.testng.SuiteRunner.runTest(SuiteRunner.java:334)
	at org.testng.SuiteRunner.runSequentially(SuiteRunner.java:329)
	at org.testng.SuiteRunner.privateRun(SuiteRunner.java:291)
	at org.testng.SuiteRunner.run(SuiteRunner.java:240)
	at org.testng.SuiteRunnerWorker.runSuite(SuiteRunnerWorker.java:52)
	at org.testng.SuiteRunnerWorker.run(SuiteRunnerWorker.java:86)
	at org.testng.TestNG.runSuitesSequentially(TestNG.java:1224)
	at org.testng.TestNG.runSuitesLocally(TestNG.java:1149)
	at org.testng.TestNG.run(TestNG.java:1057)
	at org.apache.maven.surefire.testng.TestNGExecutor.run(TestNGExecutor.java:69)
	at org.apache.maven.surefire.testng.TestNGDirectoryTestSuite.executeMulti(TestNGDirectoryTestSuite.java:181)
	at org.apache.maven.surefire.testng.TestNGDirectoryTestSuite.execute(TestNGDirectoryTestSuite.java:99)
	at org.apache.maven.surefire.testng.TestNGProvider.invoke(TestNGProvider.java:113)
	at org.apache.maven.surefire.booter.ForkedBooter.invokeProviderInSameClassLoader(ForkedBooter.java:200)
	at org.apache.maven.surefire.booter.ForkedBooter.runSuitesInProcess(ForkedBooter.java:153)
	at org.apache.maven.surefire.booter.ForkedBooter.main(ForkedBooter.java:103)
</pre></div></td>
<td>0</td>
<td>org.j3d.geom.TorusGeneratorTest@56f6fc62</td></tr>
<tr>
<td title='org.j3d.geom.TorusGeneratorTest.testInvalidInnerFacetsConstructor()'><b>testInvalidInnerFacetsConstructor</b><br>Test class: org.j3d.geom.TorusGeneratorTest<br>Parameters: 2</td>
<td><div><pre>java.lang.IllegalArgumentException: Number of facets is &lt; 4
	at org.j3d.geom.TorusGenerator.&lt;init&gt;(TorusGenerator.java:134)
	at org.j3d.geom.TorusGenerator.&lt;init&gt;(TorusGenerator.java:118)
	at org.j3d.geom.TorusGeneratorTest.testInvalidInnerFacetsConstructor(TorusGeneratorTest.java:185)
... Removed 28 stack frames</pre></div><a href='#' onClick='toggleBox("stack-trace1473813684", this, "Click to show all stack frames", "Click to hide stack frames")'>Click to show all stack frames</a>
<div class='stack-trace' id='stack-trace1473813684'><pre>java.lang.IllegalArgumentException: Number of facets is &lt; 4
	at org.j3d.geom.TorusGenerator.&lt;init&gt;(TorusGenerator.java:134)
	at org.j3d.geom.TorusGenerator.&lt;init&gt;(TorusGenerator.java:118)
	at org.j3d.geom.TorusGeneratorTest.testInvalidInnerFacetsConstructor(TorusGeneratorTest.java:185)
	at sun.reflect.NativeMethodAccessorImpl.invoke0(Native Method)
	at sun.reflect.NativeMethodAccessorImpl.invoke(NativeMethodAccessorImpl.java:57)
	at sun.reflect.DelegatingMethodAccessorImpl.invoke(DelegatingMethodAccessorImpl.java:43)
	at java.lang.reflect.Method.invoke(Method.java:601)
	at org.testng.internal.MethodInvocationHelper.invokeMethod(MethodInvocationHelper.java:84)
	at org.testng.internal.Invoker.invokeMethod(Invoker.java:714)
	at org.testng.internal.Invoker.invokeTestMethod(Invoker.java:901)
	at org.testng.internal.Invoker.invokeTestMethods(Invoker.java:1231)
	at org.testng.internal.TestMethodWorker.invokeTestMethods(TestMethodWorker.java:127)
	at org.testng.internal.TestMethodWorker.run(TestMethodWorker.java:111)
	at org.testng.TestRunner.privateRun(TestRunner.java:767)
	at org.testng.TestRunner.run(TestRunner.java:617)
	at org.testng.SuiteRunner.runTest(SuiteRunner.java:334)
	at org.testng.SuiteRunner.runSequentially(SuiteRunner.java:329)
	at org.testng.SuiteRunner.privateRun(SuiteRunner.java:291)
	at org.testng.SuiteRunner.run(SuiteRunner.java:240)
	at org.testng.SuiteRunnerWorker.runSuite(SuiteRunnerWorker.java:52)
	at org.testng.SuiteRunnerWorker.run(SuiteRunnerWorker.java:86)
	at org.testng.TestNG.runSuitesSequentially(TestNG.java:1224)
	at org.testng.TestNG.runSuitesLocally(TestNG.java:1149)
	at org.testng.TestNG.run(TestNG.java:1057)
	at org.apache.maven.surefire.testng.TestNGExecutor.run(TestNGExecutor.java:69)
	at org.apache.maven.surefire.testng.TestNGDirectoryTestSuite.executeMulti(TestNGDirectoryTestSuite.java:181)
	at org.apache.maven.surefire.testng.TestNGDirectoryTestSuite.execute(TestNGDirectoryTestSuite.java:99)
	at org.apache.maven.surefire.testng.TestNGProvider.invoke(TestNGProvider.java:113)
	at org.apache.maven.surefire.booter.ForkedBooter.invokeProviderInSameClassLoader(ForkedBooter.java:200)
	at org.apache.maven.surefire.booter.ForkedBooter.runSuitesInProcess(ForkedBooter.java:153)
	at org.apache.maven.surefire.booter.ForkedBooter.main(ForkedBooter.java:103)
</pre></div></td>
<td>0</td>
<td>org.j3d.geom.TorusGeneratorTest@56f6fc62</td></tr>
<tr>
<td title='org.j3d.geom.TorusGeneratorTest.testInvalidInnerFacetsConstructor()'><b>testInvalidInnerFacetsConstructor</b><br>Test class: org.j3d.geom.TorusGeneratorTest<br>Parameters: 7</td>
<td><div><pre>java.lang.IllegalArgumentException: Inner facets not / 2
	at org.j3d.geom.TorusGenerator.&lt;init&gt;(TorusGenerator.java:137)
	at org.j3d.geom.TorusGenerator.&lt;init&gt;(TorusGenerator.java:118)
	at org.j3d.geom.TorusGeneratorTest.testInvalidInnerFacetsConstructor(TorusGeneratorTest.java:185)
... Removed 28 stack frames</pre></div><a href='#' onClick='toggleBox("stack-trace1310202490", this, "Click to show all stack frames", "Click to hide stack frames")'>Click to show all stack frames</a>
<div class='stack-trace' id='stack-trace1310202490'><pre>java.lang.IllegalArgumentException: Inner facets not / 2
	at org.j3d.geom.TorusGenerator.&lt;init&gt;(TorusGenerator.java:137)
	at org.j3d.geom.TorusGenerator.&lt;init&gt;(TorusGenerator.java:118)
	at org.j3d.geom.TorusGeneratorTest.testInvalidInnerFacetsConstructor(TorusGeneratorTest.java:185)
	at sun.reflect.NativeMethodAccessorImpl.invoke0(Native Method)
	at sun.reflect.NativeMethodAccessorImpl.invoke(NativeMethodAccessorImpl.java:57)
	at sun.reflect.DelegatingMethodAccessorImpl.invoke(DelegatingMethodAccessorImpl.java:43)
	at java.lang.reflect.Method.invoke(Method.java:601)
	at org.testng.internal.MethodInvocationHelper.invokeMethod(MethodInvocationHelper.java:84)
	at org.testng.internal.Invoker.invokeMethod(Invoker.java:714)
	at org.testng.internal.Invoker.invokeTestMethod(Invoker.java:901)
	at org.testng.internal.Invoker.invokeTestMethods(Invoker.java:1231)
	at org.testng.internal.TestMethodWorker.invokeTestMethods(TestMethodWorker.java:127)
	at org.testng.internal.TestMethodWorker.run(TestMethodWorker.java:111)
	at org.testng.TestRunner.privateRun(TestRunner.java:767)
	at org.testng.TestRunner.run(TestRunner.java:617)
	at org.testng.SuiteRunner.runTest(SuiteRunner.java:334)
	at org.testng.SuiteRunner.runSequentially(SuiteRunner.java:329)
	at org.testng.SuiteRunner.privateRun(SuiteRunner.java:291)
	at org.testng.SuiteRunner.run(SuiteRunner.java:240)
	at org.testng.SuiteRunnerWorker.runSuite(SuiteRunnerWorker.java:52)
	at org.testng.SuiteRunnerWorker.run(SuiteRunnerWorker.java:86)
	at org.testng.TestNG.runSuitesSequentially(TestNG.java:1224)
	at org.testng.TestNG.runSuitesLocally(TestNG.java:1149)
	at org.testng.TestNG.run(TestNG.java:1057)
	at org.apache.maven.surefire.testng.TestNGExecutor.run(TestNGExecutor.java:69)
	at org.apache.maven.surefire.testng.TestNGDirectoryTestSuite.executeMulti(TestNGDirectoryTestSuite.java:181)
	at org.apache.maven.surefire.testng.TestNGDirectoryTestSuite.execute(TestNGDirectoryTestSuite.java:99)
	at org.apache.maven.surefire.testng.TestNGProvider.invoke(TestNGProvider.java:113)
	at org.apache.maven.surefire.booter.ForkedBooter.invokeProviderInSameClassLoader(ForkedBooter.java:200)
	at org.apache.maven.surefire.booter.ForkedBooter.runSuitesInProcess(ForkedBooter.java:153)
	at org.apache.maven.surefire.booter.ForkedBooter.main(ForkedBooter.java:103)
</pre></div></td>
<td>0</td>
<td>org.j3d.geom.TorusGeneratorTest@56f6fc62</td></tr>
<tr>
<td title='org.j3d.geom.SpringGeneratorTest.testInvalidInnerFacetsSetter()'><b>testInvalidInnerFacetsSetter</b><br>Test class: org.j3d.geom.SpringGeneratorTest<br>Parameters: -5</td>
<td><div><pre>java.lang.IllegalArgumentException: Number of facets is &lt; 4
	at org.j3d.geom.SpringGenerator.setFacetCount(SpringGenerator.java:300)
	at org.j3d.geom.SpringGeneratorTest.testInvalidInnerFacetsSetter(SpringGeneratorTest.java:224)
... Removed 28 stack frames</pre></div><a href='#' onClick='toggleBox("stack-trace630013898", this, "Click to show all stack frames", "Click to hide stack frames")'>Click to show all stack frames</a>
<div class='stack-trace' id='stack-trace630013898'><pre>java.lang.IllegalArgumentException: Number of facets is &lt; 4
	at org.j3d.geom.SpringGenerator.setFacetCount(SpringGenerator.java:300)
	at org.j3d.geom.SpringGeneratorTest.testInvalidInnerFacetsSetter(SpringGeneratorTest.java:224)
	at sun.reflect.NativeMethodAccessorImpl.invoke0(Native Method)
	at sun.reflect.NativeMethodAccessorImpl.invoke(NativeMethodAccessorImpl.java:57)
	at sun.reflect.DelegatingMethodAccessorImpl.invoke(DelegatingMethodAccessorImpl.java:43)
	at java.lang.reflect.Method.invoke(Method.java:601)
	at org.testng.internal.MethodInvocationHelper.invokeMethod(MethodInvocationHelper.java:84)
	at org.testng.internal.Invoker.invokeMethod(Invoker.java:714)
	at org.testng.internal.Invoker.invokeTestMethod(Invoker.java:901)
	at org.testng.internal.Invoker.invokeTestMethods(Invoker.java:1231)
	at org.testng.internal.TestMethodWorker.invokeTestMethods(TestMethodWorker.java:127)
	at org.testng.internal.TestMethodWorker.run(TestMethodWorker.java:111)
	at org.testng.TestRunner.privateRun(TestRunner.java:767)
	at org.testng.TestRunner.run(TestRunner.java:617)
	at org.testng.SuiteRunner.runTest(SuiteRunner.java:334)
	at org.testng.SuiteRunner.runSequentially(SuiteRunner.java:329)
	at org.testng.SuiteRunner.privateRun(SuiteRunner.java:291)
	at org.testng.SuiteRunner.run(SuiteRunner.java:240)
	at org.testng.SuiteRunnerWorker.runSuite(SuiteRunnerWorker.java:52)
	at org.testng.SuiteRunnerWorker.run(SuiteRunnerWorker.java:86)
	at org.testng.TestNG.runSuitesSequentially(TestNG.java:1224)
	at org.testng.TestNG.runSuitesLocally(TestNG.java:1149)
	at org.testng.TestNG.run(TestNG.java:1057)
	at org.apache.maven.surefire.testng.TestNGExecutor.run(TestNGExecutor.java:69)
	at org.apache.maven.surefire.testng.TestNGDirectoryTestSuite.executeMulti(TestNGDirectoryTestSuite.java:181)
	at org.apache.maven.surefire.testng.TestNGDirectoryTestSuite.execute(TestNGDirectoryTestSuite.java:99)
	at org.apache.maven.surefire.testng.TestNGProvider.invoke(TestNGProvider.java:113)
	at org.apache.maven.surefire.booter.ForkedBooter.invokeProviderInSameClassLoader(ForkedBooter.java:200)
	at org.apache.maven.surefire.booter.ForkedBooter.runSuitesInProcess(ForkedBooter.java:153)
	at org.apache.maven.surefire.booter.ForkedBooter.main(ForkedBooter.java:103)
</pre></div></td>
<td>0</td>
<td>org.j3d.geom.SpringGeneratorTest@b08f1ce</td></tr>
<tr>
<td title='org.j3d.geom.SpringGeneratorTest.testInvalidInnerFacetsSetter()'><b>testInvalidInnerFacetsSetter</b><br>Test class: org.j3d.geom.SpringGeneratorTest<br>Parameters: 0</td>
<td><div><pre>java.lang.IllegalArgumentException: Number of facets is &lt; 4
	at org.j3d.geom.SpringGenerator.setFacetCount(SpringGenerator.java:300)
	at org.j3d.geom.SpringGeneratorTest.testInvalidInnerFacetsSetter(SpringGeneratorTest.java:224)
... Removed 28 stack frames</pre></div><a href='#' onClick='toggleBox("stack-trace1549203976", this, "Click to show all stack frames", "Click to hide stack frames")'>Click to show all stack frames</a>
<div class='stack-trace' id='stack-trace1549203976'><pre>java.lang.IllegalArgumentException: Number of facets is &lt; 4
	at org.j3d.geom.SpringGenerator.setFacetCount(SpringGenerator.java:300)
	at org.j3d.geom.SpringGeneratorTest.testInvalidInnerFacetsSetter(SpringGeneratorTest.java:224)
	at sun.reflect.NativeMethodAccessorImpl.invoke0(Native Method)
	at sun.reflect.NativeMethodAccessorImpl.invoke(NativeMethodAccessorImpl.java:57)
	at sun.reflect.DelegatingMethodAccessorImpl.invoke(DelegatingMethodAccessorImpl.java:43)
	at java.lang.reflect.Method.invoke(Method.java:601)
	at org.testng.internal.MethodInvocationHelper.invokeMethod(MethodInvocationHelper.java:84)
	at org.testng.internal.Invoker.invokeMethod(Invoker.java:714)
	at org.testng.internal.Invoker.invokeTestMethod(Invoker.java:901)
	at org.testng.internal.Invoker.invokeTestMethods(Invoker.java:1231)
	at org.testng.internal.TestMethodWorker.invokeTestMethods(TestMethodWorker.java:127)
	at org.testng.internal.TestMethodWorker.run(TestMethodWorker.java:111)
	at org.testng.TestRunner.privateRun(TestRunner.java:767)
	at org.testng.TestRunner.run(TestRunner.java:617)
	at org.testng.SuiteRunner.runTest(SuiteRunner.java:334)
	at org.testng.SuiteRunner.runSequentially(SuiteRunner.java:329)
	at org.testng.SuiteRunner.privateRun(SuiteRunner.java:291)
	at org.testng.SuiteRunner.run(SuiteRunner.java:240)
	at org.testng.SuiteRunnerWorker.runSuite(SuiteRunnerWorker.java:52)
	at org.testng.SuiteRunnerWorker.run(SuiteRunnerWorker.java:86)
	at org.testng.TestNG.runSuitesSequentially(TestNG.java:1224)
	at org.testng.TestNG.runSuitesLocally(TestNG.java:1149)
	at org.testng.TestNG.run(TestNG.java:1057)
	at org.apache.maven.surefire.testng.TestNGExecutor.run(TestNGExecutor.java:69)
	at org.apache.maven.surefire.testng.TestNGDirectoryTestSuite.executeMulti(TestNGDirectoryTestSuite.java:181)
	at org.apache.maven.surefire.testng.TestNGDirectoryTestSuite.execute(TestNGDirectoryTestSuite.java:99)
	at org.apache.maven.surefire.testng.TestNGProvider.invoke(TestNGProvider.java:113)
	at org.apache.maven.surefire.booter.ForkedBooter.invokeProviderInSameClassLoader(ForkedBooter.java:200)
	at org.apache.maven.surefire.booter.ForkedBooter.runSuitesInProcess(ForkedBooter.java:153)
	at org.apache.maven.surefire.booter.ForkedBooter.main(ForkedBooter.java:103)
</pre></div></td>
<td>0</td>
<td>org.j3d.geom.SpringGeneratorTest@b08f1ce</td></tr>
<tr>
<td title='org.j3d.geom.SpringGeneratorTest.testInvalidInnerFacetsSetter()'><b>testInvalidInnerFacetsSetter</b><br>Test class: org.j3d.geom.SpringGeneratorTest<br>Parameters: 2</td>
<td><div><pre>java.lang.IllegalArgumentException: Number of facets is &lt; 4
	at org.j3d.geom.SpringGenerator.setFacetCount(SpringGenerator.java:300)
	at org.j3d.geom.SpringGeneratorTest.testInvalidInnerFacetsSetter(SpringGeneratorTest.java:224)
... Removed 28 stack frames</pre></div><a href='#' onClick='toggleBox("stack-trace1379488404", this, "Click to show all stack frames", "Click to hide stack frames")'>Click to show all stack frames</a>
<div class='stack-trace' id='stack-trace1379488404'><pre>java.lang.IllegalArgumentException: Number of facets is &lt; 4
	at org.j3d.geom.SpringGenerator.setFacetCount(SpringGenerator.java:300)
	at org.j3d.geom.SpringGeneratorTest.testInvalidInnerFacetsSetter(SpringGeneratorTest.java:224)
	at sun.reflect.NativeMethodAccessorImpl.invoke0(Native Method)
	at sun.reflect.NativeMethodAccessorImpl.invoke(NativeMethodAccessorImpl.java:57)
	at sun.reflect.DelegatingMethodAccessorImpl.invoke(DelegatingMethodAccessorImpl.java:43)
	at java.lang.reflect.Method.invoke(Method.java:601)
	at org.testng.internal.MethodInvocationHelper.invokeMethod(MethodInvocationHelper.java:84)
	at org.testng.internal.Invoker.invokeMethod(Invoker.java:714)
	at org.testng.internal.Invoker.invokeTestMethod(Invoker.java:901)
	at org.testng.internal.Invoker.invokeTestMethods(Invoker.java:1231)
	at org.testng.internal.TestMethodWorker.invokeTestMethods(TestMethodWorker.java:127)
	at org.testng.internal.TestMethodWorker.run(TestMethodWorker.java:111)
	at org.testng.TestRunner.privateRun(TestRunner.java:767)
	at org.testng.TestRunner.run(TestRunner.java:617)
	at org.testng.SuiteRunner.runTest(SuiteRunner.java:334)
	at org.testng.SuiteRunner.runSequentially(SuiteRunner.java:329)
	at org.testng.SuiteRunner.privateRun(SuiteRunner.java:291)
	at org.testng.SuiteRunner.run(SuiteRunner.java:240)
	at org.testng.SuiteRunnerWorker.runSuite(SuiteRunnerWorker.java:52)
	at org.testng.SuiteRunnerWorker.run(SuiteRunnerWorker.java:86)
	at org.testng.TestNG.runSuitesSequentially(TestNG.java:1224)
	at org.testng.TestNG.runSuitesLocally(TestNG.java:1149)
	at org.testng.TestNG.run(TestNG.java:1057)
	at org.apache.maven.surefire.testng.TestNGExecutor.run(TestNGExecutor.java:69)
	at org.apache.maven.surefire.testng.TestNGDirectoryTestSuite.executeMulti(TestNGDirectoryTestSuite.java:181)
	at org.apache.maven.surefire.testng.TestNGDirectoryTestSuite.execute(TestNGDirectoryTestSuite.java:99)
	at org.apache.maven.surefire.testng.TestNGProvider.invoke(TestNGProvider.java:113)
	at org.apache.maven.surefire.booter.ForkedBooter.invokeProviderInSameClassLoader(ForkedBooter.java:200)
	at org.apache.maven.surefire.booter.ForkedBooter.runSuitesInProcess(ForkedBooter.java:153)
	at org.apache.maven.surefire.booter.ForkedBooter.main(ForkedBooter.java:103)
</pre></div></td>
<td>0</td>
<td>org.j3d.geom.SpringGeneratorTest@b08f1ce</td></tr>
<tr>
<td title='org.j3d.geom.SpringGeneratorTest.testInvalidInnerFacetsSetter()'><b>testInvalidInnerFacetsSetter</b><br>Test class: org.j3d.geom.SpringGeneratorTest<br>Parameters: 10</td>
<td><div><pre>java.lang.IllegalArgumentException: Inner facets not / 4
	at org.j3d.geom.SpringGenerator.setFacetCount(SpringGenerator.java:303)
	at org.j3d.geom.SpringGeneratorTest.testInvalidInnerFacetsSetter(SpringGeneratorTest.java:224)
... Removed 28 stack frames</pre></div><a href='#' onClick='toggleBox("stack-trace828153016", this, "Click to show all stack frames", "Click to hide stack frames")'>Click to show all stack frames</a>
<div class='stack-trace' id='stack-trace828153016'><pre>java.lang.IllegalArgumentException: Inner facets not / 4
	at org.j3d.geom.SpringGenerator.setFacetCount(SpringGenerator.java:303)
	at org.j3d.geom.SpringGeneratorTest.testInvalidInnerFacetsSetter(SpringGeneratorTest.java:224)
	at sun.reflect.NativeMethodAccessorImpl.invoke0(Native Method)
	at sun.reflect.NativeMethodAccessorImpl.invoke(NativeMethodAccessorImpl.java:57)
	at sun.reflect.DelegatingMethodAccessorImpl.invoke(DelegatingMethodAccessorImpl.java:43)
	at java.lang.reflect.Method.invoke(Method.java:601)
	at org.testng.internal.MethodInvocationHelper.invokeMethod(MethodInvocationHelper.java:84)
	at org.testng.internal.Invoker.invokeMethod(Invoker.java:714)
	at org.testng.internal.Invoker.invokeTestMethod(Invoker.java:901)
	at org.testng.internal.Invoker.invokeTestMethods(Invoker.java:1231)
	at org.testng.internal.TestMethodWorker.invokeTestMethods(TestMethodWorker.java:127)
	at org.testng.internal.TestMethodWorker.run(TestMethodWorker.java:111)
	at org.testng.TestRunner.privateRun(TestRunner.java:767)
	at org.testng.TestRunner.run(TestRunner.java:617)
	at org.testng.SuiteRunner.runTest(SuiteRunner.java:334)
	at org.testng.SuiteRunner.runSequentially(SuiteRunner.java:329)
	at org.testng.SuiteRunner.privateRun(SuiteRunner.java:291)
	at org.testng.SuiteRunner.run(SuiteRunner.java:240)
	at org.testng.SuiteRunnerWorker.runSuite(SuiteRunnerWorker.java:52)
	at org.testng.SuiteRunnerWorker.run(SuiteRunnerWorker.java:86)
	at org.testng.TestNG.runSuitesSequentially(TestNG.java:1224)
	at org.testng.TestNG.runSuitesLocally(TestNG.java:1149)
	at org.testng.TestNG.run(TestNG.java:1057)
	at org.apache.maven.surefire.testng.TestNGExecutor.run(TestNGExecutor.java:69)
	at org.apache.maven.surefire.testng.TestNGDirectoryTestSuite.executeMulti(TestNGDirectoryTestSuite.java:181)
	at org.apache.maven.surefire.testng.TestNGDirectoryTestSuite.execute(TestNGDirectoryTestSuite.java:99)
	at org.apache.maven.surefire.testng.TestNGProvider.invoke(TestNGProvider.java:113)
	at org.apache.maven.surefire.booter.ForkedBooter.invokeProviderInSameClassLoader(ForkedBooter.java:200)
	at org.apache.maven.surefire.booter.ForkedBooter.runSuitesInProcess(ForkedBooter.java:153)
	at org.apache.maven.surefire.booter.ForkedBooter.main(ForkedBooter.java:103)
</pre></div></td>
<td>0</td>
<td>org.j3d.geom.SpringGeneratorTest@b08f1ce</td></tr>
<tr>
<td title='org.j3d.geom.TorusGeneratorTest.testInvalidInnerFacetsSetter()'><b>testInvalidInnerFacetsSetter</b><br>Test class: org.j3d.geom.TorusGeneratorTest<br>Parameters: -5</td>
<td><div><pre>java.lang.IllegalArgumentException: Number of facets is &lt; 4
	at org.j3d.geom.TorusGenerator.setFacetCount(TorusGenerator.java:191)
	at org.j3d.geom.TorusGeneratorTest.testInvalidInnerFacetsSetter(TorusGeneratorTest.java:192)
... Removed 28 stack frames</pre></div><a href='#' onClick='toggleBox("stack-trace275933092", this, "Click to show all stack frames", "Click to hide stack frames")'>Click to show all stack frames</a>
<div class='stack-trace' id='stack-trace275933092'><pre>java.lang.IllegalArgumentException: Number of facets is &lt; 4
	at org.j3d.geom.TorusGenerator.setFacetCount(TorusGenerator.java:191)
	at org.j3d.geom.TorusGeneratorTest.testInvalidInnerFacetsSetter(TorusGeneratorTest.java:192)
	at sun.reflect.NativeMethodAccessorImpl.invoke0(Native Method)
	at sun.reflect.NativeMethodAccessorImpl.invoke(NativeMethodAccessorImpl.java:57)
	at sun.reflect.DelegatingMethodAccessorImpl.invoke(DelegatingMethodAccessorImpl.java:43)
	at java.lang.reflect.Method.invoke(Method.java:601)
	at org.testng.internal.MethodInvocationHelper.invokeMethod(MethodInvocationHelper.java:84)
	at org.testng.internal.Invoker.invokeMethod(Invoker.java:714)
	at org.testng.internal.Invoker.invokeTestMethod(Invoker.java:901)
	at org.testng.internal.Invoker.invokeTestMethods(Invoker.java:1231)
	at org.testng.internal.TestMethodWorker.invokeTestMethods(TestMethodWorker.java:127)
	at org.testng.internal.TestMethodWorker.run(TestMethodWorker.java:111)
	at org.testng.TestRunner.privateRun(TestRunner.java:767)
	at org.testng.TestRunner.run(TestRunner.java:617)
	at org.testng.SuiteRunner.runTest(SuiteRunner.java:334)
	at org.testng.SuiteRunner.runSequentially(SuiteRunner.java:329)
	at org.testng.SuiteRunner.privateRun(SuiteRunner.java:291)
	at org.testng.SuiteRunner.run(SuiteRunner.java:240)
	at org.testng.SuiteRunnerWorker.runSuite(SuiteRunnerWorker.java:52)
	at org.testng.SuiteRunnerWorker.run(SuiteRunnerWorker.java:86)
	at org.testng.TestNG.runSuitesSequentially(TestNG.java:1224)
	at org.testng.TestNG.runSuitesLocally(TestNG.java:1149)
	at org.testng.TestNG.run(TestNG.java:1057)
	at org.apache.maven.surefire.testng.TestNGExecutor.run(TestNGExecutor.java:69)
	at org.apache.maven.surefire.testng.TestNGDirectoryTestSuite.executeMulti(TestNGDirectoryTestSuite.java:181)
	at org.apache.maven.surefire.testng.TestNGDirectoryTestSuite.execute(TestNGDirectoryTestSuite.java:99)
	at org.apache.maven.surefire.testng.TestNGProvider.invoke(TestNGProvider.java:113)
	at org.apache.maven.surefire.booter.ForkedBooter.invokeProviderInSameClassLoader(ForkedBooter.java:200)
	at org.apache.maven.surefire.booter.ForkedBooter.runSuitesInProcess(ForkedBooter.java:153)
	at org.apache.maven.surefire.booter.ForkedBooter.main(ForkedBooter.java:103)
</pre></div></td>
<td>0</td>
<td>org.j3d.geom.TorusGeneratorTest@56f6fc62</td></tr>
<tr>
<td title='org.j3d.geom.TorusGeneratorTest.testInvalidInnerFacetsSetter()'><b>testInvalidInnerFacetsSetter</b><br>Test class: org.j3d.geom.TorusGeneratorTest<br>Parameters: 0</td>
<td><div><pre>java.lang.IllegalArgumentException: Number of facets is &lt; 4
	at org.j3d.geom.TorusGenerator.setFacetCount(TorusGenerator.java:191)
	at org.j3d.geom.TorusGeneratorTest.testInvalidInnerFacetsSetter(TorusGeneratorTest.java:192)
... Removed 28 stack frames</pre></div><a href='#' onClick='toggleBox("stack-trace1190283371", this, "Click to show all stack frames", "Click to hide stack frames")'>Click to show all stack frames</a>
<div class='stack-trace' id='stack-trace1190283371'><pre>java.lang.IllegalArgumentException: Number of facets is &lt; 4
	at org.j3d.geom.TorusGenerator.setFacetCount(TorusGenerator.java:191)
	at org.j3d.geom.TorusGeneratorTest.testInvalidInnerFacetsSetter(TorusGeneratorTest.java:192)
	at sun.reflect.NativeMethodAccessorImpl.invoke0(Native Method)
	at sun.reflect.NativeMethodAccessorImpl.invoke(NativeMethodAccessorImpl.java:57)
	at sun.reflect.DelegatingMethodAccessorImpl.invoke(DelegatingMethodAccessorImpl.java:43)
	at java.lang.reflect.Method.invoke(Method.java:601)
	at org.testng.internal.MethodInvocationHelper.invokeMethod(MethodInvocationHelper.java:84)
	at org.testng.internal.Invoker.invokeMethod(Invoker.java:714)
	at org.testng.internal.Invoker.invokeTestMethod(Invoker.java:901)
	at org.testng.internal.Invoker.invokeTestMethods(Invoker.java:1231)
	at org.testng.internal.TestMethodWorker.invokeTestMethods(TestMethodWorker.java:127)
	at org.testng.internal.TestMethodWorker.run(TestMethodWorker.java:111)
	at org.testng.TestRunner.privateRun(TestRunner.java:767)
	at org.testng.TestRunner.run(TestRunner.java:617)
	at org.testng.SuiteRunner.runTest(SuiteRunner.java:334)
	at org.testng.SuiteRunner.runSequentially(SuiteRunner.java:329)
	at org.testng.SuiteRunner.privateRun(SuiteRunner.java:291)
	at org.testng.SuiteRunner.run(SuiteRunner.java:240)
	at org.testng.SuiteRunnerWorker.runSuite(SuiteRunnerWorker.java:52)
	at org.testng.SuiteRunnerWorker.run(SuiteRunnerWorker.java:86)
	at org.testng.TestNG.runSuitesSequentially(TestNG.java:1224)
	at org.testng.TestNG.runSuitesLocally(TestNG.java:1149)
	at org.testng.TestNG.run(TestNG.java:1057)
	at org.apache.maven.surefire.testng.TestNGExecutor.run(TestNGExecutor.java:69)
	at org.apache.maven.surefire.testng.TestNGDirectoryTestSuite.executeMulti(TestNGDirectoryTestSuite.java:181)
	at org.apache.maven.surefire.testng.TestNGDirectoryTestSuite.execute(TestNGDirectoryTestSuite.java:99)
	at org.apache.maven.surefire.testng.TestNGProvider.invoke(TestNGProvider.java:113)
	at org.apache.maven.surefire.booter.ForkedBooter.invokeProviderInSameClassLoader(ForkedBooter.java:200)
	at org.apache.maven.surefire.booter.ForkedBooter.runSuitesInProcess(ForkedBooter.java:153)
	at org.apache.maven.surefire.booter.ForkedBooter.main(ForkedBooter.java:103)
</pre></div></td>
<td>0</td>
<td>org.j3d.geom.TorusGeneratorTest@56f6fc62</td></tr>
<tr>
<td title='org.j3d.geom.TorusGeneratorTest.testInvalidInnerFacetsSetter()'><b>testInvalidInnerFacetsSetter</b><br>Test class: org.j3d.geom.TorusGeneratorTest<br>Parameters: 2</td>
<td><div><pre>java.lang.IllegalArgumentException: Number of facets is &lt; 4
	at org.j3d.geom.TorusGenerator.setFacetCount(TorusGenerator.java:191)
	at org.j3d.geom.TorusGeneratorTest.testInvalidInnerFacetsSetter(TorusGeneratorTest.java:192)
... Removed 28 stack frames</pre></div><a href='#' onClick='toggleBox("stack-trace1282444592", this, "Click to show all stack frames", "Click to hide stack frames")'>Click to show all stack frames</a>
<div class='stack-trace' id='stack-trace1282444592'><pre>java.lang.IllegalArgumentException: Number of facets is &lt; 4
	at org.j3d.geom.TorusGenerator.setFacetCount(TorusGenerator.java:191)
	at org.j3d.geom.TorusGeneratorTest.testInvalidInnerFacetsSetter(TorusGeneratorTest.java:192)
	at sun.reflect.NativeMethodAccessorImpl.invoke0(Native Method)
	at sun.reflect.NativeMethodAccessorImpl.invoke(NativeMethodAccessorImpl.java:57)
	at sun.reflect.DelegatingMethodAccessorImpl.invoke(DelegatingMethodAccessorImpl.java:43)
	at java.lang.reflect.Method.invoke(Method.java:601)
	at org.testng.internal.MethodInvocationHelper.invokeMethod(MethodInvocationHelper.java:84)
	at org.testng.internal.Invoker.invokeMethod(Invoker.java:714)
	at org.testng.internal.Invoker.invokeTestMethod(Invoker.java:901)
	at org.testng.internal.Invoker.invokeTestMethods(Invoker.java:1231)
	at org.testng.internal.TestMethodWorker.invokeTestMethods(TestMethodWorker.java:127)
	at org.testng.internal.TestMethodWorker.run(TestMethodWorker.java:111)
	at org.testng.TestRunner.privateRun(TestRunner.java:767)
	at org.testng.TestRunner.run(TestRunner.java:617)
	at org.testng.SuiteRunner.runTest(SuiteRunner.java:334)
	at org.testng.SuiteRunner.runSequentially(SuiteRunner.java:329)
	at org.testng.SuiteRunner.privateRun(SuiteRunner.java:291)
	at org.testng.SuiteRunner.run(SuiteRunner.java:240)
	at org.testng.SuiteRunnerWorker.runSuite(SuiteRunnerWorker.java:52)
	at org.testng.SuiteRunnerWorker.run(SuiteRunnerWorker.java:86)
	at org.testng.TestNG.runSuitesSequentially(TestNG.java:1224)
	at org.testng.TestNG.runSuitesLocally(TestNG.java:1149)
	at org.testng.TestNG.run(TestNG.java:1057)
	at org.apache.maven.surefire.testng.TestNGExecutor.run(TestNGExecutor.java:69)
	at org.apache.maven.surefire.testng.TestNGDirectoryTestSuite.executeMulti(TestNGDirectoryTestSuite.java:181)
	at org.apache.maven.surefire.testng.TestNGDirectoryTestSuite.execute(TestNGDirectoryTestSuite.java:99)
	at org.apache.maven.surefire.testng.TestNGProvider.invoke(TestNGProvider.java:113)
	at org.apache.maven.surefire.booter.ForkedBooter.invokeProviderInSameClassLoader(ForkedBooter.java:200)
	at org.apache.maven.surefire.booter.ForkedBooter.runSuitesInProcess(ForkedBooter.java:153)
	at org.apache.maven.surefire.booter.ForkedBooter.main(ForkedBooter.java:103)
</pre></div></td>
<td>0</td>
<td>org.j3d.geom.TorusGeneratorTest@56f6fc62</td></tr>
<tr>
<td title='org.j3d.geom.TorusGeneratorTest.testInvalidInnerFacetsSetter()'><b>testInvalidInnerFacetsSetter</b><br>Test class: org.j3d.geom.TorusGeneratorTest<br>Parameters: 7</td>
<td><div><pre>java.lang.IllegalArgumentException: Inner facets not / 2
	at org.j3d.geom.TorusGenerator.setFacetCount(TorusGenerator.java:194)
	at org.j3d.geom.TorusGeneratorTest.testInvalidInnerFacetsSetter(TorusGeneratorTest.java:192)
... Removed 28 stack frames</pre></div><a href='#' onClick='toggleBox("stack-trace1900376452", this, "Click to show all stack frames", "Click to hide stack frames")'>Click to show all stack frames</a>
<div class='stack-trace' id='stack-trace1900376452'><pre>java.lang.IllegalArgumentException: Inner facets not / 2
	at org.j3d.geom.TorusGenerator.setFacetCount(TorusGenerator.java:194)
	at org.j3d.geom.TorusGeneratorTest.testInvalidInnerFacetsSetter(TorusGeneratorTest.java:192)
	at sun.reflect.NativeMethodAccessorImpl.invoke0(Native Method)
	at sun.reflect.NativeMethodAccessorImpl.invoke(NativeMethodAccessorImpl.java:57)
	at sun.reflect.DelegatingMethodAccessorImpl.invoke(DelegatingMethodAccessorImpl.java:43)
	at java.lang.reflect.Method.invoke(Method.java:601)
	at org.testng.internal.MethodInvocationHelper.invokeMethod(MethodInvocationHelper.java:84)
	at org.testng.internal.Invoker.invokeMethod(Invoker.java:714)
	at org.testng.internal.Invoker.invokeTestMethod(Invoker.java:901)
	at org.testng.internal.Invoker.invokeTestMethods(Invoker.java:1231)
	at org.testng.internal.TestMethodWorker.invokeTestMethods(TestMethodWorker.java:127)
	at org.testng.internal.TestMethodWorker.run(TestMethodWorker.java:111)
	at org.testng.TestRunner.privateRun(TestRunner.java:767)
	at org.testng.TestRunner.run(TestRunner.java:617)
	at org.testng.SuiteRunner.runTest(SuiteRunner.java:334)
	at org.testng.SuiteRunner.runSequentially(SuiteRunner.java:329)
	at org.testng.SuiteRunner.privateRun(SuiteRunner.java:291)
	at org.testng.SuiteRunner.run(SuiteRunner.java:240)
	at org.testng.SuiteRunnerWorker.runSuite(SuiteRunnerWorker.java:52)
	at org.testng.SuiteRunnerWorker.run(SuiteRunnerWorker.java:86)
	at org.testng.TestNG.runSuitesSequentially(TestNG.java:1224)
	at org.testng.TestNG.runSuitesLocally(TestNG.java:1149)
	at org.testng.TestNG.run(TestNG.java:1057)
	at org.apache.maven.surefire.testng.TestNGExecutor.run(TestNGExecutor.java:69)
	at org.apache.maven.surefire.testng.TestNGDirectoryTestSuite.executeMulti(TestNGDirectoryTestSuite.java:181)
	at org.apache.maven.surefire.testng.TestNGDirectoryTestSuite.execute(TestNGDirectoryTestSuite.java:99)
	at org.apache.maven.surefire.testng.TestNGProvider.invoke(TestNGProvider.java:113)
	at org.apache.maven.surefire.booter.ForkedBooter.invokeProviderInSameClassLoader(ForkedBooter.java:200)
	at org.apache.maven.surefire.booter.ForkedBooter.runSuitesInProcess(ForkedBooter.java:153)
	at org.apache.maven.surefire.booter.ForkedBooter.main(ForkedBooter.java:103)
</pre></div></td>
<td>0</td>
<td>org.j3d.geom.TorusGeneratorTest@56f6fc62</td></tr>
<tr>
<td title='org.j3d.geom.SpringGeneratorTest.testInvalidOuterFacetsConstructor()'><b>testInvalidOuterFacetsConstructor</b><br>Test class: org.j3d.geom.SpringGeneratorTest<br>Parameters: -5</td>
<td><div><pre>java.lang.IllegalArgumentException: Number of facets is &lt; 4
	at org.j3d.geom.SpringGenerator.&lt;init&gt;(SpringGenerator.java:217)
	at org.j3d.geom.SpringGenerator.&lt;init&gt;(SpringGenerator.java:171)
	at org.j3d.geom.SpringGeneratorTest.testInvalidOuterFacetsConstructor(SpringGeneratorTest.java:230)
... Removed 28 stack frames</pre></div><a href='#' onClick='toggleBox("stack-trace926223705", this, "Click to show all stack frames", "Click to hide stack frames")'>Click to show all stack frames</a>
<div class='stack-trace' id='stack-trace926223705'><pre>java.lang.IllegalArgumentException: Number of facets is &lt; 4
	at org.j3d.geom.SpringGenerator.&lt;init&gt;(SpringGenerator.java:217)
	at org.j3d.geom.SpringGenerator.&lt;init&gt;(SpringGenerator.java:171)
	at org.j3d.geom.SpringGeneratorTest.testInvalidOuterFacetsConstructor(SpringGeneratorTest.java:230)
	at sun.reflect.NativeMethodAccessorImpl.invoke0(Native Method)
	at sun.reflect.NativeMethodAccessorImpl.invoke(NativeMethodAccessorImpl.java:57)
	at sun.reflect.DelegatingMethodAccessorImpl.invoke(DelegatingMethodAccessorImpl.java:43)
	at java.lang.reflect.Method.invoke(Method.java:601)
	at org.testng.internal.MethodInvocationHelper.invokeMethod(MethodInvocationHelper.java:84)
	at org.testng.internal.Invoker.invokeMethod(Invoker.java:714)
	at org.testng.internal.Invoker.invokeTestMethod(Invoker.java:901)
	at org.testng.internal.Invoker.invokeTestMethods(Invoker.java:1231)
	at org.testng.internal.TestMethodWorker.invokeTestMethods(TestMethodWorker.java:127)
	at org.testng.internal.TestMethodWorker.run(TestMethodWorker.java:111)
	at org.testng.TestRunner.privateRun(TestRunner.java:767)
	at org.testng.TestRunner.run(TestRunner.java:617)
	at org.testng.SuiteRunner.runTest(SuiteRunner.java:334)
	at org.testng.SuiteRunner.runSequentially(SuiteRunner.java:329)
	at org.testng.SuiteRunner.privateRun(SuiteRunner.java:291)
	at org.testng.SuiteRunner.run(SuiteRunner.java:240)
	at org.testng.SuiteRunnerWorker.runSuite(SuiteRunnerWorker.java:52)
	at org.testng.SuiteRunnerWorker.run(SuiteRunnerWorker.java:86)
	at org.testng.TestNG.runSuitesSequentially(TestNG.java:1224)
	at org.testng.TestNG.runSuitesLocally(TestNG.java:1149)
	at org.testng.TestNG.run(TestNG.java:1057)
	at org.apache.maven.surefire.testng.TestNGExecutor.run(TestNGExecutor.java:69)
	at org.apache.maven.surefire.testng.TestNGDirectoryTestSuite.executeMulti(TestNGDirectoryTestSuite.java:181)
	at org.apache.maven.surefire.testng.TestNGDirectoryTestSuite.execute(TestNGDirectoryTestSuite.java:99)
	at org.apache.maven.surefire.testng.TestNGProvider.invoke(TestNGProvider.java:113)
	at org.apache.maven.surefire.booter.ForkedBooter.invokeProviderInSameClassLoader(ForkedBooter.java:200)
	at org.apache.maven.surefire.booter.ForkedBooter.runSuitesInProcess(ForkedBooter.java:153)
	at org.apache.maven.surefire.booter.ForkedBooter.main(ForkedBooter.java:103)
</pre></div></td>
<td>0</td>
<td>org.j3d.geom.SpringGeneratorTest@b08f1ce</td></tr>
<tr>
<td title='org.j3d.geom.SpringGeneratorTest.testInvalidOuterFacetsConstructor()'><b>testInvalidOuterFacetsConstructor</b><br>Test class: org.j3d.geom.SpringGeneratorTest<br>Parameters: 0</td>
<td><div><pre>java.lang.IllegalArgumentException: Number of facets is &lt; 4
	at org.j3d.geom.SpringGenerator.&lt;init&gt;(SpringGenerator.java:217)
	at org.j3d.geom.SpringGenerator.&lt;init&gt;(SpringGenerator.java:171)
	at org.j3d.geom.SpringGeneratorTest.testInvalidOuterFacetsConstructor(SpringGeneratorTest.java:230)
... Removed 28 stack frames</pre></div><a href='#' onClick='toggleBox("stack-trace2080336479", this, "Click to show all stack frames", "Click to hide stack frames")'>Click to show all stack frames</a>
<div class='stack-trace' id='stack-trace2080336479'><pre>java.lang.IllegalArgumentException: Number of facets is &lt; 4
	at org.j3d.geom.SpringGenerator.&lt;init&gt;(SpringGenerator.java:217)
	at org.j3d.geom.SpringGenerator.&lt;init&gt;(SpringGenerator.java:171)
	at org.j3d.geom.SpringGeneratorTest.testInvalidOuterFacetsConstructor(SpringGeneratorTest.java:230)
	at sun.reflect.NativeMethodAccessorImpl.invoke0(Native Method)
	at sun.reflect.NativeMethodAccessorImpl.invoke(NativeMethodAccessorImpl.java:57)
	at sun.reflect.DelegatingMethodAccessorImpl.invoke(DelegatingMethodAccessorImpl.java:43)
	at java.lang.reflect.Method.invoke(Method.java:601)
	at org.testng.internal.MethodInvocationHelper.invokeMethod(MethodInvocationHelper.java:84)
	at org.testng.internal.Invoker.invokeMethod(Invoker.java:714)
	at org.testng.internal.Invoker.invokeTestMethod(Invoker.java:901)
	at org.testng.internal.Invoker.invokeTestMethods(Invoker.java:1231)
	at org.testng.internal.TestMethodWorker.invokeTestMethods(TestMethodWorker.java:127)
	at org.testng.internal.TestMethodWorker.run(TestMethodWorker.java:111)
	at org.testng.TestRunner.privateRun(TestRunner.java:767)
	at org.testng.TestRunner.run(TestRunner.java:617)
	at org.testng.SuiteRunner.runTest(SuiteRunner.java:334)
	at org.testng.SuiteRunner.runSequentially(SuiteRunner.java:329)
	at org.testng.SuiteRunner.privateRun(SuiteRunner.java:291)
	at org.testng.SuiteRunner.run(SuiteRunner.java:240)
	at org.testng.SuiteRunnerWorker.runSuite(SuiteRunnerWorker.java:52)
	at org.testng.SuiteRunnerWorker.run(SuiteRunnerWorker.java:86)
	at org.testng.TestNG.runSuitesSequentially(TestNG.java:1224)
	at org.testng.TestNG.runSuitesLocally(TestNG.java:1149)
	at org.testng.TestNG.run(TestNG.java:1057)
	at org.apache.maven.surefire.testng.TestNGExecutor.run(TestNGExecutor.java:69)
	at org.apache.maven.surefire.testng.TestNGDirectoryTestSuite.executeMulti(TestNGDirectoryTestSuite.java:181)
	at org.apache.maven.surefire.testng.TestNGDirectoryTestSuite.execute(TestNGDirectoryTestSuite.java:99)
	at org.apache.maven.surefire.testng.TestNGProvider.invoke(TestNGProvider.java:113)
	at org.apache.maven.surefire.booter.ForkedBooter.invokeProviderInSameClassLoader(ForkedBooter.java:200)
	at org.apache.maven.surefire.booter.ForkedBooter.runSuitesInProcess(ForkedBooter.java:153)
	at org.apache.maven.surefire.booter.ForkedBooter.main(ForkedBooter.java:103)
</pre></div></td>
<td>0</td>
<td>org.j3d.geom.SpringGeneratorTest@b08f1ce</td></tr>
<tr>
<td title='org.j3d.geom.SpringGeneratorTest.testInvalidOuterFacetsConstructor()'><b>testInvalidOuterFacetsConstructor</b><br>Test class: org.j3d.geom.SpringGeneratorTest<br>Parameters: 2</td>
<td><div><pre>java.lang.IllegalArgumentException: Number of facets is &lt; 4
	at org.j3d.geom.SpringGenerator.&lt;init&gt;(SpringGenerator.java:217)
	at org.j3d.geom.SpringGenerator.&lt;init&gt;(SpringGenerator.java:171)
	at org.j3d.geom.SpringGeneratorTest.testInvalidOuterFacetsConstructor(SpringGeneratorTest.java:230)
... Removed 28 stack frames</pre></div><a href='#' onClick='toggleBox("stack-trace1033945746", this, "Click to show all stack frames", "Click to hide stack frames")'>Click to show all stack frames</a>
<div class='stack-trace' id='stack-trace1033945746'><pre>java.lang.IllegalArgumentException: Number of facets is &lt; 4
	at org.j3d.geom.SpringGenerator.&lt;init&gt;(SpringGenerator.java:217)
	at org.j3d.geom.SpringGenerator.&lt;init&gt;(SpringGenerator.java:171)
	at org.j3d.geom.SpringGeneratorTest.testInvalidOuterFacetsConstructor(SpringGeneratorTest.java:230)
	at sun.reflect.NativeMethodAccessorImpl.invoke0(Native Method)
	at sun.reflect.NativeMethodAccessorImpl.invoke(NativeMethodAccessorImpl.java:57)
	at sun.reflect.DelegatingMethodAccessorImpl.invoke(DelegatingMethodAccessorImpl.java:43)
	at java.lang.reflect.Method.invoke(Method.java:601)
	at org.testng.internal.MethodInvocationHelper.invokeMethod(MethodInvocationHelper.java:84)
	at org.testng.internal.Invoker.invokeMethod(Invoker.java:714)
	at org.testng.internal.Invoker.invokeTestMethod(Invoker.java:901)
	at org.testng.internal.Invoker.invokeTestMethods(Invoker.java:1231)
	at org.testng.internal.TestMethodWorker.invokeTestMethods(TestMethodWorker.java:127)
	at org.testng.internal.TestMethodWorker.run(TestMethodWorker.java:111)
	at org.testng.TestRunner.privateRun(TestRunner.java:767)
	at org.testng.TestRunner.run(TestRunner.java:617)
	at org.testng.SuiteRunner.runTest(SuiteRunner.java:334)
	at org.testng.SuiteRunner.runSequentially(SuiteRunner.java:329)
	at org.testng.SuiteRunner.privateRun(SuiteRunner.java:291)
	at org.testng.SuiteRunner.run(SuiteRunner.java:240)
	at org.testng.SuiteRunnerWorker.runSuite(SuiteRunnerWorker.java:52)
	at org.testng.SuiteRunnerWorker.run(SuiteRunnerWorker.java:86)
	at org.testng.TestNG.runSuitesSequentially(TestNG.java:1224)
	at org.testng.TestNG.runSuitesLocally(TestNG.java:1149)
	at org.testng.TestNG.run(TestNG.java:1057)
	at org.apache.maven.surefire.testng.TestNGExecutor.run(TestNGExecutor.java:69)
	at org.apache.maven.surefire.testng.TestNGDirectoryTestSuite.executeMulti(TestNGDirectoryTestSuite.java:181)
	at org.apache.maven.surefire.testng.TestNGDirectoryTestSuite.execute(TestNGDirectoryTestSuite.java:99)
	at org.apache.maven.surefire.testng.TestNGProvider.invoke(TestNGProvider.java:113)
	at org.apache.maven.surefire.booter.ForkedBooter.invokeProviderInSameClassLoader(ForkedBooter.java:200)
	at org.apache.maven.surefire.booter.ForkedBooter.runSuitesInProcess(ForkedBooter.java:153)
	at org.apache.maven.surefire.booter.ForkedBooter.main(ForkedBooter.java:103)
</pre></div></td>
<td>0</td>
<td>org.j3d.geom.SpringGeneratorTest@b08f1ce</td></tr>
<tr>
<td title='org.j3d.geom.TorusGeneratorTest.testInvalidOuterFacetsConstructor()'><b>testInvalidOuterFacetsConstructor</b><br>Test class: org.j3d.geom.TorusGeneratorTest<br>Parameters: -5</td>
<td><div><pre>java.lang.IllegalArgumentException: Number of facets is &lt; 4
	at org.j3d.geom.TorusGenerator.&lt;init&gt;(TorusGenerator.java:134)
	at org.j3d.geom.TorusGenerator.&lt;init&gt;(TorusGenerator.java:118)
	at org.j3d.geom.TorusGeneratorTest.testInvalidOuterFacetsConstructor(TorusGeneratorTest.java:198)
... Removed 28 stack frames</pre></div><a href='#' onClick='toggleBox("stack-trace290850743", this, "Click to show all stack frames", "Click to hide stack frames")'>Click to show all stack frames</a>
<div class='stack-trace' id='stack-trace290850743'><pre>java.lang.IllegalArgumentException: Number of facets is &lt; 4
	at org.j3d.geom.TorusGenerator.&lt;init&gt;(TorusGenerator.java:134)
	at org.j3d.geom.TorusGenerator.&lt;init&gt;(TorusGenerator.java:118)
	at org.j3d.geom.TorusGeneratorTest.testInvalidOuterFacetsConstructor(TorusGeneratorTest.java:198)
	at sun.reflect.NativeMethodAccessorImpl.invoke0(Native Method)
	at sun.reflect.NativeMethodAccessorImpl.invoke(NativeMethodAccessorImpl.java:57)
	at sun.reflect.DelegatingMethodAccessorImpl.invoke(DelegatingMethodAccessorImpl.java:43)
	at java.lang.reflect.Method.invoke(Method.java:601)
	at org.testng.internal.MethodInvocationHelper.invokeMethod(MethodInvocationHelper.java:84)
	at org.testng.internal.Invoker.invokeMethod(Invoker.java:714)
	at org.testng.internal.Invoker.invokeTestMethod(Invoker.java:901)
	at org.testng.internal.Invoker.invokeTestMethods(Invoker.java:1231)
	at org.testng.internal.TestMethodWorker.invokeTestMethods(TestMethodWorker.java:127)
	at org.testng.internal.TestMethodWorker.run(TestMethodWorker.java:111)
	at org.testng.TestRunner.privateRun(TestRunner.java:767)
	at org.testng.TestRunner.run(TestRunner.java:617)
	at org.testng.SuiteRunner.runTest(SuiteRunner.java:334)
	at org.testng.SuiteRunner.runSequentially(SuiteRunner.java:329)
	at org.testng.SuiteRunner.privateRun(SuiteRunner.java:291)
	at org.testng.SuiteRunner.run(SuiteRunner.java:240)
	at org.testng.SuiteRunnerWorker.runSuite(SuiteRunnerWorker.java:52)
	at org.testng.SuiteRunnerWorker.run(SuiteRunnerWorker.java:86)
	at org.testng.TestNG.runSuitesSequentially(TestNG.java:1224)
	at org.testng.TestNG.runSuitesLocally(TestNG.java:1149)
	at org.testng.TestNG.run(TestNG.java:1057)
	at org.apache.maven.surefire.testng.TestNGExecutor.run(TestNGExecutor.java:69)
	at org.apache.maven.surefire.testng.TestNGDirectoryTestSuite.executeMulti(TestNGDirectoryTestSuite.java:181)
	at org.apache.maven.surefire.testng.TestNGDirectoryTestSuite.execute(TestNGDirectoryTestSuite.java:99)
	at org.apache.maven.surefire.testng.TestNGProvider.invoke(TestNGProvider.java:113)
	at org.apache.maven.surefire.booter.ForkedBooter.invokeProviderInSameClassLoader(ForkedBooter.java:200)
	at org.apache.maven.surefire.booter.ForkedBooter.runSuitesInProcess(ForkedBooter.java:153)
	at org.apache.maven.surefire.booter.ForkedBooter.main(ForkedBooter.java:103)
</pre></div></td>
<td>0</td>
<td>org.j3d.geom.TorusGeneratorTest@56f6fc62</td></tr>
<tr>
<td title='org.j3d.geom.TorusGeneratorTest.testInvalidOuterFacetsConstructor()'><b>testInvalidOuterFacetsConstructor</b><br>Test class: org.j3d.geom.TorusGeneratorTest<br>Parameters: 0</td>
<td><div><pre>java.lang.IllegalArgumentException: Number of facets is &lt; 4
	at org.j3d.geom.TorusGenerator.&lt;init&gt;(TorusGenerator.java:134)
	at org.j3d.geom.TorusGenerator.&lt;init&gt;(TorusGenerator.java:118)
	at org.j3d.geom.TorusGeneratorTest.testInvalidOuterFacetsConstructor(TorusGeneratorTest.java:198)
... Removed 28 stack frames</pre></div><a href='#' onClick='toggleBox("stack-trace655657029", this, "Click to show all stack frames", "Click to hide stack frames")'>Click to show all stack frames</a>
<div class='stack-trace' id='stack-trace655657029'><pre>java.lang.IllegalArgumentException: Number of facets is &lt; 4
	at org.j3d.geom.TorusGenerator.&lt;init&gt;(TorusGenerator.java:134)
	at org.j3d.geom.TorusGenerator.&lt;init&gt;(TorusGenerator.java:118)
	at org.j3d.geom.TorusGeneratorTest.testInvalidOuterFacetsConstructor(TorusGeneratorTest.java:198)
	at sun.reflect.NativeMethodAccessorImpl.invoke0(Native Method)
	at sun.reflect.NativeMethodAccessorImpl.invoke(NativeMethodAccessorImpl.java:57)
	at sun.reflect.DelegatingMethodAccessorImpl.invoke(DelegatingMethodAccessorImpl.java:43)
	at java.lang.reflect.Method.invoke(Method.java:601)
	at org.testng.internal.MethodInvocationHelper.invokeMethod(MethodInvocationHelper.java:84)
	at org.testng.internal.Invoker.invokeMethod(Invoker.java:714)
	at org.testng.internal.Invoker.invokeTestMethod(Invoker.java:901)
	at org.testng.internal.Invoker.invokeTestMethods(Invoker.java:1231)
	at org.testng.internal.TestMethodWorker.invokeTestMethods(TestMethodWorker.java:127)
	at org.testng.internal.TestMethodWorker.run(TestMethodWorker.java:111)
	at org.testng.TestRunner.privateRun(TestRunner.java:767)
	at org.testng.TestRunner.run(TestRunner.java:617)
	at org.testng.SuiteRunner.runTest(SuiteRunner.java:334)
	at org.testng.SuiteRunner.runSequentially(SuiteRunner.java:329)
	at org.testng.SuiteRunner.privateRun(SuiteRunner.java:291)
	at org.testng.SuiteRunner.run(SuiteRunner.java:240)
	at org.testng.SuiteRunnerWorker.runSuite(SuiteRunnerWorker.java:52)
	at org.testng.SuiteRunnerWorker.run(SuiteRunnerWorker.java:86)
	at org.testng.TestNG.runSuitesSequentially(TestNG.java:1224)
	at org.testng.TestNG.runSuitesLocally(TestNG.java:1149)
	at org.testng.TestNG.run(TestNG.java:1057)
	at org.apache.maven.surefire.testng.TestNGExecutor.run(TestNGExecutor.java:69)
	at org.apache.maven.surefire.testng.TestNGDirectoryTestSuite.executeMulti(TestNGDirectoryTestSuite.java:181)
	at org.apache.maven.surefire.testng.TestNGDirectoryTestSuite.execute(TestNGDirectoryTestSuite.java:99)
	at org.apache.maven.surefire.testng.TestNGProvider.invoke(TestNGProvider.java:113)
	at org.apache.maven.surefire.booter.ForkedBooter.invokeProviderInSameClassLoader(ForkedBooter.java:200)
	at org.apache.maven.surefire.booter.ForkedBooter.runSuitesInProcess(ForkedBooter.java:153)
	at org.apache.maven.surefire.booter.ForkedBooter.main(ForkedBooter.java:103)
</pre></div></td>
<td>0</td>
<td>org.j3d.geom.TorusGeneratorTest@56f6fc62</td></tr>
<tr>
<td title='org.j3d.geom.TorusGeneratorTest.testInvalidOuterFacetsConstructor()'><b>testInvalidOuterFacetsConstructor</b><br>Test class: org.j3d.geom.TorusGeneratorTest<br>Parameters: 2</td>
<td><div><pre>java.lang.IllegalArgumentException: Number of facets is &lt; 4
	at org.j3d.geom.TorusGenerator.&lt;init&gt;(TorusGenerator.java:134)
	at org.j3d.geom.TorusGenerator.&lt;init&gt;(TorusGenerator.java:118)
	at org.j3d.geom.TorusGeneratorTest.testInvalidOuterFacetsConstructor(TorusGeneratorTest.java:198)
... Removed 28 stack frames</pre></div><a href='#' onClick='toggleBox("stack-trace889093646", this, "Click to show all stack frames", "Click to hide stack frames")'>Click to show all stack frames</a>
<div class='stack-trace' id='stack-trace889093646'><pre>java.lang.IllegalArgumentException: Number of facets is &lt; 4
	at org.j3d.geom.TorusGenerator.&lt;init&gt;(TorusGenerator.java:134)
	at org.j3d.geom.TorusGenerator.&lt;init&gt;(TorusGenerator.java:118)
	at org.j3d.geom.TorusGeneratorTest.testInvalidOuterFacetsConstructor(TorusGeneratorTest.java:198)
	at sun.reflect.NativeMethodAccessorImpl.invoke0(Native Method)
	at sun.reflect.NativeMethodAccessorImpl.invoke(NativeMethodAccessorImpl.java:57)
	at sun.reflect.DelegatingMethodAccessorImpl.invoke(DelegatingMethodAccessorImpl.java:43)
	at java.lang.reflect.Method.invoke(Method.java:601)
	at org.testng.internal.MethodInvocationHelper.invokeMethod(MethodInvocationHelper.java:84)
	at org.testng.internal.Invoker.invokeMethod(Invoker.java:714)
	at org.testng.internal.Invoker.invokeTestMethod(Invoker.java:901)
	at org.testng.internal.Invoker.invokeTestMethods(Invoker.java:1231)
	at org.testng.internal.TestMethodWorker.invokeTestMethods(TestMethodWorker.java:127)
	at org.testng.internal.TestMethodWorker.run(TestMethodWorker.java:111)
	at org.testng.TestRunner.privateRun(TestRunner.java:767)
	at org.testng.TestRunner.run(TestRunner.java:617)
	at org.testng.SuiteRunner.runTest(SuiteRunner.java:334)
	at org.testng.SuiteRunner.runSequentially(SuiteRunner.java:329)
	at org.testng.SuiteRunner.privateRun(SuiteRunner.java:291)
	at org.testng.SuiteRunner.run(SuiteRunner.java:240)
	at org.testng.SuiteRunnerWorker.runSuite(SuiteRunnerWorker.java:52)
	at org.testng.SuiteRunnerWorker.run(SuiteRunnerWorker.java:86)
	at org.testng.TestNG.runSuitesSequentially(TestNG.java:1224)
	at org.testng.TestNG.runSuitesLocally(TestNG.java:1149)
	at org.testng.TestNG.run(TestNG.java:1057)
	at org.apache.maven.surefire.testng.TestNGExecutor.run(TestNGExecutor.java:69)
	at org.apache.maven.surefire.testng.TestNGDirectoryTestSuite.executeMulti(TestNGDirectoryTestSuite.java:181)
	at org.apache.maven.surefire.testng.TestNGDirectoryTestSuite.execute(TestNGDirectoryTestSuite.java:99)
	at org.apache.maven.surefire.testng.TestNGProvider.invoke(TestNGProvider.java:113)
	at org.apache.maven.surefire.booter.ForkedBooter.invokeProviderInSameClassLoader(ForkedBooter.java:200)
	at org.apache.maven.surefire.booter.ForkedBooter.runSuitesInProcess(ForkedBooter.java:153)
	at org.apache.maven.surefire.booter.ForkedBooter.main(ForkedBooter.java:103)
</pre></div></td>
<td>0</td>
<td>org.j3d.geom.TorusGeneratorTest@56f6fc62</td></tr>
<tr>
<td title='org.j3d.geom.SpringGeneratorTest.testInvalidOuterFacetsSetter()'><b>testInvalidOuterFacetsSetter</b><br>Test class: org.j3d.geom.SpringGeneratorTest<br>Parameters: -5</td>
<td><div><pre>java.lang.IllegalArgumentException: Number of facets is &lt; 4
	at org.j3d.geom.SpringGenerator.setFacetCount(SpringGenerator.java:300)
	at org.j3d.geom.SpringGeneratorTest.testInvalidOuterFacetsSetter(SpringGeneratorTest.java:237)
... Removed 28 stack frames</pre></div><a href='#' onClick='toggleBox("stack-trace88481498", this, "Click to show all stack frames", "Click to hide stack frames")'>Click to show all stack frames</a>
<div class='stack-trace' id='stack-trace88481498'><pre>java.lang.IllegalArgumentException: Number of facets is &lt; 4
	at org.j3d.geom.SpringGenerator.setFacetCount(SpringGenerator.java:300)
	at org.j3d.geom.SpringGeneratorTest.testInvalidOuterFacetsSetter(SpringGeneratorTest.java:237)
	at sun.reflect.NativeMethodAccessorImpl.invoke0(Native Method)
	at sun.reflect.NativeMethodAccessorImpl.invoke(NativeMethodAccessorImpl.java:57)
	at sun.reflect.DelegatingMethodAccessorImpl.invoke(DelegatingMethodAccessorImpl.java:43)
	at java.lang.reflect.Method.invoke(Method.java:601)
	at org.testng.internal.MethodInvocationHelper.invokeMethod(MethodInvocationHelper.java:84)
	at org.testng.internal.Invoker.invokeMethod(Invoker.java:714)
	at org.testng.internal.Invoker.invokeTestMethod(Invoker.java:901)
	at org.testng.internal.Invoker.invokeTestMethods(Invoker.java:1231)
	at org.testng.internal.TestMethodWorker.invokeTestMethods(TestMethodWorker.java:127)
	at org.testng.internal.TestMethodWorker.run(TestMethodWorker.java:111)
	at org.testng.TestRunner.privateRun(TestRunner.java:767)
	at org.testng.TestRunner.run(TestRunner.java:617)
	at org.testng.SuiteRunner.runTest(SuiteRunner.java:334)
	at org.testng.SuiteRunner.runSequentially(SuiteRunner.java:329)
	at org.testng.SuiteRunner.privateRun(SuiteRunner.java:291)
	at org.testng.SuiteRunner.run(SuiteRunner.java:240)
	at org.testng.SuiteRunnerWorker.runSuite(SuiteRunnerWorker.java:52)
	at org.testng.SuiteRunnerWorker.run(SuiteRunnerWorker.java:86)
	at org.testng.TestNG.runSuitesSequentially(TestNG.java:1224)
	at org.testng.TestNG.runSuitesLocally(TestNG.java:1149)
	at org.testng.TestNG.run(TestNG.java:1057)
	at org.apache.maven.surefire.testng.TestNGExecutor.run(TestNGExecutor.java:69)
	at org.apache.maven.surefire.testng.TestNGDirectoryTestSuite.executeMulti(TestNGDirectoryTestSuite.java:181)
	at org.apache.maven.surefire.testng.TestNGDirectoryTestSuite.execute(TestNGDirectoryTestSuite.java:99)
	at org.apache.maven.surefire.testng.TestNGProvider.invoke(TestNGProvider.java:113)
	at org.apache.maven.surefire.booter.ForkedBooter.invokeProviderInSameClassLoader(ForkedBooter.java:200)
	at org.apache.maven.surefire.booter.ForkedBooter.runSuitesInProcess(ForkedBooter.java:153)
	at org.apache.maven.surefire.booter.ForkedBooter.main(ForkedBooter.java:103)
</pre></div></td>
<td>0</td>
<td>org.j3d.geom.SpringGeneratorTest@b08f1ce</td></tr>
<tr>
<td title='org.j3d.geom.SpringGeneratorTest.testInvalidOuterFacetsSetter()'><b>testInvalidOuterFacetsSetter</b><br>Test class: org.j3d.geom.SpringGeneratorTest<br>Parameters: 0</td>
<td><div><pre>java.lang.IllegalArgumentException: Number of facets is &lt; 4
	at org.j3d.geom.SpringGenerator.setFacetCount(SpringGenerator.java:300)
	at org.j3d.geom.SpringGeneratorTest.testInvalidOuterFacetsSetter(SpringGeneratorTest.java:237)
... Removed 28 stack frames</pre></div><a href='#' onClick='toggleBox("stack-trace1049853162", this, "Click to show all stack frames", "Click to hide stack frames")'>Click to show all stack frames</a>
<div class='stack-trace' id='stack-trace1049853162'><pre>java.lang.IllegalArgumentException: Number of facets is &lt; 4
	at org.j3d.geom.SpringGenerator.setFacetCount(SpringGenerator.java:300)
	at org.j3d.geom.SpringGeneratorTest.testInvalidOuterFacetsSetter(SpringGeneratorTest.java:237)
	at sun.reflect.NativeMethodAccessorImpl.invoke0(Native Method)
	at sun.reflect.NativeMethodAccessorImpl.invoke(NativeMethodAccessorImpl.java:57)
	at sun.reflect.DelegatingMethodAccessorImpl.invoke(DelegatingMethodAccessorImpl.java:43)
	at java.lang.reflect.Method.invoke(Method.java:601)
	at org.testng.internal.MethodInvocationHelper.invokeMethod(MethodInvocationHelper.java:84)
	at org.testng.internal.Invoker.invokeMethod(Invoker.java:714)
	at org.testng.internal.Invoker.invokeTestMethod(Invoker.java:901)
	at org.testng.internal.Invoker.invokeTestMethods(Invoker.java:1231)
	at org.testng.internal.TestMethodWorker.invokeTestMethods(TestMethodWorker.java:127)
	at org.testng.internal.TestMethodWorker.run(TestMethodWorker.java:111)
	at org.testng.TestRunner.privateRun(TestRunner.java:767)
	at org.testng.TestRunner.run(TestRunner.java:617)
	at org.testng.SuiteRunner.runTest(SuiteRunner.java:334)
	at org.testng.SuiteRunner.runSequentially(SuiteRunner.java:329)
	at org.testng.SuiteRunner.privateRun(SuiteRunner.java:291)
	at org.testng.SuiteRunner.run(SuiteRunner.java:240)
	at org.testng.SuiteRunnerWorker.runSuite(SuiteRunnerWorker.java:52)
	at org.testng.SuiteRunnerWorker.run(SuiteRunnerWorker.java:86)
	at org.testng.TestNG.runSuitesSequentially(TestNG.java:1224)
	at org.testng.TestNG.runSuitesLocally(TestNG.java:1149)
	at org.testng.TestNG.run(TestNG.java:1057)
	at org.apache.maven.surefire.testng.TestNGExecutor.run(TestNGExecutor.java:69)
	at org.apache.maven.surefire.testng.TestNGDirectoryTestSuite.executeMulti(TestNGDirectoryTestSuite.java:181)
	at org.apache.maven.surefire.testng.TestNGDirectoryTestSuite.execute(TestNGDirectoryTestSuite.java:99)
	at org.apache.maven.surefire.testng.TestNGProvider.invoke(TestNGProvider.java:113)
	at org.apache.maven.surefire.booter.ForkedBooter.invokeProviderInSameClassLoader(ForkedBooter.java:200)
	at org.apache.maven.surefire.booter.ForkedBooter.runSuitesInProcess(ForkedBooter.java:153)
	at org.apache.maven.surefire.booter.ForkedBooter.main(ForkedBooter.java:103)
</pre></div></td>
<td>0</td>
<td>org.j3d.geom.SpringGeneratorTest@b08f1ce</td></tr>
<tr>
<td title='org.j3d.geom.SpringGeneratorTest.testInvalidOuterFacetsSetter()'><b>testInvalidOuterFacetsSetter</b><br>Test class: org.j3d.geom.SpringGeneratorTest<br>Parameters: 2</td>
<td><div><pre>java.lang.IllegalArgumentException: Number of facets is &lt; 4
	at org.j3d.geom.SpringGenerator.setFacetCount(SpringGenerator.java:300)
	at org.j3d.geom.SpringGeneratorTest.testInvalidOuterFacetsSetter(SpringGeneratorTest.java:237)
... Removed 28 stack frames</pre></div><a href='#' onClick='toggleBox("stack-trace1156449982", this, "Click to show all stack frames", "Click to hide stack frames")'>Click to show all stack frames</a>
<div class='stack-trace' id='stack-trace1156449982'><pre>java.lang.IllegalArgumentException: Number of facets is &lt; 4
	at org.j3d.geom.SpringGenerator.setFacetCount(SpringGenerator.java:300)
	at org.j3d.geom.SpringGeneratorTest.testInvalidOuterFacetsSetter(SpringGeneratorTest.java:237)
	at sun.reflect.NativeMethodAccessorImpl.invoke0(Native Method)
	at sun.reflect.NativeMethodAccessorImpl.invoke(NativeMethodAccessorImpl.java:57)
	at sun.reflect.DelegatingMethodAccessorImpl.invoke(DelegatingMethodAccessorImpl.java:43)
	at java.lang.reflect.Method.invoke(Method.java:601)
	at org.testng.internal.MethodInvocationHelper.invokeMethod(MethodInvocationHelper.java:84)
	at org.testng.internal.Invoker.invokeMethod(Invoker.java:714)
	at org.testng.internal.Invoker.invokeTestMethod(Invoker.java:901)
	at org.testng.internal.Invoker.invokeTestMethods(Invoker.java:1231)
	at org.testng.internal.TestMethodWorker.invokeTestMethods(TestMethodWorker.java:127)
	at org.testng.internal.TestMethodWorker.run(TestMethodWorker.java:111)
	at org.testng.TestRunner.privateRun(TestRunner.java:767)
	at org.testng.TestRunner.run(TestRunner.java:617)
	at org.testng.SuiteRunner.runTest(SuiteRunner.java:334)
	at org.testng.SuiteRunner.runSequentially(SuiteRunner.java:329)
	at org.testng.SuiteRunner.privateRun(SuiteRunner.java:291)
	at org.testng.SuiteRunner.run(SuiteRunner.java:240)
	at org.testng.SuiteRunnerWorker.runSuite(SuiteRunnerWorker.java:52)
	at org.testng.SuiteRunnerWorker.run(SuiteRunnerWorker.java:86)
	at org.testng.TestNG.runSuitesSequentially(TestNG.java:1224)
	at org.testng.TestNG.runSuitesLocally(TestNG.java:1149)
	at org.testng.TestNG.run(TestNG.java:1057)
	at org.apache.maven.surefire.testng.TestNGExecutor.run(TestNGExecutor.java:69)
	at org.apache.maven.surefire.testng.TestNGDirectoryTestSuite.executeMulti(TestNGDirectoryTestSuite.java:181)
	at org.apache.maven.surefire.testng.TestNGDirectoryTestSuite.execute(TestNGDirectoryTestSuite.java:99)
	at org.apache.maven.surefire.testng.TestNGProvider.invoke(TestNGProvider.java:113)
	at org.apache.maven.surefire.booter.ForkedBooter.invokeProviderInSameClassLoader(ForkedBooter.java:200)
	at org.apache.maven.surefire.booter.ForkedBooter.runSuitesInProcess(ForkedBooter.java:153)
	at org.apache.maven.surefire.booter.ForkedBooter.main(ForkedBooter.java:103)
</pre></div></td>
<td>0</td>
<td>org.j3d.geom.SpringGeneratorTest@b08f1ce</td></tr>
<tr>
<td title='org.j3d.geom.TorusGeneratorTest.testInvalidOuterFacetsSetter()'><b>testInvalidOuterFacetsSetter</b><br>Test class: org.j3d.geom.TorusGeneratorTest<br>Parameters: -5</td>
<td><div><pre>java.lang.IllegalArgumentException: Number of facets is &lt; 4
	at org.j3d.geom.TorusGenerator.setFacetCount(TorusGenerator.java:191)
	at org.j3d.geom.TorusGeneratorTest.testInvalidOuterFacetsSetter(TorusGeneratorTest.java:205)
... Removed 28 stack frames</pre></div><a href='#' onClick='toggleBox("stack-trace805692496", this, "Click to show all stack frames", "Click to hide stack frames")'>Click to show all stack frames</a>
<div class='stack-trace' id='stack-trace805692496'><pre>java.lang.IllegalArgumentException: Number of facets is &lt; 4
	at org.j3d.geom.TorusGenerator.setFacetCount(TorusGenerator.java:191)
	at org.j3d.geom.TorusGeneratorTest.testInvalidOuterFacetsSetter(TorusGeneratorTest.java:205)
	at sun.reflect.NativeMethodAccessorImpl.invoke0(Native Method)
	at sun.reflect.NativeMethodAccessorImpl.invoke(NativeMethodAccessorImpl.java:57)
	at sun.reflect.DelegatingMethodAccessorImpl.invoke(DelegatingMethodAccessorImpl.java:43)
	at java.lang.reflect.Method.invoke(Method.java:601)
	at org.testng.internal.MethodInvocationHelper.invokeMethod(MethodInvocationHelper.java:84)
	at org.testng.internal.Invoker.invokeMethod(Invoker.java:714)
	at org.testng.internal.Invoker.invokeTestMethod(Invoker.java:901)
	at org.testng.internal.Invoker.invokeTestMethods(Invoker.java:1231)
	at org.testng.internal.TestMethodWorker.invokeTestMethods(TestMethodWorker.java:127)
	at org.testng.internal.TestMethodWorker.run(TestMethodWorker.java:111)
	at org.testng.TestRunner.privateRun(TestRunner.java:767)
	at org.testng.TestRunner.run(TestRunner.java:617)
	at org.testng.SuiteRunner.runTest(SuiteRunner.java:334)
	at org.testng.SuiteRunner.runSequentially(SuiteRunner.java:329)
	at org.testng.SuiteRunner.privateRun(SuiteRunner.java:291)
	at org.testng.SuiteRunner.run(SuiteRunner.java:240)
	at org.testng.SuiteRunnerWorker.runSuite(SuiteRunnerWorker.java:52)
	at org.testng.SuiteRunnerWorker.run(SuiteRunnerWorker.java:86)
	at org.testng.TestNG.runSuitesSequentially(TestNG.java:1224)
	at org.testng.TestNG.runSuitesLocally(TestNG.java:1149)
	at org.testng.TestNG.run(TestNG.java:1057)
	at org.apache.maven.surefire.testng.TestNGExecutor.run(TestNGExecutor.java:69)
	at org.apache.maven.surefire.testng.TestNGDirectoryTestSuite.executeMulti(TestNGDirectoryTestSuite.java:181)
	at org.apache.maven.surefire.testng.TestNGDirectoryTestSuite.execute(TestNGDirectoryTestSuite.java:99)
	at org.apache.maven.surefire.testng.TestNGProvider.invoke(TestNGProvider.java:113)
	at org.apache.maven.surefire.booter.ForkedBooter.invokeProviderInSameClassLoader(ForkedBooter.java:200)
	at org.apache.maven.surefire.booter.ForkedBooter.runSuitesInProcess(ForkedBooter.java:153)
	at org.apache.maven.surefire.booter.ForkedBooter.main(ForkedBooter.java:103)
</pre></div></td>
<td>0</td>
<td>org.j3d.geom.TorusGeneratorTest@56f6fc62</td></tr>
<tr>
<td title='org.j3d.geom.TorusGeneratorTest.testInvalidOuterFacetsSetter()'><b>testInvalidOuterFacetsSetter</b><br>Test class: org.j3d.geom.TorusGeneratorTest<br>Parameters: 0</td>
<td><div><pre>java.lang.IllegalArgumentException: Number of facets is &lt; 4
	at org.j3d.geom.TorusGenerator.setFacetCount(TorusGenerator.java:191)
	at org.j3d.geom.TorusGeneratorTest.testInvalidOuterFacetsSetter(TorusGeneratorTest.java:205)
... Removed 28 stack frames</pre></div><a href='#' onClick='toggleBox("stack-trace1389385937", this, "Click to show all stack frames", "Click to hide stack frames")'>Click to show all stack frames</a>
<div class='stack-trace' id='stack-trace1389385937'><pre>java.lang.IllegalArgumentException: Number of facets is &lt; 4
	at org.j3d.geom.TorusGenerator.setFacetCount(TorusGenerator.java:191)
	at org.j3d.geom.TorusGeneratorTest.testInvalidOuterFacetsSetter(TorusGeneratorTest.java:205)
	at sun.reflect.NativeMethodAccessorImpl.invoke0(Native Method)
	at sun.reflect.NativeMethodAccessorImpl.invoke(NativeMethodAccessorImpl.java:57)
	at sun.reflect.DelegatingMethodAccessorImpl.invoke(DelegatingMethodAccessorImpl.java:43)
	at java.lang.reflect.Method.invoke(Method.java:601)
	at org.testng.internal.MethodInvocationHelper.invokeMethod(MethodInvocationHelper.java:84)
	at org.testng.internal.Invoker.invokeMethod(Invoker.java:714)
	at org.testng.internal.Invoker.invokeTestMethod(Invoker.java:901)
	at org.testng.internal.Invoker.invokeTestMethods(Invoker.java:1231)
	at org.testng.internal.TestMethodWorker.invokeTestMethods(TestMethodWorker.java:127)
	at org.testng.internal.TestMethodWorker.run(TestMethodWorker.java:111)
	at org.testng.TestRunner.privateRun(TestRunner.java:767)
	at org.testng.TestRunner.run(TestRunner.java:617)
	at org.testng.SuiteRunner.runTest(SuiteRunner.java:334)
	at org.testng.SuiteRunner.runSequentially(SuiteRunner.java:329)
	at org.testng.SuiteRunner.privateRun(SuiteRunner.java:291)
	at org.testng.SuiteRunner.run(SuiteRunner.java:240)
	at org.testng.SuiteRunnerWorker.runSuite(SuiteRunnerWorker.java:52)
	at org.testng.SuiteRunnerWorker.run(SuiteRunnerWorker.java:86)
	at org.testng.TestNG.runSuitesSequentially(TestNG.java:1224)
	at org.testng.TestNG.runSuitesLocally(TestNG.java:1149)
	at org.testng.TestNG.run(TestNG.java:1057)
	at org.apache.maven.surefire.testng.TestNGExecutor.run(TestNGExecutor.java:69)
	at org.apache.maven.surefire.testng.TestNGDirectoryTestSuite.executeMulti(TestNGDirectoryTestSuite.java:181)
	at org.apache.maven.surefire.testng.TestNGDirectoryTestSuite.execute(TestNGDirectoryTestSuite.java:99)
	at org.apache.maven.surefire.testng.TestNGProvider.invoke(TestNGProvider.java:113)
	at org.apache.maven.surefire.booter.ForkedBooter.invokeProviderInSameClassLoader(ForkedBooter.java:200)
	at org.apache.maven.surefire.booter.ForkedBooter.runSuitesInProcess(ForkedBooter.java:153)
	at org.apache.maven.surefire.booter.ForkedBooter.main(ForkedBooter.java:103)
</pre></div></td>
<td>0</td>
<td>org.j3d.geom.TorusGeneratorTest@56f6fc62</td></tr>
<tr>
<td title='org.j3d.geom.TorusGeneratorTest.testInvalidOuterFacetsSetter()'><b>testInvalidOuterFacetsSetter</b><br>Test class: org.j3d.geom.TorusGeneratorTest<br>Parameters: 2</td>
<td><div><pre>java.lang.IllegalArgumentException: Number of facets is &lt; 4
	at org.j3d.geom.TorusGenerator.setFacetCount(TorusGenerator.java:191)
	at org.j3d.geom.TorusGeneratorTest.testInvalidOuterFacetsSetter(TorusGeneratorTest.java:205)
... Removed 28 stack frames</pre></div><a href='#' onClick='toggleBox("stack-trace1819749328", this, "Click to show all stack frames", "Click to hide stack frames")'>Click to show all stack frames</a>
<div class='stack-trace' id='stack-trace1819749328'><pre>java.lang.IllegalArgumentException: Number of facets is &lt; 4
	at org.j3d.geom.TorusGenerator.setFacetCount(TorusGenerator.java:191)
	at org.j3d.geom.TorusGeneratorTest.testInvalidOuterFacetsSetter(TorusGeneratorTest.java:205)
	at sun.reflect.NativeMethodAccessorImpl.invoke0(Native Method)
	at sun.reflect.NativeMethodAccessorImpl.invoke(NativeMethodAccessorImpl.java:57)
	at sun.reflect.DelegatingMethodAccessorImpl.invoke(DelegatingMethodAccessorImpl.java:43)
	at java.lang.reflect.Method.invoke(Method.java:601)
	at org.testng.internal.MethodInvocationHelper.invokeMethod(MethodInvocationHelper.java:84)
	at org.testng.internal.Invoker.invokeMethod(Invoker.java:714)
	at org.testng.internal.Invoker.invokeTestMethod(Invoker.java:901)
	at org.testng.internal.Invoker.invokeTestMethods(Invoker.java:1231)
	at org.testng.internal.TestMethodWorker.invokeTestMethods(TestMethodWorker.java:127)
	at org.testng.internal.TestMethodWorker.run(TestMethodWorker.java:111)
	at org.testng.TestRunner.privateRun(TestRunner.java:767)
	at org.testng.TestRunner.run(TestRunner.java:617)
	at org.testng.SuiteRunner.runTest(SuiteRunner.java:334)
	at org.testng.SuiteRunner.runSequentially(SuiteRunner.java:329)
	at org.testng.SuiteRunner.privateRun(SuiteRunner.java:291)
	at org.testng.SuiteRunner.run(SuiteRunner.java:240)
	at org.testng.SuiteRunnerWorker.runSuite(SuiteRunnerWorker.java:52)
	at org.testng.SuiteRunnerWorker.run(SuiteRunnerWorker.java:86)
	at org.testng.TestNG.runSuitesSequentially(TestNG.java:1224)
	at org.testng.TestNG.runSuitesLocally(TestNG.java:1149)
	at org.testng.TestNG.run(TestNG.java:1057)
	at org.apache.maven.surefire.testng.TestNGExecutor.run(TestNGExecutor.java:69)
	at org.apache.maven.surefire.testng.TestNGDirectoryTestSuite.executeMulti(TestNGDirectoryTestSuite.java:181)
	at org.apache.maven.surefire.testng.TestNGDirectoryTestSuite.execute(TestNGDirectoryTestSuite.java:99)
	at org.apache.maven.surefire.testng.TestNGProvider.invoke(TestNGProvider.java:113)
	at org.apache.maven.surefire.booter.ForkedBooter.invokeProviderInSameClassLoader(ForkedBooter.java:200)
	at org.apache.maven.surefire.booter.ForkedBooter.runSuitesInProcess(ForkedBooter.java:153)
	at org.apache.maven.surefire.booter.ForkedBooter.main(ForkedBooter.java:103)
</pre></div></td>
<td>0</td>
<td>org.j3d.geom.TorusGeneratorTest@56f6fc62</td></tr>
<tr>
<td title='org.j3d.geom.BoxGeneratorTest.testNormalArray()'><b>testNormalArray</b><br>Test class: org.j3d.geom.BoxGeneratorTest</td>
<td></td>
<td>0</td>
<td>org.j3d.geom.BoxGeneratorTest@55d69fa3</td></tr>
<tr>
<td title='org.j3d.geom.ConeGeneratorTest.testNormalArray()'><b>testNormalArray</b><br>Test class: org.j3d.geom.ConeGeneratorTest</td>
<td></td>
<td>0</td>
<td>org.j3d.geom.ConeGeneratorTest@7d8ab25b</td></tr>
<tr>
<td title='org.j3d.geom.CylinderGeneratorTest.testNormalArray()'><b>testNormalArray</b><br>Test class: org.j3d.geom.CylinderGeneratorTest</td>
<td></td>
<td>0</td>
<td>org.j3d.geom.CylinderGeneratorTest@748ff9a7</td></tr>
<tr>
<td title='org.j3d.geom.SphereGeneratorTest.testNormalArray()'><b>testNormalArray</b><br>Test class: org.j3d.geom.SphereGeneratorTest</td>
<td></td>
<td>0</td>
<td>org.j3d.geom.SphereGeneratorTest@184f7eba</td></tr>
<tr>
<td title='org.j3d.geom.SpringGeneratorTest.testNormalArray()'><b>testNormalArray</b><br>Test class: org.j3d.geom.SpringGeneratorTest</td>
<td></td>
<td>0</td>
<td>org.j3d.geom.SpringGeneratorTest@b08f1ce</td></tr>
<tr>
<td title='org.j3d.geom.TorusGeneratorTest.testNormalArray()'><b>testNormalArray</b><br>Test class: org.j3d.geom.TorusGeneratorTest</td>
<td></td>
<td>0</td>
<td>org.j3d.geom.TorusGeneratorTest@56f6fc62</td></tr>
<tr>
<td title='org.j3d.geom.ConeGeneratorTest.testValidFacets()'><b>testValidFacets</b><br>Test class: org.j3d.geom.ConeGeneratorTest</td>
<td></td>
<td>0</td>
<td>org.j3d.geom.ConeGeneratorTest@7d8ab25b</td></tr>
<tr>
<td title='org.j3d.geom.CylinderGeneratorTest.testValidFacets()'><b>testValidFacets</b><br>Test class: org.j3d.geom.CylinderGeneratorTest</td>
<td></td>
<td>0</td>
<td>org.j3d.geom.CylinderGeneratorTest@748ff9a7</td></tr>
<tr>
<td title='org.j3d.geom.SphereGeneratorTest.testValidFacets()'><b>testValidFacets</b><br>Test class: org.j3d.geom.SphereGeneratorTest</td>
<td></td>
<td>0</td>
<td>org.j3d.geom.SphereGeneratorTest@184f7eba</td></tr>
<tr>
<td title='org.j3d.geom.SpringGeneratorTest.testValidFacets()'><b>testValidFacets</b><br>Test class: org.j3d.geom.SpringGeneratorTest</td>
<td></td>
<td>0</td>
<td>org.j3d.geom.SpringGeneratorTest@b08f1ce</td></tr>
<tr>
<td title='org.j3d.geom.TorusGeneratorTest.testValidFacets()'><b>testValidFacets</b><br>Test class: org.j3d.geom.TorusGeneratorTest</td>
<td></td>
<td>0</td>
<td>org.j3d.geom.TorusGeneratorTest@56f6fc62</td></tr>
</table><p>
</body>
</html>