<html>
<head>
<title>TestNG:  Command line test</title>
<link href="../testng.css" rel="stylesheet" type="text/css" />
<link href="../my-testng.css" rel="stylesheet" type="text/css" />

<style type="text/css">
.log { display: none;} 
.stack-trace { display: none;} 
</style>
<script type="text/javascript">
<!--
function flip(e) {
  current = e.style.display;
  if (current == 'block') {
    e.style.display = 'none';
    return 0;
  }
  else {
    e.style.display = 'block';
    return 1;
  }
}

function toggleBox(szDivId, elem, msg1, msg2)
{
  var res = -1;  if (document.getElementById) {
    res = flip(document.getElementById(szDivId));
  }
  else if (document.all) {
    // this is the way old msie versions work
    res = flip(document.all[szDivId]);
  }
  if(elem) {
    if(res == 0) elem.innerHTML = msg1; else elem.innerHTML = msg2;
  }

}

function toggleAllBoxes() {
  if (document.getElementsByTagName) {
    d = document.getElementsByTagName('div');
    for (i = 0; i < d.length; i++) {
      if (d[i].className == 'log') {
        flip(d[i]);
      }
    }
  }
}

// -->
</script>

</head>
<body>
<h2 align='center'>Command line test</h2><table border='1' align="center">
<tr>
<td>Tests passed/Failed/Skipped:</td><td>255/0/0</td>
</tr><tr>
<td>Started on:</td><td>Mon Dec 23 22:46:10 EST 2013</td>
</tr>
<tr><td>Total time:</td><td>0 seconds (170 ms)</td>
</tr><tr>
<td>Included groups:</td><td></td>
</tr><tr>
<td>Excluded groups:</td><td></td>
</tr>
</table><p/>
<small><i>(Hover the method name to see the test class name)</i></small><p/>
<table width='100%' border='1' class='invocation-passed'>
<tr><td colspan='4' align='center'><b>PASSED TESTS</b></td></tr>
<tr><td><b>Test method</b></td>
<td width="30%"><b>Exception</b></td>
<td width="10%"><b>Time (seconds)</b></td>
<td><b>Instance</b></td>
</tr>
<tr>
<td title='org.j3d.maths.vector.Vector3dTest.testAddPoint()'><b>testAddPoint</b><br>Test class: org.j3d.maths.vector.Vector3dTest<br>Parameters: [Ljava.lang.Double;@a62e15c, [Ljava.lang.Double;@61b96457, [Ljava.lang.Double;@526abde0</td>
<td></td>
<td>0</td>
<td>org.j3d.maths.vector.Vector3dTest@29557211</td></tr>
<tr>
<td title='org.j3d.maths.vector.Vector3dTest.testAddPoint()'><b>testAddPoint</b><br>Test class: org.j3d.maths.vector.Vector3dTest<br>Parameters: [Ljava.lang.Double;@5dd7e765, [Ljava.lang.Double;@998c805, [Ljava.lang.Double;@d73c52f</td>
<td></td>
<td>0</td>
<td>org.j3d.maths.vector.Vector3dTest@29557211</td></tr>
<tr>
<td title='org.j3d.maths.vector.Vector3dTest.testAddPoint()'><b>testAddPoint</b><br>Test class: org.j3d.maths.vector.Vector3dTest<br>Parameters: [Ljava.lang.Double;@2b96978f, [Ljava.lang.Double;@2bb843a4, [Ljava.lang.Double;@4e60da68</td>
<td></td>
<td>0</td>
<td>org.j3d.maths.vector.Vector3dTest@29557211</td></tr>
<tr>
<td title='org.j3d.maths.vector.Vector3dTest.testAddPoint()'><b>testAddPoint</b><br>Test class: org.j3d.maths.vector.Vector3dTest<br>Parameters: [Ljava.lang.Double;@38a30a0b, [Ljava.lang.Double;@57e87539, [Ljava.lang.Double;@5e681e45</td>
<td></td>
<td>0</td>
<td>org.j3d.maths.vector.Vector3dTest@29557211</td></tr>
<tr>
<td title='org.j3d.maths.vector.Vector3dTest.testAddPoint()'><b>testAddPoint</b><br>Test class: org.j3d.maths.vector.Vector3dTest<br>Parameters: [Ljava.lang.Double;@59b746f, [Ljava.lang.Double;@20f92649, [Ljava.lang.Double;@45409388</td>
<td></td>
<td>0</td>
<td>org.j3d.maths.vector.Vector3dTest@29557211</td></tr>
<tr>
<td title='org.j3d.maths.vector.Vector3dTest.testAddPoint()'><b>testAddPoint</b><br>Test class: org.j3d.maths.vector.Vector3dTest<br>Parameters: [Ljava.lang.Double;@1295e93d, [Ljava.lang.Double;@3003ad53, [Ljava.lang.Double;@41683cc5</td>
<td></td>
<td>0</td>
<td>org.j3d.maths.vector.Vector3dTest@29557211</td></tr>
<tr>
<td title='org.j3d.maths.vector.Vector3dTest.testAddPoint()'><b>testAddPoint</b><br>Test class: org.j3d.maths.vector.Vector3dTest<br>Parameters: [Ljava.lang.Double;@226dcb0f, [Ljava.lang.Double;@562e5771, [Ljava.lang.Double;@7c6ee7ea</td>
<td></td>
<td>0</td>
<td>org.j3d.maths.vector.Vector3dTest@29557211</td></tr>
<tr>
<td title='org.j3d.maths.vector.Vector3dTest.testAddPoint()'><b>testAddPoint</b><br>Test class: org.j3d.maths.vector.Vector3dTest<br>Parameters: [Ljava.lang.Double;@553bf378, [Ljava.lang.Double;@52ed76ff, [Ljava.lang.Double;@641f89e1</td>
<td></td>
<td>0</td>
<td>org.j3d.maths.vector.Vector3dTest@29557211</td></tr>
<tr>
<td title='org.j3d.maths.vector.Vector3dTest.testAddPoint()'><b>testAddPoint</b><br>Test class: org.j3d.maths.vector.Vector3dTest<br>Parameters: [Ljava.lang.Double;@52954621, [Ljava.lang.Double;@462f4ae2, [Ljava.lang.Double;@4add5f6d</td>
<td></td>
<td>0</td>
<td>org.j3d.maths.vector.Vector3dTest@29557211</td></tr>
<tr>
<td title='org.j3d.maths.vector.Vector3dTest.testAddPointV1Null()'><b>testAddPointV1Null</b><br>Test class: org.j3d.maths.vector.Vector3dTest</td>
<td><div><pre>java.lang.IllegalArgumentException: First point cannot be null in add
	at org.j3d.maths.vector.Vector3d.add(Vector3d.java:146)
	at org.j3d.maths.vector.Vector3dTest.testAddPointV1Null(Vector3dTest.java:288)
... Removed 28 stack frames</pre></div><a href='#' onClick='toggleBox("stack-trace1583315331", this, "Click to show all stack frames", "Click to hide stack frames")'>Click to show all stack frames</a>
<div class='stack-trace' id='stack-trace1583315331'><pre>java.lang.IllegalArgumentException: First point cannot be null in add
	at org.j3d.maths.vector.Vector3d.add(Vector3d.java:146)
	at org.j3d.maths.vector.Vector3dTest.testAddPointV1Null(Vector3dTest.java:288)
	at sun.reflect.NativeMethodAccessorImpl.invoke0(Native Method)
	at sun.reflect.NativeMethodAccessorImpl.invoke(NativeMethodAccessorImpl.java:57)
	at sun.reflect.DelegatingMethodAccessorImpl.invoke(DelegatingMethodAccessorImpl.java:43)
	at java.lang.reflect.Method.invoke(Method.java:601)
	at org.testng.internal.MethodInvocationHelper.invokeMethod(MethodInvocationHelper.java:84)
	at org.testng.internal.Invoker.invokeMethod(Invoker.java:714)
	at org.testng.internal.Invoker.invokeTestMethod(Invoker.java:901)
	at org.testng.internal.Invoker.invokeTestMethods(Invoker.java:1231)
	at org.testng.internal.TestMethodWorker.invokeTestMethods(TestMethodWorker.java:127)
	at org.testng.internal.TestMethodWorker.run(TestMethodWorker.java:111)
	at org.testng.TestRunner.privateRun(TestRunner.java:767)
	at org.testng.TestRunner.run(TestRunner.java:617)
	at org.testng.SuiteRunner.runTest(SuiteRunner.java:334)
	at org.testng.SuiteRunner.runSequentially(SuiteRunner.java:329)
	at org.testng.SuiteRunner.privateRun(SuiteRunner.java:291)
	at org.testng.SuiteRunner.run(SuiteRunner.java:240)
	at org.testng.SuiteRunnerWorker.runSuite(SuiteRunnerWorker.java:52)
	at org.testng.SuiteRunnerWorker.run(SuiteRunnerWorker.java:86)
	at org.testng.TestNG.runSuitesSequentially(TestNG.java:1224)
	at org.testng.TestNG.runSuitesLocally(TestNG.java:1149)
	at org.testng.TestNG.run(TestNG.java:1057)
	at org.apache.maven.surefire.testng.TestNGExecutor.run(TestNGExecutor.java:69)
	at org.apache.maven.surefire.testng.TestNGDirectoryTestSuite.executeMulti(TestNGDirectoryTestSuite.java:181)
	at org.apache.maven.surefire.testng.TestNGDirectoryTestSuite.execute(TestNGDirectoryTestSuite.java:99)
	at org.apache.maven.surefire.testng.TestNGProvider.invoke(TestNGProvider.java:113)
	at org.apache.maven.surefire.booter.ForkedBooter.invokeProviderInSameClassLoader(ForkedBooter.java:200)
	at org.apache.maven.surefire.booter.ForkedBooter.runSuitesInProcess(ForkedBooter.java:153)
	at org.apache.maven.surefire.booter.ForkedBooter.main(ForkedBooter.java:103)
</pre></div></td>
<td>0</td>
<td>org.j3d.maths.vector.Vector3dTest@29557211</td></tr>
<tr>
<td title='org.j3d.maths.vector.Vector3dTest.testAddPointV2Null()'><b>testAddPointV2Null</b><br>Test class: org.j3d.maths.vector.Vector3dTest</td>
<td><div><pre>java.lang.IllegalArgumentException: Second point cannot be null in add
	at org.j3d.maths.vector.Vector3d.add(Vector3d.java:149)
	at org.j3d.maths.vector.Vector3dTest.testAddPointV2Null(Vector3dTest.java:295)
... Removed 28 stack frames</pre></div><a href='#' onClick='toggleBox("stack-trace840283979", this, "Click to show all stack frames", "Click to hide stack frames")'>Click to show all stack frames</a>
<div class='stack-trace' id='stack-trace840283979'><pre>java.lang.IllegalArgumentException: Second point cannot be null in add
	at org.j3d.maths.vector.Vector3d.add(Vector3d.java:149)
	at org.j3d.maths.vector.Vector3dTest.testAddPointV2Null(Vector3dTest.java:295)
	at sun.reflect.NativeMethodAccessorImpl.invoke0(Native Method)
	at sun.reflect.NativeMethodAccessorImpl.invoke(NativeMethodAccessorImpl.java:57)
	at sun.reflect.DelegatingMethodAccessorImpl.invoke(DelegatingMethodAccessorImpl.java:43)
	at java.lang.reflect.Method.invoke(Method.java:601)
	at org.testng.internal.MethodInvocationHelper.invokeMethod(MethodInvocationHelper.java:84)
	at org.testng.internal.Invoker.invokeMethod(Invoker.java:714)
	at org.testng.internal.Invoker.invokeTestMethod(Invoker.java:901)
	at org.testng.internal.Invoker.invokeTestMethods(Invoker.java:1231)
	at org.testng.internal.TestMethodWorker.invokeTestMethods(TestMethodWorker.java:127)
	at org.testng.internal.TestMethodWorker.run(TestMethodWorker.java:111)
	at org.testng.TestRunner.privateRun(TestRunner.java:767)
	at org.testng.TestRunner.run(TestRunner.java:617)
	at org.testng.SuiteRunner.runTest(SuiteRunner.java:334)
	at org.testng.SuiteRunner.runSequentially(SuiteRunner.java:329)
	at org.testng.SuiteRunner.privateRun(SuiteRunner.java:291)
	at org.testng.SuiteRunner.run(SuiteRunner.java:240)
	at org.testng.SuiteRunnerWorker.runSuite(SuiteRunnerWorker.java:52)
	at org.testng.SuiteRunnerWorker.run(SuiteRunnerWorker.java:86)
	at org.testng.TestNG.runSuitesSequentially(TestNG.java:1224)
	at org.testng.TestNG.runSuitesLocally(TestNG.java:1149)
	at org.testng.TestNG.run(TestNG.java:1057)
	at org.apache.maven.surefire.testng.TestNGExecutor.run(TestNGExecutor.java:69)
	at org.apache.maven.surefire.testng.TestNGDirectoryTestSuite.executeMulti(TestNGDirectoryTestSuite.java:181)
	at org.apache.maven.surefire.testng.TestNGDirectoryTestSuite.execute(TestNGDirectoryTestSuite.java:99)
	at org.apache.maven.surefire.testng.TestNGProvider.invoke(TestNGProvider.java:113)
	at org.apache.maven.surefire.booter.ForkedBooter.invokeProviderInSameClassLoader(ForkedBooter.java:200)
	at org.apache.maven.surefire.booter.ForkedBooter.runSuitesInProcess(ForkedBooter.java:153)
	at org.apache.maven.surefire.booter.ForkedBooter.main(ForkedBooter.java:103)
</pre></div></td>
<td>0</td>
<td>org.j3d.maths.vector.Vector3dTest@29557211</td></tr>
<tr>
<td title='org.j3d.util.I18nManagerTest.testAddResourceNoAppSet()'><b>testAddResourceNoAppSet</b><br>Test class: org.j3d.util.I18nManagerTest</td>
<td><div><pre>java.lang.IllegalStateException: Can&apos;t add a resource until an application name has been set
	at org.j3d.util.I18nManager.addResource(I18nManager.java:251)
	at org.j3d.util.I18nManagerTest.testAddResourceNoAppSet(I18nManagerTest.java:127)
... Removed 28 stack frames</pre></div><a href='#' onClick='toggleBox("stack-trace1353324592", this, "Click to show all stack frames", "Click to hide stack frames")'>Click to show all stack frames</a>
<div class='stack-trace' id='stack-trace1353324592'><pre>java.lang.IllegalStateException: Can&apos;t add a resource until an application name has been set
	at org.j3d.util.I18nManager.addResource(I18nManager.java:251)
	at org.j3d.util.I18nManagerTest.testAddResourceNoAppSet(I18nManagerTest.java:127)
	at sun.reflect.NativeMethodAccessorImpl.invoke0(Native Method)
	at sun.reflect.NativeMethodAccessorImpl.invoke(NativeMethodAccessorImpl.java:57)
	at sun.reflect.DelegatingMethodAccessorImpl.invoke(DelegatingMethodAccessorImpl.java:43)
	at java.lang.reflect.Method.invoke(Method.java:601)
	at org.testng.internal.MethodInvocationHelper.invokeMethod(MethodInvocationHelper.java:84)
	at org.testng.internal.Invoker.invokeMethod(Invoker.java:714)
	at org.testng.internal.Invoker.invokeTestMethod(Invoker.java:901)
	at org.testng.internal.Invoker.invokeTestMethods(Invoker.java:1231)
	at org.testng.internal.TestMethodWorker.invokeTestMethods(TestMethodWorker.java:127)
	at org.testng.internal.TestMethodWorker.run(TestMethodWorker.java:111)
	at org.testng.TestRunner.privateRun(TestRunner.java:767)
	at org.testng.TestRunner.run(TestRunner.java:617)
	at org.testng.SuiteRunner.runTest(SuiteRunner.java:334)
	at org.testng.SuiteRunner.runSequentially(SuiteRunner.java:329)
	at org.testng.SuiteRunner.privateRun(SuiteRunner.java:291)
	at org.testng.SuiteRunner.run(SuiteRunner.java:240)
	at org.testng.SuiteRunnerWorker.runSuite(SuiteRunnerWorker.java:52)
	at org.testng.SuiteRunnerWorker.run(SuiteRunnerWorker.java:86)
	at org.testng.TestNG.runSuitesSequentially(TestNG.java:1224)
	at org.testng.TestNG.runSuitesLocally(TestNG.java:1149)
	at org.testng.TestNG.run(TestNG.java:1057)
	at org.apache.maven.surefire.testng.TestNGExecutor.run(TestNGExecutor.java:69)
	at org.apache.maven.surefire.testng.TestNGDirectoryTestSuite.executeMulti(TestNGDirectoryTestSuite.java:181)
	at org.apache.maven.surefire.testng.TestNGDirectoryTestSuite.execute(TestNGDirectoryTestSuite.java:99)
	at org.apache.maven.surefire.testng.TestNGProvider.invoke(TestNGProvider.java:113)
	at org.apache.maven.surefire.booter.ForkedBooter.invokeProviderInSameClassLoader(ForkedBooter.java:200)
	at org.apache.maven.surefire.booter.ForkedBooter.runSuitesInProcess(ForkedBooter.java:153)
	at org.apache.maven.surefire.booter.ForkedBooter.main(ForkedBooter.java:103)
</pre></div></td>
<td>0</td>
<td>org.j3d.util.I18nManagerTest@4d1b6341</td></tr>
<tr>
<td title='org.j3d.maths.vector.Vector3dTest.testAddVector()'><b>testAddVector</b><br>Test class: org.j3d.maths.vector.Vector3dTest<br>Parameters: [Ljava.lang.Double;@6bd6c90d, [Ljava.lang.Double;@6229abca, [Ljava.lang.Double;@1dcd8d1f</td>
<td></td>
<td>0</td>
<td>org.j3d.maths.vector.Vector3dTest@29557211</td></tr>
<tr>
<td title='org.j3d.maths.vector.Vector3dTest.testAddVector()'><b>testAddVector</b><br>Test class: org.j3d.maths.vector.Vector3dTest<br>Parameters: [Ljava.lang.Double;@21ebfd82, [Ljava.lang.Double;@c507334, [Ljava.lang.Double;@75bb613c</td>
<td></td>
<td>0</td>
<td>org.j3d.maths.vector.Vector3dTest@29557211</td></tr>
<tr>
<td title='org.j3d.maths.vector.Vector3dTest.testAddVector()'><b>testAddVector</b><br>Test class: org.j3d.maths.vector.Vector3dTest<br>Parameters: [Ljava.lang.Double;@60ece686, [Ljava.lang.Double;@61129920, [Ljava.lang.Double;@c0335aa</td>
<td></td>
<td>0</td>
<td>org.j3d.maths.vector.Vector3dTest@29557211</td></tr>
<tr>
<td title='org.j3d.maths.vector.Vector3dTest.testAddVector()'><b>testAddVector</b><br>Test class: org.j3d.maths.vector.Vector3dTest<br>Parameters: [Ljava.lang.Double;@26b8320f, [Ljava.lang.Double;@6de8aa5, [Ljava.lang.Double;@7c605a28</td>
<td></td>
<td>0</td>
<td>org.j3d.maths.vector.Vector3dTest@29557211</td></tr>
<tr>
<td title='org.j3d.maths.vector.Vector3dTest.testAddVector()'><b>testAddVector</b><br>Test class: org.j3d.maths.vector.Vector3dTest<br>Parameters: [Ljava.lang.Double;@19bf37e3, [Ljava.lang.Double;@58ee2549, [Ljava.lang.Double;@7ad2093b</td>
<td></td>
<td>0</td>
<td>org.j3d.maths.vector.Vector3dTest@29557211</td></tr>
<tr>
<td title='org.j3d.maths.vector.Vector3dTest.testAddVector()'><b>testAddVector</b><br>Test class: org.j3d.maths.vector.Vector3dTest<br>Parameters: [Ljava.lang.Double;@735c3f7b, [Ljava.lang.Double;@2d4bdf68, [Ljava.lang.Double;@50383c13</td>
<td></td>
<td>0</td>
<td>org.j3d.maths.vector.Vector3dTest@29557211</td></tr>
<tr>
<td title='org.j3d.maths.vector.Vector3dTest.testAddVector()'><b>testAddVector</b><br>Test class: org.j3d.maths.vector.Vector3dTest<br>Parameters: [Ljava.lang.Double;@1bf02c8a, [Ljava.lang.Double;@34fc265a, [Ljava.lang.Double;@1639f9e3</td>
<td></td>
<td>0</td>
<td>org.j3d.maths.vector.Vector3dTest@29557211</td></tr>
<tr>
<td title='org.j3d.maths.vector.Vector3dTest.testAddVector()'><b>testAddVector</b><br>Test class: org.j3d.maths.vector.Vector3dTest<br>Parameters: [Ljava.lang.Double;@3844b17b, [Ljava.lang.Double;@25e01f19, [Ljava.lang.Double;@1d19b5bc</td>
<td></td>
<td>0</td>
<td>org.j3d.maths.vector.Vector3dTest@29557211</td></tr>
<tr>
<td title='org.j3d.maths.vector.Vector3dTest.testAddVector()'><b>testAddVector</b><br>Test class: org.j3d.maths.vector.Vector3dTest<br>Parameters: [Ljava.lang.Double;@2ea5891, [Ljava.lang.Double;@675c9915, [Ljava.lang.Double;@704666b6</td>
<td></td>
<td>0</td>
<td>org.j3d.maths.vector.Vector3dTest@29557211</td></tr>
<tr>
<td title='org.j3d.maths.vector.Vector3dTest.testAddVectorV1Null()'><b>testAddVectorV1Null</b><br>Test class: org.j3d.maths.vector.Vector3dTest</td>
<td><div><pre>java.lang.IllegalArgumentException: First vector cannot be null in add
	at org.j3d.maths.vector.Vector3d.add(Vector3d.java:123)
	at org.j3d.maths.vector.Vector3dTest.testAddVectorV1Null(Vector3dTest.java:185)
... Removed 28 stack frames</pre></div><a href='#' onClick='toggleBox("stack-trace1765474380", this, "Click to show all stack frames", "Click to hide stack frames")'>Click to show all stack frames</a>
<div class='stack-trace' id='stack-trace1765474380'><pre>java.lang.IllegalArgumentException: First vector cannot be null in add
	at org.j3d.maths.vector.Vector3d.add(Vector3d.java:123)
	at org.j3d.maths.vector.Vector3dTest.testAddVectorV1Null(Vector3dTest.java:185)
	at sun.reflect.NativeMethodAccessorImpl.invoke0(Native Method)
	at sun.reflect.NativeMethodAccessorImpl.invoke(NativeMethodAccessorImpl.java:57)
	at sun.reflect.DelegatingMethodAccessorImpl.invoke(DelegatingMethodAccessorImpl.java:43)
	at java.lang.reflect.Method.invoke(Method.java:601)
	at org.testng.internal.MethodInvocationHelper.invokeMethod(MethodInvocationHelper.java:84)
	at org.testng.internal.Invoker.invokeMethod(Invoker.java:714)
	at org.testng.internal.Invoker.invokeTestMethod(Invoker.java:901)
	at org.testng.internal.Invoker.invokeTestMethods(Invoker.java:1231)
	at org.testng.internal.TestMethodWorker.invokeTestMethods(TestMethodWorker.java:127)
	at org.testng.internal.TestMethodWorker.run(TestMethodWorker.java:111)
	at org.testng.TestRunner.privateRun(TestRunner.java:767)
	at org.testng.TestRunner.run(TestRunner.java:617)
	at org.testng.SuiteRunner.runTest(SuiteRunner.java:334)
	at org.testng.SuiteRunner.runSequentially(SuiteRunner.java:329)
	at org.testng.SuiteRunner.privateRun(SuiteRunner.java:291)
	at org.testng.SuiteRunner.run(SuiteRunner.java:240)
	at org.testng.SuiteRunnerWorker.runSuite(SuiteRunnerWorker.java:52)
	at org.testng.SuiteRunnerWorker.run(SuiteRunnerWorker.java:86)
	at org.testng.TestNG.runSuitesSequentially(TestNG.java:1224)
	at org.testng.TestNG.runSuitesLocally(TestNG.java:1149)
	at org.testng.TestNG.run(TestNG.java:1057)
	at org.apache.maven.surefire.testng.TestNGExecutor.run(TestNGExecutor.java:69)
	at org.apache.maven.surefire.testng.TestNGDirectoryTestSuite.executeMulti(TestNGDirectoryTestSuite.java:181)
	at org.apache.maven.surefire.testng.TestNGDirectoryTestSuite.execute(TestNGDirectoryTestSuite.java:99)
	at org.apache.maven.surefire.testng.TestNGProvider.invoke(TestNGProvider.java:113)
	at org.apache.maven.surefire.booter.ForkedBooter.invokeProviderInSameClassLoader(ForkedBooter.java:200)
	at org.apache.maven.surefire.booter.ForkedBooter.runSuitesInProcess(ForkedBooter.java:153)
	at org.apache.maven.surefire.booter.ForkedBooter.main(ForkedBooter.java:103)
</pre></div></td>
<td>0</td>
<td>org.j3d.maths.vector.Vector3dTest@29557211</td></tr>
<tr>
<td title='org.j3d.maths.vector.Vector3dTest.testAddVectorV2Null()'><b>testAddVectorV2Null</b><br>Test class: org.j3d.maths.vector.Vector3dTest</td>
<td><div><pre>java.lang.IllegalArgumentException: Second vector cannot be null in add
	at org.j3d.maths.vector.Vector3d.add(Vector3d.java:126)
	at org.j3d.maths.vector.Vector3dTest.testAddVectorV2Null(Vector3dTest.java:192)
... Removed 28 stack frames</pre></div><a href='#' onClick='toggleBox("stack-trace1889168984", this, "Click to show all stack frames", "Click to hide stack frames")'>Click to show all stack frames</a>
<div class='stack-trace' id='stack-trace1889168984'><pre>java.lang.IllegalArgumentException: Second vector cannot be null in add
	at org.j3d.maths.vector.Vector3d.add(Vector3d.java:126)
	at org.j3d.maths.vector.Vector3dTest.testAddVectorV2Null(Vector3dTest.java:192)
	at sun.reflect.NativeMethodAccessorImpl.invoke0(Native Method)
	at sun.reflect.NativeMethodAccessorImpl.invoke(NativeMethodAccessorImpl.java:57)
	at sun.reflect.DelegatingMethodAccessorImpl.invoke(DelegatingMethodAccessorImpl.java:43)
	at java.lang.reflect.Method.invoke(Method.java:601)
	at org.testng.internal.MethodInvocationHelper.invokeMethod(MethodInvocationHelper.java:84)
	at org.testng.internal.Invoker.invokeMethod(Invoker.java:714)
	at org.testng.internal.Invoker.invokeTestMethod(Invoker.java:901)
	at org.testng.internal.Invoker.invokeTestMethods(Invoker.java:1231)
	at org.testng.internal.TestMethodWorker.invokeTestMethods(TestMethodWorker.java:127)
	at org.testng.internal.TestMethodWorker.run(TestMethodWorker.java:111)
	at org.testng.TestRunner.privateRun(TestRunner.java:767)
	at org.testng.TestRunner.run(TestRunner.java:617)
	at org.testng.SuiteRunner.runTest(SuiteRunner.java:334)
	at org.testng.SuiteRunner.runSequentially(SuiteRunner.java:329)
	at org.testng.SuiteRunner.privateRun(SuiteRunner.java:291)
	at org.testng.SuiteRunner.run(SuiteRunner.java:240)
	at org.testng.SuiteRunnerWorker.runSuite(SuiteRunnerWorker.java:52)
	at org.testng.SuiteRunnerWorker.run(SuiteRunnerWorker.java:86)
	at org.testng.TestNG.runSuitesSequentially(TestNG.java:1224)
	at org.testng.TestNG.runSuitesLocally(TestNG.java:1149)
	at org.testng.TestNG.run(TestNG.java:1057)
	at org.apache.maven.surefire.testng.TestNGExecutor.run(TestNGExecutor.java:69)
	at org.apache.maven.surefire.testng.TestNGDirectoryTestSuite.executeMulti(TestNGDirectoryTestSuite.java:181)
	at org.apache.maven.surefire.testng.TestNGDirectoryTestSuite.execute(TestNGDirectoryTestSuite.java:99)
	at org.apache.maven.surefire.testng.TestNGProvider.invoke(TestNGProvider.java:113)
	at org.apache.maven.surefire.booter.ForkedBooter.invokeProviderInSameClassLoader(ForkedBooter.java:200)
	at org.apache.maven.surefire.booter.ForkedBooter.runSuitesInProcess(ForkedBooter.java:153)
	at org.apache.maven.surefire.booter.ForkedBooter.main(ForkedBooter.java:103)
</pre></div></td>
<td>0</td>
<td>org.j3d.maths.vector.Vector3dTest@29557211</td></tr>
<tr>
<td title='org.j3d.maths.vector.Vector3dTest.testAddVectorWithSelf()'><b>testAddVectorWithSelf</b><br>Test class: org.j3d.maths.vector.Vector3dTest<br>Parameters: [Ljava.lang.Double;@799f4192, [Ljava.lang.Double;@468a169f, [Ljava.lang.Double;@13d344e7</td>
<td></td>
<td>0</td>
<td>org.j3d.maths.vector.Vector3dTest@29557211</td></tr>
<tr>
<td title='org.j3d.maths.vector.Vector3dTest.testAddVectorWithSelf()'><b>testAddVectorWithSelf</b><br>Test class: org.j3d.maths.vector.Vector3dTest<br>Parameters: [Ljava.lang.Double;@1350a3dc, [Ljava.lang.Double;@1335ca6c, [Ljava.lang.Double;@307c824e</td>
<td></td>
<td>0</td>
<td>org.j3d.maths.vector.Vector3dTest@29557211</td></tr>
<tr>
<td title='org.j3d.maths.vector.Vector3dTest.testAddVectorWithSelf()'><b>testAddVectorWithSelf</b><br>Test class: org.j3d.maths.vector.Vector3dTest<br>Parameters: [Ljava.lang.Double;@3e4ee7c0, [Ljava.lang.Double;@2e510e35, [Ljava.lang.Double;@4b7bd154</td>
<td></td>
<td>0</td>
<td>org.j3d.maths.vector.Vector3dTest@29557211</td></tr>
<tr>
<td title='org.j3d.maths.vector.Vector3dTest.testAddVectorWithSelf()'><b>testAddVectorWithSelf</b><br>Test class: org.j3d.maths.vector.Vector3dTest<br>Parameters: [Ljava.lang.Double;@2dec0883, [Ljava.lang.Double;@6322e802, [Ljava.lang.Double;@8ae0e27</td>
<td></td>
<td>0</td>
<td>org.j3d.maths.vector.Vector3dTest@29557211</td></tr>
<tr>
<td title='org.j3d.maths.vector.Vector3dTest.testAddVectorWithSelf()'><b>testAddVectorWithSelf</b><br>Test class: org.j3d.maths.vector.Vector3dTest<br>Parameters: [Ljava.lang.Double;@5b2326e4, [Ljava.lang.Double;@60ce717a, [Ljava.lang.Double;@117c323d</td>
<td></td>
<td>0</td>
<td>org.j3d.maths.vector.Vector3dTest@29557211</td></tr>
<tr>
<td title='org.j3d.maths.vector.Vector3dTest.testAddVectorWithSelf()'><b>testAddVectorWithSelf</b><br>Test class: org.j3d.maths.vector.Vector3dTest<br>Parameters: [Ljava.lang.Double;@70c64bc2, [Ljava.lang.Double;@6a97e765, [Ljava.lang.Double;@1ad8ce8f</td>
<td></td>
<td>0</td>
<td>org.j3d.maths.vector.Vector3dTest@29557211</td></tr>
<tr>
<td title='org.j3d.maths.vector.Vector3dTest.testAddVectorWithSelf()'><b>testAddVectorWithSelf</b><br>Test class: org.j3d.maths.vector.Vector3dTest<br>Parameters: [Ljava.lang.Double;@fe11c0e, [Ljava.lang.Double;@3f8e347, [Ljava.lang.Double;@49114c5a</td>
<td></td>
<td>0</td>
<td>org.j3d.maths.vector.Vector3dTest@29557211</td></tr>
<tr>
<td title='org.j3d.maths.vector.Vector3dTest.testAddVectorWithSelf()'><b>testAddVectorWithSelf</b><br>Test class: org.j3d.maths.vector.Vector3dTest<br>Parameters: [Ljava.lang.Double;@eabce30, [Ljava.lang.Double;@316db8d6, [Ljava.lang.Double;@1a8202f4</td>
<td></td>
<td>0</td>
<td>org.j3d.maths.vector.Vector3dTest@29557211</td></tr>
<tr>
<td title='org.j3d.maths.vector.Vector3dTest.testAddVectorWithSelf()'><b>testAddVectorWithSelf</b><br>Test class: org.j3d.maths.vector.Vector3dTest<br>Parameters: [Ljava.lang.Double;@4d8feec4, [Ljava.lang.Double;@2484ada4, [Ljava.lang.Double;@2a3fcb7</td>
<td></td>
<td>0</td>
<td>org.j3d.maths.vector.Vector3dTest@29557211</td></tr>
<tr>
<td title='org.j3d.color.Color4bTest.testBasicConstruction()'><b>testBasicConstruction</b><br>Test class: org.j3d.color.Color4bTest</td>
<td></td>
<td>0</td>
<td>org.j3d.color.Color4bTest@16503677</td></tr>
<tr>
<td title='org.j3d.color.Color4fTest.testBasicConstruction()'><b>testBasicConstruction</b><br>Test class: org.j3d.color.Color4fTest</td>
<td></td>
<td>0</td>
<td>org.j3d.color.Color4fTest@5a472c8d</td></tr>
<tr>
<td title='org.j3d.maths.vector.Matrix4dTest.testBasicConstruction()'><b>testBasicConstruction</b><br>Test class: org.j3d.maths.vector.Matrix4dTest</td>
<td></td>
<td>0</td>
<td>org.j3d.maths.vector.Matrix4dTest@5ab6e2e3</td></tr>
<tr>
<td title='org.j3d.maths.vector.Point2dTest.testBasicConstruction()'><b>testBasicConstruction</b><br>Test class: org.j3d.maths.vector.Point2dTest</td>
<td></td>
<td>0</td>
<td>org.j3d.maths.vector.Point2dTest@47d1ab77</td></tr>
<tr>
<td title='org.j3d.maths.vector.Point3dTest.testBasicConstruction()'><b>testBasicConstruction</b><br>Test class: org.j3d.maths.vector.Point3dTest</td>
<td></td>
<td>0</td>
<td>org.j3d.maths.vector.Point3dTest@6e834c87</td></tr>
<tr>
<td title='org.j3d.maths.vector.Quat4dTest.testBasicConstruction()'><b>testBasicConstruction</b><br>Test class: org.j3d.maths.vector.Quat4dTest</td>
<td></td>
<td>0</td>
<td>org.j3d.maths.vector.Quat4dTest@1ce9d39c</td></tr>
<tr>
<td title='org.j3d.maths.vector.SingularValueDecompositionTest.testBasicConstruction()'><b>testBasicConstruction</b><br>Test class: org.j3d.maths.vector.SingularValueDecompositionTest</td>
<td></td>
<td>0</td>
<td>org.j3d.maths.vector.SingularValueDecompositionTest@3b43b598</td></tr>
<tr>
<td title='org.j3d.maths.vector.Vector3dTest.testBasicConstruction()'><b>testBasicConstruction</b><br>Test class: org.j3d.maths.vector.Vector3dTest</td>
<td></td>
<td>0</td>
<td>org.j3d.maths.vector.Vector3dTest@29557211</td></tr>
<tr>
<td title='org.j3d.maths.vector.Vector4dTest.testBasicConstruction()'><b>testBasicConstruction</b><br>Test class: org.j3d.maths.vector.Vector4dTest</td>
<td></td>
<td>0</td>
<td>org.j3d.maths.vector.Vector4dTest@789caeb2</td></tr>
<tr>
<td title='org.j3d.maths.vector.Point4dTest.testBasicConstruction()'><b>testBasicConstruction</b><br>Test class: org.j3d.maths.vector.Point4dTest</td>
<td></td>
<td>0</td>
<td>org.j3d.maths.vector.Point4dTest@3842cbda</td></tr>
<tr>
<td title='org.j3d.maths.vector.AxisAngle4dTest.testBasicConstruction()'><b>testBasicConstruction</b><br>Test class: org.j3d.maths.vector.AxisAngle4dTest</td>
<td></td>
<td>0</td>
<td>org.j3d.maths.vector.AxisAngle4dTest@2c3bb475</td></tr>
<tr>
<td title='org.j3d.util.I18nManagerTest.testBasicSetup()'><b>testBasicSetup</b><br>Test class: org.j3d.util.I18nManagerTest</td>
<td></td>
<td>0</td>
<td>org.j3d.util.I18nManagerTest@4d1b6341</td></tr>
<tr>
<td title='org.j3d.util.I18nManagerTest.testChangeLocale()'><b>testChangeLocale</b><br>Test class: org.j3d.util.I18nManagerTest</td>
<td></td>
<td>0</td>
<td>org.j3d.util.I18nManagerTest@4d1b6341</td></tr>
<tr>
<td title='org.j3d.util.interpolator.Coordinate2DInterpolatorTest.testClamping()'><b>testClamping</b><br>Test class: org.j3d.util.interpolator.Coordinate2DInterpolatorTest</td>
<td></td>
<td>0</td>
<td>org.j3d.util.interpolator.Coordinate2DInterpolatorTest@78189538</td></tr>
<tr>
<td title='org.j3d.util.interpolator.CoordinateInterpolatorTest.testClamping()'><b>testClamping</b><br>Test class: org.j3d.util.interpolator.CoordinateInterpolatorTest</td>
<td></td>
<td>0</td>
<td>org.j3d.util.interpolator.CoordinateInterpolatorTest@76be0b48</td></tr>
<tr>
<td title='org.j3d.util.interpolator.PositionInterpolatorTest.testClamping()'><b>testClamping</b><br>Test class: org.j3d.util.interpolator.PositionInterpolatorTest</td>
<td></td>
<td>0</td>
<td>org.j3d.util.interpolator.PositionInterpolatorTest@6c27ca12</td></tr>
<tr>
<td title='org.j3d.util.interpolator.ScalarInterpolatorTest.testClamping()'><b>testClamping</b><br>Test class: org.j3d.util.interpolator.ScalarInterpolatorTest</td>
<td></td>
<td>0</td>
<td>org.j3d.util.interpolator.ScalarInterpolatorTest@28439b37</td></tr>
<tr>
<td title='org.j3d.maths.vector.Matrix4dTest.testClear()'><b>testClear</b><br>Test class: org.j3d.maths.vector.Matrix4dTest</td>
<td></td>
<td>0</td>
<td>org.j3d.maths.vector.Matrix4dTest@5ab6e2e3</td></tr>
<tr>
<td title='org.j3d.util.I18nManagerTest.testClearSettings()'><b>testClearSettings</b><br>Test class: org.j3d.util.I18nManagerTest</td>
<td></td>
<td>0</td>
<td>org.j3d.util.I18nManagerTest@4d1b6341</td></tr>
<tr>
<td title='org.j3d.util.interpolator.ScalarInterpolatorTest.testCreate()'><b>testCreate</b><br>Test class: org.j3d.util.interpolator.ScalarInterpolatorTest</td>
<td></td>
<td>0</td>
<td>org.j3d.util.interpolator.ScalarInterpolatorTest@28439b37</td></tr>
<tr>
<td title='org.j3d.util.interpolator.Coordinate2DInterpolatorTest.testCreateFloat()'><b>testCreateFloat</b><br>Test class: org.j3d.util.interpolator.Coordinate2DInterpolatorTest</td>
<td></td>
<td>0</td>
<td>org.j3d.util.interpolator.Coordinate2DInterpolatorTest@78189538</td></tr>
<tr>
<td title='org.j3d.util.interpolator.CoordinateInterpolatorTest.testCreateFloat()'><b>testCreateFloat</b><br>Test class: org.j3d.util.interpolator.CoordinateInterpolatorTest</td>
<td></td>
<td>0</td>
<td>org.j3d.util.interpolator.CoordinateInterpolatorTest@76be0b48</td></tr>
<tr>
<td title='org.j3d.util.interpolator.PositionInterpolatorTest.testCreateFloat()'><b>testCreateFloat</b><br>Test class: org.j3d.util.interpolator.PositionInterpolatorTest</td>
<td></td>
<td>0</td>
<td>org.j3d.util.interpolator.PositionInterpolatorTest@6c27ca12</td></tr>
<tr>
<td title='org.j3d.util.interpolator.PositionInterpolatorTest.testCreatePoint()'><b>testCreatePoint</b><br>Test class: org.j3d.util.interpolator.PositionInterpolatorTest</td>
<td></td>
<td>0</td>
<td>org.j3d.util.interpolator.PositionInterpolatorTest@6c27ca12</td></tr>
<tr>
<td title='org.j3d.maths.vector.Vector3dTest.testCrossProduct()'><b>testCrossProduct</b><br>Test class: org.j3d.maths.vector.Vector3dTest<br>Parameters: [Ljava.lang.Double;@5c2453bb, [Ljava.lang.Double;@54f5493f, [Ljava.lang.Double;@339bf2ac</td>
<td></td>
<td>0</td>
<td>org.j3d.maths.vector.Vector3dTest@29557211</td></tr>
<tr>
<td title='org.j3d.maths.vector.Vector3dTest.testCrossProduct()'><b>testCrossProduct</b><br>Test class: org.j3d.maths.vector.Vector3dTest<br>Parameters: [Ljava.lang.Double;@435914ac, [Ljava.lang.Double;@d5c4abf, [Ljava.lang.Double;@262f4873</td>
<td></td>
<td>0</td>
<td>org.j3d.maths.vector.Vector3dTest@29557211</td></tr>
<tr>
<td title='org.j3d.maths.vector.Vector3dTest.testCrossProduct()'><b>testCrossProduct</b><br>Test class: org.j3d.maths.vector.Vector3dTest<br>Parameters: [Ljava.lang.Double;@6a3d899a, [Ljava.lang.Double;@6e1513f3, [Ljava.lang.Double;@29d0eefb</td>
<td></td>
<td>0</td>
<td>org.j3d.maths.vector.Vector3dTest@29557211</td></tr>
<tr>
<td title='org.j3d.maths.vector.Vector3dTest.testCrossProduct()'><b>testCrossProduct</b><br>Test class: org.j3d.maths.vector.Vector3dTest<br>Parameters: [Ljava.lang.Double;@53f9b62f, [Ljava.lang.Double;@2f27f2bb, [Ljava.lang.Double;@67b0eb2c</td>
<td></td>
<td>0</td>
<td>org.j3d.maths.vector.Vector3dTest@29557211</td></tr>
<tr>
<td title='org.j3d.maths.vector.Vector3dTest.testCrossProduct()'><b>testCrossProduct</b><br>Test class: org.j3d.maths.vector.Vector3dTest<br>Parameters: [Ljava.lang.Double;@101fcae3, [Ljava.lang.Double;@1741055a, [Ljava.lang.Double;@2dc663a3</td>
<td></td>
<td>0</td>
<td>org.j3d.maths.vector.Vector3dTest@29557211</td></tr>
<tr>
<td title='org.j3d.maths.vector.Vector3dTest.testCrossProduct()'><b>testCrossProduct</b><br>Test class: org.j3d.maths.vector.Vector3dTest<br>Parameters: [Ljava.lang.Double;@3bb779cf, [Ljava.lang.Double;@a9e23aa, [Ljava.lang.Double;@14377358</td>
<td></td>
<td>0</td>
<td>org.j3d.maths.vector.Vector3dTest@29557211</td></tr>
<tr>
<td title='org.j3d.maths.vector.Vector3dTest.testCrossV1Null()'><b>testCrossV1Null</b><br>Test class: org.j3d.maths.vector.Vector3dTest</td>
<td><div><pre>java.lang.IllegalArgumentException: First vector cannot be null in cross product
	at org.j3d.maths.vector.Vector3d.cross(Vector3d.java:226)
	at org.j3d.maths.vector.Vector3dTest.testCrossV1Null(Vector3dTest.java:82)
... Removed 28 stack frames</pre></div><a href='#' onClick='toggleBox("stack-trace800372381", this, "Click to show all stack frames", "Click to hide stack frames")'>Click to show all stack frames</a>
<div class='stack-trace' id='stack-trace800372381'><pre>java.lang.IllegalArgumentException: First vector cannot be null in cross product
	at org.j3d.maths.vector.Vector3d.cross(Vector3d.java:226)
	at org.j3d.maths.vector.Vector3dTest.testCrossV1Null(Vector3dTest.java:82)
	at sun.reflect.NativeMethodAccessorImpl.invoke0(Native Method)
	at sun.reflect.NativeMethodAccessorImpl.invoke(NativeMethodAccessorImpl.java:57)
	at sun.reflect.DelegatingMethodAccessorImpl.invoke(DelegatingMethodAccessorImpl.java:43)
	at java.lang.reflect.Method.invoke(Method.java:601)
	at org.testng.internal.MethodInvocationHelper.invokeMethod(MethodInvocationHelper.java:84)
	at org.testng.internal.Invoker.invokeMethod(Invoker.java:714)
	at org.testng.internal.Invoker.invokeTestMethod(Invoker.java:901)
	at org.testng.internal.Invoker.invokeTestMethods(Invoker.java:1231)
	at org.testng.internal.TestMethodWorker.invokeTestMethods(TestMethodWorker.java:127)
	at org.testng.internal.TestMethodWorker.run(TestMethodWorker.java:111)
	at org.testng.TestRunner.privateRun(TestRunner.java:767)
	at org.testng.TestRunner.run(TestRunner.java:617)
	at org.testng.SuiteRunner.runTest(SuiteRunner.java:334)
	at org.testng.SuiteRunner.runSequentially(SuiteRunner.java:329)
	at org.testng.SuiteRunner.privateRun(SuiteRunner.java:291)
	at org.testng.SuiteRunner.run(SuiteRunner.java:240)
	at org.testng.SuiteRunnerWorker.runSuite(SuiteRunnerWorker.java:52)
	at org.testng.SuiteRunnerWorker.run(SuiteRunnerWorker.java:86)
	at org.testng.TestNG.runSuitesSequentially(TestNG.java:1224)
	at org.testng.TestNG.runSuitesLocally(TestNG.java:1149)
	at org.testng.TestNG.run(TestNG.java:1057)
	at org.apache.maven.surefire.testng.TestNGExecutor.run(TestNGExecutor.java:69)
	at org.apache.maven.surefire.testng.TestNGDirectoryTestSuite.executeMulti(TestNGDirectoryTestSuite.java:181)
	at org.apache.maven.surefire.testng.TestNGDirectoryTestSuite.execute(TestNGDirectoryTestSuite.java:99)
	at org.apache.maven.surefire.testng.TestNGProvider.invoke(TestNGProvider.java:113)
	at org.apache.maven.surefire.booter.ForkedBooter.invokeProviderInSameClassLoader(ForkedBooter.java:200)
	at org.apache.maven.surefire.booter.ForkedBooter.runSuitesInProcess(ForkedBooter.java:153)
	at org.apache.maven.surefire.booter.ForkedBooter.main(ForkedBooter.java:103)
</pre></div></td>
<td>0</td>
<td>org.j3d.maths.vector.Vector3dTest@29557211</td></tr>
<tr>
<td title='org.j3d.maths.vector.Vector3dTest.testCrossV2Null()'><b>testCrossV2Null</b><br>Test class: org.j3d.maths.vector.Vector3dTest</td>
<td><div><pre>java.lang.IllegalArgumentException: Second vector cannot be null in cross product
	at org.j3d.maths.vector.Vector3d.cross(Vector3d.java:229)
	at org.j3d.maths.vector.Vector3dTest.testCrossV2Null(Vector3dTest.java:89)
... Removed 28 stack frames</pre></div><a href='#' onClick='toggleBox("stack-trace717393193", this, "Click to show all stack frames", "Click to hide stack frames")'>Click to show all stack frames</a>
<div class='stack-trace' id='stack-trace717393193'><pre>java.lang.IllegalArgumentException: Second vector cannot be null in cross product
	at org.j3d.maths.vector.Vector3d.cross(Vector3d.java:229)
	at org.j3d.maths.vector.Vector3dTest.testCrossV2Null(Vector3dTest.java:89)
	at sun.reflect.NativeMethodAccessorImpl.invoke0(Native Method)
	at sun.reflect.NativeMethodAccessorImpl.invoke(NativeMethodAccessorImpl.java:57)
	at sun.reflect.DelegatingMethodAccessorImpl.invoke(DelegatingMethodAccessorImpl.java:43)
	at java.lang.reflect.Method.invoke(Method.java:601)
	at org.testng.internal.MethodInvocationHelper.invokeMethod(MethodInvocationHelper.java:84)
	at org.testng.internal.Invoker.invokeMethod(Invoker.java:714)
	at org.testng.internal.Invoker.invokeTestMethod(Invoker.java:901)
	at org.testng.internal.Invoker.invokeTestMethods(Invoker.java:1231)
	at org.testng.internal.TestMethodWorker.invokeTestMethods(TestMethodWorker.java:127)
	at org.testng.internal.TestMethodWorker.run(TestMethodWorker.java:111)
	at org.testng.TestRunner.privateRun(TestRunner.java:767)
	at org.testng.TestRunner.run(TestRunner.java:617)
	at org.testng.SuiteRunner.runTest(SuiteRunner.java:334)
	at org.testng.SuiteRunner.runSequentially(SuiteRunner.java:329)
	at org.testng.SuiteRunner.privateRun(SuiteRunner.java:291)
	at org.testng.SuiteRunner.run(SuiteRunner.java:240)
	at org.testng.SuiteRunnerWorker.runSuite(SuiteRunnerWorker.java:52)
	at org.testng.SuiteRunnerWorker.run(SuiteRunnerWorker.java:86)
	at org.testng.TestNG.runSuitesSequentially(TestNG.java:1224)
	at org.testng.TestNG.runSuitesLocally(TestNG.java:1149)
	at org.testng.TestNG.run(TestNG.java:1057)
	at org.apache.maven.surefire.testng.TestNGExecutor.run(TestNGExecutor.java:69)
	at org.apache.maven.surefire.testng.TestNGDirectoryTestSuite.executeMulti(TestNGDirectoryTestSuite.java:181)
	at org.apache.maven.surefire.testng.TestNGDirectoryTestSuite.execute(TestNGDirectoryTestSuite.java:99)
	at org.apache.maven.surefire.testng.TestNGProvider.invoke(TestNGProvider.java:113)
	at org.apache.maven.surefire.booter.ForkedBooter.invokeProviderInSameClassLoader(ForkedBooter.java:200)
	at org.apache.maven.surefire.booter.ForkedBooter.runSuitesInProcess(ForkedBooter.java:153)
	at org.apache.maven.surefire.booter.ForkedBooter.main(ForkedBooter.java:103)
</pre></div></td>
<td>0</td>
<td>org.j3d.maths.vector.Vector3dTest@29557211</td></tr>
<tr>
<td title='org.j3d.maths.vector.Point2dTest.testDistance()'><b>testDistance</b><br>Test class: org.j3d.maths.vector.Point2dTest</td>
<td></td>
<td>0</td>
<td>org.j3d.maths.vector.Point2dTest@47d1ab77</td></tr>
<tr>
<td title='org.j3d.maths.vector.Point3dTest.testDistance()'><b>testDistance</b><br>Test class: org.j3d.maths.vector.Point3dTest</td>
<td></td>
<td>0</td>
<td>org.j3d.maths.vector.Point3dTest@6e834c87</td></tr>
<tr>
<td title='org.j3d.maths.vector.Vector3dTest.testDot()'><b>testDot</b><br>Test class: org.j3d.maths.vector.Vector3dTest<br>Parameters: [Ljava.lang.Double;@67ae7ead, [Ljava.lang.Double;@70fec508, 0.0</td>
<td></td>
<td>0</td>
<td>org.j3d.maths.vector.Vector3dTest@29557211</td></tr>
<tr>
<td title='org.j3d.maths.vector.Vector3dTest.testDot()'><b>testDot</b><br>Test class: org.j3d.maths.vector.Vector3dTest<br>Parameters: [Ljava.lang.Double;@6639ca2c, [Ljava.lang.Double;@5c084322, 1.0</td>
<td></td>
<td>0</td>
<td>org.j3d.maths.vector.Vector3dTest@29557211</td></tr>
<tr>
<td title='org.j3d.maths.vector.Vector3dTest.testDot()'><b>testDot</b><br>Test class: org.j3d.maths.vector.Vector3dTest<br>Parameters: [Ljava.lang.Double;@226f9c62, [Ljava.lang.Double;@4d83f797, 0.0</td>
<td></td>
<td>0</td>
<td>org.j3d.maths.vector.Vector3dTest@29557211</td></tr>
<tr>
<td title='org.j3d.maths.vector.Vector4dTest.testDot()'><b>testDot</b><br>Test class: org.j3d.maths.vector.Vector4dTest<br>Parameters: [Ljava.lang.Double;@12f40243, [Ljava.lang.Double;@51c0866d, 0.0</td>
<td></td>
<td>0</td>
<td>org.j3d.maths.vector.Vector4dTest@789caeb2</td></tr>
<tr>
<td title='org.j3d.maths.vector.Vector4dTest.testDot()'><b>testDot</b><br>Test class: org.j3d.maths.vector.Vector4dTest<br>Parameters: [Ljava.lang.Double;@36b98809, [Ljava.lang.Double;@4e9222f0, 1.0</td>
<td></td>
<td>0</td>
<td>org.j3d.maths.vector.Vector4dTest@789caeb2</td></tr>
<tr>
<td title='org.j3d.maths.vector.Vector4dTest.testDot()'><b>testDot</b><br>Test class: org.j3d.maths.vector.Vector4dTest<br>Parameters: [Ljava.lang.Double;@5c33e2dc, [Ljava.lang.Double;@527308ce, 0.0</td>
<td></td>
<td>0</td>
<td>org.j3d.maths.vector.Vector4dTest@789caeb2</td></tr>
<tr>
<td title='org.j3d.maths.vector.Vector3dTest.testDotNull()'><b>testDotNull</b><br>Test class: org.j3d.maths.vector.Vector3dTest</td>
<td><div><pre>java.lang.IllegalArgumentException: Comparison vector cannot be null in dot product
	at org.j3d.maths.vector.Vector3d.dot(Vector3d.java:211)
	at org.j3d.maths.vector.Vector3dTest.testDotNull(Vector3dTest.java:117)
... Removed 28 stack frames</pre></div><a href='#' onClick='toggleBox("stack-trace2043410500", this, "Click to show all stack frames", "Click to hide stack frames")'>Click to show all stack frames</a>
<div class='stack-trace' id='stack-trace2043410500'><pre>java.lang.IllegalArgumentException: Comparison vector cannot be null in dot product
	at org.j3d.maths.vector.Vector3d.dot(Vector3d.java:211)
	at org.j3d.maths.vector.Vector3dTest.testDotNull(Vector3dTest.java:117)
	at sun.reflect.NativeMethodAccessorImpl.invoke0(Native Method)
	at sun.reflect.NativeMethodAccessorImpl.invoke(NativeMethodAccessorImpl.java:57)
	at sun.reflect.DelegatingMethodAccessorImpl.invoke(DelegatingMethodAccessorImpl.java:43)
	at java.lang.reflect.Method.invoke(Method.java:601)
	at org.testng.internal.MethodInvocationHelper.invokeMethod(MethodInvocationHelper.java:84)
	at org.testng.internal.Invoker.invokeMethod(Invoker.java:714)
	at org.testng.internal.Invoker.invokeTestMethod(Invoker.java:901)
	at org.testng.internal.Invoker.invokeTestMethods(Invoker.java:1231)
	at org.testng.internal.TestMethodWorker.invokeTestMethods(TestMethodWorker.java:127)
	at org.testng.internal.TestMethodWorker.run(TestMethodWorker.java:111)
	at org.testng.TestRunner.privateRun(TestRunner.java:767)
	at org.testng.TestRunner.run(TestRunner.java:617)
	at org.testng.SuiteRunner.runTest(SuiteRunner.java:334)
	at org.testng.SuiteRunner.runSequentially(SuiteRunner.java:329)
	at org.testng.SuiteRunner.privateRun(SuiteRunner.java:291)
	at org.testng.SuiteRunner.run(SuiteRunner.java:240)
	at org.testng.SuiteRunnerWorker.runSuite(SuiteRunnerWorker.java:52)
	at org.testng.SuiteRunnerWorker.run(SuiteRunnerWorker.java:86)
	at org.testng.TestNG.runSuitesSequentially(TestNG.java:1224)
	at org.testng.TestNG.runSuitesLocally(TestNG.java:1149)
	at org.testng.TestNG.run(TestNG.java:1057)
	at org.apache.maven.surefire.testng.TestNGExecutor.run(TestNGExecutor.java:69)
	at org.apache.maven.surefire.testng.TestNGDirectoryTestSuite.executeMulti(TestNGDirectoryTestSuite.java:181)
	at org.apache.maven.surefire.testng.TestNGDirectoryTestSuite.execute(TestNGDirectoryTestSuite.java:99)
	at org.apache.maven.surefire.testng.TestNGProvider.invoke(TestNGProvider.java:113)
	at org.apache.maven.surefire.booter.ForkedBooter.invokeProviderInSameClassLoader(ForkedBooter.java:200)
	at org.apache.maven.surefire.booter.ForkedBooter.runSuitesInProcess(ForkedBooter.java:153)
	at org.apache.maven.surefire.booter.ForkedBooter.main(ForkedBooter.java:103)
</pre></div></td>
<td>0</td>
<td>org.j3d.maths.vector.Vector3dTest@29557211</td></tr>
<tr>
<td title='org.j3d.maths.vector.Vector4dTest.testDotNull()'><b>testDotNull</b><br>Test class: org.j3d.maths.vector.Vector4dTest</td>
<td><div><pre>java.lang.IllegalArgumentException: Comparison vector cannot be null in dot product
	at org.j3d.maths.vector.Vector4d.dot(Vector4d.java:104)
	at org.j3d.maths.vector.Vector4dTest.testDotNull(Vector4dTest.java:86)
... Removed 28 stack frames</pre></div><a href='#' onClick='toggleBox("stack-trace1975470302", this, "Click to show all stack frames", "Click to hide stack frames")'>Click to show all stack frames</a>
<div class='stack-trace' id='stack-trace1975470302'><pre>java.lang.IllegalArgumentException: Comparison vector cannot be null in dot product
	at org.j3d.maths.vector.Vector4d.dot(Vector4d.java:104)
	at org.j3d.maths.vector.Vector4dTest.testDotNull(Vector4dTest.java:86)
	at sun.reflect.NativeMethodAccessorImpl.invoke0(Native Method)
	at sun.reflect.NativeMethodAccessorImpl.invoke(NativeMethodAccessorImpl.java:57)
	at sun.reflect.DelegatingMethodAccessorImpl.invoke(DelegatingMethodAccessorImpl.java:43)
	at java.lang.reflect.Method.invoke(Method.java:601)
	at org.testng.internal.MethodInvocationHelper.invokeMethod(MethodInvocationHelper.java:84)
	at org.testng.internal.Invoker.invokeMethod(Invoker.java:714)
	at org.testng.internal.Invoker.invokeTestMethod(Invoker.java:901)
	at org.testng.internal.Invoker.invokeTestMethods(Invoker.java:1231)
	at org.testng.internal.TestMethodWorker.invokeTestMethods(TestMethodWorker.java:127)
	at org.testng.internal.TestMethodWorker.run(TestMethodWorker.java:111)
	at org.testng.TestRunner.privateRun(TestRunner.java:767)
	at org.testng.TestRunner.run(TestRunner.java:617)
	at org.testng.SuiteRunner.runTest(SuiteRunner.java:334)
	at org.testng.SuiteRunner.runSequentially(SuiteRunner.java:329)
	at org.testng.SuiteRunner.privateRun(SuiteRunner.java:291)
	at org.testng.SuiteRunner.run(SuiteRunner.java:240)
	at org.testng.SuiteRunnerWorker.runSuite(SuiteRunnerWorker.java:52)
	at org.testng.SuiteRunnerWorker.run(SuiteRunnerWorker.java:86)
	at org.testng.TestNG.runSuitesSequentially(TestNG.java:1224)
	at org.testng.TestNG.runSuitesLocally(TestNG.java:1149)
	at org.testng.TestNG.run(TestNG.java:1057)
	at org.apache.maven.surefire.testng.TestNGExecutor.run(TestNGExecutor.java:69)
	at org.apache.maven.surefire.testng.TestNGDirectoryTestSuite.executeMulti(TestNGDirectoryTestSuite.java:181)
	at org.apache.maven.surefire.testng.TestNGDirectoryTestSuite.execute(TestNGDirectoryTestSuite.java:99)
	at org.apache.maven.surefire.testng.TestNGProvider.invoke(TestNGProvider.java:113)
	at org.apache.maven.surefire.booter.ForkedBooter.invokeProviderInSameClassLoader(ForkedBooter.java:200)
	at org.apache.maven.surefire.booter.ForkedBooter.runSuitesInProcess(ForkedBooter.java:153)
	at org.apache.maven.surefire.booter.ForkedBooter.main(ForkedBooter.java:103)
</pre></div></td>
<td>0</td>
<td>org.j3d.maths.vector.Vector4dTest@789caeb2</td></tr>
<tr>
<td title='org.j3d.maths.vector.Matrix4dTest.testEmptyMatrixDeterminant()'><b>testEmptyMatrixDeterminant</b><br>Test class: org.j3d.maths.vector.Matrix4dTest</td>
<td></td>
<td>0</td>
<td>org.j3d.maths.vector.Matrix4dTest@5ab6e2e3</td></tr>
<tr>
<td title='org.j3d.color.Color4bTest.testEquals()'><b>testEquals</b><br>Test class: org.j3d.color.Color4bTest<br>Parameters: [Ljava.lang.Byte;@76fb7505, [Ljava.lang.Byte;@76bfd849, true</td>
<td></td>
<td>0</td>
<td>org.j3d.color.Color4bTest@16503677</td></tr>
<tr>
<td title='org.j3d.color.Color4bTest.testEquals()'><b>testEquals</b><br>Test class: org.j3d.color.Color4bTest<br>Parameters: [Ljava.lang.Byte;@2d10dd87, [Ljava.lang.Byte;@2e3fe12e, false</td>
<td></td>
<td>0</td>
<td>org.j3d.color.Color4bTest@16503677</td></tr>
<tr>
<td title='org.j3d.color.Color4bTest.testEquals()'><b>testEquals</b><br>Test class: org.j3d.color.Color4bTest<br>Parameters: [Ljava.lang.Byte;@63d8aaba, [Ljava.lang.Byte;@25b0cc8c, true</td>
<td></td>
<td>0</td>
<td>org.j3d.color.Color4bTest@16503677</td></tr>
<tr>
<td title='org.j3d.color.Color4bTest.testEquals()'><b>testEquals</b><br>Test class: org.j3d.color.Color4bTest<br>Parameters: [Ljava.lang.Byte;@7a450ea8, [Ljava.lang.Byte;@4bc5764e, true</td>
<td></td>
<td>0</td>
<td>org.j3d.color.Color4bTest@16503677</td></tr>
<tr>
<td title='org.j3d.color.Color4bTest.testEquals()'><b>testEquals</b><br>Test class: org.j3d.color.Color4bTest<br>Parameters: [Ljava.lang.Byte;@10da21bf, [Ljava.lang.Byte;@60dd8b3d, true</td>
<td></td>
<td>0</td>
<td>org.j3d.color.Color4bTest@16503677</td></tr>
<tr>
<td title='org.j3d.color.Color4fTest.testEquals()'><b>testEquals</b><br>Test class: org.j3d.color.Color4fTest<br>Parameters: [Ljava.lang.Float;@70e08379, [Ljava.lang.Float;@23d7b6d4, true</td>
<td></td>
<td>0</td>
<td>org.j3d.color.Color4fTest@5a472c8d</td></tr>
<tr>
<td title='org.j3d.color.Color4fTest.testEquals()'><b>testEquals</b><br>Test class: org.j3d.color.Color4fTest<br>Parameters: [Ljava.lang.Float;@27242aae, [Ljava.lang.Float;@376e1995, false</td>
<td></td>
<td>0</td>
<td>org.j3d.color.Color4fTest@5a472c8d</td></tr>
<tr>
<td title='org.j3d.color.Color4fTest.testEquals()'><b>testEquals</b><br>Test class: org.j3d.color.Color4fTest<br>Parameters: [Ljava.lang.Float;@1d51a1a1, [Ljava.lang.Float;@5a4a6010, true</td>
<td></td>
<td>0</td>
<td>org.j3d.color.Color4fTest@5a472c8d</td></tr>
<tr>
<td title='org.j3d.color.Color4fTest.testEquals()'><b>testEquals</b><br>Test class: org.j3d.color.Color4fTest<br>Parameters: [Ljava.lang.Float;@48e8e8bf, [Ljava.lang.Float;@330878fe, true</td>
<td></td>
<td>0</td>
<td>org.j3d.color.Color4fTest@5a472c8d</td></tr>
<tr>
<td title='org.j3d.color.Color4fTest.testEquals()'><b>testEquals</b><br>Test class: org.j3d.color.Color4fTest<br>Parameters: [Ljava.lang.Float;@713f85de, [Ljava.lang.Float;@16debe8, true</td>
<td></td>
<td>0</td>
<td>org.j3d.color.Color4fTest@5a472c8d</td></tr>
<tr>
<td title='org.j3d.maths.vector.Matrix4dTest.testEquals()'><b>testEquals</b><br>Test class: org.j3d.maths.vector.Matrix4dTest<br>Parameters: [Ljava.lang.Double;@579acd13, [Ljava.lang.Double;@740dc753, true</td>
<td></td>
<td>0</td>
<td>org.j3d.maths.vector.Matrix4dTest@5ab6e2e3</td></tr>
<tr>
<td title='org.j3d.maths.vector.Matrix4dTest.testEquals()'><b>testEquals</b><br>Test class: org.j3d.maths.vector.Matrix4dTest<br>Parameters: [Ljava.lang.Double;@349955ab, [Ljava.lang.Double;@3ec76887, false</td>
<td></td>
<td>0</td>
<td>org.j3d.maths.vector.Matrix4dTest@5ab6e2e3</td></tr>
<tr>
<td title='org.j3d.maths.vector.Matrix4dTest.testEquals()'><b>testEquals</b><br>Test class: org.j3d.maths.vector.Matrix4dTest<br>Parameters: [Ljava.lang.Double;@159f9744, [Ljava.lang.Double;@2083fc73, true</td>
<td></td>
<td>0</td>
<td>org.j3d.maths.vector.Matrix4dTest@5ab6e2e3</td></tr>
<tr>
<td title='org.j3d.maths.vector.Matrix4dTest.testEquals()'><b>testEquals</b><br>Test class: org.j3d.maths.vector.Matrix4dTest<br>Parameters: [Ljava.lang.Double;@3932f2b2, [Ljava.lang.Double;@3fdba174, true</td>
<td></td>
<td>0</td>
<td>org.j3d.maths.vector.Matrix4dTest@5ab6e2e3</td></tr>
<tr>
<td title='org.j3d.maths.vector.Matrix4dTest.testEquals()'><b>testEquals</b><br>Test class: org.j3d.maths.vector.Matrix4dTest<br>Parameters: [Ljava.lang.Double;@6c44e76c, [Ljava.lang.Double;@1fb59afc, true</td>
<td></td>
<td>0</td>
<td>org.j3d.maths.vector.Matrix4dTest@5ab6e2e3</td></tr>
<tr>
<td title='org.j3d.maths.vector.Point2dTest.testEquals()'><b>testEquals</b><br>Test class: org.j3d.maths.vector.Point2dTest<br>Parameters: [Ljava.lang.Double;@4bd226a7, [Ljava.lang.Double;@51e7c4d4, true</td>
<td></td>
<td>0</td>
<td>org.j3d.maths.vector.Point2dTest@47d1ab77</td></tr>
<tr>
<td title='org.j3d.maths.vector.Point2dTest.testEquals()'><b>testEquals</b><br>Test class: org.j3d.maths.vector.Point2dTest<br>Parameters: [Ljava.lang.Double;@472b644e, [Ljava.lang.Double;@71c66162, false</td>
<td></td>
<td>0</td>
<td>org.j3d.maths.vector.Point2dTest@47d1ab77</td></tr>
<tr>
<td title='org.j3d.maths.vector.Point2dTest.testEquals()'><b>testEquals</b><br>Test class: org.j3d.maths.vector.Point2dTest<br>Parameters: [Ljava.lang.Double;@1723a349, [Ljava.lang.Double;@24b5197d, true</td>
<td></td>
<td>0</td>
<td>org.j3d.maths.vector.Point2dTest@47d1ab77</td></tr>
<tr>
<td title='org.j3d.maths.vector.Point2dTest.testEquals()'><b>testEquals</b><br>Test class: org.j3d.maths.vector.Point2dTest<br>Parameters: [Ljava.lang.Double;@6d9c705e, [Ljava.lang.Double;@3995638a, true</td>
<td></td>
<td>0</td>
<td>org.j3d.maths.vector.Point2dTest@47d1ab77</td></tr>
<tr>
<td title='org.j3d.maths.vector.Point2dTest.testEquals()'><b>testEquals</b><br>Test class: org.j3d.maths.vector.Point2dTest<br>Parameters: [Ljava.lang.Double;@7eba168e, [Ljava.lang.Double;@6b1f05a1, true</td>
<td></td>
<td>0</td>
<td>org.j3d.maths.vector.Point2dTest@47d1ab77</td></tr>
<tr>
<td title='org.j3d.maths.vector.Point3dTest.testEquals()'><b>testEquals</b><br>Test class: org.j3d.maths.vector.Point3dTest<br>Parameters: [Ljava.lang.Double;@41aac3f8, [Ljava.lang.Double;@3227f076, true</td>
<td></td>
<td>0</td>
<td>org.j3d.maths.vector.Point3dTest@6e834c87</td></tr>
<tr>
<td title='org.j3d.maths.vector.Point3dTest.testEquals()'><b>testEquals</b><br>Test class: org.j3d.maths.vector.Point3dTest<br>Parameters: [Ljava.lang.Double;@5c1becb3, [Ljava.lang.Double;@2d510b03, false</td>
<td></td>
<td>0</td>
<td>org.j3d.maths.vector.Point3dTest@6e834c87</td></tr>
<tr>
<td title='org.j3d.maths.vector.Point3dTest.testEquals()'><b>testEquals</b><br>Test class: org.j3d.maths.vector.Point3dTest<br>Parameters: [Ljava.lang.Double;@23aa0933, [Ljava.lang.Double;@7042058f, true</td>
<td></td>
<td>0</td>
<td>org.j3d.maths.vector.Point3dTest@6e834c87</td></tr>
<tr>
<td title='org.j3d.maths.vector.Point3dTest.testEquals()'><b>testEquals</b><br>Test class: org.j3d.maths.vector.Point3dTest<br>Parameters: [Ljava.lang.Double;@7e7b28dc, [Ljava.lang.Double;@47b7c463, true</td>
<td></td>
<td>0</td>
<td>org.j3d.maths.vector.Point3dTest@6e834c87</td></tr>
<tr>
<td title='org.j3d.maths.vector.Point3dTest.testEquals()'><b>testEquals</b><br>Test class: org.j3d.maths.vector.Point3dTest<br>Parameters: [Ljava.lang.Double;@71be645d, [Ljava.lang.Double;@aaf5002, true</td>
<td></td>
<td>0</td>
<td>org.j3d.maths.vector.Point3dTest@6e834c87</td></tr>
<tr>
<td title='org.j3d.maths.vector.Quat4dTest.testEquals()'><b>testEquals</b><br>Test class: org.j3d.maths.vector.Quat4dTest<br>Parameters: [Ljava.lang.Double;@7badb8c8, [Ljava.lang.Double;@4a3e91e7, true</td>
<td></td>
<td>0</td>
<td>org.j3d.maths.vector.Quat4dTest@1ce9d39c</td></tr>
<tr>
<td title='org.j3d.maths.vector.Quat4dTest.testEquals()'><b>testEquals</b><br>Test class: org.j3d.maths.vector.Quat4dTest<br>Parameters: [Ljava.lang.Double;@51dcfac5, [Ljava.lang.Double;@2d3c580, false</td>
<td></td>
<td>0</td>
<td>org.j3d.maths.vector.Quat4dTest@1ce9d39c</td></tr>
<tr>
<td title='org.j3d.maths.vector.Quat4dTest.testEquals()'><b>testEquals</b><br>Test class: org.j3d.maths.vector.Quat4dTest<br>Parameters: [Ljava.lang.Double;@1d4b57f3, [Ljava.lang.Double;@3d7b218b, true</td>
<td></td>
<td>0</td>
<td>org.j3d.maths.vector.Quat4dTest@1ce9d39c</td></tr>
<tr>
<td title='org.j3d.maths.vector.Quat4dTest.testEquals()'><b>testEquals</b><br>Test class: org.j3d.maths.vector.Quat4dTest<br>Parameters: [Ljava.lang.Double;@5ed74c35, [Ljava.lang.Double;@8cc5c38, true</td>
<td></td>
<td>0</td>
<td>org.j3d.maths.vector.Quat4dTest@1ce9d39c</td></tr>
<tr>
<td title='org.j3d.maths.vector.Quat4dTest.testEquals()'><b>testEquals</b><br>Test class: org.j3d.maths.vector.Quat4dTest<br>Parameters: [Ljava.lang.Double;@20ba650b, [Ljava.lang.Double;@2d3fc5f6, true</td>
<td></td>
<td>0</td>
<td>org.j3d.maths.vector.Quat4dTest@1ce9d39c</td></tr>
<tr>
<td title='org.j3d.maths.vector.Vector3dTest.testEquals()'><b>testEquals</b><br>Test class: org.j3d.maths.vector.Vector3dTest<br>Parameters: [Ljava.lang.Double;@35ddb0af, [Ljava.lang.Double;@6d7accc9, true</td>
<td></td>
<td>0</td>
<td>org.j3d.maths.vector.Vector3dTest@29557211</td></tr>
<tr>
<td title='org.j3d.maths.vector.Vector3dTest.testEquals()'><b>testEquals</b><br>Test class: org.j3d.maths.vector.Vector3dTest<br>Parameters: [Ljava.lang.Double;@191ad846, [Ljava.lang.Double;@316ce88a, false</td>
<td></td>
<td>0</td>
<td>org.j3d.maths.vector.Vector3dTest@29557211</td></tr>
<tr>
<td title='org.j3d.maths.vector.Vector3dTest.testEquals()'><b>testEquals</b><br>Test class: org.j3d.maths.vector.Vector3dTest<br>Parameters: [Ljava.lang.Double;@6516d55f, [Ljava.lang.Double;@3e1283d2, true</td>
<td></td>
<td>0</td>
<td>org.j3d.maths.vector.Vector3dTest@29557211</td></tr>
<tr>
<td title='org.j3d.maths.vector.Vector3dTest.testEquals()'><b>testEquals</b><br>Test class: org.j3d.maths.vector.Vector3dTest<br>Parameters: [Ljava.lang.Double;@318c6fd4, [Ljava.lang.Double;@7b01e0b5, true</td>
<td></td>
<td>0</td>
<td>org.j3d.maths.vector.Vector3dTest@29557211</td></tr>
<tr>
<td title='org.j3d.maths.vector.Vector3dTest.testEquals()'><b>testEquals</b><br>Test class: org.j3d.maths.vector.Vector3dTest<br>Parameters: [Ljava.lang.Double;@3847ca2a, [Ljava.lang.Double;@7129a843, true</td>
<td></td>
<td>0</td>
<td>org.j3d.maths.vector.Vector3dTest@29557211</td></tr>
<tr>
<td title='org.j3d.maths.vector.Vector4dTest.testEquals()'><b>testEquals</b><br>Test class: org.j3d.maths.vector.Vector4dTest<br>Parameters: [Ljava.lang.Double;@65e600bf, [Ljava.lang.Double;@5f3b2fdc, true</td>
<td></td>
<td>0</td>
<td>org.j3d.maths.vector.Vector4dTest@789caeb2</td></tr>
<tr>
<td title='org.j3d.maths.vector.Vector4dTest.testEquals()'><b>testEquals</b><br>Test class: org.j3d.maths.vector.Vector4dTest<br>Parameters: [Ljava.lang.Double;@26c3455c, [Ljava.lang.Double;@5dfeaee5, false</td>
<td></td>
<td>0</td>
<td>org.j3d.maths.vector.Vector4dTest@789caeb2</td></tr>
<tr>
<td title='org.j3d.maths.vector.Vector4dTest.testEquals()'><b>testEquals</b><br>Test class: org.j3d.maths.vector.Vector4dTest<br>Parameters: [Ljava.lang.Double;@7b8c6c98, [Ljava.lang.Double;@402dae86, true</td>
<td></td>
<td>0</td>
<td>org.j3d.maths.vector.Vector4dTest@789caeb2</td></tr>
<tr>
<td title='org.j3d.maths.vector.Vector4dTest.testEquals()'><b>testEquals</b><br>Test class: org.j3d.maths.vector.Vector4dTest<br>Parameters: [Ljava.lang.Double;@771d0054, [Ljava.lang.Double;@1100c7e4, true</td>
<td></td>
<td>0</td>
<td>org.j3d.maths.vector.Vector4dTest@789caeb2</td></tr>
<tr>
<td title='org.j3d.maths.vector.Vector4dTest.testEquals()'><b>testEquals</b><br>Test class: org.j3d.maths.vector.Vector4dTest<br>Parameters: [Ljava.lang.Double;@4a435274, [Ljava.lang.Double;@9da63c3, true</td>
<td></td>
<td>0</td>
<td>org.j3d.maths.vector.Vector4dTest@789caeb2</td></tr>
<tr>
<td title='org.j3d.maths.vector.Point4dTest.testEquals()'><b>testEquals</b><br>Test class: org.j3d.maths.vector.Point4dTest<br>Parameters: [Ljava.lang.Double;@60cb9c42, [Ljava.lang.Double;@577fe2b3, true</td>
<td></td>
<td>0</td>
<td>org.j3d.maths.vector.Point4dTest@3842cbda</td></tr>
<tr>
<td title='org.j3d.maths.vector.Point4dTest.testEquals()'><b>testEquals</b><br>Test class: org.j3d.maths.vector.Point4dTest<br>Parameters: [Ljava.lang.Double;@cfc82a6, [Ljava.lang.Double;@15e566f3, false</td>
<td></td>
<td>0</td>
<td>org.j3d.maths.vector.Point4dTest@3842cbda</td></tr>
<tr>
<td title='org.j3d.maths.vector.Point4dTest.testEquals()'><b>testEquals</b><br>Test class: org.j3d.maths.vector.Point4dTest<br>Parameters: [Ljava.lang.Double;@7c9e6c0, [Ljava.lang.Double;@584c4b3e, true</td>
<td></td>
<td>0</td>
<td>org.j3d.maths.vector.Point4dTest@3842cbda</td></tr>
<tr>
<td title='org.j3d.maths.vector.Point4dTest.testEquals()'><b>testEquals</b><br>Test class: org.j3d.maths.vector.Point4dTest<br>Parameters: [Ljava.lang.Double;@78e000bb, [Ljava.lang.Double;@3a5032fc, true</td>
<td></td>
<td>0</td>
<td>org.j3d.maths.vector.Point4dTest@3842cbda</td></tr>
<tr>
<td title='org.j3d.maths.vector.Point4dTest.testEquals()'><b>testEquals</b><br>Test class: org.j3d.maths.vector.Point4dTest<br>Parameters: [Ljava.lang.Double;@67435c4c, [Ljava.lang.Double;@7760b68a, true</td>
<td></td>
<td>0</td>
<td>org.j3d.maths.vector.Point4dTest@3842cbda</td></tr>
<tr>
<td title='org.j3d.maths.vector.AxisAngle4dTest.testEquals()'><b>testEquals</b><br>Test class: org.j3d.maths.vector.AxisAngle4dTest<br>Parameters: [Ljava.lang.Double;@6e705b40, [Ljava.lang.Double;@1276ff65, true</td>
<td></td>
<td>0</td>
<td>org.j3d.maths.vector.AxisAngle4dTest@2c3bb475</td></tr>
<tr>
<td title='org.j3d.maths.vector.AxisAngle4dTest.testEquals()'><b>testEquals</b><br>Test class: org.j3d.maths.vector.AxisAngle4dTest<br>Parameters: [Ljava.lang.Double;@4279495b, [Ljava.lang.Double;@28bf1775, false</td>
<td></td>
<td>0</td>
<td>org.j3d.maths.vector.AxisAngle4dTest@2c3bb475</td></tr>
<tr>
<td title='org.j3d.maths.vector.AxisAngle4dTest.testEquals()'><b>testEquals</b><br>Test class: org.j3d.maths.vector.AxisAngle4dTest<br>Parameters: [Ljava.lang.Double;@199d1739, [Ljava.lang.Double;@185fac52, true</td>
<td></td>
<td>0</td>
<td>org.j3d.maths.vector.AxisAngle4dTest@2c3bb475</td></tr>
<tr>
<td title='org.j3d.maths.vector.AxisAngle4dTest.testEquals()'><b>testEquals</b><br>Test class: org.j3d.maths.vector.AxisAngle4dTest<br>Parameters: [Ljava.lang.Double;@312a47fe, [Ljava.lang.Double;@4edc8de9, true</td>
<td></td>
<td>0</td>
<td>org.j3d.maths.vector.AxisAngle4dTest@2c3bb475</td></tr>
<tr>
<td title='org.j3d.maths.vector.AxisAngle4dTest.testEquals()'><b>testEquals</b><br>Test class: org.j3d.maths.vector.AxisAngle4dTest<br>Parameters: [Ljava.lang.Double;@71e8e471, [Ljava.lang.Double;@70edf123, true</td>
<td></td>
<td>0</td>
<td>org.j3d.maths.vector.AxisAngle4dTest@2c3bb475</td></tr>
<tr>
<td title='org.j3d.maths.vector.SingularValueDecompositionTest.testGenerateFlags()'><b>testGenerateFlags</b><br>Test class: org.j3d.maths.vector.SingularValueDecompositionTest</td>
<td></td>
<td>0</td>
<td>org.j3d.maths.vector.SingularValueDecompositionTest@3b43b598</td></tr>
<tr>
<td title='org.j3d.util.MatrixUtilsTest.testGetUniformScale()'><b>testGetUniformScale</b><br>Test class: org.j3d.util.MatrixUtilsTest</td>
<td></td>
<td>0</td>
<td>org.j3d.util.MatrixUtilsTest@68b88d29</td></tr>
<tr>
<td title='org.j3d.color.Color4bTest.testHashCode()'><b>testHashCode</b><br>Test class: org.j3d.color.Color4bTest</td>
<td></td>
<td>0</td>
<td>org.j3d.color.Color4bTest@16503677</td></tr>
<tr>
<td title='org.j3d.color.Color4fTest.testHashCode()'><b>testHashCode</b><br>Test class: org.j3d.color.Color4fTest</td>
<td></td>
<td>0</td>
<td>org.j3d.color.Color4fTest@5a472c8d</td></tr>
<tr>
<td title='org.j3d.maths.vector.Matrix4dTest.testHashCode()'><b>testHashCode</b><br>Test class: org.j3d.maths.vector.Matrix4dTest</td>
<td></td>
<td>0</td>
<td>org.j3d.maths.vector.Matrix4dTest@5ab6e2e3</td></tr>
<tr>
<td title='org.j3d.maths.vector.Point2dTest.testHashCode()'><b>testHashCode</b><br>Test class: org.j3d.maths.vector.Point2dTest</td>
<td></td>
<td>0</td>
<td>org.j3d.maths.vector.Point2dTest@47d1ab77</td></tr>
<tr>
<td title='org.j3d.maths.vector.Point3dTest.testHashCode()'><b>testHashCode</b><br>Test class: org.j3d.maths.vector.Point3dTest</td>
<td></td>
<td>0</td>
<td>org.j3d.maths.vector.Point3dTest@6e834c87</td></tr>
<tr>
<td title='org.j3d.maths.vector.Quat4dTest.testHashCode()'><b>testHashCode</b><br>Test class: org.j3d.maths.vector.Quat4dTest</td>
<td></td>
<td>0</td>
<td>org.j3d.maths.vector.Quat4dTest@1ce9d39c</td></tr>
<tr>
<td title='org.j3d.maths.vector.Vector3dTest.testHashCode()'><b>testHashCode</b><br>Test class: org.j3d.maths.vector.Vector3dTest</td>
<td></td>
<td>0</td>
<td>org.j3d.maths.vector.Vector3dTest@29557211</td></tr>
<tr>
<td title='org.j3d.maths.vector.Vector4dTest.testHashCode()'><b>testHashCode</b><br>Test class: org.j3d.maths.vector.Vector4dTest</td>
<td></td>
<td>0</td>
<td>org.j3d.maths.vector.Vector4dTest@789caeb2</td></tr>
<tr>
<td title='org.j3d.maths.vector.Point4dTest.testHashCode()'><b>testHashCode</b><br>Test class: org.j3d.maths.vector.Point4dTest</td>
<td></td>
<td>0</td>
<td>org.j3d.maths.vector.Point4dTest@3842cbda</td></tr>
<tr>
<td title='org.j3d.maths.vector.AxisAngle4dTest.testHashCode()'><b>testHashCode</b><br>Test class: org.j3d.maths.vector.AxisAngle4dTest</td>
<td></td>
<td>0</td>
<td>org.j3d.maths.vector.AxisAngle4dTest@2c3bb475</td></tr>
<tr>
<td title='org.j3d.maths.vector.SingularValueDecompositionTest.testIdentityDecomposition()'><b>testIdentityDecomposition</b><br>Test class: org.j3d.maths.vector.SingularValueDecompositionTest</td>
<td></td>
<td>0</td>
<td>org.j3d.maths.vector.SingularValueDecompositionTest@3b43b598</td></tr>
<tr>
<td title='org.j3d.maths.vector.Matrix4dTest.testIdentityMatrixDeterminant()'><b>testIdentityMatrixDeterminant</b><br>Test class: org.j3d.maths.vector.Matrix4dTest</td>
<td></td>
<td>0</td>
<td>org.j3d.maths.vector.Matrix4dTest@5ab6e2e3</td></tr>
<tr>
<td title='org.j3d.maths.vector.Quat4dTest.testInterpolate()'><b>testInterpolate</b><br>Test class: org.j3d.maths.vector.Quat4dTest</td>
<td></td>
<td>0</td>
<td>org.j3d.maths.vector.Quat4dTest@1ce9d39c</td></tr>
<tr>
<td title='org.j3d.maths.vector.Quat4dTest.testInterpolateQ1Null()'><b>testInterpolateQ1Null</b><br>Test class: org.j3d.maths.vector.Quat4dTest</td>
<td><div><pre>java.lang.IllegalArgumentException: First quaternion cannot be null
	at org.j3d.maths.vector.Quat4d.interpolate(Quat4d.java:181)
	at org.j3d.maths.vector.Quat4dTest.testInterpolateQ1Null(Quat4dTest.java:86)
... Removed 28 stack frames</pre></div><a href='#' onClick='toggleBox("stack-trace1373506313", this, "Click to show all stack frames", "Click to hide stack frames")'>Click to show all stack frames</a>
<div class='stack-trace' id='stack-trace1373506313'><pre>java.lang.IllegalArgumentException: First quaternion cannot be null
	at org.j3d.maths.vector.Quat4d.interpolate(Quat4d.java:181)
	at org.j3d.maths.vector.Quat4dTest.testInterpolateQ1Null(Quat4dTest.java:86)
	at sun.reflect.NativeMethodAccessorImpl.invoke0(Native Method)
	at sun.reflect.NativeMethodAccessorImpl.invoke(NativeMethodAccessorImpl.java:57)
	at sun.reflect.DelegatingMethodAccessorImpl.invoke(DelegatingMethodAccessorImpl.java:43)
	at java.lang.reflect.Method.invoke(Method.java:601)
	at org.testng.internal.MethodInvocationHelper.invokeMethod(MethodInvocationHelper.java:84)
	at org.testng.internal.Invoker.invokeMethod(Invoker.java:714)
	at org.testng.internal.Invoker.invokeTestMethod(Invoker.java:901)
	at org.testng.internal.Invoker.invokeTestMethods(Invoker.java:1231)
	at org.testng.internal.TestMethodWorker.invokeTestMethods(TestMethodWorker.java:127)
	at org.testng.internal.TestMethodWorker.run(TestMethodWorker.java:111)
	at org.testng.TestRunner.privateRun(TestRunner.java:767)
	at org.testng.TestRunner.run(TestRunner.java:617)
	at org.testng.SuiteRunner.runTest(SuiteRunner.java:334)
	at org.testng.SuiteRunner.runSequentially(SuiteRunner.java:329)
	at org.testng.SuiteRunner.privateRun(SuiteRunner.java:291)
	at org.testng.SuiteRunner.run(SuiteRunner.java:240)
	at org.testng.SuiteRunnerWorker.runSuite(SuiteRunnerWorker.java:52)
	at org.testng.SuiteRunnerWorker.run(SuiteRunnerWorker.java:86)
	at org.testng.TestNG.runSuitesSequentially(TestNG.java:1224)
	at org.testng.TestNG.runSuitesLocally(TestNG.java:1149)
	at org.testng.TestNG.run(TestNG.java:1057)
	at org.apache.maven.surefire.testng.TestNGExecutor.run(TestNGExecutor.java:69)
	at org.apache.maven.surefire.testng.TestNGDirectoryTestSuite.executeMulti(TestNGDirectoryTestSuite.java:181)
	at org.apache.maven.surefire.testng.TestNGDirectoryTestSuite.execute(TestNGDirectoryTestSuite.java:99)
	at org.apache.maven.surefire.testng.TestNGProvider.invoke(TestNGProvider.java:113)
	at org.apache.maven.surefire.booter.ForkedBooter.invokeProviderInSameClassLoader(ForkedBooter.java:200)
	at org.apache.maven.surefire.booter.ForkedBooter.runSuitesInProcess(ForkedBooter.java:153)
	at org.apache.maven.surefire.booter.ForkedBooter.main(ForkedBooter.java:103)
</pre></div></td>
<td>0</td>
<td>org.j3d.maths.vector.Quat4dTest@1ce9d39c</td></tr>
<tr>
<td title='org.j3d.maths.vector.Quat4dTest.testInterpolateQ2Null()'><b>testInterpolateQ2Null</b><br>Test class: org.j3d.maths.vector.Quat4dTest</td>
<td><div><pre>java.lang.IllegalArgumentException: Second quaternion cannot be null
	at org.j3d.maths.vector.Quat4d.interpolate(Quat4d.java:184)
	at org.j3d.maths.vector.Quat4dTest.testInterpolateQ2Null(Quat4dTest.java:93)
... Removed 28 stack frames</pre></div><a href='#' onClick='toggleBox("stack-trace1218880988", this, "Click to show all stack frames", "Click to hide stack frames")'>Click to show all stack frames</a>
<div class='stack-trace' id='stack-trace1218880988'><pre>java.lang.IllegalArgumentException: Second quaternion cannot be null
	at org.j3d.maths.vector.Quat4d.interpolate(Quat4d.java:184)
	at org.j3d.maths.vector.Quat4dTest.testInterpolateQ2Null(Quat4dTest.java:93)
	at sun.reflect.NativeMethodAccessorImpl.invoke0(Native Method)
	at sun.reflect.NativeMethodAccessorImpl.invoke(NativeMethodAccessorImpl.java:57)
	at sun.reflect.DelegatingMethodAccessorImpl.invoke(DelegatingMethodAccessorImpl.java:43)
	at java.lang.reflect.Method.invoke(Method.java:601)
	at org.testng.internal.MethodInvocationHelper.invokeMethod(MethodInvocationHelper.java:84)
	at org.testng.internal.Invoker.invokeMethod(Invoker.java:714)
	at org.testng.internal.Invoker.invokeTestMethod(Invoker.java:901)
	at org.testng.internal.Invoker.invokeTestMethods(Invoker.java:1231)
	at org.testng.internal.TestMethodWorker.invokeTestMethods(TestMethodWorker.java:127)
	at org.testng.internal.TestMethodWorker.run(TestMethodWorker.java:111)
	at org.testng.TestRunner.privateRun(TestRunner.java:767)
	at org.testng.TestRunner.run(TestRunner.java:617)
	at org.testng.SuiteRunner.runTest(SuiteRunner.java:334)
	at org.testng.SuiteRunner.runSequentially(SuiteRunner.java:329)
	at org.testng.SuiteRunner.privateRun(SuiteRunner.java:291)
	at org.testng.SuiteRunner.run(SuiteRunner.java:240)
	at org.testng.SuiteRunnerWorker.runSuite(SuiteRunnerWorker.java:52)
	at org.testng.SuiteRunnerWorker.run(SuiteRunnerWorker.java:86)
	at org.testng.TestNG.runSuitesSequentially(TestNG.java:1224)
	at org.testng.TestNG.runSuitesLocally(TestNG.java:1149)
	at org.testng.TestNG.run(TestNG.java:1057)
	at org.apache.maven.surefire.testng.TestNGExecutor.run(TestNGExecutor.java:69)
	at org.apache.maven.surefire.testng.TestNGDirectoryTestSuite.executeMulti(TestNGDirectoryTestSuite.java:181)
	at org.apache.maven.surefire.testng.TestNGDirectoryTestSuite.execute(TestNGDirectoryTestSuite.java:99)
	at org.apache.maven.surefire.testng.TestNGProvider.invoke(TestNGProvider.java:113)
	at org.apache.maven.surefire.booter.ForkedBooter.invokeProviderInSameClassLoader(ForkedBooter.java:200)
	at org.apache.maven.surefire.booter.ForkedBooter.runSuitesInProcess(ForkedBooter.java:153)
	at org.apache.maven.surefire.booter.ForkedBooter.main(ForkedBooter.java:103)
</pre></div></td>
<td>0</td>
<td>org.j3d.maths.vector.Quat4dTest@1ce9d39c</td></tr>
<tr>
<td title='org.j3d.util.I18nManagerTest.testInvalidCountryLength()'><b>testInvalidCountryLength</b><br>Test class: org.j3d.util.I18nManagerTest</td>
<td><div><pre>java.lang.IllegalArgumentException: The country code is not the required 2 characters in length: A
	at org.j3d.util.I18nManager.changeLocale(I18nManager.java:322)
	at org.j3d.util.I18nManagerTest.testInvalidCountryLength(I18nManagerTest.java:47)
... Removed 28 stack frames</pre></div><a href='#' onClick='toggleBox("stack-trace1012394427", this, "Click to show all stack frames", "Click to hide stack frames")'>Click to show all stack frames</a>
<div class='stack-trace' id='stack-trace1012394427'><pre>java.lang.IllegalArgumentException: The country code is not the required 2 characters in length: A
	at org.j3d.util.I18nManager.changeLocale(I18nManager.java:322)
	at org.j3d.util.I18nManagerTest.testInvalidCountryLength(I18nManagerTest.java:47)
	at sun.reflect.NativeMethodAccessorImpl.invoke0(Native Method)
	at sun.reflect.NativeMethodAccessorImpl.invoke(NativeMethodAccessorImpl.java:57)
	at sun.reflect.DelegatingMethodAccessorImpl.invoke(DelegatingMethodAccessorImpl.java:43)
	at java.lang.reflect.Method.invoke(Method.java:601)
	at org.testng.internal.MethodInvocationHelper.invokeMethod(MethodInvocationHelper.java:84)
	at org.testng.internal.Invoker.invokeMethod(Invoker.java:714)
	at org.testng.internal.Invoker.invokeTestMethod(Invoker.java:901)
	at org.testng.internal.Invoker.invokeTestMethods(Invoker.java:1231)
	at org.testng.internal.TestMethodWorker.invokeTestMethods(TestMethodWorker.java:127)
	at org.testng.internal.TestMethodWorker.run(TestMethodWorker.java:111)
	at org.testng.TestRunner.privateRun(TestRunner.java:767)
	at org.testng.TestRunner.run(TestRunner.java:617)
	at org.testng.SuiteRunner.runTest(SuiteRunner.java:334)
	at org.testng.SuiteRunner.runSequentially(SuiteRunner.java:329)
	at org.testng.SuiteRunner.privateRun(SuiteRunner.java:291)
	at org.testng.SuiteRunner.run(SuiteRunner.java:240)
	at org.testng.SuiteRunnerWorker.runSuite(SuiteRunnerWorker.java:52)
	at org.testng.SuiteRunnerWorker.run(SuiteRunnerWorker.java:86)
	at org.testng.TestNG.runSuitesSequentially(TestNG.java:1224)
	at org.testng.TestNG.runSuitesLocally(TestNG.java:1149)
	at org.testng.TestNG.run(TestNG.java:1057)
	at org.apache.maven.surefire.testng.TestNGExecutor.run(TestNGExecutor.java:69)
	at org.apache.maven.surefire.testng.TestNGDirectoryTestSuite.executeMulti(TestNGDirectoryTestSuite.java:181)
	at org.apache.maven.surefire.testng.TestNGDirectoryTestSuite.execute(TestNGDirectoryTestSuite.java:99)
	at org.apache.maven.surefire.testng.TestNGProvider.invoke(TestNGProvider.java:113)
	at org.apache.maven.surefire.booter.ForkedBooter.invokeProviderInSameClassLoader(ForkedBooter.java:200)
	at org.apache.maven.surefire.booter.ForkedBooter.runSuitesInProcess(ForkedBooter.java:153)
	at org.apache.maven.surefire.booter.ForkedBooter.main(ForkedBooter.java:103)
</pre></div></td>
<td>0</td>
<td>org.j3d.util.I18nManagerTest@4d1b6341</td></tr>
<tr>
<td title='org.j3d.util.interpolator.Coordinate2DInterpolatorTest.testInvalidInsertLessThan2Values()'><b>testInvalidInsertLessThan2Values</b><br>Test class: org.j3d.util.interpolator.Coordinate2DInterpolatorTest</td>
<td><div><pre>java.lang.IllegalArgumentException: Coordinates length not x 2
	at org.j3d.util.interpolator.Coordinate2DInterpolator.addKeyFrame(Coordinate2DInterpolator.java:104)
	at org.j3d.util.interpolator.Coordinate2DInterpolatorTest.testInvalidInsertLessThan2Values(Coordinate2DInterpolatorTest.java:75)
... Removed 28 stack frames</pre></div><a href='#' onClick='toggleBox("stack-trace1522268748", this, "Click to show all stack frames", "Click to hide stack frames")'>Click to show all stack frames</a>
<div class='stack-trace' id='stack-trace1522268748'><pre>java.lang.IllegalArgumentException: Coordinates length not x 2
	at org.j3d.util.interpolator.Coordinate2DInterpolator.addKeyFrame(Coordinate2DInterpolator.java:104)
	at org.j3d.util.interpolator.Coordinate2DInterpolatorTest.testInvalidInsertLessThan2Values(Coordinate2DInterpolatorTest.java:75)
	at sun.reflect.NativeMethodAccessorImpl.invoke0(Native Method)
	at sun.reflect.NativeMethodAccessorImpl.invoke(NativeMethodAccessorImpl.java:57)
	at sun.reflect.DelegatingMethodAccessorImpl.invoke(DelegatingMethodAccessorImpl.java:43)
	at java.lang.reflect.Method.invoke(Method.java:601)
	at org.testng.internal.MethodInvocationHelper.invokeMethod(MethodInvocationHelper.java:84)
	at org.testng.internal.Invoker.invokeMethod(Invoker.java:714)
	at org.testng.internal.Invoker.invokeTestMethod(Invoker.java:901)
	at org.testng.internal.Invoker.invokeTestMethods(Invoker.java:1231)
	at org.testng.internal.TestMethodWorker.invokeTestMethods(TestMethodWorker.java:127)
	at org.testng.internal.TestMethodWorker.run(TestMethodWorker.java:111)
	at org.testng.TestRunner.privateRun(TestRunner.java:767)
	at org.testng.TestRunner.run(TestRunner.java:617)
	at org.testng.SuiteRunner.runTest(SuiteRunner.java:334)
	at org.testng.SuiteRunner.runSequentially(SuiteRunner.java:329)
	at org.testng.SuiteRunner.privateRun(SuiteRunner.java:291)
	at org.testng.SuiteRunner.run(SuiteRunner.java:240)
	at org.testng.SuiteRunnerWorker.runSuite(SuiteRunnerWorker.java:52)
	at org.testng.SuiteRunnerWorker.run(SuiteRunnerWorker.java:86)
	at org.testng.TestNG.runSuitesSequentially(TestNG.java:1224)
	at org.testng.TestNG.runSuitesLocally(TestNG.java:1149)
	at org.testng.TestNG.run(TestNG.java:1057)
	at org.apache.maven.surefire.testng.TestNGExecutor.run(TestNGExecutor.java:69)
	at org.apache.maven.surefire.testng.TestNGDirectoryTestSuite.executeMulti(TestNGDirectoryTestSuite.java:181)
	at org.apache.maven.surefire.testng.TestNGDirectoryTestSuite.execute(TestNGDirectoryTestSuite.java:99)
	at org.apache.maven.surefire.testng.TestNGProvider.invoke(TestNGProvider.java:113)
	at org.apache.maven.surefire.booter.ForkedBooter.invokeProviderInSameClassLoader(ForkedBooter.java:200)
	at org.apache.maven.surefire.booter.ForkedBooter.runSuitesInProcess(ForkedBooter.java:153)
	at org.apache.maven.surefire.booter.ForkedBooter.main(ForkedBooter.java:103)
</pre></div></td>
<td>0</td>
<td>org.j3d.util.interpolator.Coordinate2DInterpolatorTest@78189538</td></tr>
<tr>
<td title='org.j3d.util.interpolator.CoordinateInterpolatorTest.testInvalidInsertLessThan3Values()'><b>testInvalidInsertLessThan3Values</b><br>Test class: org.j3d.util.interpolator.CoordinateInterpolatorTest</td>
<td><div><pre>java.lang.IllegalArgumentException: Coordinates length not x 3
	at org.j3d.util.interpolator.CoordinateInterpolator.addKeyFrame(CoordinateInterpolator.java:104)
	at org.j3d.util.interpolator.CoordinateInterpolatorTest.testInvalidInsertLessThan3Values(CoordinateInterpolatorTest.java:75)
... Removed 28 stack frames</pre></div><a href='#' onClick='toggleBox("stack-trace764262251", this, "Click to show all stack frames", "Click to hide stack frames")'>Click to show all stack frames</a>
<div class='stack-trace' id='stack-trace764262251'><pre>java.lang.IllegalArgumentException: Coordinates length not x 3
	at org.j3d.util.interpolator.CoordinateInterpolator.addKeyFrame(CoordinateInterpolator.java:104)
	at org.j3d.util.interpolator.CoordinateInterpolatorTest.testInvalidInsertLessThan3Values(CoordinateInterpolatorTest.java:75)
	at sun.reflect.NativeMethodAccessorImpl.invoke0(Native Method)
	at sun.reflect.NativeMethodAccessorImpl.invoke(NativeMethodAccessorImpl.java:57)
	at sun.reflect.DelegatingMethodAccessorImpl.invoke(DelegatingMethodAccessorImpl.java:43)
	at java.lang.reflect.Method.invoke(Method.java:601)
	at org.testng.internal.MethodInvocationHelper.invokeMethod(MethodInvocationHelper.java:84)
	at org.testng.internal.Invoker.invokeMethod(Invoker.java:714)
	at org.testng.internal.Invoker.invokeTestMethod(Invoker.java:901)
	at org.testng.internal.Invoker.invokeTestMethods(Invoker.java:1231)
	at org.testng.internal.TestMethodWorker.invokeTestMethods(TestMethodWorker.java:127)
	at org.testng.internal.TestMethodWorker.run(TestMethodWorker.java:111)
	at org.testng.TestRunner.privateRun(TestRunner.java:767)
	at org.testng.TestRunner.run(TestRunner.java:617)
	at org.testng.SuiteRunner.runTest(SuiteRunner.java:334)
	at org.testng.SuiteRunner.runSequentially(SuiteRunner.java:329)
	at org.testng.SuiteRunner.privateRun(SuiteRunner.java:291)
	at org.testng.SuiteRunner.run(SuiteRunner.java:240)
	at org.testng.SuiteRunnerWorker.runSuite(SuiteRunnerWorker.java:52)
	at org.testng.SuiteRunnerWorker.run(SuiteRunnerWorker.java:86)
	at org.testng.TestNG.runSuitesSequentially(TestNG.java:1224)
	at org.testng.TestNG.runSuitesLocally(TestNG.java:1149)
	at org.testng.TestNG.run(TestNG.java:1057)
	at org.apache.maven.surefire.testng.TestNGExecutor.run(TestNGExecutor.java:69)
	at org.apache.maven.surefire.testng.TestNGDirectoryTestSuite.executeMulti(TestNGDirectoryTestSuite.java:181)
	at org.apache.maven.surefire.testng.TestNGDirectoryTestSuite.execute(TestNGDirectoryTestSuite.java:99)
	at org.apache.maven.surefire.testng.TestNGProvider.invoke(TestNGProvider.java:113)
	at org.apache.maven.surefire.booter.ForkedBooter.invokeProviderInSameClassLoader(ForkedBooter.java:200)
	at org.apache.maven.surefire.booter.ForkedBooter.runSuitesInProcess(ForkedBooter.java:153)
	at org.apache.maven.surefire.booter.ForkedBooter.main(ForkedBooter.java:103)
</pre></div></td>
<td>0</td>
<td>org.j3d.util.interpolator.CoordinateInterpolatorTest@76be0b48</td></tr>
<tr>
<td title='org.j3d.util.interpolator.Coordinate2DInterpolatorTest.testInvalidInsertNotMult2()'><b>testInvalidInsertNotMult2</b><br>Test class: org.j3d.util.interpolator.Coordinate2DInterpolatorTest</td>
<td><div><pre>java.lang.IllegalArgumentException: Coordinates length not x 2
	at org.j3d.util.interpolator.Coordinate2DInterpolator.addKeyFrame(Coordinate2DInterpolator.java:104)
	at org.j3d.util.interpolator.Coordinate2DInterpolatorTest.testInvalidInsertNotMult2(Coordinate2DInterpolatorTest.java:84)
... Removed 28 stack frames</pre></div><a href='#' onClick='toggleBox("stack-trace1798160925", this, "Click to show all stack frames", "Click to hide stack frames")'>Click to show all stack frames</a>
<div class='stack-trace' id='stack-trace1798160925'><pre>java.lang.IllegalArgumentException: Coordinates length not x 2
	at org.j3d.util.interpolator.Coordinate2DInterpolator.addKeyFrame(Coordinate2DInterpolator.java:104)
	at org.j3d.util.interpolator.Coordinate2DInterpolatorTest.testInvalidInsertNotMult2(Coordinate2DInterpolatorTest.java:84)
	at sun.reflect.NativeMethodAccessorImpl.invoke0(Native Method)
	at sun.reflect.NativeMethodAccessorImpl.invoke(NativeMethodAccessorImpl.java:57)
	at sun.reflect.DelegatingMethodAccessorImpl.invoke(DelegatingMethodAccessorImpl.java:43)
	at java.lang.reflect.Method.invoke(Method.java:601)
	at org.testng.internal.MethodInvocationHelper.invokeMethod(MethodInvocationHelper.java:84)
	at org.testng.internal.Invoker.invokeMethod(Invoker.java:714)
	at org.testng.internal.Invoker.invokeTestMethod(Invoker.java:901)
	at org.testng.internal.Invoker.invokeTestMethods(Invoker.java:1231)
	at org.testng.internal.TestMethodWorker.invokeTestMethods(TestMethodWorker.java:127)
	at org.testng.internal.TestMethodWorker.run(TestMethodWorker.java:111)
	at org.testng.TestRunner.privateRun(TestRunner.java:767)
	at org.testng.TestRunner.run(TestRunner.java:617)
	at org.testng.SuiteRunner.runTest(SuiteRunner.java:334)
	at org.testng.SuiteRunner.runSequentially(SuiteRunner.java:329)
	at org.testng.SuiteRunner.privateRun(SuiteRunner.java:291)
	at org.testng.SuiteRunner.run(SuiteRunner.java:240)
	at org.testng.SuiteRunnerWorker.runSuite(SuiteRunnerWorker.java:52)
	at org.testng.SuiteRunnerWorker.run(SuiteRunnerWorker.java:86)
	at org.testng.TestNG.runSuitesSequentially(TestNG.java:1224)
	at org.testng.TestNG.runSuitesLocally(TestNG.java:1149)
	at org.testng.TestNG.run(TestNG.java:1057)
	at org.apache.maven.surefire.testng.TestNGExecutor.run(TestNGExecutor.java:69)
	at org.apache.maven.surefire.testng.TestNGDirectoryTestSuite.executeMulti(TestNGDirectoryTestSuite.java:181)
	at org.apache.maven.surefire.testng.TestNGDirectoryTestSuite.execute(TestNGDirectoryTestSuite.java:99)
	at org.apache.maven.surefire.testng.TestNGProvider.invoke(TestNGProvider.java:113)
	at org.apache.maven.surefire.booter.ForkedBooter.invokeProviderInSameClassLoader(ForkedBooter.java:200)
	at org.apache.maven.surefire.booter.ForkedBooter.runSuitesInProcess(ForkedBooter.java:153)
	at org.apache.maven.surefire.booter.ForkedBooter.main(ForkedBooter.java:103)
</pre></div></td>
<td>0</td>
<td>org.j3d.util.interpolator.Coordinate2DInterpolatorTest@78189538</td></tr>
<tr>
<td title='org.j3d.util.interpolator.CoordinateInterpolatorTest.testInvalidInsertNotMutl3()'><b>testInvalidInsertNotMutl3</b><br>Test class: org.j3d.util.interpolator.CoordinateInterpolatorTest</td>
<td><div><pre>java.lang.IllegalArgumentException: Coordinates length not x 3
	at org.j3d.util.interpolator.CoordinateInterpolator.addKeyFrame(CoordinateInterpolator.java:104)
	at org.j3d.util.interpolator.CoordinateInterpolatorTest.testInvalidInsertNotMutl3(CoordinateInterpolatorTest.java:84)
... Removed 28 stack frames</pre></div><a href='#' onClick='toggleBox("stack-trace855959850", this, "Click to show all stack frames", "Click to hide stack frames")'>Click to show all stack frames</a>
<div class='stack-trace' id='stack-trace855959850'><pre>java.lang.IllegalArgumentException: Coordinates length not x 3
	at org.j3d.util.interpolator.CoordinateInterpolator.addKeyFrame(CoordinateInterpolator.java:104)
	at org.j3d.util.interpolator.CoordinateInterpolatorTest.testInvalidInsertNotMutl3(CoordinateInterpolatorTest.java:84)
	at sun.reflect.NativeMethodAccessorImpl.invoke0(Native Method)
	at sun.reflect.NativeMethodAccessorImpl.invoke(NativeMethodAccessorImpl.java:57)
	at sun.reflect.DelegatingMethodAccessorImpl.invoke(DelegatingMethodAccessorImpl.java:43)
	at java.lang.reflect.Method.invoke(Method.java:601)
	at org.testng.internal.MethodInvocationHelper.invokeMethod(MethodInvocationHelper.java:84)
	at org.testng.internal.Invoker.invokeMethod(Invoker.java:714)
	at org.testng.internal.Invoker.invokeTestMethod(Invoker.java:901)
	at org.testng.internal.Invoker.invokeTestMethods(Invoker.java:1231)
	at org.testng.internal.TestMethodWorker.invokeTestMethods(TestMethodWorker.java:127)
	at org.testng.internal.TestMethodWorker.run(TestMethodWorker.java:111)
	at org.testng.TestRunner.privateRun(TestRunner.java:767)
	at org.testng.TestRunner.run(TestRunner.java:617)
	at org.testng.SuiteRunner.runTest(SuiteRunner.java:334)
	at org.testng.SuiteRunner.runSequentially(SuiteRunner.java:329)
	at org.testng.SuiteRunner.privateRun(SuiteRunner.java:291)
	at org.testng.SuiteRunner.run(SuiteRunner.java:240)
	at org.testng.SuiteRunnerWorker.runSuite(SuiteRunnerWorker.java:52)
	at org.testng.SuiteRunnerWorker.run(SuiteRunnerWorker.java:86)
	at org.testng.TestNG.runSuitesSequentially(TestNG.java:1224)
	at org.testng.TestNG.runSuitesLocally(TestNG.java:1149)
	at org.testng.TestNG.run(TestNG.java:1057)
	at org.apache.maven.surefire.testng.TestNGExecutor.run(TestNGExecutor.java:69)
	at org.apache.maven.surefire.testng.TestNGDirectoryTestSuite.executeMulti(TestNGDirectoryTestSuite.java:181)
	at org.apache.maven.surefire.testng.TestNGDirectoryTestSuite.execute(TestNGDirectoryTestSuite.java:99)
	at org.apache.maven.surefire.testng.TestNGProvider.invoke(TestNGProvider.java:113)
	at org.apache.maven.surefire.booter.ForkedBooter.invokeProviderInSameClassLoader(ForkedBooter.java:200)
	at org.apache.maven.surefire.booter.ForkedBooter.runSuitesInProcess(ForkedBooter.java:153)
	at org.apache.maven.surefire.booter.ForkedBooter.main(ForkedBooter.java:103)
</pre></div></td>
<td>0</td>
<td>org.j3d.util.interpolator.CoordinateInterpolatorTest@76be0b48</td></tr>
<tr>
<td title='org.j3d.util.interpolator.Coordinate2DInterpolatorTest.testInvalidInsertNullValues()'><b>testInvalidInsertNullValues</b><br>Test class: org.j3d.util.interpolator.Coordinate2DInterpolatorTest</td>
<td><div><pre>java.lang.IllegalArgumentException: Coord array is null
	at org.j3d.util.interpolator.Coordinate2DInterpolator.addKeyFrame(Coordinate2DInterpolator.java:99)
	at org.j3d.util.interpolator.Coordinate2DInterpolatorTest.testInvalidInsertNullValues(Coordinate2DInterpolatorTest.java:57)
... Removed 28 stack frames</pre></div><a href='#' onClick='toggleBox("stack-trace153302244", this, "Click to show all stack frames", "Click to hide stack frames")'>Click to show all stack frames</a>
<div class='stack-trace' id='stack-trace153302244'><pre>java.lang.IllegalArgumentException: Coord array is null
	at org.j3d.util.interpolator.Coordinate2DInterpolator.addKeyFrame(Coordinate2DInterpolator.java:99)
	at org.j3d.util.interpolator.Coordinate2DInterpolatorTest.testInvalidInsertNullValues(Coordinate2DInterpolatorTest.java:57)
	at sun.reflect.NativeMethodAccessorImpl.invoke0(Native Method)
	at sun.reflect.NativeMethodAccessorImpl.invoke(NativeMethodAccessorImpl.java:57)
	at sun.reflect.DelegatingMethodAccessorImpl.invoke(DelegatingMethodAccessorImpl.java:43)
	at java.lang.reflect.Method.invoke(Method.java:601)
	at org.testng.internal.MethodInvocationHelper.invokeMethod(MethodInvocationHelper.java:84)
	at org.testng.internal.Invoker.invokeMethod(Invoker.java:714)
	at org.testng.internal.Invoker.invokeTestMethod(Invoker.java:901)
	at org.testng.internal.Invoker.invokeTestMethods(Invoker.java:1231)
	at org.testng.internal.TestMethodWorker.invokeTestMethods(TestMethodWorker.java:127)
	at org.testng.internal.TestMethodWorker.run(TestMethodWorker.java:111)
	at org.testng.TestRunner.privateRun(TestRunner.java:767)
	at org.testng.TestRunner.run(TestRunner.java:617)
	at org.testng.SuiteRunner.runTest(SuiteRunner.java:334)
	at org.testng.SuiteRunner.runSequentially(SuiteRunner.java:329)
	at org.testng.SuiteRunner.privateRun(SuiteRunner.java:291)
	at org.testng.SuiteRunner.run(SuiteRunner.java:240)
	at org.testng.SuiteRunnerWorker.runSuite(SuiteRunnerWorker.java:52)
	at org.testng.SuiteRunnerWorker.run(SuiteRunnerWorker.java:86)
	at org.testng.TestNG.runSuitesSequentially(TestNG.java:1224)
	at org.testng.TestNG.runSuitesLocally(TestNG.java:1149)
	at org.testng.TestNG.run(TestNG.java:1057)
	at org.apache.maven.surefire.testng.TestNGExecutor.run(TestNGExecutor.java:69)
	at org.apache.maven.surefire.testng.TestNGDirectoryTestSuite.executeMulti(TestNGDirectoryTestSuite.java:181)
	at org.apache.maven.surefire.testng.TestNGDirectoryTestSuite.execute(TestNGDirectoryTestSuite.java:99)
	at org.apache.maven.surefire.testng.TestNGProvider.invoke(TestNGProvider.java:113)
	at org.apache.maven.surefire.booter.ForkedBooter.invokeProviderInSameClassLoader(ForkedBooter.java:200)
	at org.apache.maven.surefire.booter.ForkedBooter.runSuitesInProcess(ForkedBooter.java:153)
	at org.apache.maven.surefire.booter.ForkedBooter.main(ForkedBooter.java:103)
</pre></div></td>
<td>0</td>
<td>org.j3d.util.interpolator.Coordinate2DInterpolatorTest@78189538</td></tr>
<tr>
<td title='org.j3d.util.interpolator.CoordinateInterpolatorTest.testInvalidInsertNullValues()'><b>testInvalidInsertNullValues</b><br>Test class: org.j3d.util.interpolator.CoordinateInterpolatorTest</td>
<td><div><pre>java.lang.IllegalArgumentException: Coord array is null
	at org.j3d.util.interpolator.CoordinateInterpolator.addKeyFrame(CoordinateInterpolator.java:99)
	at org.j3d.util.interpolator.CoordinateInterpolatorTest.testInvalidInsertNullValues(CoordinateInterpolatorTest.java:57)
... Removed 28 stack frames</pre></div><a href='#' onClick='toggleBox("stack-trace124247697", this, "Click to show all stack frames", "Click to hide stack frames")'>Click to show all stack frames</a>
<div class='stack-trace' id='stack-trace124247697'><pre>java.lang.IllegalArgumentException: Coord array is null
	at org.j3d.util.interpolator.CoordinateInterpolator.addKeyFrame(CoordinateInterpolator.java:99)
	at org.j3d.util.interpolator.CoordinateInterpolatorTest.testInvalidInsertNullValues(CoordinateInterpolatorTest.java:57)
	at sun.reflect.NativeMethodAccessorImpl.invoke0(Native Method)
	at sun.reflect.NativeMethodAccessorImpl.invoke(NativeMethodAccessorImpl.java:57)
	at sun.reflect.DelegatingMethodAccessorImpl.invoke(DelegatingMethodAccessorImpl.java:43)
	at java.lang.reflect.Method.invoke(Method.java:601)
	at org.testng.internal.MethodInvocationHelper.invokeMethod(MethodInvocationHelper.java:84)
	at org.testng.internal.Invoker.invokeMethod(Invoker.java:714)
	at org.testng.internal.Invoker.invokeTestMethod(Invoker.java:901)
	at org.testng.internal.Invoker.invokeTestMethods(Invoker.java:1231)
	at org.testng.internal.TestMethodWorker.invokeTestMethods(TestMethodWorker.java:127)
	at org.testng.internal.TestMethodWorker.run(TestMethodWorker.java:111)
	at org.testng.TestRunner.privateRun(TestRunner.java:767)
	at org.testng.TestRunner.run(TestRunner.java:617)
	at org.testng.SuiteRunner.runTest(SuiteRunner.java:334)
	at org.testng.SuiteRunner.runSequentially(SuiteRunner.java:329)
	at org.testng.SuiteRunner.privateRun(SuiteRunner.java:291)
	at org.testng.SuiteRunner.run(SuiteRunner.java:240)
	at org.testng.SuiteRunnerWorker.runSuite(SuiteRunnerWorker.java:52)
	at org.testng.SuiteRunnerWorker.run(SuiteRunnerWorker.java:86)
	at org.testng.TestNG.runSuitesSequentially(TestNG.java:1224)
	at org.testng.TestNG.runSuitesLocally(TestNG.java:1149)
	at org.testng.TestNG.run(TestNG.java:1057)
	at org.apache.maven.surefire.testng.TestNGExecutor.run(TestNGExecutor.java:69)
	at org.apache.maven.surefire.testng.TestNGDirectoryTestSuite.executeMulti(TestNGDirectoryTestSuite.java:181)
	at org.apache.maven.surefire.testng.TestNGDirectoryTestSuite.execute(TestNGDirectoryTestSuite.java:99)
	at org.apache.maven.surefire.testng.TestNGProvider.invoke(TestNGProvider.java:113)
	at org.apache.maven.surefire.booter.ForkedBooter.invokeProviderInSameClassLoader(ForkedBooter.java:200)
	at org.apache.maven.surefire.booter.ForkedBooter.runSuitesInProcess(ForkedBooter.java:153)
	at org.apache.maven.surefire.booter.ForkedBooter.main(ForkedBooter.java:103)
</pre></div></td>
<td>0</td>
<td>org.j3d.util.interpolator.CoordinateInterpolatorTest@76be0b48</td></tr>
<tr>
<td title='org.j3d.util.interpolator.Coordinate2DInterpolatorTest.testInvalidInsertZeroLengthValues()'><b>testInvalidInsertZeroLengthValues</b><br>Test class: org.j3d.util.interpolator.Coordinate2DInterpolatorTest</td>
<td><div><pre>java.lang.IllegalArgumentException: Coordinates length not x 2
	at org.j3d.util.interpolator.Coordinate2DInterpolator.addKeyFrame(Coordinate2DInterpolator.java:104)
	at org.j3d.util.interpolator.Coordinate2DInterpolatorTest.testInvalidInsertZeroLengthValues(Coordinate2DInterpolatorTest.java:66)
... Removed 28 stack frames</pre></div><a href='#' onClick='toggleBox("stack-trace1717922155", this, "Click to show all stack frames", "Click to hide stack frames")'>Click to show all stack frames</a>
<div class='stack-trace' id='stack-trace1717922155'><pre>java.lang.IllegalArgumentException: Coordinates length not x 2
	at org.j3d.util.interpolator.Coordinate2DInterpolator.addKeyFrame(Coordinate2DInterpolator.java:104)
	at org.j3d.util.interpolator.Coordinate2DInterpolatorTest.testInvalidInsertZeroLengthValues(Coordinate2DInterpolatorTest.java:66)
	at sun.reflect.NativeMethodAccessorImpl.invoke0(Native Method)
	at sun.reflect.NativeMethodAccessorImpl.invoke(NativeMethodAccessorImpl.java:57)
	at sun.reflect.DelegatingMethodAccessorImpl.invoke(DelegatingMethodAccessorImpl.java:43)
	at java.lang.reflect.Method.invoke(Method.java:601)
	at org.testng.internal.MethodInvocationHelper.invokeMethod(MethodInvocationHelper.java:84)
	at org.testng.internal.Invoker.invokeMethod(Invoker.java:714)
	at org.testng.internal.Invoker.invokeTestMethod(Invoker.java:901)
	at org.testng.internal.Invoker.invokeTestMethods(Invoker.java:1231)
	at org.testng.internal.TestMethodWorker.invokeTestMethods(TestMethodWorker.java:127)
	at org.testng.internal.TestMethodWorker.run(TestMethodWorker.java:111)
	at org.testng.TestRunner.privateRun(TestRunner.java:767)
	at org.testng.TestRunner.run(TestRunner.java:617)
	at org.testng.SuiteRunner.runTest(SuiteRunner.java:334)
	at org.testng.SuiteRunner.runSequentially(SuiteRunner.java:329)
	at org.testng.SuiteRunner.privateRun(SuiteRunner.java:291)
	at org.testng.SuiteRunner.run(SuiteRunner.java:240)
	at org.testng.SuiteRunnerWorker.runSuite(SuiteRunnerWorker.java:52)
	at org.testng.SuiteRunnerWorker.run(SuiteRunnerWorker.java:86)
	at org.testng.TestNG.runSuitesSequentially(TestNG.java:1224)
	at org.testng.TestNG.runSuitesLocally(TestNG.java:1149)
	at org.testng.TestNG.run(TestNG.java:1057)
	at org.apache.maven.surefire.testng.TestNGExecutor.run(TestNGExecutor.java:69)
	at org.apache.maven.surefire.testng.TestNGDirectoryTestSuite.executeMulti(TestNGDirectoryTestSuite.java:181)
	at org.apache.maven.surefire.testng.TestNGDirectoryTestSuite.execute(TestNGDirectoryTestSuite.java:99)
	at org.apache.maven.surefire.testng.TestNGProvider.invoke(TestNGProvider.java:113)
	at org.apache.maven.surefire.booter.ForkedBooter.invokeProviderInSameClassLoader(ForkedBooter.java:200)
	at org.apache.maven.surefire.booter.ForkedBooter.runSuitesInProcess(ForkedBooter.java:153)
	at org.apache.maven.surefire.booter.ForkedBooter.main(ForkedBooter.java:103)
</pre></div></td>
<td>0</td>
<td>org.j3d.util.interpolator.Coordinate2DInterpolatorTest@78189538</td></tr>
<tr>
<td title='org.j3d.util.interpolator.CoordinateInterpolatorTest.testInvalidInsertZeroLengthValues()'><b>testInvalidInsertZeroLengthValues</b><br>Test class: org.j3d.util.interpolator.CoordinateInterpolatorTest</td>
<td><div><pre>java.lang.IllegalArgumentException: Coordinates length not x 3
	at org.j3d.util.interpolator.CoordinateInterpolator.addKeyFrame(CoordinateInterpolator.java:104)
	at org.j3d.util.interpolator.CoordinateInterpolatorTest.testInvalidInsertZeroLengthValues(CoordinateInterpolatorTest.java:66)
... Removed 28 stack frames</pre></div><a href='#' onClick='toggleBox("stack-trace876938595", this, "Click to show all stack frames", "Click to hide stack frames")'>Click to show all stack frames</a>
<div class='stack-trace' id='stack-trace876938595'><pre>java.lang.IllegalArgumentException: Coordinates length not x 3
	at org.j3d.util.interpolator.CoordinateInterpolator.addKeyFrame(CoordinateInterpolator.java:104)
	at org.j3d.util.interpolator.CoordinateInterpolatorTest.testInvalidInsertZeroLengthValues(CoordinateInterpolatorTest.java:66)
	at sun.reflect.NativeMethodAccessorImpl.invoke0(Native Method)
	at sun.reflect.NativeMethodAccessorImpl.invoke(NativeMethodAccessorImpl.java:57)
	at sun.reflect.DelegatingMethodAccessorImpl.invoke(DelegatingMethodAccessorImpl.java:43)
	at java.lang.reflect.Method.invoke(Method.java:601)
	at org.testng.internal.MethodInvocationHelper.invokeMethod(MethodInvocationHelper.java:84)
	at org.testng.internal.Invoker.invokeMethod(Invoker.java:714)
	at org.testng.internal.Invoker.invokeTestMethod(Invoker.java:901)
	at org.testng.internal.Invoker.invokeTestMethods(Invoker.java:1231)
	at org.testng.internal.TestMethodWorker.invokeTestMethods(TestMethodWorker.java:127)
	at org.testng.internal.TestMethodWorker.run(TestMethodWorker.java:111)
	at org.testng.TestRunner.privateRun(TestRunner.java:767)
	at org.testng.TestRunner.run(TestRunner.java:617)
	at org.testng.SuiteRunner.runTest(SuiteRunner.java:334)
	at org.testng.SuiteRunner.runSequentially(SuiteRunner.java:329)
	at org.testng.SuiteRunner.privateRun(SuiteRunner.java:291)
	at org.testng.SuiteRunner.run(SuiteRunner.java:240)
	at org.testng.SuiteRunnerWorker.runSuite(SuiteRunnerWorker.java:52)
	at org.testng.SuiteRunnerWorker.run(SuiteRunnerWorker.java:86)
	at org.testng.TestNG.runSuitesSequentially(TestNG.java:1224)
	at org.testng.TestNG.runSuitesLocally(TestNG.java:1149)
	at org.testng.TestNG.run(TestNG.java:1057)
	at org.apache.maven.surefire.testng.TestNGExecutor.run(TestNGExecutor.java:69)
	at org.apache.maven.surefire.testng.TestNGDirectoryTestSuite.executeMulti(TestNGDirectoryTestSuite.java:181)
	at org.apache.maven.surefire.testng.TestNGDirectoryTestSuite.execute(TestNGDirectoryTestSuite.java:99)
	at org.apache.maven.surefire.testng.TestNGProvider.invoke(TestNGProvider.java:113)
	at org.apache.maven.surefire.booter.ForkedBooter.invokeProviderInSameClassLoader(ForkedBooter.java:200)
	at org.apache.maven.surefire.booter.ForkedBooter.runSuitesInProcess(ForkedBooter.java:153)
	at org.apache.maven.surefire.booter.ForkedBooter.main(ForkedBooter.java:103)
</pre></div></td>
<td>0</td>
<td>org.j3d.util.interpolator.CoordinateInterpolatorTest@76be0b48</td></tr>
<tr>
<td title='org.j3d.util.I18nManagerTest.testInvalidLanguage()'><b>testInvalidLanguage</b><br>Test class: org.j3d.util.I18nManagerTest</td>
<td><div><pre>java.lang.IllegalArgumentException: The language code is not the required 2 characters in length: e
	at org.j3d.util.I18nManager.changeLocale(I18nManager.java:319)
	at org.j3d.util.I18nManagerTest.testInvalidLanguage(I18nManagerTest.java:55)
... Removed 28 stack frames</pre></div><a href='#' onClick='toggleBox("stack-trace800199408", this, "Click to show all stack frames", "Click to hide stack frames")'>Click to show all stack frames</a>
<div class='stack-trace' id='stack-trace800199408'><pre>java.lang.IllegalArgumentException: The language code is not the required 2 characters in length: e
	at org.j3d.util.I18nManager.changeLocale(I18nManager.java:319)
	at org.j3d.util.I18nManagerTest.testInvalidLanguage(I18nManagerTest.java:55)
	at sun.reflect.NativeMethodAccessorImpl.invoke0(Native Method)
	at sun.reflect.NativeMethodAccessorImpl.invoke(NativeMethodAccessorImpl.java:57)
	at sun.reflect.DelegatingMethodAccessorImpl.invoke(DelegatingMethodAccessorImpl.java:43)
	at java.lang.reflect.Method.invoke(Method.java:601)
	at org.testng.internal.MethodInvocationHelper.invokeMethod(MethodInvocationHelper.java:84)
	at org.testng.internal.Invoker.invokeMethod(Invoker.java:714)
	at org.testng.internal.Invoker.invokeTestMethod(Invoker.java:901)
	at org.testng.internal.Invoker.invokeTestMethods(Invoker.java:1231)
	at org.testng.internal.TestMethodWorker.invokeTestMethods(TestMethodWorker.java:127)
	at org.testng.internal.TestMethodWorker.run(TestMethodWorker.java:111)
	at org.testng.TestRunner.privateRun(TestRunner.java:767)
	at org.testng.TestRunner.run(TestRunner.java:617)
	at org.testng.SuiteRunner.runTest(SuiteRunner.java:334)
	at org.testng.SuiteRunner.runSequentially(SuiteRunner.java:329)
	at org.testng.SuiteRunner.privateRun(SuiteRunner.java:291)
	at org.testng.SuiteRunner.run(SuiteRunner.java:240)
	at org.testng.SuiteRunnerWorker.runSuite(SuiteRunnerWorker.java:52)
	at org.testng.SuiteRunnerWorker.run(SuiteRunnerWorker.java:86)
	at org.testng.TestNG.runSuitesSequentially(TestNG.java:1224)
	at org.testng.TestNG.runSuitesLocally(TestNG.java:1149)
	at org.testng.TestNG.run(TestNG.java:1057)
	at org.apache.maven.surefire.testng.TestNGExecutor.run(TestNGExecutor.java:69)
	at org.apache.maven.surefire.testng.TestNGDirectoryTestSuite.executeMulti(TestNGDirectoryTestSuite.java:181)
	at org.apache.maven.surefire.testng.TestNGDirectoryTestSuite.execute(TestNGDirectoryTestSuite.java:99)
	at org.apache.maven.surefire.testng.TestNGProvider.invoke(TestNGProvider.java:113)
	at org.apache.maven.surefire.booter.ForkedBooter.invokeProviderInSameClassLoader(ForkedBooter.java:200)
	at org.apache.maven.surefire.booter.ForkedBooter.runSuitesInProcess(ForkedBooter.java:153)
	at org.apache.maven.surefire.booter.ForkedBooter.main(ForkedBooter.java:103)
</pre></div></td>
<td>0</td>
<td>org.j3d.util.I18nManagerTest@4d1b6341</td></tr>
<tr>
<td title='org.j3d.util.MatrixUtilsTest.testInverse()'><b>testInverse</b><br>Test class: org.j3d.util.MatrixUtilsTest</td>
<td></td>
<td>0</td>
<td>org.j3d.util.MatrixUtilsTest@68b88d29</td></tr>
<tr>
<td title='org.j3d.util.interpolator.Coordinate2DInterpolatorTest.testKeyGenFloat()'><b>testKeyGenFloat</b><br>Test class: org.j3d.util.interpolator.Coordinate2DInterpolatorTest</td>
<td></td>
<td>0</td>
<td>org.j3d.util.interpolator.Coordinate2DInterpolatorTest@78189538</td></tr>
<tr>
<td title='org.j3d.util.interpolator.CoordinateInterpolatorTest.testKeyGenFloat()'><b>testKeyGenFloat</b><br>Test class: org.j3d.util.interpolator.CoordinateInterpolatorTest</td>
<td></td>
<td>0</td>
<td>org.j3d.util.interpolator.CoordinateInterpolatorTest@76be0b48</td></tr>
<tr>
<td title='org.j3d.util.interpolator.PositionInterpolatorTest.testKeyGenFloat()'><b>testKeyGenFloat</b><br>Test class: org.j3d.util.interpolator.PositionInterpolatorTest</td>
<td></td>
<td>0</td>
<td>org.j3d.util.interpolator.PositionInterpolatorTest@6c27ca12</td></tr>
<tr>
<td title='org.j3d.util.interpolator.ScalarInterpolatorTest.testKeyGenLinear()'><b>testKeyGenLinear</b><br>Test class: org.j3d.util.interpolator.ScalarInterpolatorTest</td>
<td></td>
<td>0</td>
<td>org.j3d.util.interpolator.ScalarInterpolatorTest@28439b37</td></tr>
<tr>
<td title='org.j3d.util.interpolator.PositionInterpolatorTest.testKeyGenPoint()'><b>testKeyGenPoint</b><br>Test class: org.j3d.util.interpolator.PositionInterpolatorTest</td>
<td></td>
<td>0</td>
<td>org.j3d.util.interpolator.PositionInterpolatorTest@6c27ca12</td></tr>
<tr>
<td title='org.j3d.util.interpolator.ScalarInterpolatorTest.testKeyGenStep()'><b>testKeyGenStep</b><br>Test class: org.j3d.util.interpolator.ScalarInterpolatorTest</td>
<td></td>
<td>0</td>
<td>org.j3d.util.interpolator.ScalarInterpolatorTest@28439b37</td></tr>
<tr>
<td title='org.j3d.maths.vector.Vector3dTest.testLength()'><b>testLength</b><br>Test class: org.j3d.maths.vector.Vector3dTest</td>
<td></td>
<td>0</td>
<td>org.j3d.maths.vector.Vector3dTest@29557211</td></tr>
<tr>
<td title='org.j3d.maths.vector.Matrix4dTest.testMatrixDeterminant()'><b>testMatrixDeterminant</b><br>Test class: org.j3d.maths.vector.Matrix4dTest</td>
<td></td>
<td>0</td>
<td>org.j3d.maths.vector.Matrix4dTest@5ab6e2e3</td></tr>
<tr>
<td title='org.j3d.maths.vector.Matrix4dTest.testMul()'><b>testMul</b><br>Test class: org.j3d.maths.vector.Matrix4dTest</td>
<td></td>
<td>0</td>
<td>org.j3d.maths.vector.Matrix4dTest@5ab6e2e3</td></tr>
<tr>
<td title='org.j3d.maths.vector.Matrix4dTest.testMulIdentity()'><b>testMulIdentity</b><br>Test class: org.j3d.maths.vector.Matrix4dTest</td>
<td></td>
<td>0</td>
<td>org.j3d.maths.vector.Matrix4dTest@5ab6e2e3</td></tr>
<tr>
<td title='org.j3d.maths.vector.Matrix4dTest.testMulMatrix1Null()'><b>testMulMatrix1Null</b><br>Test class: org.j3d.maths.vector.Matrix4dTest</td>
<td><div><pre>java.lang.IllegalArgumentException: First matrix cannot be null
	at org.j3d.maths.vector.Matrix4d.mul(Matrix4d.java:495)
	at org.j3d.maths.vector.Matrix4dTest.testMulMatrix1Null(Matrix4dTest.java:569)
... Removed 28 stack frames</pre></div><a href='#' onClick='toggleBox("stack-trace446781883", this, "Click to show all stack frames", "Click to hide stack frames")'>Click to show all stack frames</a>
<div class='stack-trace' id='stack-trace446781883'><pre>java.lang.IllegalArgumentException: First matrix cannot be null
	at org.j3d.maths.vector.Matrix4d.mul(Matrix4d.java:495)
	at org.j3d.maths.vector.Matrix4dTest.testMulMatrix1Null(Matrix4dTest.java:569)
	at sun.reflect.NativeMethodAccessorImpl.invoke0(Native Method)
	at sun.reflect.NativeMethodAccessorImpl.invoke(NativeMethodAccessorImpl.java:57)
	at sun.reflect.DelegatingMethodAccessorImpl.invoke(DelegatingMethodAccessorImpl.java:43)
	at java.lang.reflect.Method.invoke(Method.java:601)
	at org.testng.internal.MethodInvocationHelper.invokeMethod(MethodInvocationHelper.java:84)
	at org.testng.internal.Invoker.invokeMethod(Invoker.java:714)
	at org.testng.internal.Invoker.invokeTestMethod(Invoker.java:901)
	at org.testng.internal.Invoker.invokeTestMethods(Invoker.java:1231)
	at org.testng.internal.TestMethodWorker.invokeTestMethods(TestMethodWorker.java:127)
	at org.testng.internal.TestMethodWorker.run(TestMethodWorker.java:111)
	at org.testng.TestRunner.privateRun(TestRunner.java:767)
	at org.testng.TestRunner.run(TestRunner.java:617)
	at org.testng.SuiteRunner.runTest(SuiteRunner.java:334)
	at org.testng.SuiteRunner.runSequentially(SuiteRunner.java:329)
	at org.testng.SuiteRunner.privateRun(SuiteRunner.java:291)
	at org.testng.SuiteRunner.run(SuiteRunner.java:240)
	at org.testng.SuiteRunnerWorker.runSuite(SuiteRunnerWorker.java:52)
	at org.testng.SuiteRunnerWorker.run(SuiteRunnerWorker.java:86)
	at org.testng.TestNG.runSuitesSequentially(TestNG.java:1224)
	at org.testng.TestNG.runSuitesLocally(TestNG.java:1149)
	at org.testng.TestNG.run(TestNG.java:1057)
	at org.apache.maven.surefire.testng.TestNGExecutor.run(TestNGExecutor.java:69)
	at org.apache.maven.surefire.testng.TestNGDirectoryTestSuite.executeMulti(TestNGDirectoryTestSuite.java:181)
	at org.apache.maven.surefire.testng.TestNGDirectoryTestSuite.execute(TestNGDirectoryTestSuite.java:99)
	at org.apache.maven.surefire.testng.TestNGProvider.invoke(TestNGProvider.java:113)
	at org.apache.maven.surefire.booter.ForkedBooter.invokeProviderInSameClassLoader(ForkedBooter.java:200)
	at org.apache.maven.surefire.booter.ForkedBooter.runSuitesInProcess(ForkedBooter.java:153)
	at org.apache.maven.surefire.booter.ForkedBooter.main(ForkedBooter.java:103)
</pre></div></td>
<td>0</td>
<td>org.j3d.maths.vector.Matrix4dTest@5ab6e2e3</td></tr>
<tr>
<td title='org.j3d.maths.vector.Matrix4dTest.testMulMatrix2Null()'><b>testMulMatrix2Null</b><br>Test class: org.j3d.maths.vector.Matrix4dTest</td>
<td><div><pre>java.lang.IllegalArgumentException: Second matrix cannot be null
	at org.j3d.maths.vector.Matrix4d.mul(Matrix4d.java:498)
	at org.j3d.maths.vector.Matrix4dTest.testMulMatrix2Null(Matrix4dTest.java:577)
... Removed 28 stack frames</pre></div><a href='#' onClick='toggleBox("stack-trace1460277669", this, "Click to show all stack frames", "Click to hide stack frames")'>Click to show all stack frames</a>
<div class='stack-trace' id='stack-trace1460277669'><pre>java.lang.IllegalArgumentException: Second matrix cannot be null
	at org.j3d.maths.vector.Matrix4d.mul(Matrix4d.java:498)
	at org.j3d.maths.vector.Matrix4dTest.testMulMatrix2Null(Matrix4dTest.java:577)
	at sun.reflect.NativeMethodAccessorImpl.invoke0(Native Method)
	at sun.reflect.NativeMethodAccessorImpl.invoke(NativeMethodAccessorImpl.java:57)
	at sun.reflect.DelegatingMethodAccessorImpl.invoke(DelegatingMethodAccessorImpl.java:43)
	at java.lang.reflect.Method.invoke(Method.java:601)
	at org.testng.internal.MethodInvocationHelper.invokeMethod(MethodInvocationHelper.java:84)
	at org.testng.internal.Invoker.invokeMethod(Invoker.java:714)
	at org.testng.internal.Invoker.invokeTestMethod(Invoker.java:901)
	at org.testng.internal.Invoker.invokeTestMethods(Invoker.java:1231)
	at org.testng.internal.TestMethodWorker.invokeTestMethods(TestMethodWorker.java:127)
	at org.testng.internal.TestMethodWorker.run(TestMethodWorker.java:111)
	at org.testng.TestRunner.privateRun(TestRunner.java:767)
	at org.testng.TestRunner.run(TestRunner.java:617)
	at org.testng.SuiteRunner.runTest(SuiteRunner.java:334)
	at org.testng.SuiteRunner.runSequentially(SuiteRunner.java:329)
	at org.testng.SuiteRunner.privateRun(SuiteRunner.java:291)
	at org.testng.SuiteRunner.run(SuiteRunner.java:240)
	at org.testng.SuiteRunnerWorker.runSuite(SuiteRunnerWorker.java:52)
	at org.testng.SuiteRunnerWorker.run(SuiteRunnerWorker.java:86)
	at org.testng.TestNG.runSuitesSequentially(TestNG.java:1224)
	at org.testng.TestNG.runSuitesLocally(TestNG.java:1149)
	at org.testng.TestNG.run(TestNG.java:1057)
	at org.apache.maven.surefire.testng.TestNGExecutor.run(TestNGExecutor.java:69)
	at org.apache.maven.surefire.testng.TestNGDirectoryTestSuite.executeMulti(TestNGDirectoryTestSuite.java:181)
	at org.apache.maven.surefire.testng.TestNGDirectoryTestSuite.execute(TestNGDirectoryTestSuite.java:99)
	at org.apache.maven.surefire.testng.TestNGProvider.invoke(TestNGProvider.java:113)
	at org.apache.maven.surefire.booter.ForkedBooter.invokeProviderInSameClassLoader(ForkedBooter.java:200)
	at org.apache.maven.surefire.booter.ForkedBooter.runSuitesInProcess(ForkedBooter.java:153)
	at org.apache.maven.surefire.booter.ForkedBooter.main(ForkedBooter.java:103)
</pre></div></td>
<td>0</td>
<td>org.j3d.maths.vector.Matrix4dTest@5ab6e2e3</td></tr>
<tr>
<td title='org.j3d.maths.vector.Matrix4dTest.testMulWithSelf()'><b>testMulWithSelf</b><br>Test class: org.j3d.maths.vector.Matrix4dTest</td>
<td></td>
<td>0</td>
<td>org.j3d.maths.vector.Matrix4dTest@5ab6e2e3</td></tr>
<tr>
<td title='org.j3d.util.I18nManagerTest.testMultiFileResourceHandling()'><b>testMultiFileResourceHandling</b><br>Test class: org.j3d.util.I18nManagerTest</td>
<td></td>
<td>0</td>
<td>org.j3d.util.I18nManagerTest@4d1b6341</td></tr>
<tr>
<td title='org.j3d.maths.vector.Quat4dTest.testNegate()'><b>testNegate</b><br>Test class: org.j3d.maths.vector.Quat4dTest</td>
<td></td>
<td>0</td>
<td>org.j3d.maths.vector.Quat4dTest@1ce9d39c</td></tr>
<tr>
<td title='org.j3d.maths.vector.Quat4dTest.testNormalise()'><b>testNormalise</b><br>Test class: org.j3d.maths.vector.Quat4dTest</td>
<td></td>
<td>0</td>
<td>org.j3d.maths.vector.Quat4dTest@1ce9d39c</td></tr>
<tr>
<td title='org.j3d.maths.vector.Vector3dTest.testNormalise()'><b>testNormalise</b><br>Test class: org.j3d.maths.vector.Vector3dTest</td>
<td></td>
<td>0</td>
<td>org.j3d.maths.vector.Vector3dTest@29557211</td></tr>
<tr>
<td title='org.j3d.maths.vector.Vector4dTest.testNormalise()'><b>testNormalise</b><br>Test class: org.j3d.maths.vector.Vector4dTest</td>
<td></td>
<td>0</td>
<td>org.j3d.maths.vector.Vector4dTest@789caeb2</td></tr>
<tr>
<td title='org.j3d.maths.vector.AxisAngle4dTest.testNormalise()'><b>testNormalise</b><br>Test class: org.j3d.maths.vector.AxisAngle4dTest</td>
<td></td>
<td>0</td>
<td>org.j3d.maths.vector.AxisAngle4dTest@2c3bb475</td></tr>
<tr>
<td title='org.j3d.maths.vector.Quat4dTest.testNormaliseZeroLength()'><b>testNormaliseZeroLength</b><br>Test class: org.j3d.maths.vector.Quat4dTest</td>
<td></td>
<td>0</td>
<td>org.j3d.maths.vector.Quat4dTest@1ce9d39c</td></tr>
<tr>
<td title='org.j3d.maths.vector.Vector3dTest.testNormaliseZeroLength()'><b>testNormaliseZeroLength</b><br>Test class: org.j3d.maths.vector.Vector3dTest</td>
<td></td>
<td>0</td>
<td>org.j3d.maths.vector.Vector3dTest@29557211</td></tr>
<tr>
<td title='org.j3d.maths.vector.Vector4dTest.testNormaliseZeroLength()'><b>testNormaliseZeroLength</b><br>Test class: org.j3d.maths.vector.Vector4dTest</td>
<td></td>
<td>0</td>
<td>org.j3d.maths.vector.Vector4dTest@789caeb2</td></tr>
<tr>
<td title='org.j3d.maths.vector.AxisAngle4dTest.testNormaliseZeroLength()'><b>testNormaliseZeroLength</b><br>Test class: org.j3d.maths.vector.AxisAngle4dTest</td>
<td></td>
<td>0</td>
<td>org.j3d.maths.vector.AxisAngle4dTest@2c3bb475</td></tr>
<tr>
<td title='org.j3d.color.Color4bTest.testNotEqualsToOther()'><b>testNotEqualsToOther</b><br>Test class: org.j3d.color.Color4bTest</td>
<td></td>
<td>0</td>
<td>org.j3d.color.Color4bTest@16503677</td></tr>
<tr>
<td title='org.j3d.color.Color4fTest.testNotEqualsToOther()'><b>testNotEqualsToOther</b><br>Test class: org.j3d.color.Color4fTest</td>
<td></td>
<td>0</td>
<td>org.j3d.color.Color4fTest@5a472c8d</td></tr>
<tr>
<td title='org.j3d.maths.vector.Matrix4dTest.testNotEqualsToOther()'><b>testNotEqualsToOther</b><br>Test class: org.j3d.maths.vector.Matrix4dTest</td>
<td></td>
<td>0</td>
<td>org.j3d.maths.vector.Matrix4dTest@5ab6e2e3</td></tr>
<tr>
<td title='org.j3d.maths.vector.Point2dTest.testNotEqualsToOther()'><b>testNotEqualsToOther</b><br>Test class: org.j3d.maths.vector.Point2dTest</td>
<td></td>
<td>0</td>
<td>org.j3d.maths.vector.Point2dTest@47d1ab77</td></tr>
<tr>
<td title='org.j3d.maths.vector.Point3dTest.testNotEqualsToOther()'><b>testNotEqualsToOther</b><br>Test class: org.j3d.maths.vector.Point3dTest</td>
<td></td>
<td>0</td>
<td>org.j3d.maths.vector.Point3dTest@6e834c87</td></tr>
<tr>
<td title='org.j3d.maths.vector.Quat4dTest.testNotEqualsToOther()'><b>testNotEqualsToOther</b><br>Test class: org.j3d.maths.vector.Quat4dTest</td>
<td></td>
<td>0</td>
<td>org.j3d.maths.vector.Quat4dTest@1ce9d39c</td></tr>
<tr>
<td title='org.j3d.maths.vector.Vector3dTest.testNotEqualsToOther()'><b>testNotEqualsToOther</b><br>Test class: org.j3d.maths.vector.Vector3dTest</td>
<td></td>
<td>0</td>
<td>org.j3d.maths.vector.Vector3dTest@29557211</td></tr>
<tr>
<td title='org.j3d.maths.vector.Vector4dTest.testNotEqualsToOther()'><b>testNotEqualsToOther</b><br>Test class: org.j3d.maths.vector.Vector4dTest</td>
<td></td>
<td>0</td>
<td>org.j3d.maths.vector.Vector4dTest@789caeb2</td></tr>
<tr>
<td title='org.j3d.maths.vector.Point4dTest.testNotEqualsToOther()'><b>testNotEqualsToOther</b><br>Test class: org.j3d.maths.vector.Point4dTest</td>
<td></td>
<td>0</td>
<td>org.j3d.maths.vector.Point4dTest@3842cbda</td></tr>
<tr>
<td title='org.j3d.maths.vector.AxisAngle4dTest.testNotEqualsToOther()'><b>testNotEqualsToOther</b><br>Test class: org.j3d.maths.vector.AxisAngle4dTest</td>
<td></td>
<td>0</td>
<td>org.j3d.maths.vector.AxisAngle4dTest@2c3bb475</td></tr>
<tr>
<td title='org.j3d.maths.vector.SingularValueDecompositionTest.testRotationOnlyDecomposition()'><b>testRotationOnlyDecomposition</b><br>Test class: org.j3d.maths.vector.SingularValueDecompositionTest</td>
<td></td>
<td>0</td>
<td>org.j3d.maths.vector.SingularValueDecompositionTest@3b43b598</td></tr>
<tr>
<td title='org.j3d.util.MatrixUtilsTest.testSVDDecomposition()'><b>testSVDDecomposition</b><br>Test class: org.j3d.util.MatrixUtilsTest</td>
<td></td>
<td>0</td>
<td>org.j3d.util.MatrixUtilsTest@68b88d29</td></tr>
<tr>
<td title='org.j3d.maths.vector.Vector3dTest.testScale()'><b>testScale</b><br>Test class: org.j3d.maths.vector.Vector3dTest</td>
<td></td>
<td>0</td>
<td>org.j3d.maths.vector.Vector3dTest@29557211</td></tr>
<tr>
<td title='org.j3d.maths.vector.SingularValueDecompositionTest.testScaleOnlyDecomposition()'><b>testScaleOnlyDecomposition</b><br>Test class: org.j3d.maths.vector.SingularValueDecompositionTest</td>
<td></td>
<td>0</td>
<td>org.j3d.maths.vector.SingularValueDecompositionTest@3b43b598</td></tr>
<tr>
<td title='org.j3d.maths.vector.SingularValueDecompositionTest.testScaleRotateDecomposition()'><b>testScaleRotateDecomposition</b><br>Test class: org.j3d.maths.vector.SingularValueDecompositionTest</td>
<td></td>
<td>0</td>
<td>org.j3d.maths.vector.SingularValueDecompositionTest@3b43b598</td></tr>
<tr>
<td title='org.j3d.color.Color4bTest.testSet()'><b>testSet</b><br>Test class: org.j3d.color.Color4bTest</td>
<td></td>
<td>0</td>
<td>org.j3d.color.Color4bTest@16503677</td></tr>
<tr>
<td title='org.j3d.color.Color4fTest.testSet()'><b>testSet</b><br>Test class: org.j3d.color.Color4fTest</td>
<td></td>
<td>0</td>
<td>org.j3d.color.Color4fTest@5a472c8d</td></tr>
<tr>
<td title='org.j3d.maths.vector.Matrix4dTest.testSet()'><b>testSet</b><br>Test class: org.j3d.maths.vector.Matrix4dTest</td>
<td></td>
<td>0</td>
<td>org.j3d.maths.vector.Matrix4dTest@5ab6e2e3</td></tr>
<tr>
<td title='org.j3d.maths.vector.Point2dTest.testSet()'><b>testSet</b><br>Test class: org.j3d.maths.vector.Point2dTest</td>
<td></td>
<td>0</td>
<td>org.j3d.maths.vector.Point2dTest@47d1ab77</td></tr>
<tr>
<td title='org.j3d.maths.vector.Point3dTest.testSet()'><b>testSet</b><br>Test class: org.j3d.maths.vector.Point3dTest</td>
<td></td>
<td>0</td>
<td>org.j3d.maths.vector.Point3dTest@6e834c87</td></tr>
<tr>
<td title='org.j3d.maths.vector.Quat4dTest.testSet()'><b>testSet</b><br>Test class: org.j3d.maths.vector.Quat4dTest</td>
<td></td>
<td>0</td>
<td>org.j3d.maths.vector.Quat4dTest@1ce9d39c</td></tr>
<tr>
<td title='org.j3d.maths.vector.Vector3dTest.testSet()'><b>testSet</b><br>Test class: org.j3d.maths.vector.Vector3dTest</td>
<td></td>
<td>0</td>
<td>org.j3d.maths.vector.Vector3dTest@29557211</td></tr>
<tr>
<td title='org.j3d.maths.vector.Vector4dTest.testSet()'><b>testSet</b><br>Test class: org.j3d.maths.vector.Vector4dTest</td>
<td></td>
<td>0</td>
<td>org.j3d.maths.vector.Vector4dTest@789caeb2</td></tr>
<tr>
<td title='org.j3d.maths.vector.Point4dTest.testSet()'><b>testSet</b><br>Test class: org.j3d.maths.vector.Point4dTest</td>
<td></td>
<td>0</td>
<td>org.j3d.maths.vector.Point4dTest@3842cbda</td></tr>
<tr>
<td title='org.j3d.maths.vector.AxisAngle4dTest.testSet()'><b>testSet</b><br>Test class: org.j3d.maths.vector.AxisAngle4dTest</td>
<td></td>
<td>0</td>
<td>org.j3d.maths.vector.AxisAngle4dTest@2c3bb475</td></tr>
<tr>
<td title='org.j3d.maths.vector.Matrix4dTest.testSetAxisAngleWithNull()'><b>testSetAxisAngleWithNull</b><br>Test class: org.j3d.maths.vector.Matrix4dTest</td>
<td></td>
<td>0</td>
<td>org.j3d.maths.vector.Matrix4dTest@5ab6e2e3</td></tr>
<tr>
<td title='org.j3d.maths.vector.Matrix4dTest.testSetAxisAngleZeroLength()'><b>testSetAxisAngleZeroLength</b><br>Test class: org.j3d.maths.vector.Matrix4dTest</td>
<td></td>
<td>0</td>
<td>org.j3d.maths.vector.Matrix4dTest@5ab6e2e3</td></tr>
<tr>
<td title='org.j3d.util.I18nManagerTest.testSetCountry()'><b>testSetCountry</b><br>Test class: org.j3d.util.I18nManagerTest</td>
<td></td>
<td>0</td>
<td>org.j3d.util.I18nManagerTest@4d1b6341</td></tr>
<tr>
<td title='org.j3d.maths.vector.Matrix4dTest.testSetIdentity()'><b>testSetIdentity</b><br>Test class: org.j3d.maths.vector.Matrix4dTest</td>
<td></td>
<td>0</td>
<td>org.j3d.maths.vector.Matrix4dTest@5ab6e2e3</td></tr>
<tr>
<td title='org.j3d.util.I18nManagerTest.testSetLanguage()'><b>testSetLanguage</b><br>Test class: org.j3d.util.I18nManagerTest</td>
<td></td>
<td>0</td>
<td>org.j3d.util.I18nManagerTest@4d1b6341</td></tr>
<tr>
<td title='org.j3d.maths.vector.Matrix4dTest.testSetMatrixWithNull()'><b>testSetMatrixWithNull</b><br>Test class: org.j3d.maths.vector.Matrix4dTest</td>
<td></td>
<td>0</td>
<td>org.j3d.maths.vector.Matrix4dTest@5ab6e2e3</td></tr>
<tr>
<td title='org.j3d.maths.vector.Matrix4dTest.testSetScale()'><b>testSetScale</b><br>Test class: org.j3d.maths.vector.Matrix4dTest</td>
<td></td>
<td>0</td>
<td>org.j3d.maths.vector.Matrix4dTest@5ab6e2e3</td></tr>
<tr>
<td title='org.j3d.maths.vector.Matrix4dTest.testSetVector3()'><b>testSetVector3</b><br>Test class: org.j3d.maths.vector.Matrix4dTest</td>
<td></td>
<td>0</td>
<td>org.j3d.maths.vector.Matrix4dTest@5ab6e2e3</td></tr>
<tr>
<td title='org.j3d.maths.vector.Matrix4dTest.testSetVector3WithNull()'><b>testSetVector3WithNull</b><br>Test class: org.j3d.maths.vector.Matrix4dTest</td>
<td></td>
<td>0</td>
<td>org.j3d.maths.vector.Matrix4dTest@5ab6e2e3</td></tr>
<tr>
<td title='org.j3d.maths.vector.Matrix4dTest.testSetVector4()'><b>testSetVector4</b><br>Test class: org.j3d.maths.vector.Matrix4dTest</td>
<td></td>
<td>0</td>
<td>org.j3d.maths.vector.Matrix4dTest@5ab6e2e3</td></tr>
<tr>
<td title='org.j3d.maths.vector.Matrix4dTest.testSetVector4WithNull()'><b>testSetVector4WithNull</b><br>Test class: org.j3d.maths.vector.Matrix4dTest</td>
<td></td>
<td>0</td>
<td>org.j3d.maths.vector.Matrix4dTest@5ab6e2e3</td></tr>
<tr>
<td title='org.j3d.maths.vector.Vector3dTest.testSubPoint()'><b>testSubPoint</b><br>Test class: org.j3d.maths.vector.Vector3dTest<br>Parameters: [Ljava.lang.Double;@5e7f2a19, [Ljava.lang.Double;@6ea4ffc6, [Ljava.lang.Double;@129458ea</td>
<td></td>
<td>0</td>
<td>org.j3d.maths.vector.Vector3dTest@29557211</td></tr>
<tr>
<td title='org.j3d.maths.vector.Vector3dTest.testSubPoint()'><b>testSubPoint</b><br>Test class: org.j3d.maths.vector.Vector3dTest<br>Parameters: [Ljava.lang.Double;@4959742d, [Ljava.lang.Double;@fda5bfa, [Ljava.lang.Double;@48cc8237</td>
<td></td>
<td>0</td>
<td>org.j3d.maths.vector.Vector3dTest@29557211</td></tr>
<tr>
<td title='org.j3d.maths.vector.Vector3dTest.testSubPoint()'><b>testSubPoint</b><br>Test class: org.j3d.maths.vector.Vector3dTest<br>Parameters: [Ljava.lang.Double;@6a790e37, [Ljava.lang.Double;@3194737d, [Ljava.lang.Double;@92a2cf9</td>
<td></td>
<td>0</td>
<td>org.j3d.maths.vector.Vector3dTest@29557211</td></tr>
<tr>
<td title='org.j3d.maths.vector.Vector3dTest.testSubPoint()'><b>testSubPoint</b><br>Test class: org.j3d.maths.vector.Vector3dTest<br>Parameters: [Ljava.lang.Double;@2fee9422, [Ljava.lang.Double;@583f5cc3, [Ljava.lang.Double;@27e33378</td>
<td></td>
<td>0</td>
<td>org.j3d.maths.vector.Vector3dTest@29557211</td></tr>
<tr>
<td title='org.j3d.maths.vector.Vector3dTest.testSubPoint()'><b>testSubPoint</b><br>Test class: org.j3d.maths.vector.Vector3dTest<br>Parameters: [Ljava.lang.Double;@35481fbd, [Ljava.lang.Double;@121bcc9f, [Ljava.lang.Double;@5f16e402</td>
<td></td>
<td>0</td>
<td>org.j3d.maths.vector.Vector3dTest@29557211</td></tr>
<tr>
<td title='org.j3d.maths.vector.Vector3dTest.testSubPoint()'><b>testSubPoint</b><br>Test class: org.j3d.maths.vector.Vector3dTest<br>Parameters: [Ljava.lang.Double;@57d37013, [Ljava.lang.Double;@7a631c70, [Ljava.lang.Double;@e03bd6</td>
<td></td>
<td>0</td>
<td>org.j3d.maths.vector.Vector3dTest@29557211</td></tr>
<tr>
<td title='org.j3d.maths.vector.Vector3dTest.testSubPoint()'><b>testSubPoint</b><br>Test class: org.j3d.maths.vector.Vector3dTest<br>Parameters: [Ljava.lang.Double;@1785f0d, [Ljava.lang.Double;@5a84f3c, [Ljava.lang.Double;@6ce9ef0a</td>
<td></td>
<td>0</td>
<td>org.j3d.maths.vector.Vector3dTest@29557211</td></tr>
<tr>
<td title='org.j3d.maths.vector.Vector3dTest.testSubPoint()'><b>testSubPoint</b><br>Test class: org.j3d.maths.vector.Vector3dTest<br>Parameters: [Ljava.lang.Double;@724cb162, [Ljava.lang.Double;@911d38e, [Ljava.lang.Double;@71581448</td>
<td></td>
<td>0</td>
<td>org.j3d.maths.vector.Vector3dTest@29557211</td></tr>
<tr>
<td title='org.j3d.maths.vector.Vector3dTest.testSubPoint()'><b>testSubPoint</b><br>Test class: org.j3d.maths.vector.Vector3dTest<br>Parameters: [Ljava.lang.Double;@4d9bbd1a, [Ljava.lang.Double;@2b9c1dc4, [Ljava.lang.Double;@1666453a</td>
<td></td>
<td>0</td>
<td>org.j3d.maths.vector.Vector3dTest@29557211</td></tr>
<tr>
<td title='org.j3d.maths.vector.Vector3dTest.testSubPointV1Null()'><b>testSubPointV1Null</b><br>Test class: org.j3d.maths.vector.Vector3dTest</td>
<td><div><pre>java.lang.IllegalArgumentException: First vector cannot be null in sub
	at org.j3d.maths.vector.Vector3d.sub(Vector3d.java:191)
	at org.j3d.maths.vector.Vector3dTest.testSubPointV1Null(Vector3dTest.java:324)
... Removed 28 stack frames</pre></div><a href='#' onClick='toggleBox("stack-trace1041790676", this, "Click to show all stack frames", "Click to hide stack frames")'>Click to show all stack frames</a>
<div class='stack-trace' id='stack-trace1041790676'><pre>java.lang.IllegalArgumentException: First vector cannot be null in sub
	at org.j3d.maths.vector.Vector3d.sub(Vector3d.java:191)
	at org.j3d.maths.vector.Vector3dTest.testSubPointV1Null(Vector3dTest.java:324)
	at sun.reflect.NativeMethodAccessorImpl.invoke0(Native Method)
	at sun.reflect.NativeMethodAccessorImpl.invoke(NativeMethodAccessorImpl.java:57)
	at sun.reflect.DelegatingMethodAccessorImpl.invoke(DelegatingMethodAccessorImpl.java:43)
	at java.lang.reflect.Method.invoke(Method.java:601)
	at org.testng.internal.MethodInvocationHelper.invokeMethod(MethodInvocationHelper.java:84)
	at org.testng.internal.Invoker.invokeMethod(Invoker.java:714)
	at org.testng.internal.Invoker.invokeTestMethod(Invoker.java:901)
	at org.testng.internal.Invoker.invokeTestMethods(Invoker.java:1231)
	at org.testng.internal.TestMethodWorker.invokeTestMethods(TestMethodWorker.java:127)
	at org.testng.internal.TestMethodWorker.run(TestMethodWorker.java:111)
	at org.testng.TestRunner.privateRun(TestRunner.java:767)
	at org.testng.TestRunner.run(TestRunner.java:617)
	at org.testng.SuiteRunner.runTest(SuiteRunner.java:334)
	at org.testng.SuiteRunner.runSequentially(SuiteRunner.java:329)
	at org.testng.SuiteRunner.privateRun(SuiteRunner.java:291)
	at org.testng.SuiteRunner.run(SuiteRunner.java:240)
	at org.testng.SuiteRunnerWorker.runSuite(SuiteRunnerWorker.java:52)
	at org.testng.SuiteRunnerWorker.run(SuiteRunnerWorker.java:86)
	at org.testng.TestNG.runSuitesSequentially(TestNG.java:1224)
	at org.testng.TestNG.runSuitesLocally(TestNG.java:1149)
	at org.testng.TestNG.run(TestNG.java:1057)
	at org.apache.maven.surefire.testng.TestNGExecutor.run(TestNGExecutor.java:69)
	at org.apache.maven.surefire.testng.TestNGDirectoryTestSuite.executeMulti(TestNGDirectoryTestSuite.java:181)
	at org.apache.maven.surefire.testng.TestNGDirectoryTestSuite.execute(TestNGDirectoryTestSuite.java:99)
	at org.apache.maven.surefire.testng.TestNGProvider.invoke(TestNGProvider.java:113)
	at org.apache.maven.surefire.booter.ForkedBooter.invokeProviderInSameClassLoader(ForkedBooter.java:200)
	at org.apache.maven.surefire.booter.ForkedBooter.runSuitesInProcess(ForkedBooter.java:153)
	at org.apache.maven.surefire.booter.ForkedBooter.main(ForkedBooter.java:103)
</pre></div></td>
<td>0</td>
<td>org.j3d.maths.vector.Vector3dTest@29557211</td></tr>
<tr>
<td title='org.j3d.maths.vector.Vector3dTest.testSubPointV2Null()'><b>testSubPointV2Null</b><br>Test class: org.j3d.maths.vector.Vector3dTest</td>
<td><div><pre>java.lang.IllegalArgumentException: Second vector cannot be null in sub
	at org.j3d.maths.vector.Vector3d.sub(Vector3d.java:194)
	at org.j3d.maths.vector.Vector3dTest.testSubPointV2Null(Vector3dTest.java:331)
... Removed 28 stack frames</pre></div><a href='#' onClick='toggleBox("stack-trace1254200493", this, "Click to show all stack frames", "Click to hide stack frames")'>Click to show all stack frames</a>
<div class='stack-trace' id='stack-trace1254200493'><pre>java.lang.IllegalArgumentException: Second vector cannot be null in sub
	at org.j3d.maths.vector.Vector3d.sub(Vector3d.java:194)
	at org.j3d.maths.vector.Vector3dTest.testSubPointV2Null(Vector3dTest.java:331)
	at sun.reflect.NativeMethodAccessorImpl.invoke0(Native Method)
	at sun.reflect.NativeMethodAccessorImpl.invoke(NativeMethodAccessorImpl.java:57)
	at sun.reflect.DelegatingMethodAccessorImpl.invoke(DelegatingMethodAccessorImpl.java:43)
	at java.lang.reflect.Method.invoke(Method.java:601)
	at org.testng.internal.MethodInvocationHelper.invokeMethod(MethodInvocationHelper.java:84)
	at org.testng.internal.Invoker.invokeMethod(Invoker.java:714)
	at org.testng.internal.Invoker.invokeTestMethod(Invoker.java:901)
	at org.testng.internal.Invoker.invokeTestMethods(Invoker.java:1231)
	at org.testng.internal.TestMethodWorker.invokeTestMethods(TestMethodWorker.java:127)
	at org.testng.internal.TestMethodWorker.run(TestMethodWorker.java:111)
	at org.testng.TestRunner.privateRun(TestRunner.java:767)
	at org.testng.TestRunner.run(TestRunner.java:617)
	at org.testng.SuiteRunner.runTest(SuiteRunner.java:334)
	at org.testng.SuiteRunner.runSequentially(SuiteRunner.java:329)
	at org.testng.SuiteRunner.privateRun(SuiteRunner.java:291)
	at org.testng.SuiteRunner.run(SuiteRunner.java:240)
	at org.testng.SuiteRunnerWorker.runSuite(SuiteRunnerWorker.java:52)
	at org.testng.SuiteRunnerWorker.run(SuiteRunnerWorker.java:86)
	at org.testng.TestNG.runSuitesSequentially(TestNG.java:1224)
	at org.testng.TestNG.runSuitesLocally(TestNG.java:1149)
	at org.testng.TestNG.run(TestNG.java:1057)
	at org.apache.maven.surefire.testng.TestNGExecutor.run(TestNGExecutor.java:69)
	at org.apache.maven.surefire.testng.TestNGDirectoryTestSuite.executeMulti(TestNGDirectoryTestSuite.java:181)
	at org.apache.maven.surefire.testng.TestNGDirectoryTestSuite.execute(TestNGDirectoryTestSuite.java:99)
	at org.apache.maven.surefire.testng.TestNGProvider.invoke(TestNGProvider.java:113)
	at org.apache.maven.surefire.booter.ForkedBooter.invokeProviderInSameClassLoader(ForkedBooter.java:200)
	at org.apache.maven.surefire.booter.ForkedBooter.runSuitesInProcess(ForkedBooter.java:153)
	at org.apache.maven.surefire.booter.ForkedBooter.main(ForkedBooter.java:103)
</pre></div></td>
<td>0</td>
<td>org.j3d.maths.vector.Vector3dTest@29557211</td></tr>
<tr>
<td title='org.j3d.maths.vector.Vector3dTest.testSubVector()'><b>testSubVector</b><br>Test class: org.j3d.maths.vector.Vector3dTest<br>Parameters: [Ljava.lang.Double;@967e8c, [Ljava.lang.Double;@184e19a1, [Ljava.lang.Double;@2f74a57e</td>
<td></td>
<td>0</td>
<td>org.j3d.maths.vector.Vector3dTest@29557211</td></tr>
<tr>
<td title='org.j3d.maths.vector.Vector3dTest.testSubVector()'><b>testSubVector</b><br>Test class: org.j3d.maths.vector.Vector3dTest<br>Parameters: [Ljava.lang.Double;@131d0b89, [Ljava.lang.Double;@57e0592c, [Ljava.lang.Double;@49fe84c6</td>
<td></td>
<td>0</td>
<td>org.j3d.maths.vector.Vector3dTest@29557211</td></tr>
<tr>
<td title='org.j3d.maths.vector.Vector3dTest.testSubVector()'><b>testSubVector</b><br>Test class: org.j3d.maths.vector.Vector3dTest<br>Parameters: [Ljava.lang.Double;@64bf091d, [Ljava.lang.Double;@39ef8297, [Ljava.lang.Double;@1b66a538</td>
<td></td>
<td>0</td>
<td>org.j3d.maths.vector.Vector3dTest@29557211</td></tr>
<tr>
<td title='org.j3d.maths.vector.Vector3dTest.testSubVector()'><b>testSubVector</b><br>Test class: org.j3d.maths.vector.Vector3dTest<br>Parameters: [Ljava.lang.Double;@6fe90d95, [Ljava.lang.Double;@2d7aea99, [Ljava.lang.Double;@60bffa22</td>
<td></td>
<td>0</td>
<td>org.j3d.maths.vector.Vector3dTest@29557211</td></tr>
<tr>
<td title='org.j3d.maths.vector.Vector3dTest.testSubVector()'><b>testSubVector</b><br>Test class: org.j3d.maths.vector.Vector3dTest<br>Parameters: [Ljava.lang.Double;@5bbeffcd, [Ljava.lang.Double;@588c1ac9, [Ljava.lang.Double;@5632af89</td>
<td></td>
<td>0</td>
<td>org.j3d.maths.vector.Vector3dTest@29557211</td></tr>
<tr>
<td title='org.j3d.maths.vector.Vector3dTest.testSubVector()'><b>testSubVector</b><br>Test class: org.j3d.maths.vector.Vector3dTest<br>Parameters: [Ljava.lang.Double;@19a27795, [Ljava.lang.Double;@7958e458, [Ljava.lang.Double;@3af78ba5</td>
<td></td>
<td>0</td>
<td>org.j3d.maths.vector.Vector3dTest@29557211</td></tr>
<tr>
<td title='org.j3d.maths.vector.Vector3dTest.testSubVector()'><b>testSubVector</b><br>Test class: org.j3d.maths.vector.Vector3dTest<br>Parameters: [Ljava.lang.Double;@51f11be1, [Ljava.lang.Double;@2c5d7ace, [Ljava.lang.Double;@2d298123</td>
<td></td>
<td>0</td>
<td>org.j3d.maths.vector.Vector3dTest@29557211</td></tr>
<tr>
<td title='org.j3d.maths.vector.Vector3dTest.testSubVector()'><b>testSubVector</b><br>Test class: org.j3d.maths.vector.Vector3dTest<br>Parameters: [Ljava.lang.Double;@7fdd37fe, [Ljava.lang.Double;@14874647, [Ljava.lang.Double;@3d16e9d8</td>
<td></td>
<td>0</td>
<td>org.j3d.maths.vector.Vector3dTest@29557211</td></tr>
<tr>
<td title='org.j3d.maths.vector.Vector3dTest.testSubVector()'><b>testSubVector</b><br>Test class: org.j3d.maths.vector.Vector3dTest<br>Parameters: [Ljava.lang.Double;@2b52833d, [Ljava.lang.Double;@36263003, [Ljava.lang.Double;@51a30bb</td>
<td></td>
<td>0</td>
<td>org.j3d.maths.vector.Vector3dTest@29557211</td></tr>
<tr>
<td title='org.j3d.maths.vector.Vector3dTest.testSubVectorV1Null()'><b>testSubVectorV1Null</b><br>Test class: org.j3d.maths.vector.Vector3dTest</td>
<td><div><pre>java.lang.IllegalArgumentException: First vector cannot be null in sub
	at org.j3d.maths.vector.Vector3d.sub(Vector3d.java:168)
	at org.j3d.maths.vector.Vector3dTest.testSubVectorV1Null(Vector3dTest.java:252)
... Removed 28 stack frames</pre></div><a href='#' onClick='toggleBox("stack-trace1795690546", this, "Click to show all stack frames", "Click to hide stack frames")'>Click to show all stack frames</a>
<div class='stack-trace' id='stack-trace1795690546'><pre>java.lang.IllegalArgumentException: First vector cannot be null in sub
	at org.j3d.maths.vector.Vector3d.sub(Vector3d.java:168)
	at org.j3d.maths.vector.Vector3dTest.testSubVectorV1Null(Vector3dTest.java:252)
	at sun.reflect.NativeMethodAccessorImpl.invoke0(Native Method)
	at sun.reflect.NativeMethodAccessorImpl.invoke(NativeMethodAccessorImpl.java:57)
	at sun.reflect.DelegatingMethodAccessorImpl.invoke(DelegatingMethodAccessorImpl.java:43)
	at java.lang.reflect.Method.invoke(Method.java:601)
	at org.testng.internal.MethodInvocationHelper.invokeMethod(MethodInvocationHelper.java:84)
	at org.testng.internal.Invoker.invokeMethod(Invoker.java:714)
	at org.testng.internal.Invoker.invokeTestMethod(Invoker.java:901)
	at org.testng.internal.Invoker.invokeTestMethods(Invoker.java:1231)
	at org.testng.internal.TestMethodWorker.invokeTestMethods(TestMethodWorker.java:127)
	at org.testng.internal.TestMethodWorker.run(TestMethodWorker.java:111)
	at org.testng.TestRunner.privateRun(TestRunner.java:767)
	at org.testng.TestRunner.run(TestRunner.java:617)
	at org.testng.SuiteRunner.runTest(SuiteRunner.java:334)
	at org.testng.SuiteRunner.runSequentially(SuiteRunner.java:329)
	at org.testng.SuiteRunner.privateRun(SuiteRunner.java:291)
	at org.testng.SuiteRunner.run(SuiteRunner.java:240)
	at org.testng.SuiteRunnerWorker.runSuite(SuiteRunnerWorker.java:52)
	at org.testng.SuiteRunnerWorker.run(SuiteRunnerWorker.java:86)
	at org.testng.TestNG.runSuitesSequentially(TestNG.java:1224)
	at org.testng.TestNG.runSuitesLocally(TestNG.java:1149)
	at org.testng.TestNG.run(TestNG.java:1057)
	at org.apache.maven.surefire.testng.TestNGExecutor.run(TestNGExecutor.java:69)
	at org.apache.maven.surefire.testng.TestNGDirectoryTestSuite.executeMulti(TestNGDirectoryTestSuite.java:181)
	at org.apache.maven.surefire.testng.TestNGDirectoryTestSuite.execute(TestNGDirectoryTestSuite.java:99)
	at org.apache.maven.surefire.testng.TestNGProvider.invoke(TestNGProvider.java:113)
	at org.apache.maven.surefire.booter.ForkedBooter.invokeProviderInSameClassLoader(ForkedBooter.java:200)
	at org.apache.maven.surefire.booter.ForkedBooter.runSuitesInProcess(ForkedBooter.java:153)
	at org.apache.maven.surefire.booter.ForkedBooter.main(ForkedBooter.java:103)
</pre></div></td>
<td>0</td>
<td>org.j3d.maths.vector.Vector3dTest@29557211</td></tr>
<tr>
<td title='org.j3d.maths.vector.Vector3dTest.testSubVectorV2Null()'><b>testSubVectorV2Null</b><br>Test class: org.j3d.maths.vector.Vector3dTest</td>
<td><div><pre>java.lang.IllegalArgumentException: Second vector cannot be null in sub
	at org.j3d.maths.vector.Vector3d.sub(Vector3d.java:171)
	at org.j3d.maths.vector.Vector3dTest.testSubVectorV2Null(Vector3dTest.java:259)
... Removed 28 stack frames</pre></div><a href='#' onClick='toggleBox("stack-trace1160899377", this, "Click to show all stack frames", "Click to hide stack frames")'>Click to show all stack frames</a>
<div class='stack-trace' id='stack-trace1160899377'><pre>java.lang.IllegalArgumentException: Second vector cannot be null in sub
	at org.j3d.maths.vector.Vector3d.sub(Vector3d.java:171)
	at org.j3d.maths.vector.Vector3dTest.testSubVectorV2Null(Vector3dTest.java:259)
	at sun.reflect.NativeMethodAccessorImpl.invoke0(Native Method)
	at sun.reflect.NativeMethodAccessorImpl.invoke(NativeMethodAccessorImpl.java:57)
	at sun.reflect.DelegatingMethodAccessorImpl.invoke(DelegatingMethodAccessorImpl.java:43)
	at java.lang.reflect.Method.invoke(Method.java:601)
	at org.testng.internal.MethodInvocationHelper.invokeMethod(MethodInvocationHelper.java:84)
	at org.testng.internal.Invoker.invokeMethod(Invoker.java:714)
	at org.testng.internal.Invoker.invokeTestMethod(Invoker.java:901)
	at org.testng.internal.Invoker.invokeTestMethods(Invoker.java:1231)
	at org.testng.internal.TestMethodWorker.invokeTestMethods(TestMethodWorker.java:127)
	at org.testng.internal.TestMethodWorker.run(TestMethodWorker.java:111)
	at org.testng.TestRunner.privateRun(TestRunner.java:767)
	at org.testng.TestRunner.run(TestRunner.java:617)
	at org.testng.SuiteRunner.runTest(SuiteRunner.java:334)
	at org.testng.SuiteRunner.runSequentially(SuiteRunner.java:329)
	at org.testng.SuiteRunner.privateRun(SuiteRunner.java:291)
	at org.testng.SuiteRunner.run(SuiteRunner.java:240)
	at org.testng.SuiteRunnerWorker.runSuite(SuiteRunnerWorker.java:52)
	at org.testng.SuiteRunnerWorker.run(SuiteRunnerWorker.java:86)
	at org.testng.TestNG.runSuitesSequentially(TestNG.java:1224)
	at org.testng.TestNG.runSuitesLocally(TestNG.java:1149)
	at org.testng.TestNG.run(TestNG.java:1057)
	at org.apache.maven.surefire.testng.TestNGExecutor.run(TestNGExecutor.java:69)
	at org.apache.maven.surefire.testng.TestNGDirectoryTestSuite.executeMulti(TestNGDirectoryTestSuite.java:181)
	at org.apache.maven.surefire.testng.TestNGDirectoryTestSuite.execute(TestNGDirectoryTestSuite.java:99)
	at org.apache.maven.surefire.testng.TestNGProvider.invoke(TestNGProvider.java:113)
	at org.apache.maven.surefire.booter.ForkedBooter.invokeProviderInSameClassLoader(ForkedBooter.java:200)
	at org.apache.maven.surefire.booter.ForkedBooter.runSuitesInProcess(ForkedBooter.java:153)
	at org.apache.maven.surefire.booter.ForkedBooter.main(ForkedBooter.java:103)
</pre></div></td>
<td>0</td>
<td>org.j3d.maths.vector.Vector3dTest@29557211</td></tr>
<tr>
<td title='org.j3d.maths.vector.Matrix4dTest.testTransformPoint3IdentityMatrix()'><b>testTransformPoint3IdentityMatrix</b><br>Test class: org.j3d.maths.vector.Matrix4dTest</td>
<td></td>
<td>0</td>
<td>org.j3d.maths.vector.Matrix4dTest@5ab6e2e3</td></tr>
<tr>
<td title='org.j3d.maths.vector.Matrix4dTest.testTransformPoint3V1Null()'><b>testTransformPoint3V1Null</b><br>Test class: org.j3d.maths.vector.Matrix4dTest</td>
<td><div><pre>java.lang.IllegalArgumentException: Input point cannot be null
	at org.j3d.maths.vector.Matrix4d.transform(Matrix4d.java:443)
	at org.j3d.maths.vector.Matrix4dTest.testTransformPoint3V1Null(Matrix4dTest.java:280)
... Removed 28 stack frames</pre></div><a href='#' onClick='toggleBox("stack-trace1123463202", this, "Click to show all stack frames", "Click to hide stack frames")'>Click to show all stack frames</a>
<div class='stack-trace' id='stack-trace1123463202'><pre>java.lang.IllegalArgumentException: Input point cannot be null
	at org.j3d.maths.vector.Matrix4d.transform(Matrix4d.java:443)
	at org.j3d.maths.vector.Matrix4dTest.testTransformPoint3V1Null(Matrix4dTest.java:280)
	at sun.reflect.NativeMethodAccessorImpl.invoke0(Native Method)
	at sun.reflect.NativeMethodAccessorImpl.invoke(NativeMethodAccessorImpl.java:57)
	at sun.reflect.DelegatingMethodAccessorImpl.invoke(DelegatingMethodAccessorImpl.java:43)
	at java.lang.reflect.Method.invoke(Method.java:601)
	at org.testng.internal.MethodInvocationHelper.invokeMethod(MethodInvocationHelper.java:84)
	at org.testng.internal.Invoker.invokeMethod(Invoker.java:714)
	at org.testng.internal.Invoker.invokeTestMethod(Invoker.java:901)
	at org.testng.internal.Invoker.invokeTestMethods(Invoker.java:1231)
	at org.testng.internal.TestMethodWorker.invokeTestMethods(TestMethodWorker.java:127)
	at org.testng.internal.TestMethodWorker.run(TestMethodWorker.java:111)
	at org.testng.TestRunner.privateRun(TestRunner.java:767)
	at org.testng.TestRunner.run(TestRunner.java:617)
	at org.testng.SuiteRunner.runTest(SuiteRunner.java:334)
	at org.testng.SuiteRunner.runSequentially(SuiteRunner.java:329)
	at org.testng.SuiteRunner.privateRun(SuiteRunner.java:291)
	at org.testng.SuiteRunner.run(SuiteRunner.java:240)
	at org.testng.SuiteRunnerWorker.runSuite(SuiteRunnerWorker.java:52)
	at org.testng.SuiteRunnerWorker.run(SuiteRunnerWorker.java:86)
	at org.testng.TestNG.runSuitesSequentially(TestNG.java:1224)
	at org.testng.TestNG.runSuitesLocally(TestNG.java:1149)
	at org.testng.TestNG.run(TestNG.java:1057)
	at org.apache.maven.surefire.testng.TestNGExecutor.run(TestNGExecutor.java:69)
	at org.apache.maven.surefire.testng.TestNGDirectoryTestSuite.executeMulti(TestNGDirectoryTestSuite.java:181)
	at org.apache.maven.surefire.testng.TestNGDirectoryTestSuite.execute(TestNGDirectoryTestSuite.java:99)
	at org.apache.maven.surefire.testng.TestNGProvider.invoke(TestNGProvider.java:113)
	at org.apache.maven.surefire.booter.ForkedBooter.invokeProviderInSameClassLoader(ForkedBooter.java:200)
	at org.apache.maven.surefire.booter.ForkedBooter.runSuitesInProcess(ForkedBooter.java:153)
	at org.apache.maven.surefire.booter.ForkedBooter.main(ForkedBooter.java:103)
</pre></div></td>
<td>0</td>
<td>org.j3d.maths.vector.Matrix4dTest@5ab6e2e3</td></tr>
<tr>
<td title='org.j3d.maths.vector.Matrix4dTest.testTransformPoint3V2Null()'><b>testTransformPoint3V2Null</b><br>Test class: org.j3d.maths.vector.Matrix4dTest</td>
<td><div><pre>java.lang.IllegalArgumentException: Output point cannot be null
	at org.j3d.maths.vector.Matrix4d.transform(Matrix4d.java:446)
	at org.j3d.maths.vector.Matrix4dTest.testTransformPoint3V2Null(Matrix4dTest.java:288)
... Removed 28 stack frames</pre></div><a href='#' onClick='toggleBox("stack-trace447303241", this, "Click to show all stack frames", "Click to hide stack frames")'>Click to show all stack frames</a>
<div class='stack-trace' id='stack-trace447303241'><pre>java.lang.IllegalArgumentException: Output point cannot be null
	at org.j3d.maths.vector.Matrix4d.transform(Matrix4d.java:446)
	at org.j3d.maths.vector.Matrix4dTest.testTransformPoint3V2Null(Matrix4dTest.java:288)
	at sun.reflect.NativeMethodAccessorImpl.invoke0(Native Method)
	at sun.reflect.NativeMethodAccessorImpl.invoke(NativeMethodAccessorImpl.java:57)
	at sun.reflect.DelegatingMethodAccessorImpl.invoke(DelegatingMethodAccessorImpl.java:43)
	at java.lang.reflect.Method.invoke(Method.java:601)
	at org.testng.internal.MethodInvocationHelper.invokeMethod(MethodInvocationHelper.java:84)
	at org.testng.internal.Invoker.invokeMethod(Invoker.java:714)
	at org.testng.internal.Invoker.invokeTestMethod(Invoker.java:901)
	at org.testng.internal.Invoker.invokeTestMethods(Invoker.java:1231)
	at org.testng.internal.TestMethodWorker.invokeTestMethods(TestMethodWorker.java:127)
	at org.testng.internal.TestMethodWorker.run(TestMethodWorker.java:111)
	at org.testng.TestRunner.privateRun(TestRunner.java:767)
	at org.testng.TestRunner.run(TestRunner.java:617)
	at org.testng.SuiteRunner.runTest(SuiteRunner.java:334)
	at org.testng.SuiteRunner.runSequentially(SuiteRunner.java:329)
	at org.testng.SuiteRunner.privateRun(SuiteRunner.java:291)
	at org.testng.SuiteRunner.run(SuiteRunner.java:240)
	at org.testng.SuiteRunnerWorker.runSuite(SuiteRunnerWorker.java:52)
	at org.testng.SuiteRunnerWorker.run(SuiteRunnerWorker.java:86)
	at org.testng.TestNG.runSuitesSequentially(TestNG.java:1224)
	at org.testng.TestNG.runSuitesLocally(TestNG.java:1149)
	at org.testng.TestNG.run(TestNG.java:1057)
	at org.apache.maven.surefire.testng.TestNGExecutor.run(TestNGExecutor.java:69)
	at org.apache.maven.surefire.testng.TestNGDirectoryTestSuite.executeMulti(TestNGDirectoryTestSuite.java:181)
	at org.apache.maven.surefire.testng.TestNGDirectoryTestSuite.execute(TestNGDirectoryTestSuite.java:99)
	at org.apache.maven.surefire.testng.TestNGProvider.invoke(TestNGProvider.java:113)
	at org.apache.maven.surefire.booter.ForkedBooter.invokeProviderInSameClassLoader(ForkedBooter.java:200)
	at org.apache.maven.surefire.booter.ForkedBooter.runSuitesInProcess(ForkedBooter.java:153)
	at org.apache.maven.surefire.booter.ForkedBooter.main(ForkedBooter.java:103)
</pre></div></td>
<td>0</td>
<td>org.j3d.maths.vector.Matrix4dTest@5ab6e2e3</td></tr>
<tr>
<td title='org.j3d.maths.vector.Matrix4dTest.testTransformPoint4IdentityMatrix()'><b>testTransformPoint4IdentityMatrix</b><br>Test class: org.j3d.maths.vector.Matrix4dTest</td>
<td></td>
<td>0</td>
<td>org.j3d.maths.vector.Matrix4dTest@5ab6e2e3</td></tr>
<tr>
<td title='org.j3d.maths.vector.Matrix4dTest.testTransformPoint4V1Null()'><b>testTransformPoint4V1Null</b><br>Test class: org.j3d.maths.vector.Matrix4dTest</td>
<td><div><pre>java.lang.IllegalArgumentException: Input point cannot be null
	at org.j3d.maths.vector.Matrix4d.transform(Matrix4d.java:469)
	at org.j3d.maths.vector.Matrix4dTest.testTransformPoint4V1Null(Matrix4dTest.java:296)
... Removed 28 stack frames</pre></div><a href='#' onClick='toggleBox("stack-trace1154712740", this, "Click to show all stack frames", "Click to hide stack frames")'>Click to show all stack frames</a>
<div class='stack-trace' id='stack-trace1154712740'><pre>java.lang.IllegalArgumentException: Input point cannot be null
	at org.j3d.maths.vector.Matrix4d.transform(Matrix4d.java:469)
	at org.j3d.maths.vector.Matrix4dTest.testTransformPoint4V1Null(Matrix4dTest.java:296)
	at sun.reflect.NativeMethodAccessorImpl.invoke0(Native Method)
	at sun.reflect.NativeMethodAccessorImpl.invoke(NativeMethodAccessorImpl.java:57)
	at sun.reflect.DelegatingMethodAccessorImpl.invoke(DelegatingMethodAccessorImpl.java:43)
	at java.lang.reflect.Method.invoke(Method.java:601)
	at org.testng.internal.MethodInvocationHelper.invokeMethod(MethodInvocationHelper.java:84)
	at org.testng.internal.Invoker.invokeMethod(Invoker.java:714)
	at org.testng.internal.Invoker.invokeTestMethod(Invoker.java:901)
	at org.testng.internal.Invoker.invokeTestMethods(Invoker.java:1231)
	at org.testng.internal.TestMethodWorker.invokeTestMethods(TestMethodWorker.java:127)
	at org.testng.internal.TestMethodWorker.run(TestMethodWorker.java:111)
	at org.testng.TestRunner.privateRun(TestRunner.java:767)
	at org.testng.TestRunner.run(TestRunner.java:617)
	at org.testng.SuiteRunner.runTest(SuiteRunner.java:334)
	at org.testng.SuiteRunner.runSequentially(SuiteRunner.java:329)
	at org.testng.SuiteRunner.privateRun(SuiteRunner.java:291)
	at org.testng.SuiteRunner.run(SuiteRunner.java:240)
	at org.testng.SuiteRunnerWorker.runSuite(SuiteRunnerWorker.java:52)
	at org.testng.SuiteRunnerWorker.run(SuiteRunnerWorker.java:86)
	at org.testng.TestNG.runSuitesSequentially(TestNG.java:1224)
	at org.testng.TestNG.runSuitesLocally(TestNG.java:1149)
	at org.testng.TestNG.run(TestNG.java:1057)
	at org.apache.maven.surefire.testng.TestNGExecutor.run(TestNGExecutor.java:69)
	at org.apache.maven.surefire.testng.TestNGDirectoryTestSuite.executeMulti(TestNGDirectoryTestSuite.java:181)
	at org.apache.maven.surefire.testng.TestNGDirectoryTestSuite.execute(TestNGDirectoryTestSuite.java:99)
	at org.apache.maven.surefire.testng.TestNGProvider.invoke(TestNGProvider.java:113)
	at org.apache.maven.surefire.booter.ForkedBooter.invokeProviderInSameClassLoader(ForkedBooter.java:200)
	at org.apache.maven.surefire.booter.ForkedBooter.runSuitesInProcess(ForkedBooter.java:153)
	at org.apache.maven.surefire.booter.ForkedBooter.main(ForkedBooter.java:103)
</pre></div></td>
<td>0</td>
<td>org.j3d.maths.vector.Matrix4dTest@5ab6e2e3</td></tr>
<tr>
<td title='org.j3d.maths.vector.Matrix4dTest.testTransformPoint4V2Null()'><b>testTransformPoint4V2Null</b><br>Test class: org.j3d.maths.vector.Matrix4dTest</td>
<td><div><pre>java.lang.IllegalArgumentException: Output point cannot be null
	at org.j3d.maths.vector.Matrix4d.transform(Matrix4d.java:472)
	at org.j3d.maths.vector.Matrix4dTest.testTransformPoint4V2Null(Matrix4dTest.java:304)
... Removed 28 stack frames</pre></div><a href='#' onClick='toggleBox("stack-trace1398697290", this, "Click to show all stack frames", "Click to hide stack frames")'>Click to show all stack frames</a>
<div class='stack-trace' id='stack-trace1398697290'><pre>java.lang.IllegalArgumentException: Output point cannot be null
	at org.j3d.maths.vector.Matrix4d.transform(Matrix4d.java:472)
	at org.j3d.maths.vector.Matrix4dTest.testTransformPoint4V2Null(Matrix4dTest.java:304)
	at sun.reflect.NativeMethodAccessorImpl.invoke0(Native Method)
	at sun.reflect.NativeMethodAccessorImpl.invoke(NativeMethodAccessorImpl.java:57)
	at sun.reflect.DelegatingMethodAccessorImpl.invoke(DelegatingMethodAccessorImpl.java:43)
	at java.lang.reflect.Method.invoke(Method.java:601)
	at org.testng.internal.MethodInvocationHelper.invokeMethod(MethodInvocationHelper.java:84)
	at org.testng.internal.Invoker.invokeMethod(Invoker.java:714)
	at org.testng.internal.Invoker.invokeTestMethod(Invoker.java:901)
	at org.testng.internal.Invoker.invokeTestMethods(Invoker.java:1231)
	at org.testng.internal.TestMethodWorker.invokeTestMethods(TestMethodWorker.java:127)
	at org.testng.internal.TestMethodWorker.run(TestMethodWorker.java:111)
	at org.testng.TestRunner.privateRun(TestRunner.java:767)
	at org.testng.TestRunner.run(TestRunner.java:617)
	at org.testng.SuiteRunner.runTest(SuiteRunner.java:334)
	at org.testng.SuiteRunner.runSequentially(SuiteRunner.java:329)
	at org.testng.SuiteRunner.privateRun(SuiteRunner.java:291)
	at org.testng.SuiteRunner.run(SuiteRunner.java:240)
	at org.testng.SuiteRunnerWorker.runSuite(SuiteRunnerWorker.java:52)
	at org.testng.SuiteRunnerWorker.run(SuiteRunnerWorker.java:86)
	at org.testng.TestNG.runSuitesSequentially(TestNG.java:1224)
	at org.testng.TestNG.runSuitesLocally(TestNG.java:1149)
	at org.testng.TestNG.run(TestNG.java:1057)
	at org.apache.maven.surefire.testng.TestNGExecutor.run(TestNGExecutor.java:69)
	at org.apache.maven.surefire.testng.TestNGDirectoryTestSuite.executeMulti(TestNGDirectoryTestSuite.java:181)
	at org.apache.maven.surefire.testng.TestNGDirectoryTestSuite.execute(TestNGDirectoryTestSuite.java:99)
	at org.apache.maven.surefire.testng.TestNGProvider.invoke(TestNGProvider.java:113)
	at org.apache.maven.surefire.booter.ForkedBooter.invokeProviderInSameClassLoader(ForkedBooter.java:200)
	at org.apache.maven.surefire.booter.ForkedBooter.runSuitesInProcess(ForkedBooter.java:153)
	at org.apache.maven.surefire.booter.ForkedBooter.main(ForkedBooter.java:103)
</pre></div></td>
<td>0</td>
<td>org.j3d.maths.vector.Matrix4dTest@5ab6e2e3</td></tr>
<tr>
<td title='org.j3d.maths.vector.Matrix4dTest.testTransformVector3IdentityMatrix()'><b>testTransformVector3IdentityMatrix</b><br>Test class: org.j3d.maths.vector.Matrix4dTest</td>
<td></td>
<td>0</td>
<td>org.j3d.maths.vector.Matrix4dTest@5ab6e2e3</td></tr>
<tr>
<td title='org.j3d.maths.vector.Matrix4dTest.testTransformVectorDirection()'><b>testTransformVectorDirection</b><br>Test class: org.j3d.maths.vector.Matrix4dTest</td>
<td></td>
<td>0</td>
<td>org.j3d.maths.vector.Matrix4dTest@5ab6e2e3</td></tr>
<tr>
<td title='org.j3d.maths.vector.Matrix4dTest.testTransformVectorIdentityMatrix()'><b>testTransformVectorIdentityMatrix</b><br>Test class: org.j3d.maths.vector.Matrix4dTest</td>
<td></td>
<td>0</td>
<td>org.j3d.maths.vector.Matrix4dTest@5ab6e2e3</td></tr>
<tr>
<td title='org.j3d.maths.vector.Matrix4dTest.testTransformVectorNormal()'><b>testTransformVectorNormal</b><br>Test class: org.j3d.maths.vector.Matrix4dTest</td>
<td></td>
<td>0</td>
<td>org.j3d.maths.vector.Matrix4dTest@5ab6e2e3</td></tr>
<tr>
<td title='org.j3d.maths.vector.Matrix4dTest.testTransformVectorV1Null()'><b>testTransformVectorV1Null</b><br>Test class: org.j3d.maths.vector.Matrix4dTest</td>
<td><div><pre>java.lang.IllegalArgumentException: Input vector cannot be null
	at org.j3d.maths.vector.Matrix4d.transform(Matrix4d.java:415)
	at org.j3d.maths.vector.Matrix4dTest.testTransformVectorV1Null(Matrix4dTest.java:264)
... Removed 28 stack frames</pre></div><a href='#' onClick='toggleBox("stack-trace1549352968", this, "Click to show all stack frames", "Click to hide stack frames")'>Click to show all stack frames</a>
<div class='stack-trace' id='stack-trace1549352968'><pre>java.lang.IllegalArgumentException: Input vector cannot be null
	at org.j3d.maths.vector.Matrix4d.transform(Matrix4d.java:415)
	at org.j3d.maths.vector.Matrix4dTest.testTransformVectorV1Null(Matrix4dTest.java:264)
	at sun.reflect.NativeMethodAccessorImpl.invoke0(Native Method)
	at sun.reflect.NativeMethodAccessorImpl.invoke(NativeMethodAccessorImpl.java:57)
	at sun.reflect.DelegatingMethodAccessorImpl.invoke(DelegatingMethodAccessorImpl.java:43)
	at java.lang.reflect.Method.invoke(Method.java:601)
	at org.testng.internal.MethodInvocationHelper.invokeMethod(MethodInvocationHelper.java:84)
	at org.testng.internal.Invoker.invokeMethod(Invoker.java:714)
	at org.testng.internal.Invoker.invokeTestMethod(Invoker.java:901)
	at org.testng.internal.Invoker.invokeTestMethods(Invoker.java:1231)
	at org.testng.internal.TestMethodWorker.invokeTestMethods(TestMethodWorker.java:127)
	at org.testng.internal.TestMethodWorker.run(TestMethodWorker.java:111)
	at org.testng.TestRunner.privateRun(TestRunner.java:767)
	at org.testng.TestRunner.run(TestRunner.java:617)
	at org.testng.SuiteRunner.runTest(SuiteRunner.java:334)
	at org.testng.SuiteRunner.runSequentially(SuiteRunner.java:329)
	at org.testng.SuiteRunner.privateRun(SuiteRunner.java:291)
	at org.testng.SuiteRunner.run(SuiteRunner.java:240)
	at org.testng.SuiteRunnerWorker.runSuite(SuiteRunnerWorker.java:52)
	at org.testng.SuiteRunnerWorker.run(SuiteRunnerWorker.java:86)
	at org.testng.TestNG.runSuitesSequentially(TestNG.java:1224)
	at org.testng.TestNG.runSuitesLocally(TestNG.java:1149)
	at org.testng.TestNG.run(TestNG.java:1057)
	at org.apache.maven.surefire.testng.TestNGExecutor.run(TestNGExecutor.java:69)
	at org.apache.maven.surefire.testng.TestNGDirectoryTestSuite.executeMulti(TestNGDirectoryTestSuite.java:181)
	at org.apache.maven.surefire.testng.TestNGDirectoryTestSuite.execute(TestNGDirectoryTestSuite.java:99)
	at org.apache.maven.surefire.testng.TestNGProvider.invoke(TestNGProvider.java:113)
	at org.apache.maven.surefire.booter.ForkedBooter.invokeProviderInSameClassLoader(ForkedBooter.java:200)
	at org.apache.maven.surefire.booter.ForkedBooter.runSuitesInProcess(ForkedBooter.java:153)
	at org.apache.maven.surefire.booter.ForkedBooter.main(ForkedBooter.java:103)
</pre></div></td>
<td>0</td>
<td>org.j3d.maths.vector.Matrix4dTest@5ab6e2e3</td></tr>
<tr>
<td title='org.j3d.maths.vector.Matrix4dTest.testTransformVectorV2Null()'><b>testTransformVectorV2Null</b><br>Test class: org.j3d.maths.vector.Matrix4dTest</td>
<td><div><pre>java.lang.IllegalArgumentException: Output vector cannot be null
	at org.j3d.maths.vector.Matrix4d.transform(Matrix4d.java:418)
	at org.j3d.maths.vector.Matrix4dTest.testTransformVectorV2Null(Matrix4dTest.java:272)
... Removed 28 stack frames</pre></div><a href='#' onClick='toggleBox("stack-trace1736113301", this, "Click to show all stack frames", "Click to hide stack frames")'>Click to show all stack frames</a>
<div class='stack-trace' id='stack-trace1736113301'><pre>java.lang.IllegalArgumentException: Output vector cannot be null
	at org.j3d.maths.vector.Matrix4d.transform(Matrix4d.java:418)
	at org.j3d.maths.vector.Matrix4dTest.testTransformVectorV2Null(Matrix4dTest.java:272)
	at sun.reflect.NativeMethodAccessorImpl.invoke0(Native Method)
	at sun.reflect.NativeMethodAccessorImpl.invoke(NativeMethodAccessorImpl.java:57)
	at sun.reflect.DelegatingMethodAccessorImpl.invoke(DelegatingMethodAccessorImpl.java:43)
	at java.lang.reflect.Method.invoke(Method.java:601)
	at org.testng.internal.MethodInvocationHelper.invokeMethod(MethodInvocationHelper.java:84)
	at org.testng.internal.Invoker.invokeMethod(Invoker.java:714)
	at org.testng.internal.Invoker.invokeTestMethod(Invoker.java:901)
	at org.testng.internal.Invoker.invokeTestMethods(Invoker.java:1231)
	at org.testng.internal.TestMethodWorker.invokeTestMethods(TestMethodWorker.java:127)
	at org.testng.internal.TestMethodWorker.run(TestMethodWorker.java:111)
	at org.testng.TestRunner.privateRun(TestRunner.java:767)
	at org.testng.TestRunner.run(TestRunner.java:617)
	at org.testng.SuiteRunner.runTest(SuiteRunner.java:334)
	at org.testng.SuiteRunner.runSequentially(SuiteRunner.java:329)
	at org.testng.SuiteRunner.privateRun(SuiteRunner.java:291)
	at org.testng.SuiteRunner.run(SuiteRunner.java:240)
	at org.testng.SuiteRunnerWorker.runSuite(SuiteRunnerWorker.java:52)
	at org.testng.SuiteRunnerWorker.run(SuiteRunnerWorker.java:86)
	at org.testng.TestNG.runSuitesSequentially(TestNG.java:1224)
	at org.testng.TestNG.runSuitesLocally(TestNG.java:1149)
	at org.testng.TestNG.run(TestNG.java:1057)
	at org.apache.maven.surefire.testng.TestNGExecutor.run(TestNGExecutor.java:69)
	at org.apache.maven.surefire.testng.TestNGDirectoryTestSuite.executeMulti(TestNGDirectoryTestSuite.java:181)
	at org.apache.maven.surefire.testng.TestNGDirectoryTestSuite.execute(TestNGDirectoryTestSuite.java:99)
	at org.apache.maven.surefire.testng.TestNGProvider.invoke(TestNGProvider.java:113)
	at org.apache.maven.surefire.booter.ForkedBooter.invokeProviderInSameClassLoader(ForkedBooter.java:200)
	at org.apache.maven.surefire.booter.ForkedBooter.runSuitesInProcess(ForkedBooter.java:153)
	at org.apache.maven.surefire.booter.ForkedBooter.main(ForkedBooter.java:103)
</pre></div></td>
<td>0</td>
<td>org.j3d.maths.vector.Matrix4dTest@5ab6e2e3</td></tr>
<tr>
<td title='org.j3d.maths.vector.Matrix4dTest.testTranspose()'><b>testTranspose</b><br>Test class: org.j3d.maths.vector.Matrix4dTest</td>
<td></td>
<td>0</td>
<td>org.j3d.maths.vector.Matrix4dTest@5ab6e2e3</td></tr>
<tr>
<td title='org.j3d.maths.vector.Matrix4dTest.testTransposeNull()'><b>testTransposeNull</b><br>Test class: org.j3d.maths.vector.Matrix4dTest</td>
<td><div><pre>java.lang.IllegalArgumentException: Source matrix cannot be null
	at org.j3d.maths.vector.Matrix4d.transpose(Matrix4d.java:537)
	at org.j3d.maths.vector.Matrix4dTest.testTransposeNull(Matrix4dTest.java:685)
... Removed 28 stack frames</pre></div><a href='#' onClick='toggleBox("stack-trace1244404508", this, "Click to show all stack frames", "Click to hide stack frames")'>Click to show all stack frames</a>
<div class='stack-trace' id='stack-trace1244404508'><pre>java.lang.IllegalArgumentException: Source matrix cannot be null
	at org.j3d.maths.vector.Matrix4d.transpose(Matrix4d.java:537)
	at org.j3d.maths.vector.Matrix4dTest.testTransposeNull(Matrix4dTest.java:685)
	at sun.reflect.NativeMethodAccessorImpl.invoke0(Native Method)
	at sun.reflect.NativeMethodAccessorImpl.invoke(NativeMethodAccessorImpl.java:57)
	at sun.reflect.DelegatingMethodAccessorImpl.invoke(DelegatingMethodAccessorImpl.java:43)
	at java.lang.reflect.Method.invoke(Method.java:601)
	at org.testng.internal.MethodInvocationHelper.invokeMethod(MethodInvocationHelper.java:84)
	at org.testng.internal.Invoker.invokeMethod(Invoker.java:714)
	at org.testng.internal.Invoker.invokeTestMethod(Invoker.java:901)
	at org.testng.internal.Invoker.invokeTestMethods(Invoker.java:1231)
	at org.testng.internal.TestMethodWorker.invokeTestMethods(TestMethodWorker.java:127)
	at org.testng.internal.TestMethodWorker.run(TestMethodWorker.java:111)
	at org.testng.TestRunner.privateRun(TestRunner.java:767)
	at org.testng.TestRunner.run(TestRunner.java:617)
	at org.testng.SuiteRunner.runTest(SuiteRunner.java:334)
	at org.testng.SuiteRunner.runSequentially(SuiteRunner.java:329)
	at org.testng.SuiteRunner.privateRun(SuiteRunner.java:291)
	at org.testng.SuiteRunner.run(SuiteRunner.java:240)
	at org.testng.SuiteRunnerWorker.runSuite(SuiteRunnerWorker.java:52)
	at org.testng.SuiteRunnerWorker.run(SuiteRunnerWorker.java:86)
	at org.testng.TestNG.runSuitesSequentially(TestNG.java:1224)
	at org.testng.TestNG.runSuitesLocally(TestNG.java:1149)
	at org.testng.TestNG.run(TestNG.java:1057)
	at org.apache.maven.surefire.testng.TestNGExecutor.run(TestNGExecutor.java:69)
	at org.apache.maven.surefire.testng.TestNGDirectoryTestSuite.executeMulti(TestNGDirectoryTestSuite.java:181)
	at org.apache.maven.surefire.testng.TestNGDirectoryTestSuite.execute(TestNGDirectoryTestSuite.java:99)
	at org.apache.maven.surefire.testng.TestNGProvider.invoke(TestNGProvider.java:113)
	at org.apache.maven.surefire.booter.ForkedBooter.invokeProviderInSameClassLoader(ForkedBooter.java:200)
	at org.apache.maven.surefire.booter.ForkedBooter.runSuitesInProcess(ForkedBooter.java:153)
	at org.apache.maven.surefire.booter.ForkedBooter.main(ForkedBooter.java:103)
</pre></div></td>
<td>0</td>
<td>org.j3d.maths.vector.Matrix4dTest@5ab6e2e3</td></tr>
<tr>
<td title='org.j3d.maths.vector.Matrix4dTest.testTransposeSelf()'><b>testTransposeSelf</b><br>Test class: org.j3d.maths.vector.Matrix4dTest</td>
<td></td>
<td>0</td>
<td>org.j3d.maths.vector.Matrix4dTest@5ab6e2e3</td></tr>
<tr>
<td title='org.j3d.util.MatrixUtilsTest.testUniformScaleIdentityMatrix()'><b>testUniformScaleIdentityMatrix</b><br>Test class: org.j3d.util.MatrixUtilsTest</td>
<td></td>
<td>0</td>
<td>org.j3d.util.MatrixUtilsTest@68b88d29</td></tr>
<tr>
<td title='org.j3d.util.interpolator.ScalarInterpolatorTest.testValueInsert()'><b>testValueInsert</b><br>Test class: org.j3d.util.interpolator.ScalarInterpolatorTest</td>
<td></td>
<td>0</td>
<td>org.j3d.util.interpolator.ScalarInterpolatorTest@28439b37</td></tr>
<tr>
<td title='org.j3d.util.interpolator.Coordinate2DInterpolatorTest.testValueInsertFloat()'><b>testValueInsertFloat</b><br>Test class: org.j3d.util.interpolator.Coordinate2DInterpolatorTest</td>
<td></td>
<td>0</td>
<td>org.j3d.util.interpolator.Coordinate2DInterpolatorTest@78189538</td></tr>
<tr>
<td title='org.j3d.util.interpolator.CoordinateInterpolatorTest.testValueInsertFloat()'><b>testValueInsertFloat</b><br>Test class: org.j3d.util.interpolator.CoordinateInterpolatorTest</td>
<td></td>
<td>0</td>
<td>org.j3d.util.interpolator.CoordinateInterpolatorTest@76be0b48</td></tr>
<tr>
<td title='org.j3d.util.interpolator.PositionInterpolatorTest.testValueInsertFloat()'><b>testValueInsertFloat</b><br>Test class: org.j3d.util.interpolator.PositionInterpolatorTest</td>
<td></td>
<td>0</td>
<td>org.j3d.util.interpolator.PositionInterpolatorTest@6c27ca12</td></tr>
<tr>
<td title='org.j3d.util.interpolator.PositionInterpolatorTest.testValueInsertPoint()'><b>testValueInsertPoint</b><br>Test class: org.j3d.util.interpolator.PositionInterpolatorTest</td>
<td></td>
<td>0</td>
<td>org.j3d.util.interpolator.PositionInterpolatorTest@6c27ca12</td></tr>
</table><p>
</body>
</html>